2026-06-20 11:48:45,279 INFO o.a.j.u.JMeterUtils: Setting Locale to en_EN
2026-06-20 11:48:45,300 INFO o.a.j.JMeter: Loading user properties from: /opt/jmeter/bin/user.properties
2026-06-20 11:48:45,301 INFO o.a.j.JMeter: Loading system properties from: /opt/jmeter/bin/system.properties
2026-06-20 11:48:45,302 INFO o.a.j.JMeter: Setting JMeter property: jmeter.save.saveservice.output_format=csv
2026-06-20 11:48:45,302 INFO o.a.j.JMeter: Setting JMeter property: jmeter.save.saveservice.print_field_names=true
2026-06-20 11:48:45,302 INFO o.a.j.JMeter: Setting JMeter property: jmeter.save.saveservice.response_code=true
2026-06-20 11:48:45,302 INFO o.a.j.JMeter: Setting JMeter property: jmeter.save.saveservice.successful=true
2026-06-20 11:48:45,302 INFO o.a.j.JMeter: Setting JMeter property: jmeter.save.saveservice.label=true
2026-06-20 11:48:45,302 INFO o.a.j.JMeter: Setting JMeter property: jmeter.save.saveservice.time=true
2026-06-20 11:48:45,302 INFO o.a.j.JMeter: Setting JMeter property: jmeter.save.saveservice.latency=true
2026-06-20 11:48:45,303 INFO o.a.j.JMeter: Setting JMeter property: jmeter.save.saveservice.timestamp_format=ms
2026-06-20 11:48:45,312 INFO o.a.j.JMeter: Copyright (c) 1998-2024 The Apache Software Foundation
2026-06-20 11:48:45,313 INFO o.a.j.JMeter: Version 5.6.3
2026-06-20 11:48:45,313 INFO o.a.j.JMeter: java.version=26.0.1
2026-06-20 11:48:45,313 INFO o.a.j.JMeter: java.vm.name=OpenJDK 64-Bit Server VM
2026-06-20 11:48:45,313 INFO o.a.j.JMeter: os.name=Linux
2026-06-20 11:48:45,313 INFO o.a.j.JMeter: os.arch=amd64
2026-06-20 11:48:45,313 INFO o.a.j.JMeter: os.version=6.18.33-1-MANJARO
2026-06-20 11:48:45,313 INFO o.a.j.JMeter: file.encoding=UTF-8
2026-06-20 11:48:45,313 INFO o.a.j.JMeter: java.awt.headless=true
2026-06-20 11:48:45,313 INFO o.a.j.JMeter: Max memory     =1073741824
2026-06-20 11:48:45,313 INFO o.a.j.JMeter: Available Processors =16
2026-06-20 11:48:45,341 INFO o.a.j.JMeter: Default Locale=English (EN)
2026-06-20 11:48:45,341 INFO o.a.j.JMeter: JMeter  Locale=English (EN)
2026-06-20 11:48:45,341 INFO o.a.j.JMeter: JMeterHome=/opt/jmeter
2026-06-20 11:48:45,341 INFO o.a.j.JMeter: user.dir  =/home/seventwo/github/tpo-sub-four
2026-06-20 11:48:45,342 INFO o.a.j.JMeter: PWD       =/home/seventwo/github/tpo-sub-four
2026-06-20 11:48:45,342 INFO o.a.j.JMeter: IP: 192.168.0.102 Name: seventwocore FullName: seventwocore
2026-06-20 11:48:45,358 INFO o.a.j.s.FileServer: Default base='/home/seventwo/github/tpo-sub-four'
2026-06-20 11:48:45,359 INFO o.a.j.s.FileServer: Set new base='/home/seventwo/github/tpo-sub-four/quality_jmeter_plans/stress_config3'
2026-06-20 11:48:45,598 INFO o.a.j.s.SaveService: Testplan (JMX) version: 2.2. Testlog (JTL) version: 2.2
2026-06-20 11:48:45,626 INFO o.a.j.s.SaveService: Using SaveService properties version 5.0
2026-06-20 11:48:45,630 INFO o.a.j.s.SaveService: Using SaveService properties file encoding UTF-8
2026-06-20 11:48:45,633 INFO o.a.j.s.SaveService: Loading file: quality_jmeter_plans/stress_config3/stress_config3_12users_240rpm_ctt.jmx
2026-06-20 11:48:45,683 INFO o.a.j.p.h.s.HTTPSamplerBase: Parser for text/html is org.apache.jmeter.protocol.http.parser.LagartoBasedHtmlParser
2026-06-20 11:48:45,684 INFO o.a.j.p.h.s.HTTPSamplerBase: Parser for application/xhtml+xml is org.apache.jmeter.protocol.http.parser.LagartoBasedHtmlParser
2026-06-20 11:48:45,684 INFO o.a.j.p.h.s.HTTPSamplerBase: Parser for application/xml is org.apache.jmeter.protocol.http.parser.LagartoBasedHtmlParser
2026-06-20 11:48:45,684 INFO o.a.j.p.h.s.HTTPSamplerBase: Parser for text/xml is org.apache.jmeter.protocol.http.parser.LagartoBasedHtmlParser
2026-06-20 11:48:45,684 INFO o.a.j.p.h.s.HTTPSamplerBase: Parser for text/vnd.wap.wml is org.apache.jmeter.protocol.http.parser.RegexpHTMLParser
2026-06-20 11:48:45,684 INFO o.a.j.p.h.s.HTTPSamplerBase: Parser for text/css is org.apache.jmeter.protocol.http.parser.CssParser
2026-06-20 11:48:45,698 INFO o.a.j.JMeter: Creating summariser <summary>
2026-06-20 11:48:45,712 INFO o.a.j.e.StandardJMeterEngine: Running the test!
2026-06-20 11:48:45,713 INFO o.a.j.s.SampleEvent: List of sample_variables: []
2026-06-20 11:48:45,713 INFO o.a.j.s.SampleEvent: List of sample_variables: []
2026-06-20 11:48:45,716 INFO o.a.j.e.u.CompoundVariable: Note: Function class names must contain the string: '.functions.'
2026-06-20 11:48:45,716 INFO o.a.j.e.u.CompoundVariable: Note: Function class names must not contain the string: '.gui.'
2026-06-20 11:48:45,779 INFO o.a.j.JMeter: Running test (1781945325779)
2026-06-20 11:48:45,797 INFO o.a.j.e.StandardJMeterEngine: Starting ThreadGroup: 1 : Thread Group - config=3 - 12 users
2026-06-20 11:48:45,798 INFO o.a.j.e.StandardJMeterEngine: Starting 12 threads for group Thread Group - config=3 - 12 users.
2026-06-20 11:48:45,798 INFO o.a.j.e.StandardJMeterEngine: Thread will continue on error
2026-06-20 11:48:45,798 INFO o.a.j.t.ThreadGroup: Starting thread group... number=1 threads=12 ramp-up=7 delayedStart=false
2026-06-20 11:48:45,803 INFO o.a.j.t.JMeterThread: Thread started: Thread Group - config=3 - 12 users 1-1
2026-06-20 11:48:45,805 INFO o.a.j.t.ThreadGroup: Started thread group number 1
2026-06-20 11:48:45,805 INFO o.a.j.e.StandardJMeterEngine: All thread groups have been started
2026-06-20 11:48:45,860 INFO o.a.j.p.h.s.HTTPHCAbstractImpl: Local host = seventwocore
2026-06-20 11:48:45,866 INFO o.a.j.p.h.s.HTTPHC4Impl: HTTP request retry count = 0
2026-06-20 11:48:45,867 INFO o.a.j.s.SampleResult: Note: Sample TimeStamps are START times
2026-06-20 11:48:45,867 INFO o.a.j.s.SampleResult: sampleresult.default.encoding is set to UTF-8
2026-06-20 11:48:45,867 INFO o.a.j.s.SampleResult: sampleresult.useNanoTime=true
2026-06-20 11:48:45,867 INFO o.a.j.s.SampleResult: sampleresult.nanoThreadSleep=5000
2026-06-20 11:48:46,383 INFO o.a.j.t.JMeterThread: Thread started: Thread Group - config=3 - 12 users 1-2
2026-06-20 11:48:46,965 INFO o.a.j.t.JMeterThread: Thread started: Thread Group - config=3 - 12 users 1-3
2026-06-20 11:48:47,548 INFO o.a.j.t.JMeterThread: Thread started: Thread Group - config=3 - 12 users 1-4
2026-06-20 11:48:48,130 INFO o.a.j.t.JMeterThread: Thread started: Thread Group - config=3 - 12 users 1-5
2026-06-20 11:48:48,714 INFO o.a.j.t.JMeterThread: Thread started: Thread Group - config=3 - 12 users 1-6
2026-06-20 11:48:49,297 INFO o.a.j.t.JMeterThread: Thread started: Thread Group - config=3 - 12 users 1-7
2026-06-20 11:48:49,880 INFO o.a.j.t.JMeterThread: Thread started: Thread Group - config=3 - 12 users 1-8
2026-06-20 11:48:50,463 INFO o.a.j.t.JMeterThread: Thread started: Thread Group - config=3 - 12 users 1-9
2026-06-20 11:48:51,045 INFO o.a.j.t.JMeterThread: Thread started: Thread Group - config=3 - 12 users 1-10
2026-06-20 11:48:51,629 INFO o.a.j.t.JMeterThread: Thread started: Thread Group - config=3 - 12 users 1-11
2026-06-20 11:48:52,212 INFO o.a.j.t.JMeterThread: Thread started: Thread Group - config=3 - 12 users 1-12
2026-06-20 11:49:00,731 INFO o.a.j.r.Summariser: summary +     65 in 00:00:15 =    4.3/s Avg:   341 Min:   323 Max:   407 Err:     0 (0.00%) Active: 12 Started: 12 Finished: 0
2026-06-20 11:49:30,730 INFO o.a.j.r.Summariser: summary +    120 in 00:00:30 =    4.0/s Avg:   339 Min:   333 Max:   388 Err:     0 (0.00%) Active: 12 Started: 12 Finished: 0
2026-06-20 11:49:30,730 INFO o.a.j.r.Summariser: summary =    185 in 00:00:45 =    4.1/s Avg:   340 Min:   323 Max:   407 Err:     0 (0.00%)
2026-06-20 11:50:00,716 INFO o.a.j.r.Summariser: summary +    120 in 00:00:30 =    4.0/s Avg:   342 Min:   332 Max:   386 Err:     0 (0.00%) Active: 12 Started: 12 Finished: 0
2026-06-20 11:50:00,716 INFO o.a.j.r.Summariser: summary =    305 in 00:01:15 =    4.1/s Avg:   341 Min:   323 Max:   407 Err:     0 (0.00%)
2026-06-20 11:50:30,715 INFO o.a.j.r.Summariser: summary +    120 in 00:00:30 =    4.0/s Avg:   341 Min:   332 Max:   412 Err:     0 (0.00%) Active: 12 Started: 12 Finished: 0
2026-06-20 11:50:30,716 INFO o.a.j.r.Summariser: summary =    425 in 00:01:45 =    4.1/s Avg:   341 Min:   323 Max:   412 Err:     0 (0.00%)
2026-06-20 11:50:43,362 INFO o.a.j.t.JMeterThread: Thread finished: Thread Group - config=3 - 12 users 1-1
2026-06-20 11:50:43,470 INFO o.a.j.t.JMeterThread: Thread finished: Thread Group - config=3 - 12 users 1-2
2026-06-20 11:50:43,802 INFO o.a.j.t.JMeterThread: Thread finished: Thread Group - config=3 - 12 users 1-6
2026-06-20 11:50:44,057 INFO o.a.j.t.JMeterThread: Thread finished: Thread Group - config=3 - 12 users 1-9
2026-06-20 11:50:44,881 INFO o.a.j.t.JMeterThread: Thread finished: Thread Group - config=3 - 12 users 1-7
2026-06-20 11:50:44,883 INFO o.a.j.t.JMeterThread: Thread finished: Thread Group - config=3 - 12 users 1-10
2026-06-20 11:50:44,966 INFO o.a.j.t.JMeterThread: Thread finished: Thread Group - config=3 - 12 users 1-5
2026-06-20 11:50:45,729 INFO o.a.j.t.JMeterThread: Thread finished: Thread Group - config=3 - 12 users 1-11
2026-06-20 11:50:45,966 INFO o.a.j.t.JMeterThread: Stopping because end time detected by thread: Thread Group - config=3 - 12 users 1-8
2026-06-20 11:50:45,966 INFO o.a.j.t.JMeterThread: Thread finished: Thread Group - config=3 - 12 users 1-8
2026-06-20 11:50:46,047 INFO o.a.j.t.JMeterThread: Stopping because end time detected by thread: Thread Group - config=3 - 12 users 1-12
2026-06-20 11:50:46,047 INFO o.a.j.t.JMeterThread: Thread finished: Thread Group - config=3 - 12 users 1-12
2026-06-20 11:50:46,052 INFO o.a.j.t.JMeterThread: Stopping because end time detected by thread: Thread Group - config=3 - 12 users 1-3
2026-06-20 11:50:46,052 INFO o.a.j.t.JMeterThread: Thread finished: Thread Group - config=3 - 12 users 1-3
2026-06-20 11:50:46,137 INFO o.a.j.t.JMeterThread: Stopping because end time detected by thread: Thread Group - config=3 - 12 users 1-4
2026-06-20 11:50:46,137 INFO o.a.j.t.JMeterThread: Thread finished: Thread Group - config=3 - 12 users 1-4
2026-06-20 11:50:46,138 INFO o.a.j.e.StandardJMeterEngine: Notifying test listeners of end of test
2026-06-20 11:50:46,138 INFO o.a.j.r.Summariser: summary +     64 in 00:00:15 =    4.1/s Avg:   343 Min:   333 Max:   411 Err:     0 (0.00%) Active: 0 Started: 12 Finished: 12
2026-06-20 11:50:46,139 INFO o.a.j.r.Summariser: summary =    489 in 00:02:00 =    4.1/s Avg:   341 Min:   323 Max:   412 Err:     0 (0.00%)
