2026-06-20 11:44:39,742 INFO o.a.j.u.JMeterUtils: Setting Locale to en_EN
2026-06-20 11:44:39,753 INFO o.a.j.JMeter: Loading user properties from: /opt/jmeter/bin/user.properties
2026-06-20 11:44:39,754 INFO o.a.j.JMeter: Loading system properties from: /opt/jmeter/bin/system.properties
2026-06-20 11:44:39,754 INFO o.a.j.JMeter: Setting JMeter property: jmeter.save.saveservice.output_format=csv
2026-06-20 11:44:39,754 INFO o.a.j.JMeter: Setting JMeter property: jmeter.save.saveservice.print_field_names=true
2026-06-20 11:44:39,754 INFO o.a.j.JMeter: Setting JMeter property: jmeter.save.saveservice.response_code=true
2026-06-20 11:44:39,754 INFO o.a.j.JMeter: Setting JMeter property: jmeter.save.saveservice.successful=true
2026-06-20 11:44:39,754 INFO o.a.j.JMeter: Setting JMeter property: jmeter.save.saveservice.label=true
2026-06-20 11:44:39,754 INFO o.a.j.JMeter: Setting JMeter property: jmeter.save.saveservice.time=true
2026-06-20 11:44:39,754 INFO o.a.j.JMeter: Setting JMeter property: jmeter.save.saveservice.latency=true
2026-06-20 11:44:39,754 INFO o.a.j.JMeter: Setting JMeter property: jmeter.save.saveservice.timestamp_format=ms
2026-06-20 11:44:39,759 INFO o.a.j.JMeter: Copyright (c) 1998-2024 The Apache Software Foundation
2026-06-20 11:44:39,760 INFO o.a.j.JMeter: Version 5.6.3
2026-06-20 11:44:39,760 INFO o.a.j.JMeter: java.version=26.0.1
2026-06-20 11:44:39,760 INFO o.a.j.JMeter: java.vm.name=OpenJDK 64-Bit Server VM
2026-06-20 11:44:39,760 INFO o.a.j.JMeter: os.name=Linux
2026-06-20 11:44:39,760 INFO o.a.j.JMeter: os.arch=amd64
2026-06-20 11:44:39,760 INFO o.a.j.JMeter: os.version=6.18.33-1-MANJARO
2026-06-20 11:44:39,760 INFO o.a.j.JMeter: file.encoding=UTF-8
2026-06-20 11:44:39,760 INFO o.a.j.JMeter: java.awt.headless=true
2026-06-20 11:44:39,760 INFO o.a.j.JMeter: Max memory     =1073741824
2026-06-20 11:44:39,760 INFO o.a.j.JMeter: Available Processors =16
2026-06-20 11:44:39,769 INFO o.a.j.JMeter: Default Locale=English (EN)
2026-06-20 11:44:39,770 INFO o.a.j.JMeter: JMeter  Locale=English (EN)
2026-06-20 11:44:39,770 INFO o.a.j.JMeter: JMeterHome=/opt/jmeter
2026-06-20 11:44:39,770 INFO o.a.j.JMeter: user.dir  =/home/seventwo/github/tpo-sub-four
2026-06-20 11:44:39,770 INFO o.a.j.JMeter: PWD       =/home/seventwo/github/tpo-sub-four
2026-06-20 11:44:39,770 INFO o.a.j.JMeter: IP: 192.168.0.102 Name: seventwocore FullName: seventwocore
2026-06-20 11:44:39,779 INFO o.a.j.s.FileServer: Default base='/home/seventwo/github/tpo-sub-four'
2026-06-20 11:44:39,780 INFO o.a.j.s.FileServer: Set new base='/home/seventwo/github/tpo-sub-four/quality_jmeter_plans/stress_config3'
2026-06-20 11:44:39,960 INFO o.a.j.s.SaveService: Testplan (JMX) version: 2.2. Testlog (JTL) version: 2.2
2026-06-20 11:44:39,976 INFO o.a.j.s.SaveService: Using SaveService properties version 5.0
2026-06-20 11:44:39,978 INFO o.a.j.s.SaveService: Using SaveService properties file encoding UTF-8
2026-06-20 11:44:39,981 INFO o.a.j.s.SaveService: Loading file: quality_jmeter_plans/stress_config3/stress_config3_7users_140rpm_ctt.jmx
2026-06-20 11:44:40,021 INFO o.a.j.p.h.s.HTTPSamplerBase: Parser for text/html is org.apache.jmeter.protocol.http.parser.LagartoBasedHtmlParser
2026-06-20 11:44:40,021 INFO o.a.j.p.h.s.HTTPSamplerBase: Parser for application/xhtml+xml is org.apache.jmeter.protocol.http.parser.LagartoBasedHtmlParser
2026-06-20 11:44:40,021 INFO o.a.j.p.h.s.HTTPSamplerBase: Parser for application/xml is org.apache.jmeter.protocol.http.parser.LagartoBasedHtmlParser
2026-06-20 11:44:40,021 INFO o.a.j.p.h.s.HTTPSamplerBase: Parser for text/xml is org.apache.jmeter.protocol.http.parser.LagartoBasedHtmlParser
2026-06-20 11:44:40,021 INFO o.a.j.p.h.s.HTTPSamplerBase: Parser for text/vnd.wap.wml is org.apache.jmeter.protocol.http.parser.RegexpHTMLParser
2026-06-20 11:44:40,021 INFO o.a.j.p.h.s.HTTPSamplerBase: Parser for text/css is org.apache.jmeter.protocol.http.parser.CssParser
2026-06-20 11:44:40,032 INFO o.a.j.JMeter: Creating summariser <summary>
2026-06-20 11:44:40,043 INFO o.a.j.e.StandardJMeterEngine: Running the test!
2026-06-20 11:44:40,044 INFO o.a.j.s.SampleEvent: List of sample_variables: []
2026-06-20 11:44:40,044 INFO o.a.j.s.SampleEvent: List of sample_variables: []
2026-06-20 11:44:40,047 INFO o.a.j.e.u.CompoundVariable: Note: Function class names must contain the string: '.functions.'
2026-06-20 11:44:40,047 INFO o.a.j.e.u.CompoundVariable: Note: Function class names must not contain the string: '.gui.'
2026-06-20 11:44:40,093 INFO o.a.j.JMeter: Running test (1781945080092)
2026-06-20 11:44:40,114 INFO o.a.j.e.StandardJMeterEngine: Starting ThreadGroup: 1 : Thread Group - config=3 - 7 users
2026-06-20 11:44:40,114 INFO o.a.j.e.StandardJMeterEngine: Starting 7 threads for group Thread Group - config=3 - 7 users.
2026-06-20 11:44:40,114 INFO o.a.j.e.StandardJMeterEngine: Thread will continue on error
2026-06-20 11:44:40,114 INFO o.a.j.t.ThreadGroup: Starting thread group... number=1 threads=7 ramp-up=7 delayedStart=false
2026-06-20 11:44:40,119 INFO o.a.j.t.JMeterThread: Thread started: Thread Group - config=3 - 7 users 1-1
2026-06-20 11:44:40,120 INFO o.a.j.t.ThreadGroup: Started thread group number 1
2026-06-20 11:44:40,120 INFO o.a.j.e.StandardJMeterEngine: All thread groups have been started
2026-06-20 11:44:40,149 INFO o.a.j.p.h.s.HTTPHCAbstractImpl: Local host = seventwocore
2026-06-20 11:44:40,152 INFO o.a.j.p.h.s.HTTPHC4Impl: HTTP request retry count = 0
2026-06-20 11:44:40,153 INFO o.a.j.s.SampleResult: Note: Sample TimeStamps are START times
2026-06-20 11:44:40,153 INFO o.a.j.s.SampleResult: sampleresult.default.encoding is set to UTF-8
2026-06-20 11:44:40,153 INFO o.a.j.s.SampleResult: sampleresult.useNanoTime=true
2026-06-20 11:44:40,153 INFO o.a.j.s.SampleResult: sampleresult.nanoThreadSleep=5000
2026-06-20 11:44:41,116 INFO o.a.j.t.JMeterThread: Thread started: Thread Group - config=3 - 7 users 1-2
2026-06-20 11:44:42,115 INFO o.a.j.t.JMeterThread: Thread started: Thread Group - config=3 - 7 users 1-3
2026-06-20 11:44:43,114 INFO o.a.j.t.JMeterThread: Thread started: Thread Group - config=3 - 7 users 1-4
2026-06-20 11:44:44,115 INFO o.a.j.t.JMeterThread: Thread started: Thread Group - config=3 - 7 users 1-5
2026-06-20 11:44:45,115 INFO o.a.j.t.JMeterThread: Thread started: Thread Group - config=3 - 7 users 1-6
2026-06-20 11:44:46,114 INFO o.a.j.t.JMeterThread: Thread started: Thread Group - config=3 - 7 users 1-7
2026-06-20 11:45:00,010 INFO o.a.j.r.Summariser: summary +     51 in 00:00:20 =    2.6/s Avg:   325 Min:   313 Max:   359 Err:     0 (0.00%) Active: 7 Started: 7 Finished: 0
2026-06-20 11:45:30,009 INFO o.a.j.r.Summariser: summary +     70 in 00:00:30 =    2.3/s Avg:   322 Min:   319 Max:   336 Err:     0 (0.00%) Active: 7 Started: 7 Finished: 0
2026-06-20 11:45:30,009 INFO o.a.j.r.Summariser: summary =    121 in 00:00:50 =    2.4/s Avg:   323 Min:   313 Max:   359 Err:     0 (0.00%)
2026-06-20 11:46:00,015 INFO o.a.j.r.Summariser: summary +     70 in 00:00:30 =    2.3/s Avg:   336 Min:   319 Max:   440 Err:     0 (0.00%) Active: 7 Started: 7 Finished: 0
2026-06-20 11:46:00,015 INFO o.a.j.r.Summariser: summary =    191 in 00:01:20 =    2.4/s Avg:   328 Min:   313 Max:   440 Err:     0 (0.00%)
2026-06-20 11:46:30,009 INFO o.a.j.r.Summariser: summary +     70 in 00:00:30 =    2.3/s Avg:   327 Min:   319 Max:   421 Err:     0 (0.00%) Active: 7 Started: 7 Finished: 0
2026-06-20 11:46:30,009 INFO o.a.j.r.Summariser: summary =    261 in 00:01:50 =    2.4/s Avg:   328 Min:   313 Max:   440 Err:     0 (0.00%)
2026-06-20 11:46:37,677 INFO o.a.j.t.JMeterThread: Thread finished: Thread Group - config=3 - 7 users 1-5
2026-06-20 11:46:38,720 INFO o.a.j.t.JMeterThread: Thread finished: Thread Group - config=3 - 7 users 1-4
2026-06-20 11:46:38,746 INFO o.a.j.t.JMeterThread: Thread finished: Thread Group - config=3 - 7 users 1-1
2026-06-20 11:46:38,867 INFO o.a.j.t.JMeterThread: Thread finished: Thread Group - config=3 - 7 users 1-2
2026-06-20 11:46:40,296 INFO o.a.j.t.JMeterThread: Stopping because end time detected by thread: Thread Group - config=3 - 7 users 1-3
2026-06-20 11:46:40,297 INFO o.a.j.t.JMeterThread: Thread finished: Thread Group - config=3 - 7 users 1-3
2026-06-20 11:46:40,298 INFO o.a.j.t.JMeterThread: Stopping because end time detected by thread: Thread Group - config=3 - 7 users 1-6
2026-06-20 11:46:40,298 INFO o.a.j.t.JMeterThread: Thread finished: Thread Group - config=3 - 7 users 1-6
2026-06-20 11:46:40,437 INFO o.a.j.t.JMeterThread: Stopping because end time detected by thread: Thread Group - config=3 - 7 users 1-7
2026-06-20 11:46:40,438 INFO o.a.j.t.JMeterThread: Thread finished: Thread Group - config=3 - 7 users 1-7
2026-06-20 11:46:40,438 INFO o.a.j.e.StandardJMeterEngine: Notifying test listeners of end of test
2026-06-20 11:46:40,438 INFO o.a.j.r.Summariser: summary +     25 in 00:00:10 =    2.4/s Avg:   328 Min:   319 Max:   417 Err:     0 (0.00%) Active: 0 Started: 7 Finished: 7
2026-06-20 11:46:40,439 INFO o.a.j.r.Summariser: summary =    286 in 00:02:00 =    2.4/s Avg:   328 Min:   313 Max:   440 Err:     0 (0.00%)
