2026-06-20 11:50:48,209 INFO o.a.j.u.JMeterUtils: Setting Locale to en_EN
2026-06-20 11:50:48,221 INFO o.a.j.JMeter: Loading user properties from: /opt/jmeter/bin/user.properties
2026-06-20 11:50:48,221 INFO o.a.j.JMeter: Loading system properties from: /opt/jmeter/bin/system.properties
2026-06-20 11:50:48,221 INFO o.a.j.JMeter: Setting JMeter property: jmeter.save.saveservice.output_format=csv
2026-06-20 11:50:48,221 INFO o.a.j.JMeter: Setting JMeter property: jmeter.save.saveservice.print_field_names=true
2026-06-20 11:50:48,221 INFO o.a.j.JMeter: Setting JMeter property: jmeter.save.saveservice.response_code=true
2026-06-20 11:50:48,221 INFO o.a.j.JMeter: Setting JMeter property: jmeter.save.saveservice.successful=true
2026-06-20 11:50:48,221 INFO o.a.j.JMeter: Setting JMeter property: jmeter.save.saveservice.label=true
2026-06-20 11:50:48,221 INFO o.a.j.JMeter: Setting JMeter property: jmeter.save.saveservice.time=true
2026-06-20 11:50:48,222 INFO o.a.j.JMeter: Setting JMeter property: jmeter.save.saveservice.latency=true
2026-06-20 11:50:48,222 INFO o.a.j.JMeter: Setting JMeter property: jmeter.save.saveservice.timestamp_format=ms
2026-06-20 11:50:48,228 INFO o.a.j.JMeter: Copyright (c) 1998-2024 The Apache Software Foundation
2026-06-20 11:50:48,228 INFO o.a.j.JMeter: Version 5.6.3
2026-06-20 11:50:48,228 INFO o.a.j.JMeter: java.version=26.0.1
2026-06-20 11:50:48,228 INFO o.a.j.JMeter: java.vm.name=OpenJDK 64-Bit Server VM
2026-06-20 11:50:48,228 INFO o.a.j.JMeter: os.name=Linux
2026-06-20 11:50:48,229 INFO o.a.j.JMeter: os.arch=amd64
2026-06-20 11:50:48,229 INFO o.a.j.JMeter: os.version=6.18.33-1-MANJARO
2026-06-20 11:50:48,229 INFO o.a.j.JMeter: file.encoding=UTF-8
2026-06-20 11:50:48,229 INFO o.a.j.JMeter: java.awt.headless=true
2026-06-20 11:50:48,229 INFO o.a.j.JMeter: Max memory     =1073741824
2026-06-20 11:50:48,229 INFO o.a.j.JMeter: Available Processors =16
2026-06-20 11:50:48,240 INFO o.a.j.JMeter: Default Locale=English (EN)
2026-06-20 11:50:48,241 INFO o.a.j.JMeter: JMeter  Locale=English (EN)
2026-06-20 11:50:48,241 INFO o.a.j.JMeter: JMeterHome=/opt/jmeter
2026-06-20 11:50:48,241 INFO o.a.j.JMeter: user.dir  =/home/seventwo/github/tpo-sub-four
2026-06-20 11:50:48,241 INFO o.a.j.JMeter: PWD       =/home/seventwo/github/tpo-sub-four
2026-06-20 11:50:48,241 INFO o.a.j.JMeter: IP: 192.168.0.102 Name: seventwocore FullName: seventwocore
2026-06-20 11:50:48,251 INFO o.a.j.s.FileServer: Default base='/home/seventwo/github/tpo-sub-four'
2026-06-20 11:50:48,251 INFO o.a.j.s.FileServer: Set new base='/home/seventwo/github/tpo-sub-four/quality_jmeter_plans/stress_config3'
2026-06-20 11:50:48,437 INFO o.a.j.s.SaveService: Testplan (JMX) version: 2.2. Testlog (JTL) version: 2.2
2026-06-20 11:50:48,451 INFO o.a.j.s.SaveService: Using SaveService properties version 5.0
2026-06-20 11:50:48,453 INFO o.a.j.s.SaveService: Using SaveService properties file encoding UTF-8
2026-06-20 11:50:48,455 INFO o.a.j.s.SaveService: Loading file: quality_jmeter_plans/stress_config3/stress_config3_16users_320rpm_ctt.jmx
2026-06-20 11:50:48,494 INFO o.a.j.p.h.s.HTTPSamplerBase: Parser for text/html is org.apache.jmeter.protocol.http.parser.LagartoBasedHtmlParser
2026-06-20 11:50:48,494 INFO o.a.j.p.h.s.HTTPSamplerBase: Parser for application/xhtml+xml is org.apache.jmeter.protocol.http.parser.LagartoBasedHtmlParser
2026-06-20 11:50:48,494 INFO o.a.j.p.h.s.HTTPSamplerBase: Parser for application/xml is org.apache.jmeter.protocol.http.parser.LagartoBasedHtmlParser
2026-06-20 11:50:48,494 INFO o.a.j.p.h.s.HTTPSamplerBase: Parser for text/xml is org.apache.jmeter.protocol.http.parser.LagartoBasedHtmlParser
2026-06-20 11:50:48,494 INFO o.a.j.p.h.s.HTTPSamplerBase: Parser for text/vnd.wap.wml is org.apache.jmeter.protocol.http.parser.RegexpHTMLParser
2026-06-20 11:50:48,494 INFO o.a.j.p.h.s.HTTPSamplerBase: Parser for text/css is org.apache.jmeter.protocol.http.parser.CssParser
2026-06-20 11:50:48,504 INFO o.a.j.JMeter: Creating summariser <summary>
2026-06-20 11:50:48,517 INFO o.a.j.e.StandardJMeterEngine: Running the test!
2026-06-20 11:50:48,517 INFO o.a.j.s.SampleEvent: List of sample_variables: []
2026-06-20 11:50:48,517 INFO o.a.j.s.SampleEvent: List of sample_variables: []
2026-06-20 11:50:48,520 INFO o.a.j.e.u.CompoundVariable: Note: Function class names must contain the string: '.functions.'
2026-06-20 11:50:48,520 INFO o.a.j.e.u.CompoundVariable: Note: Function class names must not contain the string: '.gui.'
2026-06-20 11:50:48,570 INFO o.a.j.JMeter: Running test (1781945448570)
2026-06-20 11:50:48,592 INFO o.a.j.e.StandardJMeterEngine: Starting ThreadGroup: 1 : Thread Group - config=3 - 16 users
2026-06-20 11:50:48,593 INFO o.a.j.e.StandardJMeterEngine: Starting 16 threads for group Thread Group - config=3 - 16 users.
2026-06-20 11:50:48,593 INFO o.a.j.e.StandardJMeterEngine: Thread will continue on error
2026-06-20 11:50:48,593 INFO o.a.j.t.ThreadGroup: Starting thread group... number=1 threads=16 ramp-up=7 delayedStart=false
2026-06-20 11:50:48,597 INFO o.a.j.t.JMeterThread: Thread started: Thread Group - config=3 - 16 users 1-1
2026-06-20 11:50:48,603 INFO o.a.j.t.ThreadGroup: Started thread group number 1
2026-06-20 11:50:48,604 INFO o.a.j.e.StandardJMeterEngine: All thread groups have been started
2026-06-20 11:50:48,629 INFO o.a.j.p.h.s.HTTPHCAbstractImpl: Local host = seventwocore
2026-06-20 11:50:48,633 INFO o.a.j.p.h.s.HTTPHC4Impl: HTTP request retry count = 0
2026-06-20 11:50:48,635 INFO o.a.j.s.SampleResult: Note: Sample TimeStamps are START times
2026-06-20 11:50:48,635 INFO o.a.j.s.SampleResult: sampleresult.default.encoding is set to UTF-8
2026-06-20 11:50:48,635 INFO o.a.j.s.SampleResult: sampleresult.useNanoTime=true
2026-06-20 11:50:48,635 INFO o.a.j.s.SampleResult: sampleresult.nanoThreadSleep=5000
2026-06-20 11:50:49,033 INFO o.a.j.t.JMeterThread: Thread started: Thread Group - config=3 - 16 users 1-2
2026-06-20 11:50:49,471 INFO o.a.j.t.JMeterThread: Thread started: Thread Group - config=3 - 16 users 1-3
2026-06-20 11:50:49,908 INFO o.a.j.t.JMeterThread: Thread started: Thread Group - config=3 - 16 users 1-4
2026-06-20 11:50:50,346 INFO o.a.j.t.JMeterThread: Thread started: Thread Group - config=3 - 16 users 1-5
2026-06-20 11:50:50,784 INFO o.a.j.t.JMeterThread: Thread started: Thread Group - config=3 - 16 users 1-6
2026-06-20 11:50:51,222 INFO o.a.j.t.JMeterThread: Thread started: Thread Group - config=3 - 16 users 1-7
2026-06-20 11:50:51,659 INFO o.a.j.t.JMeterThread: Thread started: Thread Group - config=3 - 16 users 1-8
2026-06-20 11:50:52,098 INFO o.a.j.t.JMeterThread: Thread started: Thread Group - config=3 - 16 users 1-9
2026-06-20 11:50:52,536 INFO o.a.j.t.JMeterThread: Thread started: Thread Group - config=3 - 16 users 1-10
2026-06-20 11:50:52,974 INFO o.a.j.t.JMeterThread: Thread started: Thread Group - config=3 - 16 users 1-11
2026-06-20 11:50:53,413 INFO o.a.j.t.JMeterThread: Thread started: Thread Group - config=3 - 16 users 1-12
2026-06-20 11:50:53,850 INFO o.a.j.t.JMeterThread: Thread started: Thread Group - config=3 - 16 users 1-13
2026-06-20 11:50:54,288 INFO o.a.j.t.JMeterThread: Thread started: Thread Group - config=3 - 16 users 1-14
2026-06-20 11:50:54,727 INFO o.a.j.t.JMeterThread: Thread started: Thread Group - config=3 - 16 users 1-15
2026-06-20 11:50:55,163 INFO o.a.j.t.JMeterThread: Thread started: Thread Group - config=3 - 16 users 1-16
2026-06-20 11:51:00,145 INFO o.a.j.r.Summariser: summary +     68 in 00:00:12 =    5.9/s Avg:   355 Min:   329 Max:   488 Err:     0 (0.00%) Active: 16 Started: 16 Finished: 0
2026-06-20 11:51:30,135 INFO o.a.j.r.Summariser: summary +    160 in 00:00:30 =    5.3/s Avg:   357 Min:   345 Max:   472 Err:     0 (0.00%) Active: 16 Started: 16 Finished: 0
2026-06-20 11:51:30,136 INFO o.a.j.r.Summariser: summary =    228 in 00:00:42 =    5.5/s Avg:   356 Min:   329 Max:   488 Err:     0 (0.00%)
2026-06-20 11:52:00,133 INFO o.a.j.r.Summariser: summary +    160 in 00:00:30 =    5.3/s Avg:   358 Min:   345 Max:   461 Err:     0 (0.00%) Active: 16 Started: 16 Finished: 0
2026-06-20 11:52:00,133 INFO o.a.j.r.Summariser: summary =    388 in 00:01:12 =    5.4/s Avg:   357 Min:   329 Max:   488 Err:     0 (0.00%)
2026-06-20 11:52:30,134 INFO o.a.j.r.Summariser: summary +    160 in 00:00:30 =    5.3/s Avg:   355 Min:   345 Max:   459 Err:     0 (0.00%) Active: 16 Started: 16 Finished: 0
2026-06-20 11:52:30,134 INFO o.a.j.r.Summariser: summary =    548 in 00:01:42 =    5.4/s Avg:   356 Min:   329 Max:   488 Err:     0 (0.00%)
2026-06-20 11:52:46,390 INFO o.a.j.t.JMeterThread: Thread finished: Thread Group - config=3 - 16 users 1-11
2026-06-20 11:52:46,516 INFO o.a.j.t.JMeterThread: Thread finished: Thread Group - config=3 - 16 users 1-16
2026-06-20 11:52:46,756 INFO o.a.j.t.JMeterThread: Thread finished: Thread Group - config=3 - 16 users 1-8
2026-06-20 11:52:47,036 INFO o.a.j.t.JMeterThread: Thread finished: Thread Group - config=3 - 16 users 1-12
2026-06-20 11:52:47,068 INFO o.a.j.t.JMeterThread: Thread finished: Thread Group - config=3 - 16 users 1-4
2026-06-20 11:52:47,383 INFO o.a.j.t.JMeterThread: Thread finished: Thread Group - config=3 - 16 users 1-6
2026-06-20 11:52:47,572 INFO o.a.j.t.JMeterThread: Thread finished: Thread Group - config=3 - 16 users 1-9
2026-06-20 11:52:47,638 INFO o.a.j.t.JMeterThread: Thread finished: Thread Group - config=3 - 16 users 1-13
2026-06-20 11:52:48,134 INFO o.a.j.t.JMeterThread: Thread finished: Thread Group - config=3 - 16 users 1-3
2026-06-20 11:52:48,260 INFO o.a.j.t.JMeterThread: Thread finished: Thread Group - config=3 - 16 users 1-14
2026-06-20 11:52:48,571 INFO o.a.j.t.JMeterThread: Thread finished: Thread Group - config=3 - 16 users 1-7
2026-06-20 11:52:48,573 INFO o.a.j.t.JMeterThread: Thread finished: Thread Group - config=3 - 16 users 1-10
2026-06-20 11:52:48,634 INFO o.a.j.t.JMeterThread: Stopping because end time detected by thread: Thread Group - config=3 - 16 users 1-2
2026-06-20 11:52:48,634 INFO o.a.j.t.JMeterThread: Thread finished: Thread Group - config=3 - 16 users 1-2
2026-06-20 11:52:48,636 INFO o.a.j.t.JMeterThread: Stopping because end time detected by thread: Thread Group - config=3 - 16 users 1-5
2026-06-20 11:52:48,636 INFO o.a.j.t.JMeterThread: Thread finished: Thread Group - config=3 - 16 users 1-5
2026-06-20 11:52:48,639 INFO o.a.j.t.JMeterThread: Stopping because end time detected by thread: Thread Group - config=3 - 16 users 1-1
2026-06-20 11:52:48,639 INFO o.a.j.t.JMeterThread: Thread finished: Thread Group - config=3 - 16 users 1-1
2026-06-20 11:52:48,975 INFO o.a.j.t.JMeterThread: Stopping because end time detected by thread: Thread Group - config=3 - 16 users 1-15
2026-06-20 11:52:48,975 INFO o.a.j.t.JMeterThread: Thread finished: Thread Group - config=3 - 16 users 1-15
2026-06-20 11:52:48,975 INFO o.a.j.e.StandardJMeterEngine: Notifying test listeners of end of test
2026-06-20 11:52:48,976 INFO o.a.j.r.Summariser: summary +    103 in 00:00:19 =    5.5/s Avg:   358 Min:   346 Max:   477 Err:     0 (0.00%) Active: 0 Started: 16 Finished: 16
2026-06-20 11:52:48,976 INFO o.a.j.r.Summariser: summary =    651 in 00:02:00 =    5.4/s Avg:   357 Min:   329 Max:   488 Err:     0 (0.00%)
