2026-06-20 11:46:42,368 INFO o.a.j.u.JMeterUtils: Setting Locale to en_EN
2026-06-20 11:46:42,380 INFO o.a.j.JMeter: Loading user properties from: /opt/jmeter/bin/user.properties
2026-06-20 11:46:42,381 INFO o.a.j.JMeter: Loading system properties from: /opt/jmeter/bin/system.properties
2026-06-20 11:46:42,381 INFO o.a.j.JMeter: Setting JMeter property: jmeter.save.saveservice.output_format=csv
2026-06-20 11:46:42,381 INFO o.a.j.JMeter: Setting JMeter property: jmeter.save.saveservice.print_field_names=true
2026-06-20 11:46:42,381 INFO o.a.j.JMeter: Setting JMeter property: jmeter.save.saveservice.response_code=true
2026-06-20 11:46:42,381 INFO o.a.j.JMeter: Setting JMeter property: jmeter.save.saveservice.successful=true
2026-06-20 11:46:42,381 INFO o.a.j.JMeter: Setting JMeter property: jmeter.save.saveservice.label=true
2026-06-20 11:46:42,381 INFO o.a.j.JMeter: Setting JMeter property: jmeter.save.saveservice.time=true
2026-06-20 11:46:42,381 INFO o.a.j.JMeter: Setting JMeter property: jmeter.save.saveservice.latency=true
2026-06-20 11:46:42,381 INFO o.a.j.JMeter: Setting JMeter property: jmeter.save.saveservice.timestamp_format=ms
2026-06-20 11:46:42,386 INFO o.a.j.JMeter: Copyright (c) 1998-2024 The Apache Software Foundation
2026-06-20 11:46:42,386 INFO o.a.j.JMeter: Version 5.6.3
2026-06-20 11:46:42,386 INFO o.a.j.JMeter: java.version=26.0.1
2026-06-20 11:46:42,386 INFO o.a.j.JMeter: java.vm.name=OpenJDK 64-Bit Server VM
2026-06-20 11:46:42,386 INFO o.a.j.JMeter: os.name=Linux
2026-06-20 11:46:42,386 INFO o.a.j.JMeter: os.arch=amd64
2026-06-20 11:46:42,386 INFO o.a.j.JMeter: os.version=6.18.33-1-MANJARO
2026-06-20 11:46:42,386 INFO o.a.j.JMeter: file.encoding=UTF-8
2026-06-20 11:46:42,386 INFO o.a.j.JMeter: java.awt.headless=true
2026-06-20 11:46:42,386 INFO o.a.j.JMeter: Max memory     =1073741824
2026-06-20 11:46:42,386 INFO o.a.j.JMeter: Available Processors =16
2026-06-20 11:46:42,396 INFO o.a.j.JMeter: Default Locale=English (EN)
2026-06-20 11:46:42,396 INFO o.a.j.JMeter: JMeter  Locale=English (EN)
2026-06-20 11:46:42,396 INFO o.a.j.JMeter: JMeterHome=/opt/jmeter
2026-06-20 11:46:42,396 INFO o.a.j.JMeter: user.dir  =/home/seventwo/github/tpo-sub-four
2026-06-20 11:46:42,396 INFO o.a.j.JMeter: PWD       =/home/seventwo/github/tpo-sub-four
2026-06-20 11:46:42,397 INFO o.a.j.JMeter: IP: 192.168.0.102 Name: seventwocore FullName: seventwocore
2026-06-20 11:46:42,404 INFO o.a.j.s.FileServer: Default base='/home/seventwo/github/tpo-sub-four'
2026-06-20 11:46:42,405 INFO o.a.j.s.FileServer: Set new base='/home/seventwo/github/tpo-sub-four/quality_jmeter_plans/stress_config3'
2026-06-20 11:46:42,571 INFO o.a.j.s.SaveService: Testplan (JMX) version: 2.2. Testlog (JTL) version: 2.2
2026-06-20 11:46:42,585 INFO o.a.j.s.SaveService: Using SaveService properties version 5.0
2026-06-20 11:46:42,587 INFO o.a.j.s.SaveService: Using SaveService properties file encoding UTF-8
2026-06-20 11:46:42,589 INFO o.a.j.s.SaveService: Loading file: quality_jmeter_plans/stress_config3/stress_config3_10users_200rpm_ctt.jmx
2026-06-20 11:46:42,628 INFO o.a.j.p.h.s.HTTPSamplerBase: Parser for text/html is org.apache.jmeter.protocol.http.parser.LagartoBasedHtmlParser
2026-06-20 11:46:42,628 INFO o.a.j.p.h.s.HTTPSamplerBase: Parser for application/xhtml+xml is org.apache.jmeter.protocol.http.parser.LagartoBasedHtmlParser
2026-06-20 11:46:42,628 INFO o.a.j.p.h.s.HTTPSamplerBase: Parser for application/xml is org.apache.jmeter.protocol.http.parser.LagartoBasedHtmlParser
2026-06-20 11:46:42,628 INFO o.a.j.p.h.s.HTTPSamplerBase: Parser for text/xml is org.apache.jmeter.protocol.http.parser.LagartoBasedHtmlParser
2026-06-20 11:46:42,628 INFO o.a.j.p.h.s.HTTPSamplerBase: Parser for text/vnd.wap.wml is org.apache.jmeter.protocol.http.parser.RegexpHTMLParser
2026-06-20 11:46:42,628 INFO o.a.j.p.h.s.HTTPSamplerBase: Parser for text/css is org.apache.jmeter.protocol.http.parser.CssParser
2026-06-20 11:46:42,637 INFO o.a.j.JMeter: Creating summariser <summary>
2026-06-20 11:46:42,647 INFO o.a.j.e.StandardJMeterEngine: Running the test!
2026-06-20 11:46:42,648 INFO o.a.j.s.SampleEvent: List of sample_variables: []
2026-06-20 11:46:42,648 INFO o.a.j.s.SampleEvent: List of sample_variables: []
2026-06-20 11:46:42,651 INFO o.a.j.e.u.CompoundVariable: Note: Function class names must contain the string: '.functions.'
2026-06-20 11:46:42,651 INFO o.a.j.e.u.CompoundVariable: Note: Function class names must not contain the string: '.gui.'
2026-06-20 11:46:42,697 INFO o.a.j.JMeter: Running test (1781945202697)
2026-06-20 11:46:42,717 INFO o.a.j.e.StandardJMeterEngine: Starting ThreadGroup: 1 : Thread Group - config=3 - 10 users
2026-06-20 11:46:42,717 INFO o.a.j.e.StandardJMeterEngine: Starting 10 threads for group Thread Group - config=3 - 10 users.
2026-06-20 11:46:42,717 INFO o.a.j.e.StandardJMeterEngine: Thread will continue on error
2026-06-20 11:46:42,717 INFO o.a.j.t.ThreadGroup: Starting thread group... number=1 threads=10 ramp-up=7 delayedStart=false
2026-06-20 11:46:42,723 INFO o.a.j.t.JMeterThread: Thread started: Thread Group - config=3 - 10 users 1-1
2026-06-20 11:46:42,724 INFO o.a.j.t.ThreadGroup: Started thread group number 1
2026-06-20 11:46:42,724 INFO o.a.j.e.StandardJMeterEngine: All thread groups have been started
2026-06-20 11:46:42,751 INFO o.a.j.p.h.s.HTTPHCAbstractImpl: Local host = seventwocore
2026-06-20 11:46:42,755 INFO o.a.j.p.h.s.HTTPHC4Impl: HTTP request retry count = 0
2026-06-20 11:46:42,755 INFO o.a.j.s.SampleResult: Note: Sample TimeStamps are START times
2026-06-20 11:46:42,756 INFO o.a.j.s.SampleResult: sampleresult.default.encoding is set to UTF-8
2026-06-20 11:46:42,756 INFO o.a.j.s.SampleResult: sampleresult.useNanoTime=true
2026-06-20 11:46:42,756 INFO o.a.j.s.SampleResult: sampleresult.nanoThreadSleep=5000
2026-06-20 11:46:43,419 INFO o.a.j.t.JMeterThread: Thread started: Thread Group - config=3 - 10 users 1-2
2026-06-20 11:46:44,119 INFO o.a.j.t.JMeterThread: Thread started: Thread Group - config=3 - 10 users 1-3
2026-06-20 11:46:44,817 INFO o.a.j.t.JMeterThread: Thread started: Thread Group - config=3 - 10 users 1-4
2026-06-20 11:46:45,518 INFO o.a.j.t.JMeterThread: Thread started: Thread Group - config=3 - 10 users 1-5
2026-06-20 11:46:46,217 INFO o.a.j.t.JMeterThread: Thread started: Thread Group - config=3 - 10 users 1-6
2026-06-20 11:46:46,917 INFO o.a.j.t.JMeterThread: Thread started: Thread Group - config=3 - 10 users 1-7
2026-06-20 11:46:47,618 INFO o.a.j.t.JMeterThread: Thread started: Thread Group - config=3 - 10 users 1-8
2026-06-20 11:46:48,318 INFO o.a.j.t.JMeterThread: Thread started: Thread Group - config=3 - 10 users 1-9
2026-06-20 11:46:49,017 INFO o.a.j.t.JMeterThread: Thread started: Thread Group - config=3 - 10 users 1-10
2026-06-20 11:47:00,050 INFO o.a.j.r.Summariser: summary +     63 in 00:00:17 =    3.6/s Avg:   333 Min:   317 Max:   451 Err:     0 (0.00%) Active: 10 Started: 10 Finished: 0
2026-06-20 11:47:30,050 INFO o.a.j.r.Summariser: summary +    100 in 00:00:30 =    3.3/s Avg:   341 Min:   327 Max:   709 Err:     1 (1.00%) Active: 10 Started: 10 Finished: 0
2026-06-20 11:47:30,050 INFO o.a.j.r.Summariser: summary =    163 in 00:00:47 =    3.4/s Avg:   338 Min:   317 Max:   709 Err:     1 (0.61%)
2026-06-20 11:48:00,050 INFO o.a.j.r.Summariser: summary +    100 in 00:00:30 =    3.3/s Avg:   342 Min:   328 Max:   630 Err:     1 (1.00%) Active: 10 Started: 10 Finished: 0
2026-06-20 11:48:00,051 INFO o.a.j.r.Summariser: summary =    263 in 00:01:17 =    3.4/s Avg:   339 Min:   317 Max:   709 Err:     2 (0.76%)
2026-06-20 11:48:30,048 INFO o.a.j.r.Summariser: summary +    100 in 00:00:30 =    3.3/s Avg:   344 Min:   328 Max:   735 Err:     1 (1.00%) Active: 10 Started: 10 Finished: 0
2026-06-20 11:48:30,049 INFO o.a.j.r.Summariser: summary =    363 in 00:01:47 =    3.4/s Avg:   341 Min:   317 Max:   735 Err:     3 (0.83%)
2026-06-20 11:48:40,176 INFO o.a.j.t.JMeterThread: Thread finished: Thread Group - config=3 - 10 users 1-1
2026-06-20 11:48:40,449 INFO o.a.j.t.JMeterThread: Thread finished: Thread Group - config=3 - 10 users 1-5
2026-06-20 11:48:41,347 INFO o.a.j.t.JMeterThread: Thread finished: Thread Group - config=3 - 10 users 1-8
2026-06-20 11:48:41,550 INFO o.a.j.t.JMeterThread: Thread finished: Thread Group - config=3 - 10 users 1-4
2026-06-20 11:48:41,653 INFO o.a.j.t.JMeterThread: Thread finished: Thread Group - config=3 - 10 users 1-2
2026-06-20 11:48:42,049 INFO o.a.j.t.JMeterThread: Thread finished: Thread Group - config=3 - 10 users 1-6
2026-06-20 11:48:42,051 INFO o.a.j.t.JMeterThread: Thread finished: Thread Group - config=3 - 10 users 1-3
2026-06-20 11:48:42,350 INFO o.a.j.t.JMeterThread: Thread finished: Thread Group - config=3 - 10 users 1-9
2026-06-20 11:48:43,047 INFO o.a.j.t.JMeterThread: Stopping because end time detected by thread: Thread Group - config=3 - 10 users 1-7
2026-06-20 11:48:43,047 INFO o.a.j.t.JMeterThread: Stopping because end time detected by thread: Thread Group - config=3 - 10 users 1-10
2026-06-20 11:48:43,048 INFO o.a.j.t.JMeterThread: Thread finished: Thread Group - config=3 - 10 users 1-7
2026-06-20 11:48:43,048 INFO o.a.j.t.JMeterThread: Thread finished: Thread Group - config=3 - 10 users 1-10
2026-06-20 11:48:43,048 INFO o.a.j.e.StandardJMeterEngine: Notifying test listeners of end of test
2026-06-20 11:48:43,049 INFO o.a.j.r.Summariser: summary +     44 in 00:00:13 =    3.4/s Avg:   336 Min:   327 Max:   411 Err:     0 (0.00%) Active: 0 Started: 10 Finished: 10
2026-06-20 11:48:43,049 INFO o.a.j.r.Summariser: summary =    407 in 00:02:00 =    3.4/s Avg:   340 Min:   317 Max:   735 Err:     3 (0.74%)
