2026-06-20 11:42:37,393 INFO o.a.j.u.JMeterUtils: Setting Locale to en_EN
2026-06-20 11:42:37,405 INFO o.a.j.JMeter: Loading user properties from: /opt/jmeter/bin/user.properties
2026-06-20 11:42:37,405 INFO o.a.j.JMeter: Loading system properties from: /opt/jmeter/bin/system.properties
2026-06-20 11:42:37,405 INFO o.a.j.JMeter: Setting JMeter property: jmeter.save.saveservice.output_format=csv
2026-06-20 11:42:37,405 INFO o.a.j.JMeter: Setting JMeter property: jmeter.save.saveservice.print_field_names=true
2026-06-20 11:42:37,406 INFO o.a.j.JMeter: Setting JMeter property: jmeter.save.saveservice.response_code=true
2026-06-20 11:42:37,406 INFO o.a.j.JMeter: Setting JMeter property: jmeter.save.saveservice.successful=true
2026-06-20 11:42:37,406 INFO o.a.j.JMeter: Setting JMeter property: jmeter.save.saveservice.label=true
2026-06-20 11:42:37,406 INFO o.a.j.JMeter: Setting JMeter property: jmeter.save.saveservice.time=true
2026-06-20 11:42:37,406 INFO o.a.j.JMeter: Setting JMeter property: jmeter.save.saveservice.latency=true
2026-06-20 11:42:37,406 INFO o.a.j.JMeter: Setting JMeter property: jmeter.save.saveservice.timestamp_format=ms
2026-06-20 11:42:37,411 INFO o.a.j.JMeter: Copyright (c) 1998-2024 The Apache Software Foundation
2026-06-20 11:42:37,411 INFO o.a.j.JMeter: Version 5.6.3
2026-06-20 11:42:37,411 INFO o.a.j.JMeter: java.version=26.0.1
2026-06-20 11:42:37,411 INFO o.a.j.JMeter: java.vm.name=OpenJDK 64-Bit Server VM
2026-06-20 11:42:37,411 INFO o.a.j.JMeter: os.name=Linux
2026-06-20 11:42:37,411 INFO o.a.j.JMeter: os.arch=amd64
2026-06-20 11:42:37,411 INFO o.a.j.JMeter: os.version=6.18.33-1-MANJARO
2026-06-20 11:42:37,411 INFO o.a.j.JMeter: file.encoding=UTF-8
2026-06-20 11:42:37,411 INFO o.a.j.JMeter: java.awt.headless=true
2026-06-20 11:42:37,411 INFO o.a.j.JMeter: Max memory     =1073741824
2026-06-20 11:42:37,411 INFO o.a.j.JMeter: Available Processors =16
2026-06-20 11:42:37,422 INFO o.a.j.JMeter: Default Locale=English (EN)
2026-06-20 11:42:37,422 INFO o.a.j.JMeter: JMeter  Locale=English (EN)
2026-06-20 11:42:37,422 INFO o.a.j.JMeter: JMeterHome=/opt/jmeter
2026-06-20 11:42:37,422 INFO o.a.j.JMeter: user.dir  =/home/seventwo/github/tpo-sub-four
2026-06-20 11:42:37,422 INFO o.a.j.JMeter: PWD       =/home/seventwo/github/tpo-sub-four
2026-06-20 11:42:37,423 INFO o.a.j.JMeter: IP: 192.168.0.102 Name: seventwocore FullName: seventwocore
2026-06-20 11:42:37,431 INFO o.a.j.s.FileServer: Default base='/home/seventwo/github/tpo-sub-four'
2026-06-20 11:42:37,432 INFO o.a.j.s.FileServer: Set new base='/home/seventwo/github/tpo-sub-four/quality_jmeter_plans/stress_config3'
2026-06-20 11:42:37,629 INFO o.a.j.s.SaveService: Testplan (JMX) version: 2.2. Testlog (JTL) version: 2.2
2026-06-20 11:42:37,646 INFO o.a.j.s.SaveService: Using SaveService properties version 5.0
2026-06-20 11:42:37,648 INFO o.a.j.s.SaveService: Using SaveService properties file encoding UTF-8
2026-06-20 11:42:37,650 INFO o.a.j.s.SaveService: Loading file: quality_jmeter_plans/stress_config3/stress_config3_4users_80rpm_ctt.jmx
2026-06-20 11:42:37,688 INFO o.a.j.p.h.s.HTTPSamplerBase: Parser for text/html is org.apache.jmeter.protocol.http.parser.LagartoBasedHtmlParser
2026-06-20 11:42:37,688 INFO o.a.j.p.h.s.HTTPSamplerBase: Parser for application/xhtml+xml is org.apache.jmeter.protocol.http.parser.LagartoBasedHtmlParser
2026-06-20 11:42:37,688 INFO o.a.j.p.h.s.HTTPSamplerBase: Parser for application/xml is org.apache.jmeter.protocol.http.parser.LagartoBasedHtmlParser
2026-06-20 11:42:37,688 INFO o.a.j.p.h.s.HTTPSamplerBase: Parser for text/xml is org.apache.jmeter.protocol.http.parser.LagartoBasedHtmlParser
2026-06-20 11:42:37,688 INFO o.a.j.p.h.s.HTTPSamplerBase: Parser for text/vnd.wap.wml is org.apache.jmeter.protocol.http.parser.RegexpHTMLParser
2026-06-20 11:42:37,688 INFO o.a.j.p.h.s.HTTPSamplerBase: Parser for text/css is org.apache.jmeter.protocol.http.parser.CssParser
2026-06-20 11:42:37,698 INFO o.a.j.JMeter: Creating summariser <summary>
2026-06-20 11:42:37,709 INFO o.a.j.e.StandardJMeterEngine: Running the test!
2026-06-20 11:42:37,710 INFO o.a.j.s.SampleEvent: List of sample_variables: []
2026-06-20 11:42:37,710 INFO o.a.j.s.SampleEvent: List of sample_variables: []
2026-06-20 11:42:37,714 INFO o.a.j.e.u.CompoundVariable: Note: Function class names must contain the string: '.functions.'
2026-06-20 11:42:37,715 INFO o.a.j.e.u.CompoundVariable: Note: Function class names must not contain the string: '.gui.'
2026-06-20 11:42:37,763 INFO o.a.j.JMeter: Running test (1781944957763)
2026-06-20 11:42:37,788 INFO o.a.j.e.StandardJMeterEngine: Starting ThreadGroup: 1 : Thread Group - config=3 - 4 users
2026-06-20 11:42:37,789 INFO o.a.j.e.StandardJMeterEngine: Starting 4 threads for group Thread Group - config=3 - 4 users.
2026-06-20 11:42:37,789 INFO o.a.j.e.StandardJMeterEngine: Thread will continue on error
2026-06-20 11:42:37,789 INFO o.a.j.t.ThreadGroup: Starting thread group... number=1 threads=4 ramp-up=7 delayedStart=false
2026-06-20 11:42:37,794 INFO o.a.j.t.ThreadGroup: Started thread group number 1
2026-06-20 11:42:37,794 INFO o.a.j.e.StandardJMeterEngine: All thread groups have been started
2026-06-20 11:42:37,794 INFO o.a.j.t.JMeterThread: Thread started: Thread Group - config=3 - 4 users 1-1
2026-06-20 11:42:37,825 INFO o.a.j.p.h.s.HTTPHCAbstractImpl: Local host = seventwocore
2026-06-20 11:42:37,829 INFO o.a.j.p.h.s.HTTPHC4Impl: HTTP request retry count = 0
2026-06-20 11:42:37,830 INFO o.a.j.s.SampleResult: Note: Sample TimeStamps are START times
2026-06-20 11:42:37,830 INFO o.a.j.s.SampleResult: sampleresult.default.encoding is set to UTF-8
2026-06-20 11:42:37,830 INFO o.a.j.s.SampleResult: sampleresult.useNanoTime=true
2026-06-20 11:42:37,830 INFO o.a.j.s.SampleResult: sampleresult.nanoThreadSleep=5000
2026-06-20 11:42:39,541 INFO o.a.j.t.JMeterThread: Thread started: Thread Group - config=3 - 4 users 1-2
2026-06-20 11:42:41,290 INFO o.a.j.t.JMeterThread: Thread started: Thread Group - config=3 - 4 users 1-3
2026-06-20 11:42:43,040 INFO o.a.j.t.JMeterThread: Thread started: Thread Group - config=3 - 4 users 1-4
2026-06-20 11:43:01,357 INFO o.a.j.r.Summariser: summary +     33 in 00:00:24 =    1.4/s Avg:   322 Min:   308 Max:   408 Err:     0 (0.00%) Active: 4 Started: 4 Finished: 0
2026-06-20 11:43:31,356 INFO o.a.j.r.Summariser: summary +     40 in 00:00:30 =    1.3/s Avg:   320 Min:   313 Max:   441 Err:     0 (0.00%) Active: 4 Started: 4 Finished: 0
2026-06-20 11:43:31,356 INFO o.a.j.r.Summariser: summary =     73 in 00:00:54 =    1.4/s Avg:   321 Min:   308 Max:   441 Err:     0 (0.00%)
2026-06-20 11:44:01,368 INFO o.a.j.r.Summariser: summary +     40 in 00:00:30 =    1.3/s Avg:   327 Min:   313 Max:   444 Err:     0 (0.00%) Active: 4 Started: 4 Finished: 0
2026-06-20 11:44:01,369 INFO o.a.j.r.Summariser: summary =    113 in 00:01:24 =    1.4/s Avg:   323 Min:   308 Max:   444 Err:     0 (0.00%)
2026-06-20 11:44:31,355 INFO o.a.j.r.Summariser: summary +     40 in 00:00:30 =    1.3/s Avg:   323 Min:   313 Max:   419 Err:     0 (0.00%) Active: 4 Started: 4 Finished: 0
2026-06-20 11:44:31,356 INFO o.a.j.r.Summariser: summary =    153 in 00:01:54 =    1.3/s Avg:   323 Min:   308 Max:   444 Err:     0 (0.00%)
2026-06-20 11:44:35,916 INFO o.a.j.t.JMeterThread: Thread finished: Thread Group - config=3 - 4 users 1-1
2026-06-20 11:44:37,355 INFO o.a.j.t.JMeterThread: Thread finished: Thread Group - config=3 - 4 users 1-4
2026-06-20 11:44:37,607 INFO o.a.j.t.JMeterThread: Thread finished: Thread Group - config=3 - 4 users 1-2
2026-06-20 11:44:37,857 INFO o.a.j.t.JMeterThread: Stopping because end time detected by thread: Thread Group - config=3 - 4 users 1-3
2026-06-20 11:44:37,857 INFO o.a.j.t.JMeterThread: Thread finished: Thread Group - config=3 - 4 users 1-3
2026-06-20 11:44:37,858 INFO o.a.j.e.StandardJMeterEngine: Notifying test listeners of end of test
2026-06-20 11:44:37,858 INFO o.a.j.r.Summariser: summary +     10 in 00:00:07 =    1.5/s Avg:   326 Min:   313 Max:   387 Err:     0 (0.00%) Active: 0 Started: 4 Finished: 4
2026-06-20 11:44:37,858 INFO o.a.j.r.Summariser: summary =    163 in 00:02:00 =    1.4/s Avg:   323 Min:   308 Max:   444 Err:     0 (0.00%)
