2026-06-20 11:40:36,238 INFO o.a.j.u.JMeterUtils: Setting Locale to en_EN
2026-06-20 11:40:36,250 INFO o.a.j.JMeter: Loading user properties from: /opt/jmeter/bin/user.properties
2026-06-20 11:40:36,250 INFO o.a.j.JMeter: Loading system properties from: /opt/jmeter/bin/system.properties
2026-06-20 11:40:36,250 INFO o.a.j.JMeter: Setting JMeter property: jmeter.save.saveservice.output_format=csv
2026-06-20 11:40:36,250 INFO o.a.j.JMeter: Setting JMeter property: jmeter.save.saveservice.print_field_names=true
2026-06-20 11:40:36,250 INFO o.a.j.JMeter: Setting JMeter property: jmeter.save.saveservice.response_code=true
2026-06-20 11:40:36,250 INFO o.a.j.JMeter: Setting JMeter property: jmeter.save.saveservice.successful=true
2026-06-20 11:40:36,250 INFO o.a.j.JMeter: Setting JMeter property: jmeter.save.saveservice.label=true
2026-06-20 11:40:36,250 INFO o.a.j.JMeter: Setting JMeter property: jmeter.save.saveservice.time=true
2026-06-20 11:40:36,250 INFO o.a.j.JMeter: Setting JMeter property: jmeter.save.saveservice.latency=true
2026-06-20 11:40:36,250 INFO o.a.j.JMeter: Setting JMeter property: jmeter.save.saveservice.timestamp_format=ms
2026-06-20 11:40:36,255 INFO o.a.j.JMeter: Copyright (c) 1998-2024 The Apache Software Foundation
2026-06-20 11:40:36,255 INFO o.a.j.JMeter: Version 5.6.3
2026-06-20 11:40:36,256 INFO o.a.j.JMeter: java.version=26.0.1
2026-06-20 11:40:36,256 INFO o.a.j.JMeter: java.vm.name=OpenJDK 64-Bit Server VM
2026-06-20 11:40:36,256 INFO o.a.j.JMeter: os.name=Linux
2026-06-20 11:40:36,256 INFO o.a.j.JMeter: os.arch=amd64
2026-06-20 11:40:36,256 INFO o.a.j.JMeter: os.version=6.18.33-1-MANJARO
2026-06-20 11:40:36,256 INFO o.a.j.JMeter: file.encoding=UTF-8
2026-06-20 11:40:36,256 INFO o.a.j.JMeter: java.awt.headless=true
2026-06-20 11:40:36,256 INFO o.a.j.JMeter: Max memory     =1073741824
2026-06-20 11:40:36,256 INFO o.a.j.JMeter: Available Processors =16
2026-06-20 11:40:36,266 INFO o.a.j.JMeter: Default Locale=English (EN)
2026-06-20 11:40:36,266 INFO o.a.j.JMeter: JMeter  Locale=English (EN)
2026-06-20 11:40:36,266 INFO o.a.j.JMeter: JMeterHome=/opt/jmeter
2026-06-20 11:40:36,266 INFO o.a.j.JMeter: user.dir  =/home/seventwo/github/tpo-sub-four
2026-06-20 11:40:36,266 INFO o.a.j.JMeter: PWD       =/home/seventwo/github/tpo-sub-four
2026-06-20 11:40:36,267 INFO o.a.j.JMeter: IP: 192.168.0.102 Name: seventwocore FullName: seventwocore
2026-06-20 11:40:36,275 INFO o.a.j.s.FileServer: Default base='/home/seventwo/github/tpo-sub-four'
2026-06-20 11:40:36,275 INFO o.a.j.s.FileServer: Set new base='/home/seventwo/github/tpo-sub-four/quality_jmeter_plans/stress_config3'
2026-06-20 11:40:36,464 INFO o.a.j.s.SaveService: Testplan (JMX) version: 2.2. Testlog (JTL) version: 2.2
2026-06-20 11:40:36,480 INFO o.a.j.s.SaveService: Using SaveService properties version 5.0
2026-06-20 11:40:36,483 INFO o.a.j.s.SaveService: Using SaveService properties file encoding UTF-8
2026-06-20 11:40:36,485 INFO o.a.j.s.SaveService: Loading file: quality_jmeter_plans/stress_config3/stress_config3_2users_40rpm_ctt.jmx
2026-06-20 11:40:36,525 INFO o.a.j.p.h.s.HTTPSamplerBase: Parser for text/html is org.apache.jmeter.protocol.http.parser.LagartoBasedHtmlParser
2026-06-20 11:40:36,525 INFO o.a.j.p.h.s.HTTPSamplerBase: Parser for application/xhtml+xml is org.apache.jmeter.protocol.http.parser.LagartoBasedHtmlParser
2026-06-20 11:40:36,525 INFO o.a.j.p.h.s.HTTPSamplerBase: Parser for application/xml is org.apache.jmeter.protocol.http.parser.LagartoBasedHtmlParser
2026-06-20 11:40:36,525 INFO o.a.j.p.h.s.HTTPSamplerBase: Parser for text/xml is org.apache.jmeter.protocol.http.parser.LagartoBasedHtmlParser
2026-06-20 11:40:36,525 INFO o.a.j.p.h.s.HTTPSamplerBase: Parser for text/vnd.wap.wml is org.apache.jmeter.protocol.http.parser.RegexpHTMLParser
2026-06-20 11:40:36,525 INFO o.a.j.p.h.s.HTTPSamplerBase: Parser for text/css is org.apache.jmeter.protocol.http.parser.CssParser
2026-06-20 11:40:36,536 INFO o.a.j.JMeter: Creating summariser <summary>
2026-06-20 11:40:36,547 INFO o.a.j.e.StandardJMeterEngine: Running the test!
2026-06-20 11:40:36,548 INFO o.a.j.s.SampleEvent: List of sample_variables: []
2026-06-20 11:40:36,548 INFO o.a.j.s.SampleEvent: List of sample_variables: []
2026-06-20 11:40:36,551 INFO o.a.j.e.u.CompoundVariable: Note: Function class names must contain the string: '.functions.'
2026-06-20 11:40:36,551 INFO o.a.j.e.u.CompoundVariable: Note: Function class names must not contain the string: '.gui.'
2026-06-20 11:40:36,595 INFO o.a.j.JMeter: Running test (1781944836595)
2026-06-20 11:40:36,617 INFO o.a.j.e.StandardJMeterEngine: Starting ThreadGroup: 1 : Thread Group - config=3 - 2 users
2026-06-20 11:40:36,617 INFO o.a.j.e.StandardJMeterEngine: Starting 2 threads for group Thread Group - config=3 - 2 users.
2026-06-20 11:40:36,617 INFO o.a.j.e.StandardJMeterEngine: Thread will continue on error
2026-06-20 11:40:36,617 INFO o.a.j.t.ThreadGroup: Starting thread group... number=1 threads=2 ramp-up=7 delayedStart=false
2026-06-20 11:40:36,621 INFO o.a.j.t.ThreadGroup: Started thread group number 1
2026-06-20 11:40:36,621 INFO o.a.j.e.StandardJMeterEngine: All thread groups have been started
2026-06-20 11:40:36,622 INFO o.a.j.t.JMeterThread: Thread started: Thread Group - config=3 - 2 users 1-1
2026-06-20 11:40:36,651 INFO o.a.j.p.h.s.HTTPHCAbstractImpl: Local host = seventwocore
2026-06-20 11:40:36,655 INFO o.a.j.p.h.s.HTTPHC4Impl: HTTP request retry count = 0
2026-06-20 11:40:36,656 INFO o.a.j.s.SampleResult: Note: Sample TimeStamps are START times
2026-06-20 11:40:36,656 INFO o.a.j.s.SampleResult: sampleresult.default.encoding is set to UTF-8
2026-06-20 11:40:36,656 INFO o.a.j.s.SampleResult: sampleresult.useNanoTime=true
2026-06-20 11:40:36,656 INFO o.a.j.s.SampleResult: sampleresult.nanoThreadSleep=5000
2026-06-20 11:40:40,119 INFO o.a.j.t.JMeterThread: Thread started: Thread Group - config=3 - 2 users 1-2
2026-06-20 11:41:01,433 INFO o.a.j.r.Summariser: summary +     18 in 00:00:25 =    0.7/s Avg:   311 Min:   306 Max:   341 Err:     0 (0.00%) Active: 2 Started: 2 Finished: 0
2026-06-20 11:41:31,429 INFO o.a.j.r.Summariser: summary +     20 in 00:00:30 =    0.7/s Avg:   308 Min:   308 Max:   312 Err:     0 (0.00%) Active: 2 Started: 2 Finished: 0
2026-06-20 11:41:31,429 INFO o.a.j.r.Summariser: summary =     38 in 00:00:55 =    0.7/s Avg:   310 Min:   306 Max:   341 Err:     0 (0.00%)
2026-06-20 11:42:01,437 INFO o.a.j.r.Summariser: summary +     20 in 00:00:30 =    0.7/s Avg:   319 Min:   308 Max:   395 Err:     0 (0.00%) Active: 2 Started: 2 Finished: 0
2026-06-20 11:42:01,437 INFO o.a.j.r.Summariser: summary =     58 in 00:01:25 =    0.7/s Avg:   313 Min:   306 Max:   395 Err:     0 (0.00%)
2026-06-20 11:42:31,430 INFO o.a.j.r.Summariser: summary +     20 in 00:00:30 =    0.7/s Avg:   325 Min:   307 Max:   424 Err:     0 (0.00%) Active: 2 Started: 2 Finished: 0
2026-06-20 11:42:31,431 INFO o.a.j.r.Summariser: summary =     78 in 00:01:55 =    0.7/s Avg:   316 Min:   306 Max:   424 Err:     0 (0.00%)
2026-06-20 11:42:34,430 INFO o.a.j.t.JMeterThread: Thread finished: Thread Group - config=3 - 2 users 1-2
2026-06-20 11:42:35,451 INFO o.a.j.t.JMeterThread: Thread finished: Thread Group - config=3 - 2 users 1-1
2026-06-20 11:42:35,451 INFO o.a.j.e.StandardJMeterEngine: Notifying test listeners of end of test
2026-06-20 11:42:35,452 INFO o.a.j.r.Summariser: summary +      3 in 00:00:04 =    0.7/s Avg:   308 Min:   308 Max:   309 Err:     0 (0.00%) Active: 0 Started: 2 Finished: 2
2026-06-20 11:42:35,452 INFO o.a.j.r.Summariser: summary =     81 in 00:01:59 =    0.7/s Avg:   316 Min:   306 Max:   424 Err:     0 (0.00%)
