2026-06-20 11:38:36,511 INFO o.a.j.u.JMeterUtils: Setting Locale to en_EN
2026-06-20 11:38:36,523 INFO o.a.j.JMeter: Loading user properties from: /opt/jmeter/bin/user.properties
2026-06-20 11:38:36,523 INFO o.a.j.JMeter: Loading system properties from: /opt/jmeter/bin/system.properties
2026-06-20 11:38:36,523 INFO o.a.j.JMeter: Setting JMeter property: jmeter.save.saveservice.output_format=csv
2026-06-20 11:38:36,523 INFO o.a.j.JMeter: Setting JMeter property: jmeter.save.saveservice.print_field_names=true
2026-06-20 11:38:36,523 INFO o.a.j.JMeter: Setting JMeter property: jmeter.save.saveservice.response_code=true
2026-06-20 11:38:36,523 INFO o.a.j.JMeter: Setting JMeter property: jmeter.save.saveservice.successful=true
2026-06-20 11:38:36,523 INFO o.a.j.JMeter: Setting JMeter property: jmeter.save.saveservice.label=true
2026-06-20 11:38:36,523 INFO o.a.j.JMeter: Setting JMeter property: jmeter.save.saveservice.time=true
2026-06-20 11:38:36,524 INFO o.a.j.JMeter: Setting JMeter property: jmeter.save.saveservice.latency=true
2026-06-20 11:38:36,524 INFO o.a.j.JMeter: Setting JMeter property: jmeter.save.saveservice.timestamp_format=ms
2026-06-20 11:38:36,529 INFO o.a.j.JMeter: Copyright (c) 1998-2024 The Apache Software Foundation
2026-06-20 11:38:36,529 INFO o.a.j.JMeter: Version 5.6.3
2026-06-20 11:38:36,529 INFO o.a.j.JMeter: java.version=26.0.1
2026-06-20 11:38:36,529 INFO o.a.j.JMeter: java.vm.name=OpenJDK 64-Bit Server VM
2026-06-20 11:38:36,529 INFO o.a.j.JMeter: os.name=Linux
2026-06-20 11:38:36,529 INFO o.a.j.JMeter: os.arch=amd64
2026-06-20 11:38:36,529 INFO o.a.j.JMeter: os.version=6.18.33-1-MANJARO
2026-06-20 11:38:36,529 INFO o.a.j.JMeter: file.encoding=UTF-8
2026-06-20 11:38:36,529 INFO o.a.j.JMeter: java.awt.headless=true
2026-06-20 11:38:36,530 INFO o.a.j.JMeter: Max memory     =1073741824
2026-06-20 11:38:36,530 INFO o.a.j.JMeter: Available Processors =16
2026-06-20 11:38:36,540 INFO o.a.j.JMeter: Default Locale=English (EN)
2026-06-20 11:38:36,540 INFO o.a.j.JMeter: JMeter  Locale=English (EN)
2026-06-20 11:38:36,540 INFO o.a.j.JMeter: JMeterHome=/opt/jmeter
2026-06-20 11:38:36,540 INFO o.a.j.JMeter: user.dir  =/home/seventwo/github/tpo-sub-four
2026-06-20 11:38:36,540 INFO o.a.j.JMeter: PWD       =/home/seventwo/github/tpo-sub-four
2026-06-20 11:38:36,541 INFO o.a.j.JMeter: IP: 192.168.0.102 Name: seventwocore FullName: seventwocore
2026-06-20 11:38:36,549 INFO o.a.j.s.FileServer: Default base='/home/seventwo/github/tpo-sub-four'
2026-06-20 11:38:36,549 INFO o.a.j.s.FileServer: Set new base='/home/seventwo/github/tpo-sub-four/quality_jmeter_plans/stress_config3'
2026-06-20 11:38:36,761 INFO o.a.j.s.SaveService: Testplan (JMX) version: 2.2. Testlog (JTL) version: 2.2
2026-06-20 11:38:36,779 INFO o.a.j.s.SaveService: Using SaveService properties version 5.0
2026-06-20 11:38:36,783 INFO o.a.j.s.SaveService: Using SaveService properties file encoding UTF-8
2026-06-20 11:38:36,786 INFO o.a.j.s.SaveService: Loading file: quality_jmeter_plans/stress_config3/stress_config3_1users_20rpm_ctt.jmx
2026-06-20 11:38:36,840 INFO o.a.j.p.h.s.HTTPSamplerBase: Parser for text/html is org.apache.jmeter.protocol.http.parser.LagartoBasedHtmlParser
2026-06-20 11:38:36,840 INFO o.a.j.p.h.s.HTTPSamplerBase: Parser for application/xhtml+xml is org.apache.jmeter.protocol.http.parser.LagartoBasedHtmlParser
2026-06-20 11:38:36,840 INFO o.a.j.p.h.s.HTTPSamplerBase: Parser for application/xml is org.apache.jmeter.protocol.http.parser.LagartoBasedHtmlParser
2026-06-20 11:38:36,841 INFO o.a.j.p.h.s.HTTPSamplerBase: Parser for text/xml is org.apache.jmeter.protocol.http.parser.LagartoBasedHtmlParser
2026-06-20 11:38:36,841 INFO o.a.j.p.h.s.HTTPSamplerBase: Parser for text/vnd.wap.wml is org.apache.jmeter.protocol.http.parser.RegexpHTMLParser
2026-06-20 11:38:36,841 INFO o.a.j.p.h.s.HTTPSamplerBase: Parser for text/css is org.apache.jmeter.protocol.http.parser.CssParser
2026-06-20 11:38:36,856 INFO o.a.j.JMeter: Creating summariser <summary>
2026-06-20 11:38:36,870 INFO o.a.j.e.StandardJMeterEngine: Running the test!
2026-06-20 11:38:36,871 INFO o.a.j.s.SampleEvent: List of sample_variables: []
2026-06-20 11:38:36,871 INFO o.a.j.s.SampleEvent: List of sample_variables: []
2026-06-20 11:38:36,877 INFO o.a.j.e.u.CompoundVariable: Note: Function class names must contain the string: '.functions.'
2026-06-20 11:38:36,877 INFO o.a.j.e.u.CompoundVariable: Note: Function class names must not contain the string: '.gui.'
2026-06-20 11:38:36,930 INFO o.a.j.JMeter: Running test (1781944716929)
2026-06-20 11:38:36,954 INFO o.a.j.e.StandardJMeterEngine: Starting ThreadGroup: 1 : Thread Group - config=3 - 1 users
2026-06-20 11:38:36,955 INFO o.a.j.e.StandardJMeterEngine: Starting 1 threads for group Thread Group - config=3 - 1 users.
2026-06-20 11:38:36,955 INFO o.a.j.e.StandardJMeterEngine: Thread will continue on error
2026-06-20 11:38:36,955 INFO o.a.j.t.ThreadGroup: Starting thread group... number=1 threads=1 ramp-up=7 delayedStart=false
2026-06-20 11:38:36,960 INFO o.a.j.t.ThreadGroup: Started thread group number 1
2026-06-20 11:38:36,960 INFO o.a.j.e.StandardJMeterEngine: All thread groups have been started
2026-06-20 11:38:36,961 INFO o.a.j.t.JMeterThread: Thread started: Thread Group - config=3 - 1 users 1-1
2026-06-20 11:38:36,999 INFO o.a.j.p.h.s.HTTPHCAbstractImpl: Local host = seventwocore
2026-06-20 11:38:37,004 INFO o.a.j.p.h.s.HTTPHC4Impl: HTTP request retry count = 0
2026-06-20 11:38:37,005 INFO o.a.j.s.SampleResult: Note: Sample TimeStamps are START times
2026-06-20 11:38:37,006 INFO o.a.j.s.SampleResult: sampleresult.default.encoding is set to UTF-8
2026-06-20 11:38:37,006 INFO o.a.j.s.SampleResult: sampleresult.useNanoTime=true
2026-06-20 11:38:37,006 INFO o.a.j.s.SampleResult: sampleresult.nanoThreadSleep=5000
2026-06-20 11:39:01,296 INFO o.a.j.r.Summariser: summary +      9 in 00:00:24 =    0.4/s Avg:   312 Min:   306 Max:   353 Err:     0 (0.00%) Active: 1 Started: 1 Finished: 0
2026-06-20 11:39:31,295 INFO o.a.j.r.Summariser: summary +     10 in 00:00:30 =    0.3/s Avg:   306 Min:   306 Max:   309 Err:     0 (0.00%) Active: 1 Started: 1 Finished: 0
2026-06-20 11:39:31,295 INFO o.a.j.r.Summariser: summary =     19 in 00:00:54 =    0.3/s Avg:   309 Min:   306 Max:   353 Err:     0 (0.00%)
2026-06-20 11:40:01,294 INFO o.a.j.r.Summariser: summary +     10 in 00:00:30 =    0.3/s Avg:   308 Min:   306 Max:   321 Err:     0 (0.00%) Active: 1 Started: 1 Finished: 0
2026-06-20 11:40:01,295 INFO o.a.j.r.Summariser: summary =     29 in 00:01:24 =    0.3/s Avg:   308 Min:   306 Max:   353 Err:     0 (0.00%)
2026-06-20 11:40:31,297 INFO o.a.j.r.Summariser: summary +     10 in 00:00:30 =    0.3/s Avg:   306 Min:   306 Max:   309 Err:     0 (0.00%) Active: 1 Started: 1 Finished: 0
2026-06-20 11:40:31,297 INFO o.a.j.r.Summariser: summary =     39 in 00:01:54 =    0.3/s Avg:   308 Min:   306 Max:   353 Err:     0 (0.00%)
2026-06-20 11:40:34,295 INFO o.a.j.t.JMeterThread: Thread finished: Thread Group - config=3 - 1 users 1-1
2026-06-20 11:40:34,296 INFO o.a.j.e.StandardJMeterEngine: Notifying test listeners of end of test
2026-06-20 11:40:34,296 INFO o.a.j.r.Summariser: summary +      1 in 00:00:03 =    0.3/s Avg:   307 Min:   307 Max:   307 Err:     0 (0.00%) Active: 0 Started: 1 Finished: 1
2026-06-20 11:40:34,297 INFO o.a.j.r.Summariser: summary =     40 in 00:01:57 =    0.3/s Avg:   308 Min:   306 Max:   353 Err:     0 (0.00%)
