2026-06-20 11:32:27,562 INFO o.a.j.u.JMeterUtils: Setting Locale to en_EN
2026-06-20 11:32:27,585 INFO o.a.j.JMeter: Loading user properties from: /opt/jmeter/bin/user.properties
2026-06-20 11:32:27,585 INFO o.a.j.JMeter: Loading system properties from: /opt/jmeter/bin/system.properties
2026-06-20 11:32:27,586 INFO o.a.j.JMeter: Setting JMeter property: jmeter.save.saveservice.output_format=csv
2026-06-20 11:32:27,586 INFO o.a.j.JMeter: Setting JMeter property: jmeter.save.saveservice.print_field_names=true
2026-06-20 11:32:27,586 INFO o.a.j.JMeter: Setting JMeter property: jmeter.save.saveservice.response_code=true
2026-06-20 11:32:27,586 INFO o.a.j.JMeter: Setting JMeter property: jmeter.save.saveservice.successful=true
2026-06-20 11:32:27,586 INFO o.a.j.JMeter: Setting JMeter property: jmeter.save.saveservice.label=true
2026-06-20 11:32:27,586 INFO o.a.j.JMeter: Setting JMeter property: jmeter.save.saveservice.time=true
2026-06-20 11:32:27,586 INFO o.a.j.JMeter: Setting JMeter property: jmeter.save.saveservice.latency=true
2026-06-20 11:32:27,586 INFO o.a.j.JMeter: Setting JMeter property: jmeter.save.saveservice.timestamp_format=ms
2026-06-20 11:32:27,592 INFO o.a.j.JMeter: Copyright (c) 1998-2024 The Apache Software Foundation
2026-06-20 11:32:27,592 INFO o.a.j.JMeter: Version 5.6.3
2026-06-20 11:32:27,592 INFO o.a.j.JMeter: java.version=26.0.1
2026-06-20 11:32:27,592 INFO o.a.j.JMeter: java.vm.name=OpenJDK 64-Bit Server VM
2026-06-20 11:32:27,592 INFO o.a.j.JMeter: os.name=Linux
2026-06-20 11:32:27,592 INFO o.a.j.JMeter: os.arch=amd64
2026-06-20 11:32:27,592 INFO o.a.j.JMeter: os.version=6.18.33-1-MANJARO
2026-06-20 11:32:27,592 INFO o.a.j.JMeter: file.encoding=UTF-8
2026-06-20 11:32:27,592 INFO o.a.j.JMeter: java.awt.headless=true
2026-06-20 11:32:27,592 INFO o.a.j.JMeter: Max memory     =1073741824
2026-06-20 11:32:27,592 INFO o.a.j.JMeter: Available Processors =16
2026-06-20 11:32:27,612 INFO o.a.j.JMeter: Default Locale=English (EN)
2026-06-20 11:32:27,612 INFO o.a.j.JMeter: JMeter  Locale=English (EN)
2026-06-20 11:32:27,613 INFO o.a.j.JMeter: JMeterHome=/opt/jmeter
2026-06-20 11:32:27,613 INFO o.a.j.JMeter: user.dir  =/home/seventwo/github/tpo-sub-four
2026-06-20 11:32:27,613 INFO o.a.j.JMeter: PWD       =/home/seventwo/github/tpo-sub-four
2026-06-20 11:32:27,613 INFO o.a.j.JMeter: IP: 192.168.0.102 Name: seventwocore FullName: seventwocore
2026-06-20 11:32:27,626 INFO o.a.j.s.FileServer: Default base='/home/seventwo/github/tpo-sub-four'
2026-06-20 11:32:27,627 INFO o.a.j.s.FileServer: Set new base='/home/seventwo/github/tpo-sub-four/quality_jmeter_plans/load'
2026-06-20 11:32:27,859 INFO o.a.j.s.SaveService: Testplan (JMX) version: 2.2. Testlog (JTL) version: 2.2
2026-06-20 11:32:27,883 INFO o.a.j.s.SaveService: Using SaveService properties version 5.0
2026-06-20 11:32:27,885 INFO o.a.j.s.SaveService: Using SaveService properties file encoding UTF-8
2026-06-20 11:32:27,887 INFO o.a.j.s.SaveService: Loading file: quality_jmeter_plans/load/load_config1_7users_140rpm_ctt.jmx
2026-06-20 11:32:27,928 INFO o.a.j.p.h.s.HTTPSamplerBase: Parser for text/html is org.apache.jmeter.protocol.http.parser.LagartoBasedHtmlParser
2026-06-20 11:32:27,928 INFO o.a.j.p.h.s.HTTPSamplerBase: Parser for application/xhtml+xml is org.apache.jmeter.protocol.http.parser.LagartoBasedHtmlParser
2026-06-20 11:32:27,929 INFO o.a.j.p.h.s.HTTPSamplerBase: Parser for application/xml is org.apache.jmeter.protocol.http.parser.LagartoBasedHtmlParser
2026-06-20 11:32:27,929 INFO o.a.j.p.h.s.HTTPSamplerBase: Parser for text/xml is org.apache.jmeter.protocol.http.parser.LagartoBasedHtmlParser
2026-06-20 11:32:27,929 INFO o.a.j.p.h.s.HTTPSamplerBase: Parser for text/vnd.wap.wml is org.apache.jmeter.protocol.http.parser.RegexpHTMLParser
2026-06-20 11:32:27,929 INFO o.a.j.p.h.s.HTTPSamplerBase: Parser for text/css is org.apache.jmeter.protocol.http.parser.CssParser
2026-06-20 11:32:27,942 INFO o.a.j.JMeter: Creating summariser <summary>
2026-06-20 11:32:27,957 INFO o.a.j.e.StandardJMeterEngine: Running the test!
2026-06-20 11:32:27,958 INFO o.a.j.s.SampleEvent: List of sample_variables: []
2026-06-20 11:32:27,958 INFO o.a.j.s.SampleEvent: List of sample_variables: []
2026-06-20 11:32:27,963 INFO o.a.j.e.u.CompoundVariable: Note: Function class names must contain the string: '.functions.'
2026-06-20 11:32:27,963 INFO o.a.j.e.u.CompoundVariable: Note: Function class names must not contain the string: '.gui.'
2026-06-20 11:32:28,019 INFO o.a.j.JMeter: Running test (1781944348019)
2026-06-20 11:32:28,040 INFO o.a.j.e.StandardJMeterEngine: Starting ThreadGroup: 1 : Thread Group - config=1 - 7 users
2026-06-20 11:32:28,041 INFO o.a.j.e.StandardJMeterEngine: Starting 7 threads for group Thread Group - config=1 - 7 users.
2026-06-20 11:32:28,041 INFO o.a.j.e.StandardJMeterEngine: Thread will continue on error
2026-06-20 11:32:28,041 INFO o.a.j.t.ThreadGroup: Starting thread group... number=1 threads=7 ramp-up=7 delayedStart=false
2026-06-20 11:32:28,046 INFO o.a.j.t.ThreadGroup: Started thread group number 1
2026-06-20 11:32:28,046 INFO o.a.j.t.JMeterThread: Thread started: Thread Group - config=1 - 7 users 1-1
2026-06-20 11:32:28,046 INFO o.a.j.e.StandardJMeterEngine: All thread groups have been started
2026-06-20 11:32:28,175 INFO o.a.j.p.h.s.HTTPHCAbstractImpl: Local host = seventwocore
2026-06-20 11:32:28,182 INFO o.a.j.p.h.s.HTTPHC4Impl: HTTP request retry count = 0
2026-06-20 11:32:28,184 INFO o.a.j.s.SampleResult: Note: Sample TimeStamps are START times
2026-06-20 11:32:28,184 INFO o.a.j.s.SampleResult: sampleresult.default.encoding is set to UTF-8
2026-06-20 11:32:28,184 INFO o.a.j.s.SampleResult: sampleresult.useNanoTime=true
2026-06-20 11:32:28,184 INFO o.a.j.s.SampleResult: sampleresult.nanoThreadSleep=5000
2026-06-20 11:32:29,043 INFO o.a.j.t.JMeterThread: Thread started: Thread Group - config=1 - 7 users 1-2
2026-06-20 11:32:30,043 INFO o.a.j.t.JMeterThread: Thread started: Thread Group - config=1 - 7 users 1-3
2026-06-20 11:32:30,096 INFO o.a.j.r.Summariser: summary +      3 in 00:00:02 =    1.4/s Avg:   925 Min:   907 Max:   949 Err:     3 (100.00%) Active: 3 Started: 3 Finished: 0
2026-06-20 11:32:31,042 INFO o.a.j.t.JMeterThread: Thread started: Thread Group - config=1 - 7 users 1-4
2026-06-20 11:32:32,042 INFO o.a.j.t.JMeterThread: Thread started: Thread Group - config=1 - 7 users 1-5
2026-06-20 11:32:33,042 INFO o.a.j.t.JMeterThread: Thread started: Thread Group - config=1 - 7 users 1-6
2026-06-20 11:32:34,042 INFO o.a.j.t.JMeterThread: Thread started: Thread Group - config=1 - 7 users 1-7
2026-06-20 11:33:00,249 INFO o.a.j.r.Summariser: summary +     72 in 00:00:30 =    2.4/s Avg:   924 Min:   907 Max:  1196 Err:    72 (100.00%) Active: 7 Started: 7 Finished: 0
2026-06-20 11:33:00,249 INFO o.a.j.r.Summariser: summary =     75 in 00:00:32 =    2.3/s Avg:   924 Min:   907 Max:  1196 Err:    75 (100.00%)
2026-06-20 11:33:30,248 INFO o.a.j.r.Summariser: summary +     70 in 00:00:30 =    2.3/s Avg:   921 Min:   919 Max:   935 Err:    70 (100.00%) Active: 7 Started: 7 Finished: 0
2026-06-20 11:33:30,248 INFO o.a.j.r.Summariser: summary =    145 in 00:01:02 =    2.3/s Avg:   922 Min:   907 Max:  1196 Err:   145 (100.00%)
2026-06-20 11:34:00,249 INFO o.a.j.r.Summariser: summary +     70 in 00:00:30 =    2.3/s Avg:   922 Min:   919 Max:   937 Err:    70 (100.00%) Active: 7 Started: 7 Finished: 0
2026-06-20 11:34:00,250 INFO o.a.j.r.Summariser: summary =    215 in 00:01:32 =    2.3/s Avg:   922 Min:   907 Max:  1196 Err:   215 (100.00%)
2026-06-20 11:34:26,108 INFO o.a.j.t.JMeterThread: Thread finished: Thread Group - config=1 - 7 users 1-5
2026-06-20 11:34:26,681 INFO o.a.j.t.JMeterThread: Thread finished: Thread Group - config=1 - 7 users 1-1
2026-06-20 11:34:27,252 INFO o.a.j.t.JMeterThread: Thread finished: Thread Group - config=1 - 7 users 1-4
2026-06-20 11:34:27,536 INFO o.a.j.t.JMeterThread: Thread finished: Thread Group - config=1 - 7 users 1-6
2026-06-20 11:34:28,313 INFO o.a.j.t.JMeterThread: Stopping because end time detected by thread: Thread Group - config=1 - 7 users 1-2
2026-06-20 11:34:28,313 INFO o.a.j.t.JMeterThread: Thread finished: Thread Group - config=1 - 7 users 1-2
2026-06-20 11:34:28,394 INFO o.a.j.t.JMeterThread: Stopping because end time detected by thread: Thread Group - config=1 - 7 users 1-3
2026-06-20 11:34:28,395 INFO o.a.j.t.JMeterThread: Thread finished: Thread Group - config=1 - 7 users 1-3
2026-06-20 11:34:28,964 INFO o.a.j.t.JMeterThread: Stopping because end time detected by thread: Thread Group - config=1 - 7 users 1-7
2026-06-20 11:34:28,964 INFO o.a.j.t.JMeterThread: Thread finished: Thread Group - config=1 - 7 users 1-7
2026-06-20 11:34:28,964 INFO o.a.j.e.StandardJMeterEngine: Notifying test listeners of end of test
2026-06-20 11:34:28,965 INFO o.a.j.r.Summariser: summary +     67 in 00:00:29 =    2.3/s Avg:   921 Min:   919 Max:   927 Err:    67 (100.00%) Active: 0 Started: 7 Finished: 7
2026-06-20 11:34:28,965 INFO o.a.j.r.Summariser: summary =    282 in 00:02:01 =    2.3/s Avg:   922 Min:   907 Max:  1196 Err:   282 (100.00%)
