2026-06-20 11:36:33,894 INFO o.a.j.u.JMeterUtils: Setting Locale to en_EN
2026-06-20 11:36:33,904 INFO o.a.j.JMeter: Loading user properties from: /opt/jmeter/bin/user.properties
2026-06-20 11:36:33,905 INFO o.a.j.JMeter: Loading system properties from: /opt/jmeter/bin/system.properties
2026-06-20 11:36:33,905 INFO o.a.j.JMeter: Setting JMeter property: jmeter.save.saveservice.output_format=csv
2026-06-20 11:36:33,905 INFO o.a.j.JMeter: Setting JMeter property: jmeter.save.saveservice.print_field_names=true
2026-06-20 11:36:33,905 INFO o.a.j.JMeter: Setting JMeter property: jmeter.save.saveservice.response_code=true
2026-06-20 11:36:33,905 INFO o.a.j.JMeter: Setting JMeter property: jmeter.save.saveservice.successful=true
2026-06-20 11:36:33,905 INFO o.a.j.JMeter: Setting JMeter property: jmeter.save.saveservice.label=true
2026-06-20 11:36:33,905 INFO o.a.j.JMeter: Setting JMeter property: jmeter.save.saveservice.time=true
2026-06-20 11:36:33,905 INFO o.a.j.JMeter: Setting JMeter property: jmeter.save.saveservice.latency=true
2026-06-20 11:36:33,905 INFO o.a.j.JMeter: Setting JMeter property: jmeter.save.saveservice.timestamp_format=ms
2026-06-20 11:36:33,911 INFO o.a.j.JMeter: Copyright (c) 1998-2024 The Apache Software Foundation
2026-06-20 11:36:33,911 INFO o.a.j.JMeter: Version 5.6.3
2026-06-20 11:36:33,911 INFO o.a.j.JMeter: java.version=26.0.1
2026-06-20 11:36:33,911 INFO o.a.j.JMeter: java.vm.name=OpenJDK 64-Bit Server VM
2026-06-20 11:36:33,911 INFO o.a.j.JMeter: os.name=Linux
2026-06-20 11:36:33,911 INFO o.a.j.JMeter: os.arch=amd64
2026-06-20 11:36:33,911 INFO o.a.j.JMeter: os.version=6.18.33-1-MANJARO
2026-06-20 11:36:33,911 INFO o.a.j.JMeter: file.encoding=UTF-8
2026-06-20 11:36:33,911 INFO o.a.j.JMeter: java.awt.headless=true
2026-06-20 11:36:33,911 INFO o.a.j.JMeter: Max memory     =1073741824
2026-06-20 11:36:33,911 INFO o.a.j.JMeter: Available Processors =16
2026-06-20 11:36:33,922 INFO o.a.j.JMeter: Default Locale=English (EN)
2026-06-20 11:36:33,922 INFO o.a.j.JMeter: JMeter  Locale=English (EN)
2026-06-20 11:36:33,922 INFO o.a.j.JMeter: JMeterHome=/opt/jmeter
2026-06-20 11:36:33,923 INFO o.a.j.JMeter: user.dir  =/home/seventwo/github/tpo-sub-four
2026-06-20 11:36:33,923 INFO o.a.j.JMeter: PWD       =/home/seventwo/github/tpo-sub-four
2026-06-20 11:36:33,923 INFO o.a.j.JMeter: IP: 192.168.0.102 Name: seventwocore FullName: seventwocore
2026-06-20 11:36:33,931 INFO o.a.j.s.FileServer: Default base='/home/seventwo/github/tpo-sub-four'
2026-06-20 11:36:33,931 INFO o.a.j.s.FileServer: Set new base='/home/seventwo/github/tpo-sub-four/quality_jmeter_plans/load'
2026-06-20 11:36:34,123 INFO o.a.j.s.SaveService: Testplan (JMX) version: 2.2. Testlog (JTL) version: 2.2
2026-06-20 11:36:34,138 INFO o.a.j.s.SaveService: Using SaveService properties version 5.0
2026-06-20 11:36:34,141 INFO o.a.j.s.SaveService: Using SaveService properties file encoding UTF-8
2026-06-20 11:36:34,143 INFO o.a.j.s.SaveService: Loading file: quality_jmeter_plans/load/load_config3_7users_140rpm_ctt.jmx
2026-06-20 11:36:34,185 INFO o.a.j.p.h.s.HTTPSamplerBase: Parser for text/html is org.apache.jmeter.protocol.http.parser.LagartoBasedHtmlParser
2026-06-20 11:36:34,185 INFO o.a.j.p.h.s.HTTPSamplerBase: Parser for application/xhtml+xml is org.apache.jmeter.protocol.http.parser.LagartoBasedHtmlParser
2026-06-20 11:36:34,185 INFO o.a.j.p.h.s.HTTPSamplerBase: Parser for application/xml is org.apache.jmeter.protocol.http.parser.LagartoBasedHtmlParser
2026-06-20 11:36:34,185 INFO o.a.j.p.h.s.HTTPSamplerBase: Parser for text/xml is org.apache.jmeter.protocol.http.parser.LagartoBasedHtmlParser
2026-06-20 11:36:34,185 INFO o.a.j.p.h.s.HTTPSamplerBase: Parser for text/vnd.wap.wml is org.apache.jmeter.protocol.http.parser.RegexpHTMLParser
2026-06-20 11:36:34,186 INFO o.a.j.p.h.s.HTTPSamplerBase: Parser for text/css is org.apache.jmeter.protocol.http.parser.CssParser
2026-06-20 11:36:34,195 INFO o.a.j.JMeter: Creating summariser <summary>
2026-06-20 11:36:34,206 INFO o.a.j.e.StandardJMeterEngine: Running the test!
2026-06-20 11:36:34,207 INFO o.a.j.s.SampleEvent: List of sample_variables: []
2026-06-20 11:36:34,207 INFO o.a.j.s.SampleEvent: List of sample_variables: []
2026-06-20 11:36:34,210 INFO o.a.j.e.u.CompoundVariable: Note: Function class names must contain the string: '.functions.'
2026-06-20 11:36:34,210 INFO o.a.j.e.u.CompoundVariable: Note: Function class names must not contain the string: '.gui.'
2026-06-20 11:36:34,254 INFO o.a.j.JMeter: Running test (1781944594254)
2026-06-20 11:36:34,278 INFO o.a.j.e.StandardJMeterEngine: Starting ThreadGroup: 1 : Thread Group - config=3 - 7 users
2026-06-20 11:36:34,278 INFO o.a.j.e.StandardJMeterEngine: Starting 7 threads for group Thread Group - config=3 - 7 users.
2026-06-20 11:36:34,278 INFO o.a.j.e.StandardJMeterEngine: Thread will continue on error
2026-06-20 11:36:34,279 INFO o.a.j.t.ThreadGroup: Starting thread group... number=1 threads=7 ramp-up=7 delayedStart=false
2026-06-20 11:36:34,284 INFO o.a.j.t.JMeterThread: Thread started: Thread Group - config=3 - 7 users 1-1
2026-06-20 11:36:34,284 INFO o.a.j.t.ThreadGroup: Started thread group number 1
2026-06-20 11:36:34,285 INFO o.a.j.e.StandardJMeterEngine: All thread groups have been started
2026-06-20 11:36:34,315 INFO o.a.j.p.h.s.HTTPHCAbstractImpl: Local host = seventwocore
2026-06-20 11:36:34,319 INFO o.a.j.p.h.s.HTTPHC4Impl: HTTP request retry count = 0
2026-06-20 11:36:34,320 INFO o.a.j.s.SampleResult: Note: Sample TimeStamps are START times
2026-06-20 11:36:34,321 INFO o.a.j.s.SampleResult: sampleresult.default.encoding is set to UTF-8
2026-06-20 11:36:34,321 INFO o.a.j.s.SampleResult: sampleresult.useNanoTime=true
2026-06-20 11:36:34,321 INFO o.a.j.s.SampleResult: sampleresult.nanoThreadSleep=5000
2026-06-20 11:36:34,713 INFO o.a.j.r.Summariser: summary +      1 in 00:00:00 =    2.2/s Avg:   349 Min:   349 Max:   349 Err:     0 (0.00%) Active: 1 Started: 1 Finished: 0
2026-06-20 11:36:35,281 INFO o.a.j.t.JMeterThread: Thread started: Thread Group - config=3 - 7 users 1-2
2026-06-20 11:36:36,281 INFO o.a.j.t.JMeterThread: Thread started: Thread Group - config=3 - 7 users 1-3
2026-06-20 11:36:37,280 INFO o.a.j.t.JMeterThread: Thread started: Thread Group - config=3 - 7 users 1-4
2026-06-20 11:36:38,280 INFO o.a.j.t.JMeterThread: Thread started: Thread Group - config=3 - 7 users 1-5
2026-06-20 11:36:39,279 INFO o.a.j.t.JMeterThread: Thread started: Thread Group - config=3 - 7 users 1-6
2026-06-20 11:36:40,280 INFO o.a.j.t.JMeterThread: Thread started: Thread Group - config=3 - 7 users 1-7
2026-06-20 11:37:00,031 INFO o.a.j.r.Summariser: summary +     63 in 00:00:25 =    2.5/s Avg:   324 Min:   317 Max:   351 Err:     0 (0.00%) Active: 7 Started: 7 Finished: 0
2026-06-20 11:37:00,032 INFO o.a.j.r.Summariser: summary =     64 in 00:00:26 =    2.5/s Avg:   324 Min:   317 Max:   351 Err:     0 (0.00%)
2026-06-20 11:37:30,031 INFO o.a.j.r.Summariser: summary +     70 in 00:00:30 =    2.3/s Avg:   321 Min:   319 Max:   326 Err:     0 (0.00%) Active: 7 Started: 7 Finished: 0
2026-06-20 11:37:30,031 INFO o.a.j.r.Summariser: summary =    134 in 00:00:56 =    2.4/s Avg:   322 Min:   317 Max:   351 Err:     0 (0.00%)
2026-06-20 11:38:00,030 INFO o.a.j.r.Summariser: summary +     70 in 00:00:30 =    2.3/s Avg:   323 Min:   319 Max:   351 Err:     0 (0.00%) Active: 7 Started: 7 Finished: 0
2026-06-20 11:38:00,030 INFO o.a.j.r.Summariser: summary =    204 in 00:01:26 =    2.4/s Avg:   323 Min:   317 Max:   351 Err:     0 (0.00%)
2026-06-20 11:38:30,033 INFO o.a.j.r.Summariser: summary +     70 in 00:00:30 =    2.3/s Avg:   321 Min:   320 Max:   326 Err:     0 (0.00%) Active: 7 Started: 7 Finished: 0
2026-06-20 11:38:30,033 INFO o.a.j.r.Summariser: summary =    274 in 00:01:56 =    2.4/s Avg:   322 Min:   317 Max:   351 Err:     0 (0.00%)
2026-06-20 11:38:31,744 INFO o.a.j.t.JMeterThread: Thread finished: Thread Group - config=3 - 7 users 1-5
2026-06-20 11:38:32,886 INFO o.a.j.t.JMeterThread: Thread finished: Thread Group - config=3 - 7 users 1-4
2026-06-20 11:38:32,912 INFO o.a.j.t.JMeterThread: Thread finished: Thread Group - config=3 - 7 users 1-1
2026-06-20 11:38:33,031 INFO o.a.j.t.JMeterThread: Thread finished: Thread Group - config=3 - 7 users 1-2
2026-06-20 11:38:34,456 INFO o.a.j.t.JMeterThread: Stopping because end time detected by thread: Thread Group - config=3 - 7 users 1-6
2026-06-20 11:38:34,457 INFO o.a.j.t.JMeterThread: Thread finished: Thread Group - config=3 - 7 users 1-6
2026-06-20 11:38:34,462 INFO o.a.j.t.JMeterThread: Stopping because end time detected by thread: Thread Group - config=3 - 7 users 1-3
2026-06-20 11:38:34,462 INFO o.a.j.t.JMeterThread: Thread finished: Thread Group - config=3 - 7 users 1-3
2026-06-20 11:38:34,603 INFO o.a.j.t.JMeterThread: Stopping because end time detected by thread: Thread Group - config=3 - 7 users 1-7
2026-06-20 11:38:34,603 INFO o.a.j.t.JMeterThread: Thread finished: Thread Group - config=3 - 7 users 1-7
2026-06-20 11:38:34,603 INFO o.a.j.e.StandardJMeterEngine: Notifying test listeners of end of test
2026-06-20 11:38:34,604 INFO o.a.j.r.Summariser: summary +     12 in 00:00:05 =    2.6/s Avg:   324 Min:   320 Max:   362 Err:     0 (0.00%) Active: 0 Started: 7 Finished: 7
2026-06-20 11:38:34,604 INFO o.a.j.r.Summariser: summary =    286 in 00:02:00 =    2.4/s Avg:   322 Min:   317 Max:   362 Err:     0 (0.00%)
