2026-06-20 11:34:30,860 INFO o.a.j.u.JMeterUtils: Setting Locale to en_EN
2026-06-20 11:34:30,873 INFO o.a.j.JMeter: Loading user properties from: /opt/jmeter/bin/user.properties
2026-06-20 11:34:30,874 INFO o.a.j.JMeter: Loading system properties from: /opt/jmeter/bin/system.properties
2026-06-20 11:34:30,874 INFO o.a.j.JMeter: Setting JMeter property: jmeter.save.saveservice.output_format=csv
2026-06-20 11:34:30,874 INFO o.a.j.JMeter: Setting JMeter property: jmeter.save.saveservice.print_field_names=true
2026-06-20 11:34:30,874 INFO o.a.j.JMeter: Setting JMeter property: jmeter.save.saveservice.response_code=true
2026-06-20 11:34:30,874 INFO o.a.j.JMeter: Setting JMeter property: jmeter.save.saveservice.successful=true
2026-06-20 11:34:30,874 INFO o.a.j.JMeter: Setting JMeter property: jmeter.save.saveservice.label=true
2026-06-20 11:34:30,874 INFO o.a.j.JMeter: Setting JMeter property: jmeter.save.saveservice.time=true
2026-06-20 11:34:30,874 INFO o.a.j.JMeter: Setting JMeter property: jmeter.save.saveservice.latency=true
2026-06-20 11:34:30,874 INFO o.a.j.JMeter: Setting JMeter property: jmeter.save.saveservice.timestamp_format=ms
2026-06-20 11:34:30,879 INFO o.a.j.JMeter: Copyright (c) 1998-2024 The Apache Software Foundation
2026-06-20 11:34:30,879 INFO o.a.j.JMeter: Version 5.6.3
2026-06-20 11:34:30,879 INFO o.a.j.JMeter: java.version=26.0.1
2026-06-20 11:34:30,879 INFO o.a.j.JMeter: java.vm.name=OpenJDK 64-Bit Server VM
2026-06-20 11:34:30,879 INFO o.a.j.JMeter: os.name=Linux
2026-06-20 11:34:30,879 INFO o.a.j.JMeter: os.arch=amd64
2026-06-20 11:34:30,879 INFO o.a.j.JMeter: os.version=6.18.33-1-MANJARO
2026-06-20 11:34:30,879 INFO o.a.j.JMeter: file.encoding=UTF-8
2026-06-20 11:34:30,879 INFO o.a.j.JMeter: java.awt.headless=true
2026-06-20 11:34:30,879 INFO o.a.j.JMeter: Max memory     =1073741824
2026-06-20 11:34:30,879 INFO o.a.j.JMeter: Available Processors =16
2026-06-20 11:34:30,889 INFO o.a.j.JMeter: Default Locale=English (EN)
2026-06-20 11:34:30,890 INFO o.a.j.JMeter: JMeter  Locale=English (EN)
2026-06-20 11:34:30,890 INFO o.a.j.JMeter: JMeterHome=/opt/jmeter
2026-06-20 11:34:30,890 INFO o.a.j.JMeter: user.dir  =/home/seventwo/github/tpo-sub-four
2026-06-20 11:34:30,890 INFO o.a.j.JMeter: PWD       =/home/seventwo/github/tpo-sub-four
2026-06-20 11:34:30,890 INFO o.a.j.JMeter: IP: 192.168.0.102 Name: seventwocore FullName: seventwocore
2026-06-20 11:34:30,898 INFO o.a.j.s.FileServer: Default base='/home/seventwo/github/tpo-sub-four'
2026-06-20 11:34:30,899 INFO o.a.j.s.FileServer: Set new base='/home/seventwo/github/tpo-sub-four/quality_jmeter_plans/load'
2026-06-20 11:34:31,095 INFO o.a.j.s.SaveService: Testplan (JMX) version: 2.2. Testlog (JTL) version: 2.2
2026-06-20 11:34:31,111 INFO o.a.j.s.SaveService: Using SaveService properties version 5.0
2026-06-20 11:34:31,114 INFO o.a.j.s.SaveService: Using SaveService properties file encoding UTF-8
2026-06-20 11:34:31,116 INFO o.a.j.s.SaveService: Loading file: quality_jmeter_plans/load/load_config2_7users_140rpm_ctt.jmx
2026-06-20 11:34:31,157 INFO o.a.j.p.h.s.HTTPSamplerBase: Parser for text/html is org.apache.jmeter.protocol.http.parser.LagartoBasedHtmlParser
2026-06-20 11:34:31,157 INFO o.a.j.p.h.s.HTTPSamplerBase: Parser for application/xhtml+xml is org.apache.jmeter.protocol.http.parser.LagartoBasedHtmlParser
2026-06-20 11:34:31,157 INFO o.a.j.p.h.s.HTTPSamplerBase: Parser for application/xml is org.apache.jmeter.protocol.http.parser.LagartoBasedHtmlParser
2026-06-20 11:34:31,157 INFO o.a.j.p.h.s.HTTPSamplerBase: Parser for text/xml is org.apache.jmeter.protocol.http.parser.LagartoBasedHtmlParser
2026-06-20 11:34:31,157 INFO o.a.j.p.h.s.HTTPSamplerBase: Parser for text/vnd.wap.wml is org.apache.jmeter.protocol.http.parser.RegexpHTMLParser
2026-06-20 11:34:31,157 INFO o.a.j.p.h.s.HTTPSamplerBase: Parser for text/css is org.apache.jmeter.protocol.http.parser.CssParser
2026-06-20 11:34:31,166 INFO o.a.j.JMeter: Creating summariser <summary>
2026-06-20 11:34:31,177 INFO o.a.j.e.StandardJMeterEngine: Running the test!
2026-06-20 11:34:31,178 INFO o.a.j.s.SampleEvent: List of sample_variables: []
2026-06-20 11:34:31,178 INFO o.a.j.s.SampleEvent: List of sample_variables: []
2026-06-20 11:34:31,181 INFO o.a.j.e.u.CompoundVariable: Note: Function class names must contain the string: '.functions.'
2026-06-20 11:34:31,181 INFO o.a.j.e.u.CompoundVariable: Note: Function class names must not contain the string: '.gui.'
2026-06-20 11:34:31,224 INFO o.a.j.JMeter: Running test (1781944471224)
2026-06-20 11:34:31,246 INFO o.a.j.e.StandardJMeterEngine: Starting ThreadGroup: 1 : Thread Group - config=2 - 7 users
2026-06-20 11:34:31,246 INFO o.a.j.e.StandardJMeterEngine: Starting 7 threads for group Thread Group - config=2 - 7 users.
2026-06-20 11:34:31,246 INFO o.a.j.e.StandardJMeterEngine: Thread will continue on error
2026-06-20 11:34:31,247 INFO o.a.j.t.ThreadGroup: Starting thread group... number=1 threads=7 ramp-up=7 delayedStart=false
2026-06-20 11:34:31,252 INFO o.a.j.t.JMeterThread: Thread started: Thread Group - config=2 - 7 users 1-1
2026-06-20 11:34:31,252 INFO o.a.j.t.ThreadGroup: Started thread group number 1
2026-06-20 11:34:31,253 INFO o.a.j.e.StandardJMeterEngine: All thread groups have been started
2026-06-20 11:34:31,287 INFO o.a.j.p.h.s.HTTPHCAbstractImpl: Local host = seventwocore
2026-06-20 11:34:31,291 INFO o.a.j.p.h.s.HTTPHC4Impl: HTTP request retry count = 0
2026-06-20 11:34:31,292 INFO o.a.j.s.SampleResult: Note: Sample TimeStamps are START times
2026-06-20 11:34:31,292 INFO o.a.j.s.SampleResult: sampleresult.default.encoding is set to UTF-8
2026-06-20 11:34:31,292 INFO o.a.j.s.SampleResult: sampleresult.useNanoTime=true
2026-06-20 11:34:31,292 INFO o.a.j.s.SampleResult: sampleresult.nanoThreadSleep=5000
2026-06-20 11:34:32,087 INFO o.a.j.r.Summariser: summary +      1 in 00:00:01 =    1.2/s Avg:   749 Min:   749 Max:   749 Err:     1 (100.00%) Active: 1 Started: 1 Finished: 0
2026-06-20 11:34:32,249 INFO o.a.j.t.JMeterThread: Thread started: Thread Group - config=2 - 7 users 1-2
2026-06-20 11:34:33,248 INFO o.a.j.t.JMeterThread: Thread started: Thread Group - config=2 - 7 users 1-3
2026-06-20 11:34:34,248 INFO o.a.j.t.JMeterThread: Thread started: Thread Group - config=2 - 7 users 1-4
2026-06-20 11:34:35,248 INFO o.a.j.t.JMeterThread: Thread started: Thread Group - config=2 - 7 users 1-5
2026-06-20 11:34:36,247 INFO o.a.j.t.JMeterThread: Thread started: Thread Group - config=2 - 7 users 1-6
2026-06-20 11:34:37,248 INFO o.a.j.t.JMeterThread: Thread started: Thread Group - config=2 - 7 users 1-7
2026-06-20 11:35:00,236 INFO o.a.j.r.Summariser: summary +     67 in 00:00:28 =    2.4/s Avg:   721 Min:   716 Max:   739 Err:    67 (100.00%) Active: 7 Started: 7 Finished: 0
2026-06-20 11:35:00,236 INFO o.a.j.r.Summariser: summary =     68 in 00:00:29 =    2.3/s Avg:   722 Min:   716 Max:   749 Err:    68 (100.00%)
2026-06-20 11:35:30,237 INFO o.a.j.r.Summariser: summary +     70 in 00:00:30 =    2.3/s Avg:   721 Min:   719 Max:   732 Err:    70 (100.00%) Active: 7 Started: 7 Finished: 0
2026-06-20 11:35:30,237 INFO o.a.j.r.Summariser: summary =    138 in 00:00:59 =    2.3/s Avg:   721 Min:   716 Max:   749 Err:   138 (100.00%)
2026-06-20 11:36:00,236 INFO o.a.j.r.Summariser: summary +     70 in 00:00:30 =    2.3/s Avg:   726 Min:   719 Max:   777 Err:    70 (100.00%) Active: 7 Started: 7 Finished: 0
2026-06-20 11:36:00,236 INFO o.a.j.r.Summariser: summary =    208 in 00:01:29 =    2.3/s Avg:   723 Min:   716 Max:   777 Err:   208 (100.00%)
2026-06-20 11:36:29,113 INFO o.a.j.t.JMeterThread: Thread finished: Thread Group - config=2 - 7 users 1-5
2026-06-20 11:36:30,235 INFO o.a.j.r.Summariser: summary +     70 in 00:00:30 =    2.3/s Avg:   720 Min:   719 Max:   726 Err:    70 (100.00%) Active: 6 Started: 7 Finished: 1
2026-06-20 11:36:30,235 INFO o.a.j.r.Summariser: summary =    278 in 00:01:59 =    2.3/s Avg:   722 Min:   716 Max:   777 Err:   278 (100.00%)
2026-06-20 11:36:30,236 INFO o.a.j.t.JMeterThread: Thread finished: Thread Group - config=2 - 7 users 1-1
2026-06-20 11:36:30,254 INFO o.a.j.t.JMeterThread: Thread finished: Thread Group - config=2 - 7 users 1-4
2026-06-20 11:36:30,402 INFO o.a.j.t.JMeterThread: Thread finished: Thread Group - config=2 - 7 users 1-2
2026-06-20 11:36:31,398 INFO o.a.j.t.JMeterThread: Stopping because end time detected by thread: Thread Group - config=2 - 7 users 1-3
2026-06-20 11:36:31,398 INFO o.a.j.t.JMeterThread: Thread finished: Thread Group - config=2 - 7 users 1-3
2026-06-20 11:36:31,827 INFO o.a.j.t.JMeterThread: Stopping because end time detected by thread: Thread Group - config=2 - 7 users 1-6
2026-06-20 11:36:31,828 INFO o.a.j.t.JMeterThread: Thread finished: Thread Group - config=2 - 7 users 1-6
2026-06-20 11:36:31,970 INFO o.a.j.t.JMeterThread: Stopping because end time detected by thread: Thread Group - config=2 - 7 users 1-7
2026-06-20 11:36:31,970 INFO o.a.j.t.JMeterThread: Thread finished: Thread Group - config=2 - 7 users 1-7
2026-06-20 11:36:31,971 INFO o.a.j.e.StandardJMeterEngine: Notifying test listeners of end of test
2026-06-20 11:36:31,971 INFO o.a.j.r.Summariser: summary +      6 in 00:00:02 =    3.5/s Avg:   721 Min:   719 Max:   723 Err:     6 (100.00%) Active: 0 Started: 7 Finished: 7
2026-06-20 11:36:31,972 INFO o.a.j.r.Summariser: summary =    284 in 00:02:01 =    2.4/s Avg:   722 Min:   716 Max:   777 Err:   284 (100.00%)
