2026-06-20 13:04:32,637 INFO o.a.j.u.JMeterUtils: Setting Locale to en_EN
2026-06-20 13:04:32,654 INFO o.a.j.JMeter: Loading user properties from: /opt/jmeter/bin/user.properties
2026-06-20 13:04:32,655 INFO o.a.j.JMeter: Loading system properties from: /opt/jmeter/bin/system.properties
2026-06-20 13:04:32,655 INFO o.a.j.JMeter: Setting JMeter property: jmeter.save.saveservice.output_format=csv
2026-06-20 13:04:32,655 INFO o.a.j.JMeter: Setting JMeter property: jmeter.save.saveservice.print_field_names=true
2026-06-20 13:04:32,655 INFO o.a.j.JMeter: Setting JMeter property: jmeter.save.saveservice.timestamp_format=ms
2026-06-20 13:04:32,655 INFO o.a.j.JMeter: Setting JMeter property: jmeter.save.saveservice.time=true
2026-06-20 13:04:32,655 INFO o.a.j.JMeter: Setting JMeter property: jmeter.save.saveservice.latency=true
2026-06-20 13:04:32,655 INFO o.a.j.JMeter: Setting JMeter property: jmeter.save.saveservice.label=true
2026-06-20 13:04:32,655 INFO o.a.j.JMeter: Setting JMeter property: jmeter.save.saveservice.response_code=true
2026-06-20 13:04:32,655 INFO o.a.j.JMeter: Setting JMeter property: jmeter.save.saveservice.response_message=true
2026-06-20 13:04:32,655 INFO o.a.j.JMeter: Setting JMeter property: jmeter.save.saveservice.successful=true
2026-06-20 13:04:32,655 INFO o.a.j.JMeter: Setting JMeter property: jmeter.save.saveservice.assertion_results_failure_message=true
2026-06-20 13:04:32,655 INFO o.a.j.JMeter: Setting JMeter property: jmeter.save.saveservice.thread_name=true
2026-06-20 13:04:32,656 INFO o.a.j.JMeter: Setting JMeter property: jmeter.save.saveservice.thread_counts=true
2026-06-20 13:04:32,656 INFO o.a.j.JMeter: Setting JMeter property: jmeter.save.saveservice.connect_time=true
2026-06-20 13:04:32,662 INFO o.a.j.JMeter: Copyright (c) 1998-2024 The Apache Software Foundation
2026-06-20 13:04:32,663 INFO o.a.j.JMeter: Version 5.6.3
2026-06-20 13:04:32,663 INFO o.a.j.JMeter: java.version=26.0.1
2026-06-20 13:04:32,663 INFO o.a.j.JMeter: java.vm.name=OpenJDK 64-Bit Server VM
2026-06-20 13:04:32,663 INFO o.a.j.JMeter: os.name=Linux
2026-06-20 13:04:32,663 INFO o.a.j.JMeter: os.arch=amd64
2026-06-20 13:04:32,663 INFO o.a.j.JMeter: os.version=6.18.33-1-MANJARO
2026-06-20 13:04:32,663 INFO o.a.j.JMeter: file.encoding=UTF-8
2026-06-20 13:04:32,663 INFO o.a.j.JMeter: java.awt.headless=true
2026-06-20 13:04:32,663 INFO o.a.j.JMeter: Max memory     =1073741824
2026-06-20 13:04:32,663 INFO o.a.j.JMeter: Available Processors =16
2026-06-20 13:04:32,680 INFO o.a.j.JMeter: Default Locale=English (EN)
2026-06-20 13:04:32,680 INFO o.a.j.JMeter: JMeter  Locale=English (EN)
2026-06-20 13:04:32,681 INFO o.a.j.JMeter: JMeterHome=/opt/jmeter
2026-06-20 13:04:32,681 INFO o.a.j.JMeter: user.dir  =/home/seventwo/github/tpo-sub-four
2026-06-20 13:04:32,681 INFO o.a.j.JMeter: PWD       =/home/seventwo/github/tpo-sub-four
2026-06-20 13:04:32,682 INFO o.a.j.JMeter: IP: 192.168.0.102 Name: seventwocore FullName: seventwocore
2026-06-20 13:04:32,696 INFO o.a.j.JMeter: Setting property 'jmeter.reportgenerator.outputdir' to:'/home/seventwo/github/tpo-sub-four/html_reports/stress_until_503/20users_400rpm'
2026-06-20 13:04:32,700 INFO o.a.j.s.FileServer: Default base='/home/seventwo/github/tpo-sub-four'
2026-06-20 13:04:32,701 INFO o.a.j.s.FileServer: Set new base='/home/seventwo/github/tpo-sub-four/quality_jmeter_plans/stress_until_503'
2026-06-20 13:04:32,916 INFO o.a.j.s.SaveService: Testplan (JMX) version: 2.2. Testlog (JTL) version: 2.2
2026-06-20 13:04:32,934 INFO o.a.j.s.SaveService: Using SaveService properties version 5.0
2026-06-20 13:04:32,940 INFO o.a.j.s.SaveService: Using SaveService properties file encoding UTF-8
2026-06-20 13:04:32,945 INFO o.a.j.s.SaveService: Loading file: quality_jmeter_plans/stress_until_503/stress_until_503_20users_400rpm_ctt.jmx
2026-06-20 13:04:32,988 INFO o.a.j.p.h.s.HTTPSamplerBase: Parser for text/html is org.apache.jmeter.protocol.http.parser.LagartoBasedHtmlParser
2026-06-20 13:04:32,988 INFO o.a.j.p.h.s.HTTPSamplerBase: Parser for application/xhtml+xml is org.apache.jmeter.protocol.http.parser.LagartoBasedHtmlParser
2026-06-20 13:04:32,988 INFO o.a.j.p.h.s.HTTPSamplerBase: Parser for application/xml is org.apache.jmeter.protocol.http.parser.LagartoBasedHtmlParser
2026-06-20 13:04:32,988 INFO o.a.j.p.h.s.HTTPSamplerBase: Parser for text/xml is org.apache.jmeter.protocol.http.parser.LagartoBasedHtmlParser
2026-06-20 13:04:32,988 INFO o.a.j.p.h.s.HTTPSamplerBase: Parser for text/vnd.wap.wml is org.apache.jmeter.protocol.http.parser.RegexpHTMLParser
2026-06-20 13:04:32,988 INFO o.a.j.p.h.s.HTTPSamplerBase: Parser for text/css is org.apache.jmeter.protocol.http.parser.CssParser
2026-06-20 13:04:33,003 INFO o.a.j.JMeter: Creating summariser <summary>
2026-06-20 13:04:33,011 INFO o.a.j.r.d.ReportGenerator: ReportGenerator will use for Parsing the separator: ','
2026-06-20 13:04:33,012 INFO o.a.j.r.d.ReportGenerator: Will generate report at end of test from  results file: results/stress_until_503/stress_until_503_20users_400rpm.jtl
2026-06-20 13:04:33,012 INFO o.a.j.r.d.ReportGenerator: Reading report generator properties from: /opt/jmeter/bin/reportgenerator.properties
2026-06-20 13:04:33,012 INFO o.a.j.r.d.ReportGenerator: Merging with JMeter properties
2026-06-20 13:04:33,015 INFO o.a.j.r.c.ReportGeneratorConfiguration: Property 'jmeter.reportgenerator.temp_dir' not found, using default value 'temp' instead.
2026-06-20 13:04:33,016 INFO o.a.j.r.c.ReportGeneratorConfiguration: Property 'jmeter.reportgenerator.apdex_per_transaction' not found, using default value 'null' instead.
2026-06-20 13:04:33,017 INFO o.a.j.r.c.ReportGeneratorConfiguration: apdex_per_transaction is empty, not APDEX per transaction customization
2026-06-20 13:04:33,017 INFO o.a.j.r.c.ReportGeneratorConfiguration: Property 'jmeter.reportgenerator.sample_filter' not found, using default value 'null' instead.
2026-06-20 13:04:33,017 INFO o.a.j.r.c.ReportGeneratorConfiguration: Property 'jmeter.reportgenerator.report_title' not found, using default value 'null' instead.
2026-06-20 13:04:33,017 INFO o.a.j.r.c.ReportGeneratorConfiguration: Property 'jmeter.reportgenerator.start_date' not found, using default value 'null' instead.
2026-06-20 13:04:33,017 INFO o.a.j.r.c.ReportGeneratorConfiguration: Property 'jmeter.reportgenerator.end_date' not found, using default value 'null' instead.
2026-06-20 13:04:33,017 INFO o.a.j.r.c.ReportGeneratorConfiguration: Property 'jmeter.reportgenerator.date_format' not found, using default value 'null' instead.
2026-06-20 13:04:33,017 INFO o.a.j.r.c.ReportGeneratorConfiguration: Will use date range start date: null, end date: null
2026-06-20 13:04:33,020 INFO o.a.j.r.c.ReportGeneratorConfiguration: Property 'jmeter.reportgenerator.graph.totalTPS.exclude_controllers' not found, using default value 'false' instead.
2026-06-20 13:04:33,020 INFO o.a.j.r.c.ReportGeneratorConfiguration: Property 'jmeter.reportgenerator.graph.activeThreadsOverTime.exclude_controllers' not found, using default value 'false' instead.
2026-06-20 13:04:33,021 INFO o.a.j.r.c.ReportGeneratorConfiguration: Property 'jmeter.reportgenerator.graph.timeVsThreads.exclude_controllers' not found, using default value 'false' instead.
2026-06-20 13:04:33,021 INFO o.a.j.r.c.ReportGeneratorConfiguration: Property 'jmeter.reportgenerator.graph.responseTimeDistribution.exclude_controllers' not found, using default value 'false' instead.
2026-06-20 13:04:33,021 INFO o.a.j.r.c.ReportGeneratorConfiguration: Property 'jmeter.reportgenerator.graph.transactionsPerSecond.exclude_controllers' not found, using default value 'false' instead.
2026-06-20 13:04:33,021 INFO o.a.j.r.c.ReportGeneratorConfiguration: Property 'jmeter.reportgenerator.graph.responseTimePercentiles.exclude_controllers' not found, using default value 'false' instead.
2026-06-20 13:04:33,021 INFO o.a.j.r.c.ReportGeneratorConfiguration: Property 'jmeter.reportgenerator.graph.responseTimePercentilesOverTime.exclude_controllers' not found, using default value 'false' instead.
2026-06-20 13:04:33,021 INFO o.a.j.r.c.ReportGeneratorConfiguration: Property 'jmeter.reportgenerator.graph.responseTimesOverTime.exclude_controllers' not found, using default value 'false' instead.
2026-06-20 13:04:33,022 INFO o.a.j.r.c.ReportGeneratorConfiguration: Property 'jmeter.reportgenerator.graph.connectTimeOverTime.exclude_controllers' not found, using default value 'false' instead.
2026-06-20 13:04:33,022 INFO o.a.j.r.c.ReportGeneratorConfiguration: Property 'jmeter.reportgenerator.graph.latenciesOverTime.exclude_controllers' not found, using default value 'false' instead.
2026-06-20 13:04:33,022 INFO o.a.j.r.c.ReportGeneratorConfiguration: Property 'jmeter.reportgenerator.exporter.json.filters_only_sample_series' not found, using default value 'true' instead.
2026-06-20 13:04:33,023 INFO o.a.j.r.c.ReportGeneratorConfiguration: Property 'jmeter.reportgenerator.exporter.json.series_filter' not found, using default value '' instead.
2026-06-20 13:04:33,023 INFO o.a.j.r.c.ReportGeneratorConfiguration: Property 'jmeter.reportgenerator.exporter.json.show_controllers_only' not found, using default value 'false' instead.
2026-06-20 13:04:33,023 INFO o.a.j.r.c.ReportGeneratorConfiguration: Property 'jmeter.reportgenerator.exporter.html.filters_only_sample_series' not found, using default value 'true' instead.
2026-06-20 13:04:33,023 INFO o.a.j.r.c.ReportGeneratorConfiguration: Property 'jmeter.reportgenerator.exporter.html.series_filter' not found, using default value '' instead.
2026-06-20 13:04:33,023 INFO o.a.j.r.c.ReportGeneratorConfiguration: Property 'jmeter.reportgenerator.exporter.html.show_controllers_only' not found, using default value 'false' instead.
2026-06-20 13:04:33,032 INFO o.a.j.e.StandardJMeterEngine: Running the test!
2026-06-20 13:04:33,033 INFO o.a.j.s.SampleEvent: List of sample_variables: []
2026-06-20 13:04:33,033 INFO o.a.j.s.SampleEvent: List of sample_variables: []
2026-06-20 13:04:33,036 INFO o.a.j.e.u.CompoundVariable: Note: Function class names must contain the string: '.functions.'
2026-06-20 13:04:33,036 INFO o.a.j.e.u.CompoundVariable: Note: Function class names must not contain the string: '.gui.'
2026-06-20 13:04:33,089 INFO o.a.j.JMeter: Running test (1781949873089)
2026-06-20 13:04:33,110 INFO o.a.j.e.StandardJMeterEngine: Starting ThreadGroup: 1 : Thread Group - until HTTP 503 - 20 users
2026-06-20 13:04:33,111 INFO o.a.j.e.StandardJMeterEngine: Starting 20 threads for group Thread Group - until HTTP 503 - 20 users.
2026-06-20 13:04:33,111 INFO o.a.j.e.StandardJMeterEngine: Thread will continue on error
2026-06-20 13:04:33,111 INFO o.a.j.t.ThreadGroup: Starting thread group... number=1 threads=20 ramp-up=20 delayedStart=false
2026-06-20 13:04:33,116 INFO o.a.j.t.JMeterThread: Thread started: Thread Group - until HTTP 503 - 20 users 1-1
2026-06-20 13:04:33,120 INFO o.a.j.t.ThreadGroup: Started thread group number 1
2026-06-20 13:04:33,121 INFO o.a.j.e.StandardJMeterEngine: All thread groups have been started
2026-06-20 13:04:33,148 INFO o.a.j.p.h.s.HTTPHCAbstractImpl: Local host = seventwocore
2026-06-20 13:04:33,154 INFO o.a.j.p.h.s.HTTPHC4Impl: HTTP request retry count = 0
2026-06-20 13:04:33,155 INFO o.a.j.s.SampleResult: Note: Sample TimeStamps are START times
2026-06-20 13:04:33,155 INFO o.a.j.s.SampleResult: sampleresult.default.encoding is set to UTF-8
2026-06-20 13:04:33,155 INFO o.a.j.s.SampleResult: sampleresult.useNanoTime=true
2026-06-20 13:04:33,155 INFO o.a.j.s.SampleResult: sampleresult.nanoThreadSleep=5000
2026-06-20 13:04:33,579 INFO o.a.j.r.Summariser: summary +      1 in 00:00:00 =    2.0/s Avg:   378 Min:   378 Max:   378 Err:     0 (0.00%) Active: 1 Started: 1 Finished: 0
2026-06-20 13:04:34,113 INFO o.a.j.t.JMeterThread: Thread started: Thread Group - until HTTP 503 - 20 users 1-2
2026-06-20 13:04:35,112 INFO o.a.j.t.JMeterThread: Thread started: Thread Group - until HTTP 503 - 20 users 1-3
2026-06-20 13:04:36,112 INFO o.a.j.t.JMeterThread: Thread started: Thread Group - until HTTP 503 - 20 users 1-4
2026-06-20 13:04:37,112 INFO o.a.j.t.JMeterThread: Thread started: Thread Group - until HTTP 503 - 20 users 1-5
2026-06-20 13:04:38,112 INFO o.a.j.t.JMeterThread: Thread started: Thread Group - until HTTP 503 - 20 users 1-6
2026-06-20 13:04:39,111 INFO o.a.j.t.JMeterThread: Thread started: Thread Group - until HTTP 503 - 20 users 1-7
2026-06-20 13:04:40,112 INFO o.a.j.t.JMeterThread: Thread started: Thread Group - until HTTP 503 - 20 users 1-8
2026-06-20 13:04:41,112 INFO o.a.j.t.JMeterThread: Thread started: Thread Group - until HTTP 503 - 20 users 1-9
2026-06-20 13:04:42,111 INFO o.a.j.t.JMeterThread: Thread started: Thread Group - until HTTP 503 - 20 users 1-10
2026-06-20 13:04:43,111 INFO o.a.j.t.JMeterThread: Thread started: Thread Group - until HTTP 503 - 20 users 1-11
2026-06-20 13:04:44,112 INFO o.a.j.t.JMeterThread: Thread started: Thread Group - until HTTP 503 - 20 users 1-12
2026-06-20 13:04:45,112 INFO o.a.j.t.JMeterThread: Thread started: Thread Group - until HTTP 503 - 20 users 1-13
2026-06-20 13:04:46,111 INFO o.a.j.t.JMeterThread: Thread started: Thread Group - until HTTP 503 - 20 users 1-14
2026-06-20 13:04:47,113 INFO o.a.j.t.JMeterThread: Thread started: Thread Group - until HTTP 503 - 20 users 1-15
2026-06-20 13:04:48,112 INFO o.a.j.t.JMeterThread: Thread started: Thread Group - until HTTP 503 - 20 users 1-16
2026-06-20 13:04:49,111 INFO o.a.j.t.JMeterThread: Thread started: Thread Group - until HTTP 503 - 20 users 1-17
2026-06-20 13:04:50,112 INFO o.a.j.t.JMeterThread: Thread started: Thread Group - until HTTP 503 - 20 users 1-18
2026-06-20 13:04:51,112 INFO o.a.j.t.JMeterThread: Thread started: Thread Group - until HTTP 503 - 20 users 1-19
2026-06-20 13:04:52,112 INFO o.a.j.t.JMeterThread: Thread started: Thread Group - until HTTP 503 - 20 users 1-20
2026-06-20 13:05:00,176 INFO o.a.j.r.Summariser: summary +    187 in 00:00:27 =    7.0/s Avg:   363 Min:   329 Max:   471 Err:     0 (0.00%) Active: 20 Started: 20 Finished: 0
2026-06-20 13:05:00,176 INFO o.a.j.r.Summariser: summary =    188 in 00:00:27 =    6.9/s Avg:   363 Min:   329 Max:   471 Err:     0 (0.00%)
2026-06-20 13:05:30,177 INFO o.a.j.r.Summariser: summary +    200 in 00:00:30 =    6.7/s Avg:   366 Min:   357 Max:   646 Err:     1 (0.50%) Active: 20 Started: 20 Finished: 0
2026-06-20 13:05:30,177 INFO o.a.j.r.Summariser: summary =    388 in 00:00:57 =    6.8/s Avg:   364 Min:   329 Max:   646 Err:     1 (0.26%)
2026-06-20 13:06:00,170 INFO o.a.j.r.Summariser: summary +    200 in 00:00:30 =    6.7/s Avg:   366 Min:   357 Max:   417 Err:     0 (0.00%) Active: 20 Started: 20 Finished: 0
2026-06-20 13:06:00,171 INFO o.a.j.r.Summariser: summary =    588 in 00:01:27 =    6.8/s Avg:   365 Min:   329 Max:   646 Err:     1 (0.17%)
2026-06-20 13:06:00,572 INFO o.a.j.t.JMeterThread: Thread finished: Thread Group - until HTTP 503 - 20 users 1-11
2026-06-20 13:06:00,872 INFO o.a.j.t.JMeterThread: Thread finished: Thread Group - until HTTP 503 - 20 users 1-17
2026-06-20 13:06:01,170 INFO o.a.j.t.JMeterThread: Thread finished: Thread Group - until HTTP 503 - 20 users 1-5
2026-06-20 13:06:01,222 INFO o.a.j.t.JMeterThread: Thread finished: Thread Group - until HTTP 503 - 20 users 1-13
2026-06-20 13:06:01,273 INFO o.a.j.t.JMeterThread: Thread finished: Thread Group - until HTTP 503 - 20 users 1-15
2026-06-20 13:06:01,371 INFO o.a.j.t.JMeterThread: Thread finished: Thread Group - until HTTP 503 - 20 users 1-10
2026-06-20 13:06:01,473 INFO o.a.j.t.JMeterThread: Thread finished: Thread Group - until HTTP 503 - 20 users 1-20
2026-06-20 13:06:02,175 INFO o.a.j.t.JMeterThread: Thread finished: Thread Group - until HTTP 503 - 20 users 1-18
2026-06-20 13:06:02,323 INFO o.a.j.t.JMeterThread: Thread finished: Thread Group - until HTTP 503 - 20 users 1-9
2026-06-20 13:06:02,325 INFO o.a.j.t.JMeterThread: Thread finished: Thread Group - until HTTP 503 - 20 users 1-3
2026-06-20 13:06:02,425 INFO o.a.j.t.JMeterThread: Thread finished: Thread Group - until HTTP 503 - 20 users 1-4
2026-06-20 13:06:02,456 INFO o.a.j.t.JMeterThread: Thread finished: Thread Group - until HTTP 503 - 20 users 1-2
2026-06-20 13:06:02,473 INFO o.a.j.t.JMeterThread: Thread finished: Thread Group - until HTTP 503 - 20 users 1-6
2026-06-20 13:06:02,475 INFO o.a.j.t.JMeterThread: Thread finished: Thread Group - until HTTP 503 - 20 users 1-12
2026-06-20 13:06:02,681 INFO o.a.j.t.JMeterThread: Thread finished: Thread Group - until HTTP 503 - 20 users 1-14
2026-06-20 13:06:03,169 INFO o.a.j.t.JMeterThread: Stopping because end time detected by thread: Thread Group - until HTTP 503 - 20 users 1-1
2026-06-20 13:06:03,169 INFO o.a.j.t.JMeterThread: Thread finished: Thread Group - until HTTP 503 - 20 users 1-1
2026-06-20 13:06:03,330 INFO o.a.j.t.JMeterThread: Stopping because end time detected by thread: Thread Group - until HTTP 503 - 20 users 1-19
2026-06-20 13:06:03,330 INFO o.a.j.t.JMeterThread: Thread finished: Thread Group - until HTTP 503 - 20 users 1-19
2026-06-20 13:06:03,429 INFO o.a.j.t.JMeterThread: Stopping because end time detected by thread: Thread Group - until HTTP 503 - 20 users 1-8
2026-06-20 13:06:03,429 INFO o.a.j.t.JMeterThread: Thread finished: Thread Group - until HTTP 503 - 20 users 1-8
2026-06-20 13:06:03,476 INFO o.a.j.t.JMeterThread: Stopping because end time detected by thread: Thread Group - until HTTP 503 - 20 users 1-7
2026-06-20 13:06:03,476 INFO o.a.j.t.JMeterThread: Thread finished: Thread Group - until HTTP 503 - 20 users 1-7
2026-06-20 13:06:03,478 INFO o.a.j.t.JMeterThread: Stopping because end time detected by thread: Thread Group - until HTTP 503 - 20 users 1-16
2026-06-20 13:06:03,478 INFO o.a.j.t.JMeterThread: Thread finished: Thread Group - until HTTP 503 - 20 users 1-16
2026-06-20 13:06:03,478 INFO o.a.j.e.StandardJMeterEngine: Notifying test listeners of end of test
2026-06-20 13:06:03,478 INFO o.a.j.r.Summariser: summary +     24 in 00:00:03 =    7.3/s Avg:   362 Min:   358 Max:   369 Err:     0 (0.00%) Active: 0 Started: 20 Finished: 20
2026-06-20 13:06:03,479 INFO o.a.j.r.Summariser: summary =    612 in 00:01:30 =    6.8/s Avg:   365 Min:   329 Max:   646 Err:     1 (0.16%)
2026-06-20 13:06:03,479 INFO o.a.j.JMeter: Generating Dashboard
2026-06-20 13:06:03,479 INFO o.a.j.r.d.ReportGenerator: Flushing result collector before report Generation
2026-06-20 13:06:03,488 INFO o.a.j.r.p.NormalizerSampleConsumer: Using format, 'ms', to parse timeStamp field
2026-06-20 13:06:03,577 INFO o.a.j.r.p.AbstractSampleConsumer: class org.apache.jmeter.report.processor.AggregateConsumer#stopProducing(): beginDate produced 0 samples
2026-06-20 13:06:03,577 INFO o.a.j.r.p.AbstractSampleConsumer: class org.apache.jmeter.report.processor.AggregateConsumer#stopProducing(): endDate produced 0 samples
2026-06-20 13:06:03,578 INFO o.a.j.r.p.AbstractSampleConsumer: class org.apache.jmeter.report.processor.ApdexSummaryConsumer#stopProducing(): apdexSummary produced 0 samples
2026-06-20 13:06:03,578 INFO o.a.j.r.p.AbstractSampleConsumer: class org.apache.jmeter.report.processor.RequestsSummaryConsumer#stopProducing(): requestsSummary produced 0 samples
2026-06-20 13:06:03,581 INFO o.a.j.r.p.AbstractSampleConsumer: class org.apache.jmeter.report.processor.StatisticsSummaryConsumer#stopProducing(): statisticsSummary produced 0 samples
2026-06-20 13:06:03,582 INFO o.a.j.r.p.AbstractSampleConsumer: class org.apache.jmeter.report.processor.Top5ErrorsBySamplerConsumer#stopProducing(): top5ErrorsBySampler produced 0 samples
2026-06-20 13:06:03,582 INFO o.a.j.r.p.AbstractSampleConsumer: class org.apache.jmeter.report.processor.ErrorsSummaryConsumer#stopProducing(): errorsSummary produced 0 samples
2026-06-20 13:06:03,582 INFO o.a.j.r.p.AbstractSampleConsumer: class org.apache.jmeter.report.processor.graph.impl.HitsPerSecondGraphConsumer#stopProducing(): hitsPerSecond produced 0 samples
2026-06-20 13:06:03,598 INFO o.a.j.r.p.AbstractSampleConsumer: class org.apache.jmeter.report.processor.graph.impl.LatencyVSRequestGraphConsumer#stopProducing(): latencyVsRequest produced 0 samples
2026-06-20 13:06:03,598 INFO o.a.j.r.p.AbstractSampleConsumer: class org.apache.jmeter.report.processor.graph.impl.SyntheticResponseTimeDistributionGraphConsumer#stopProducing(): syntheticResponseTimeDistribution produced 0 samples
2026-06-20 13:06:03,598 INFO o.a.j.r.p.AbstractSampleConsumer: class org.apache.jmeter.report.processor.graph.impl.BytesThroughputGraphConsumer#stopProducing(): bytesThroughputOverTime produced 0 samples
2026-06-20 13:06:03,598 INFO o.a.j.r.p.AbstractSampleConsumer: class org.apache.jmeter.report.processor.graph.impl.CodesPerSecondGraphConsumer#stopProducing(): codesPerSecond produced 0 samples
2026-06-20 13:06:03,604 INFO o.a.j.r.p.AbstractSampleConsumer: class org.apache.jmeter.report.processor.graph.impl.ResponseTimeVSRequestGraphConsumer#stopProducing(): responseTimeVsRequest produced 0 samples
2026-06-20 13:06:03,604 INFO o.a.j.r.p.AbstractSampleConsumer: class org.apache.jmeter.report.processor.FilterConsumer#stopProducing(): startIntervalControlerFilter produced 4284 samples
2026-06-20 13:06:03,604 INFO o.a.j.r.p.AbstractSampleConsumer: class org.apache.jmeter.report.processor.graph.impl.TotalTPSGraphConsumer#stopProducing(): totalTPS produced 0 samples
2026-06-20 13:06:03,604 INFO o.a.j.r.p.AbstractSampleConsumer: class org.apache.jmeter.report.processor.graph.impl.ActiveThreadsGraphConsumer#stopProducing(): activeThreadsOverTime produced 0 samples
2026-06-20 13:06:03,605 INFO o.a.j.r.p.AbstractSampleConsumer: class org.apache.jmeter.report.processor.graph.impl.TimeVSThreadGraphConsumer#stopProducing(): timeVsThreads produced 0 samples
2026-06-20 13:06:03,605 INFO o.a.j.r.p.AbstractSampleConsumer: class org.apache.jmeter.report.processor.graph.impl.ResponseTimeDistributionGraphConsumer#stopProducing(): responseTimeDistribution produced 0 samples
2026-06-20 13:06:03,605 INFO o.a.j.r.p.AbstractSampleConsumer: class org.apache.jmeter.report.processor.graph.impl.TransactionsPerSecondGraphConsumer#stopProducing(): transactionsPerSecond produced 0 samples
2026-06-20 13:06:03,605 INFO o.a.j.r.p.AbstractSampleConsumer: class org.apache.jmeter.report.processor.graph.impl.ResponseTimePercentilesGraphConsumer#stopProducing(): responseTimePercentiles produced 0 samples
2026-06-20 13:06:03,605 INFO o.a.j.r.p.AbstractSampleConsumer: class org.apache.jmeter.report.processor.graph.impl.ResponseTimePercentilesOverTimeGraphConsumer#stopProducing(): responseTimePercentilesOverTime produced 0 samples
2026-06-20 13:06:03,606 INFO o.a.j.r.p.AbstractSampleConsumer: class org.apache.jmeter.report.processor.graph.impl.ResponseTimeOverTimeGraphConsumer#stopProducing(): responseTimesOverTime produced 0 samples
2026-06-20 13:06:03,606 INFO o.a.j.r.p.AbstractSampleConsumer: class org.apache.jmeter.report.processor.graph.impl.ConnectTimeOverTimeGraphConsumer#stopProducing(): connectTimeOverTime produced 0 samples
2026-06-20 13:06:03,606 INFO o.a.j.r.p.AbstractSampleConsumer: class org.apache.jmeter.report.processor.graph.impl.LatencyOverTimeGraphConsumer#stopProducing(): latenciesOverTime produced 0 samples
2026-06-20 13:06:03,606 INFO o.a.j.r.p.AbstractSampleConsumer: class org.apache.jmeter.report.processor.FilterConsumer#stopProducing(): nameFilter produced 9180 samples
2026-06-20 13:06:03,606 INFO o.a.j.r.p.AbstractSampleConsumer: class org.apache.jmeter.report.processor.FilterConsumer#stopProducing(): dateRangeFilter produced 1836 samples
2026-06-20 13:06:03,606 INFO o.a.j.r.p.AbstractSampleConsumer: class org.apache.jmeter.report.processor.NormalizerSampleConsumer#stopProducing(): normalizer produced 612 samples
2026-06-20 13:06:03,607 INFO o.a.j.r.p.CsvFileSampleSource: produce(): 612 samples produced in 92ms on channel 0
2026-06-20 13:06:03,607 INFO o.a.j.r.d.ReportGenerator: Exporting data using exporter:'json' of className:'org.apache.jmeter.report.dashboard.JsonExporter'
2026-06-20 13:06:03,652 INFO o.a.j.r.d.JsonExporter: Found data for consumer statisticsSummary in context
2026-06-20 13:06:03,652 INFO o.a.j.r.d.JsonExporter: Creating statistics for overall
2026-06-20 13:06:03,653 INFO o.a.j.r.d.JsonExporter: Creating statistics for other transactions
2026-06-20 13:06:03,653 INFO o.a.j.r.d.JsonExporter: Checking output folder
2026-06-20 13:06:03,653 INFO o.a.j.r.d.JsonExporter: Writing statistics JSON to /home/seventwo/github/tpo-sub-four/html_reports/stress_until_503/20users_400rpm/statistics.json
2026-06-20 13:06:03,685 INFO o.a.j.r.d.ReportGenerator: Exporting data using exporter:'html' of className:'org.apache.jmeter.report.dashboard.HtmlTemplateExporter'
2026-06-20 13:06:03,687 INFO o.a.j.r.d.HtmlTemplateExporter: Will generate dashboard in folder: /home/seventwo/github/tpo-sub-four/html_reports/stress_until_503/20users_400rpm
2026-06-20 13:06:03,736 INFO o.a.j.r.d.HtmlTemplateExporter: Report will be generated in: /home/seventwo/github/tpo-sub-four/html_reports/stress_until_503/20users_400rpm, creating folder structure
2026-06-20 13:06:03,738 INFO o.a.j.r.d.TemplateVisitor: Copying folder from '/opt/jmeter/bin/report-template' to '/home/seventwo/github/tpo-sub-four/html_reports/stress_until_503/20users_400rpm', got message: /home/seventwo/github/tpo-sub-four/html_reports/stress_until_503/20users_400rpm, found non empty folder with following content [/home/seventwo/github/tpo-sub-four/html_reports/stress_until_503/20users_400rpm/statistics.json], will be ignored
2026-06-20 13:06:03,851 INFO o.a.j.JMeter: Dashboard generated
