2026-06-20 13:29:57,429 INFO o.a.j.u.JMeterUtils: Setting Locale to en_EN
2026-06-20 13:29:57,441 INFO o.a.j.JMeter: Loading user properties from: /opt/jmeter/bin/user.properties
2026-06-20 13:29:57,441 INFO o.a.j.JMeter: Loading system properties from: /opt/jmeter/bin/system.properties
2026-06-20 13:29:57,441 INFO o.a.j.JMeter: Setting JMeter property: jmeter.save.saveservice.output_format=csv
2026-06-20 13:29:57,441 INFO o.a.j.JMeter: Setting JMeter property: jmeter.save.saveservice.print_field_names=true
2026-06-20 13:29:57,441 INFO o.a.j.JMeter: Setting JMeter property: jmeter.save.saveservice.timestamp_format=ms
2026-06-20 13:29:57,441 INFO o.a.j.JMeter: Setting JMeter property: jmeter.save.saveservice.time=true
2026-06-20 13:29:57,441 INFO o.a.j.JMeter: Setting JMeter property: jmeter.save.saveservice.latency=true
2026-06-20 13:29:57,441 INFO o.a.j.JMeter: Setting JMeter property: jmeter.save.saveservice.label=true
2026-06-20 13:29:57,442 INFO o.a.j.JMeter: Setting JMeter property: jmeter.save.saveservice.response_code=true
2026-06-20 13:29:57,442 INFO o.a.j.JMeter: Setting JMeter property: jmeter.save.saveservice.response_message=true
2026-06-20 13:29:57,442 INFO o.a.j.JMeter: Setting JMeter property: jmeter.save.saveservice.successful=true
2026-06-20 13:29:57,442 INFO o.a.j.JMeter: Setting JMeter property: jmeter.save.saveservice.assertion_results_failure_message=true
2026-06-20 13:29:57,442 INFO o.a.j.JMeter: Setting JMeter property: jmeter.save.saveservice.thread_name=true
2026-06-20 13:29:57,442 INFO o.a.j.JMeter: Setting JMeter property: jmeter.save.saveservice.thread_counts=true
2026-06-20 13:29:57,442 INFO o.a.j.JMeter: Setting JMeter property: jmeter.save.saveservice.connect_time=true
2026-06-20 13:29:57,447 INFO o.a.j.JMeter: Copyright (c) 1998-2024 The Apache Software Foundation
2026-06-20 13:29:57,447 INFO o.a.j.JMeter: Version 5.6.3
2026-06-20 13:29:57,447 INFO o.a.j.JMeter: java.version=26.0.1
2026-06-20 13:29:57,447 INFO o.a.j.JMeter: java.vm.name=OpenJDK 64-Bit Server VM
2026-06-20 13:29:57,448 INFO o.a.j.JMeter: os.name=Linux
2026-06-20 13:29:57,448 INFO o.a.j.JMeter: os.arch=amd64
2026-06-20 13:29:57,448 INFO o.a.j.JMeter: os.version=6.18.33-1-MANJARO
2026-06-20 13:29:57,448 INFO o.a.j.JMeter: file.encoding=UTF-8
2026-06-20 13:29:57,448 INFO o.a.j.JMeter: java.awt.headless=true
2026-06-20 13:29:57,448 INFO o.a.j.JMeter: Max memory     =1073741824
2026-06-20 13:29:57,448 INFO o.a.j.JMeter: Available Processors =16
2026-06-20 13:29:57,458 INFO o.a.j.JMeter: Default Locale=English (EN)
2026-06-20 13:29:57,458 INFO o.a.j.JMeter: JMeter  Locale=English (EN)
2026-06-20 13:29:57,458 INFO o.a.j.JMeter: JMeterHome=/opt/jmeter
2026-06-20 13:29:57,458 INFO o.a.j.JMeter: user.dir  =/home/seventwo/github/tpo-sub-four
2026-06-20 13:29:57,459 INFO o.a.j.JMeter: PWD       =/home/seventwo/github/tpo-sub-four
2026-06-20 13:29:57,459 INFO o.a.j.JMeter: IP: 192.168.0.102 Name: seventwocore FullName: seventwocore
2026-06-20 13:29:57,466 INFO o.a.j.JMeter: Setting property 'jmeter.reportgenerator.outputdir' to:'/home/seventwo/github/tpo-sub-four/html_reports/stress_until_503/208users_4160rpm'
2026-06-20 13:29:57,468 INFO o.a.j.s.FileServer: Default base='/home/seventwo/github/tpo-sub-four'
2026-06-20 13:29:57,469 INFO o.a.j.s.FileServer: Set new base='/home/seventwo/github/tpo-sub-four/quality_jmeter_plans/stress_until_503'
2026-06-20 13:29:57,643 INFO o.a.j.s.SaveService: Testplan (JMX) version: 2.2. Testlog (JTL) version: 2.2
2026-06-20 13:29:57,657 INFO o.a.j.s.SaveService: Using SaveService properties version 5.0
2026-06-20 13:29:57,659 INFO o.a.j.s.SaveService: Using SaveService properties file encoding UTF-8
2026-06-20 13:29:57,662 INFO o.a.j.s.SaveService: Loading file: quality_jmeter_plans/stress_until_503/stress_until_503_208users_4160rpm_ctt.jmx
2026-06-20 13:29:57,700 INFO o.a.j.p.h.s.HTTPSamplerBase: Parser for text/html is org.apache.jmeter.protocol.http.parser.LagartoBasedHtmlParser
2026-06-20 13:29:57,701 INFO o.a.j.p.h.s.HTTPSamplerBase: Parser for application/xhtml+xml is org.apache.jmeter.protocol.http.parser.LagartoBasedHtmlParser
2026-06-20 13:29:57,701 INFO o.a.j.p.h.s.HTTPSamplerBase: Parser for application/xml is org.apache.jmeter.protocol.http.parser.LagartoBasedHtmlParser
2026-06-20 13:29:57,701 INFO o.a.j.p.h.s.HTTPSamplerBase: Parser for text/xml is org.apache.jmeter.protocol.http.parser.LagartoBasedHtmlParser
2026-06-20 13:29:57,701 INFO o.a.j.p.h.s.HTTPSamplerBase: Parser for text/vnd.wap.wml is org.apache.jmeter.protocol.http.parser.RegexpHTMLParser
2026-06-20 13:29:57,701 INFO o.a.j.p.h.s.HTTPSamplerBase: Parser for text/css is org.apache.jmeter.protocol.http.parser.CssParser
2026-06-20 13:29:57,711 INFO o.a.j.JMeter: Creating summariser <summary>
2026-06-20 13:29:57,718 INFO o.a.j.r.d.ReportGenerator: ReportGenerator will use for Parsing the separator: ','
2026-06-20 13:29:57,719 INFO o.a.j.r.d.ReportGenerator: Will generate report at end of test from  results file: results/stress_until_503/stress_until_503_208users_4160rpm.jtl
2026-06-20 13:29:57,719 INFO o.a.j.r.d.ReportGenerator: Reading report generator properties from: /opt/jmeter/bin/reportgenerator.properties
2026-06-20 13:29:57,719 INFO o.a.j.r.d.ReportGenerator: Merging with JMeter properties
2026-06-20 13:29:57,721 INFO o.a.j.r.c.ReportGeneratorConfiguration: Property 'jmeter.reportgenerator.temp_dir' not found, using default value 'temp' instead.
2026-06-20 13:29:57,723 INFO o.a.j.r.c.ReportGeneratorConfiguration: Property 'jmeter.reportgenerator.apdex_per_transaction' not found, using default value 'null' instead.
2026-06-20 13:29:57,723 INFO o.a.j.r.c.ReportGeneratorConfiguration: apdex_per_transaction is empty, not APDEX per transaction customization
2026-06-20 13:29:57,723 INFO o.a.j.r.c.ReportGeneratorConfiguration: Property 'jmeter.reportgenerator.sample_filter' not found, using default value 'null' instead.
2026-06-20 13:29:57,724 INFO o.a.j.r.c.ReportGeneratorConfiguration: Property 'jmeter.reportgenerator.report_title' not found, using default value 'null' instead.
2026-06-20 13:29:57,724 INFO o.a.j.r.c.ReportGeneratorConfiguration: Property 'jmeter.reportgenerator.start_date' not found, using default value 'null' instead.
2026-06-20 13:29:57,724 INFO o.a.j.r.c.ReportGeneratorConfiguration: Property 'jmeter.reportgenerator.end_date' not found, using default value 'null' instead.
2026-06-20 13:29:57,724 INFO o.a.j.r.c.ReportGeneratorConfiguration: Property 'jmeter.reportgenerator.date_format' not found, using default value 'null' instead.
2026-06-20 13:29:57,724 INFO o.a.j.r.c.ReportGeneratorConfiguration: Will use date range start date: null, end date: null
2026-06-20 13:29:57,727 INFO o.a.j.r.c.ReportGeneratorConfiguration: Property 'jmeter.reportgenerator.graph.totalTPS.exclude_controllers' not found, using default value 'false' instead.
2026-06-20 13:29:57,727 INFO o.a.j.r.c.ReportGeneratorConfiguration: Property 'jmeter.reportgenerator.graph.activeThreadsOverTime.exclude_controllers' not found, using default value 'false' instead.
2026-06-20 13:29:57,727 INFO o.a.j.r.c.ReportGeneratorConfiguration: Property 'jmeter.reportgenerator.graph.timeVsThreads.exclude_controllers' not found, using default value 'false' instead.
2026-06-20 13:29:57,728 INFO o.a.j.r.c.ReportGeneratorConfiguration: Property 'jmeter.reportgenerator.graph.responseTimeDistribution.exclude_controllers' not found, using default value 'false' instead.
2026-06-20 13:29:57,728 INFO o.a.j.r.c.ReportGeneratorConfiguration: Property 'jmeter.reportgenerator.graph.transactionsPerSecond.exclude_controllers' not found, using default value 'false' instead.
2026-06-20 13:29:57,728 INFO o.a.j.r.c.ReportGeneratorConfiguration: Property 'jmeter.reportgenerator.graph.responseTimePercentiles.exclude_controllers' not found, using default value 'false' instead.
2026-06-20 13:29:57,728 INFO o.a.j.r.c.ReportGeneratorConfiguration: Property 'jmeter.reportgenerator.graph.responseTimePercentilesOverTime.exclude_controllers' not found, using default value 'false' instead.
2026-06-20 13:29:57,728 INFO o.a.j.r.c.ReportGeneratorConfiguration: Property 'jmeter.reportgenerator.graph.responseTimesOverTime.exclude_controllers' not found, using default value 'false' instead.
2026-06-20 13:29:57,728 INFO o.a.j.r.c.ReportGeneratorConfiguration: Property 'jmeter.reportgenerator.graph.connectTimeOverTime.exclude_controllers' not found, using default value 'false' instead.
2026-06-20 13:29:57,728 INFO o.a.j.r.c.ReportGeneratorConfiguration: Property 'jmeter.reportgenerator.graph.latenciesOverTime.exclude_controllers' not found, using default value 'false' instead.
2026-06-20 13:29:57,729 INFO o.a.j.r.c.ReportGeneratorConfiguration: Property 'jmeter.reportgenerator.exporter.json.filters_only_sample_series' not found, using default value 'true' instead.
2026-06-20 13:29:57,729 INFO o.a.j.r.c.ReportGeneratorConfiguration: Property 'jmeter.reportgenerator.exporter.json.series_filter' not found, using default value '' instead.
2026-06-20 13:29:57,729 INFO o.a.j.r.c.ReportGeneratorConfiguration: Property 'jmeter.reportgenerator.exporter.json.show_controllers_only' not found, using default value 'false' instead.
2026-06-20 13:29:57,729 INFO o.a.j.r.c.ReportGeneratorConfiguration: Property 'jmeter.reportgenerator.exporter.html.filters_only_sample_series' not found, using default value 'true' instead.
2026-06-20 13:29:57,729 INFO o.a.j.r.c.ReportGeneratorConfiguration: Property 'jmeter.reportgenerator.exporter.html.series_filter' not found, using default value '' instead.
2026-06-20 13:29:57,729 INFO o.a.j.r.c.ReportGeneratorConfiguration: Property 'jmeter.reportgenerator.exporter.html.show_controllers_only' not found, using default value 'false' instead.
2026-06-20 13:29:57,736 INFO o.a.j.e.StandardJMeterEngine: Running the test!
2026-06-20 13:29:57,737 INFO o.a.j.s.SampleEvent: List of sample_variables: []
2026-06-20 13:29:57,737 INFO o.a.j.s.SampleEvent: List of sample_variables: []
2026-06-20 13:29:57,742 INFO o.a.j.e.u.CompoundVariable: Note: Function class names must contain the string: '.functions.'
2026-06-20 13:29:57,742 INFO o.a.j.e.u.CompoundVariable: Note: Function class names must not contain the string: '.gui.'
2026-06-20 13:29:57,790 INFO o.a.j.JMeter: Running test (1781951397790)
2026-06-20 13:29:57,812 INFO o.a.j.e.StandardJMeterEngine: Starting ThreadGroup: 1 : Thread Group - until HTTP 503 - 208 users
2026-06-20 13:29:57,812 INFO o.a.j.e.StandardJMeterEngine: Starting 208 threads for group Thread Group - until HTTP 503 - 208 users.
2026-06-20 13:29:57,812 INFO o.a.j.e.StandardJMeterEngine: Thread will continue on error
2026-06-20 13:29:57,812 INFO o.a.j.t.ThreadGroup: Starting thread group... number=1 threads=208 ramp-up=60 delayedStart=false
2026-06-20 13:29:57,817 INFO o.a.j.t.JMeterThread: Thread started: Thread Group - until HTTP 503 - 208 users 1-1
2026-06-20 13:29:57,863 INFO o.a.j.p.h.s.HTTPHCAbstractImpl: Local host = seventwocore
2026-06-20 13:29:57,875 INFO o.a.j.t.ThreadGroup: Started thread group number 1
2026-06-20 13:29:57,875 INFO o.a.j.e.StandardJMeterEngine: All thread groups have been started
2026-06-20 13:29:57,876 INFO o.a.j.p.h.s.HTTPHC4Impl: HTTP request retry count = 0
2026-06-20 13:29:57,876 INFO o.a.j.s.SampleResult: Note: Sample TimeStamps are START times
2026-06-20 13:29:57,877 INFO o.a.j.s.SampleResult: sampleresult.default.encoding is set to UTF-8
2026-06-20 13:29:57,877 INFO o.a.j.s.SampleResult: sampleresult.useNanoTime=true
2026-06-20 13:29:57,877 INFO o.a.j.s.SampleResult: sampleresult.nanoThreadSleep=5000
2026-06-20 13:29:58,102 INFO o.a.j.t.JMeterThread: Thread started: Thread Group - until HTTP 503 - 208 users 1-2
2026-06-20 13:29:58,389 INFO o.a.j.t.JMeterThread: Thread started: Thread Group - until HTTP 503 - 208 users 1-3
2026-06-20 13:29:58,677 INFO o.a.j.t.JMeterThread: Thread started: Thread Group - until HTTP 503 - 208 users 1-4
2026-06-20 13:29:58,964 INFO o.a.j.t.JMeterThread: Thread started: Thread Group - until HTTP 503 - 208 users 1-5
2026-06-20 13:29:59,253 INFO o.a.j.t.JMeterThread: Thread started: Thread Group - until HTTP 503 - 208 users 1-6
2026-06-20 13:29:59,540 INFO o.a.j.t.JMeterThread: Thread started: Thread Group - until HTTP 503 - 208 users 1-7
2026-06-20 13:29:59,828 INFO o.a.j.t.JMeterThread: Thread started: Thread Group - until HTTP 503 - 208 users 1-8
2026-06-20 13:30:00,021 INFO o.a.j.r.Summariser: summary +     23 in 00:00:02 =   10.3/s Avg:   359 Min:   334 Max:   501 Err:     0 (0.00%) Active: 8 Started: 8 Finished: 0
2026-06-20 13:30:00,117 INFO o.a.j.t.JMeterThread: Thread started: Thread Group - until HTTP 503 - 208 users 1-9
2026-06-20 13:30:00,404 INFO o.a.j.t.JMeterThread: Thread started: Thread Group - until HTTP 503 - 208 users 1-10
2026-06-20 13:30:00,692 INFO o.a.j.t.JMeterThread: Thread started: Thread Group - until HTTP 503 - 208 users 1-11
2026-06-20 13:30:00,980 INFO o.a.j.t.JMeterThread: Thread started: Thread Group - until HTTP 503 - 208 users 1-12
2026-06-20 13:30:01,269 INFO o.a.j.t.JMeterThread: Thread started: Thread Group - until HTTP 503 - 208 users 1-13
2026-06-20 13:30:01,556 INFO o.a.j.t.JMeterThread: Thread started: Thread Group - until HTTP 503 - 208 users 1-14
2026-06-20 13:30:01,844 INFO o.a.j.t.JMeterThread: Thread started: Thread Group - until HTTP 503 - 208 users 1-15
2026-06-20 13:30:02,133 INFO o.a.j.t.JMeterThread: Thread started: Thread Group - until HTTP 503 - 208 users 1-16
2026-06-20 13:30:02,420 INFO o.a.j.t.JMeterThread: Thread started: Thread Group - until HTTP 503 - 208 users 1-17
2026-06-20 13:30:02,708 INFO o.a.j.t.JMeterThread: Thread started: Thread Group - until HTTP 503 - 208 users 1-18
2026-06-20 13:30:02,997 INFO o.a.j.t.JMeterThread: Thread started: Thread Group - until HTTP 503 - 208 users 1-19
2026-06-20 13:30:03,285 INFO o.a.j.t.JMeterThread: Thread started: Thread Group - until HTTP 503 - 208 users 1-20
2026-06-20 13:30:03,573 INFO o.a.j.t.JMeterThread: Thread started: Thread Group - until HTTP 503 - 208 users 1-21
2026-06-20 13:30:03,860 INFO o.a.j.t.JMeterThread: Thread started: Thread Group - until HTTP 503 - 208 users 1-22
2026-06-20 13:30:04,150 INFO o.a.j.t.JMeterThread: Thread started: Thread Group - until HTTP 503 - 208 users 1-23
2026-06-20 13:30:04,437 INFO o.a.j.t.JMeterThread: Thread started: Thread Group - until HTTP 503 - 208 users 1-24
2026-06-20 13:30:04,724 INFO o.a.j.t.JMeterThread: Thread started: Thread Group - until HTTP 503 - 208 users 1-25
2026-06-20 13:30:05,012 INFO o.a.j.t.JMeterThread: Thread started: Thread Group - until HTTP 503 - 208 users 1-26
2026-06-20 13:30:05,301 INFO o.a.j.t.JMeterThread: Thread started: Thread Group - until HTTP 503 - 208 users 1-27
2026-06-20 13:30:05,588 INFO o.a.j.t.JMeterThread: Thread started: Thread Group - until HTTP 503 - 208 users 1-28
2026-06-20 13:30:05,876 INFO o.a.j.t.JMeterThread: Thread started: Thread Group - until HTTP 503 - 208 users 1-29
2026-06-20 13:30:06,165 INFO o.a.j.t.JMeterThread: Thread started: Thread Group - until HTTP 503 - 208 users 1-30
2026-06-20 13:30:06,454 INFO o.a.j.t.JMeterThread: Thread started: Thread Group - until HTTP 503 - 208 users 1-31
2026-06-20 13:30:06,740 INFO o.a.j.t.JMeterThread: Thread started: Thread Group - until HTTP 503 - 208 users 1-32
2026-06-20 13:30:07,028 INFO o.a.j.t.JMeterThread: Thread started: Thread Group - until HTTP 503 - 208 users 1-33
2026-06-20 13:30:07,317 INFO o.a.j.t.JMeterThread: Thread started: Thread Group - until HTTP 503 - 208 users 1-34
2026-06-20 13:30:07,605 INFO o.a.j.t.JMeterThread: Thread started: Thread Group - until HTTP 503 - 208 users 1-35
2026-06-20 13:30:07,892 INFO o.a.j.t.JMeterThread: Thread started: Thread Group - until HTTP 503 - 208 users 1-36
2026-06-20 13:30:08,180 INFO o.a.j.t.JMeterThread: Thread started: Thread Group - until HTTP 503 - 208 users 1-37
2026-06-20 13:30:08,469 INFO o.a.j.t.JMeterThread: Thread started: Thread Group - until HTTP 503 - 208 users 1-38
2026-06-20 13:30:08,757 INFO o.a.j.t.JMeterThread: Thread started: Thread Group - until HTTP 503 - 208 users 1-39
2026-06-20 13:30:09,044 INFO o.a.j.t.JMeterThread: Thread started: Thread Group - until HTTP 503 - 208 users 1-40
2026-06-20 13:30:09,333 INFO o.a.j.t.JMeterThread: Thread started: Thread Group - until HTTP 503 - 208 users 1-41
2026-06-20 13:30:09,621 INFO o.a.j.t.JMeterThread: Thread started: Thread Group - until HTTP 503 - 208 users 1-42
2026-06-20 13:30:09,908 INFO o.a.j.t.JMeterThread: Thread started: Thread Group - until HTTP 503 - 208 users 1-43
2026-06-20 13:30:10,197 INFO o.a.j.t.JMeterThread: Thread started: Thread Group - until HTTP 503 - 208 users 1-44
2026-06-20 13:30:10,484 INFO o.a.j.t.JMeterThread: Thread started: Thread Group - until HTTP 503 - 208 users 1-45
2026-06-20 13:30:10,772 INFO o.a.j.t.JMeterThread: Thread started: Thread Group - until HTTP 503 - 208 users 1-46
2026-06-20 13:30:11,062 INFO o.a.j.t.JMeterThread: Thread started: Thread Group - until HTTP 503 - 208 users 1-47
2026-06-20 13:30:11,348 INFO o.a.j.t.JMeterThread: Thread started: Thread Group - until HTTP 503 - 208 users 1-48
2026-06-20 13:30:11,636 INFO o.a.j.t.JMeterThread: Thread started: Thread Group - until HTTP 503 - 208 users 1-49
2026-06-20 13:30:11,924 INFO o.a.j.t.JMeterThread: Thread started: Thread Group - until HTTP 503 - 208 users 1-50
2026-06-20 13:30:12,213 INFO o.a.j.t.JMeterThread: Thread started: Thread Group - until HTTP 503 - 208 users 1-51
2026-06-20 13:30:12,500 INFO o.a.j.t.JMeterThread: Thread started: Thread Group - until HTTP 503 - 208 users 1-52
2026-06-20 13:30:12,788 INFO o.a.j.t.JMeterThread: Thread started: Thread Group - until HTTP 503 - 208 users 1-53
2026-06-20 13:30:13,076 INFO o.a.j.t.JMeterThread: Thread started: Thread Group - until HTTP 503 - 208 users 1-54
2026-06-20 13:30:13,366 INFO o.a.j.t.JMeterThread: Thread started: Thread Group - until HTTP 503 - 208 users 1-55
2026-06-20 13:30:13,653 INFO o.a.j.t.JMeterThread: Thread started: Thread Group - until HTTP 503 - 208 users 1-56
2026-06-20 13:30:13,940 INFO o.a.j.t.JMeterThread: Thread started: Thread Group - until HTTP 503 - 208 users 1-57
2026-06-20 13:30:14,228 INFO o.a.j.t.JMeterThread: Thread started: Thread Group - until HTTP 503 - 208 users 1-58
2026-06-20 13:30:14,518 INFO o.a.j.t.JMeterThread: Thread started: Thread Group - until HTTP 503 - 208 users 1-59
2026-06-20 13:30:14,805 INFO o.a.j.t.JMeterThread: Thread started: Thread Group - until HTTP 503 - 208 users 1-60
2026-06-20 13:30:15,092 INFO o.a.j.t.JMeterThread: Thread started: Thread Group - until HTTP 503 - 208 users 1-61
2026-06-20 13:30:15,380 INFO o.a.j.t.JMeterThread: Thread started: Thread Group - until HTTP 503 - 208 users 1-62
2026-06-20 13:30:15,669 INFO o.a.j.t.JMeterThread: Thread started: Thread Group - until HTTP 503 - 208 users 1-63
2026-06-20 13:30:15,956 INFO o.a.j.t.JMeterThread: Thread started: Thread Group - until HTTP 503 - 208 users 1-64
2026-06-20 13:30:16,244 INFO o.a.j.t.JMeterThread: Thread started: Thread Group - until HTTP 503 - 208 users 1-65
2026-06-20 13:30:16,532 INFO o.a.j.t.JMeterThread: Thread started: Thread Group - until HTTP 503 - 208 users 1-66
2026-06-20 13:30:16,821 INFO o.a.j.t.JMeterThread: Thread started: Thread Group - until HTTP 503 - 208 users 1-67
2026-06-20 13:30:17,109 INFO o.a.j.t.JMeterThread: Thread started: Thread Group - until HTTP 503 - 208 users 1-68
2026-06-20 13:30:17,396 INFO o.a.j.t.JMeterThread: Thread started: Thread Group - until HTTP 503 - 208 users 1-69
2026-06-20 13:30:17,685 INFO o.a.j.t.JMeterThread: Thread started: Thread Group - until HTTP 503 - 208 users 1-70
2026-06-20 13:30:17,973 INFO o.a.j.t.JMeterThread: Thread started: Thread Group - until HTTP 503 - 208 users 1-71
2026-06-20 13:30:18,261 INFO o.a.j.t.JMeterThread: Thread started: Thread Group - until HTTP 503 - 208 users 1-72
2026-06-20 13:30:18,549 INFO o.a.j.t.JMeterThread: Thread started: Thread Group - until HTTP 503 - 208 users 1-73
2026-06-20 13:30:18,837 INFO o.a.j.t.JMeterThread: Thread started: Thread Group - until HTTP 503 - 208 users 1-74
2026-06-20 13:30:19,125 INFO o.a.j.t.JMeterThread: Thread started: Thread Group - until HTTP 503 - 208 users 1-75
2026-06-20 13:30:19,412 INFO o.a.j.t.JMeterThread: Thread started: Thread Group - until HTTP 503 - 208 users 1-76
2026-06-20 13:30:19,701 INFO o.a.j.t.JMeterThread: Thread started: Thread Group - until HTTP 503 - 208 users 1-77
2026-06-20 13:30:19,991 INFO o.a.j.t.JMeterThread: Thread started: Thread Group - until HTTP 503 - 208 users 1-78
2026-06-20 13:30:20,276 INFO o.a.j.t.JMeterThread: Thread started: Thread Group - until HTTP 503 - 208 users 1-79
2026-06-20 13:30:20,565 INFO o.a.j.t.JMeterThread: Thread started: Thread Group - until HTTP 503 - 208 users 1-80
2026-06-20 13:30:20,852 INFO o.a.j.t.JMeterThread: Thread started: Thread Group - until HTTP 503 - 208 users 1-81
2026-06-20 13:30:21,140 INFO o.a.j.t.JMeterThread: Thread started: Thread Group - until HTTP 503 - 208 users 1-82
2026-06-20 13:30:21,428 INFO o.a.j.t.JMeterThread: Thread started: Thread Group - until HTTP 503 - 208 users 1-83
2026-06-20 13:30:21,717 INFO o.a.j.t.JMeterThread: Thread started: Thread Group - until HTTP 503 - 208 users 1-84
2026-06-20 13:30:22,004 INFO o.a.j.t.JMeterThread: Thread started: Thread Group - until HTTP 503 - 208 users 1-85
2026-06-20 13:30:22,292 INFO o.a.j.t.JMeterThread: Thread started: Thread Group - until HTTP 503 - 208 users 1-86
2026-06-20 13:30:22,580 INFO o.a.j.t.JMeterThread: Thread started: Thread Group - until HTTP 503 - 208 users 1-87
2026-06-20 13:30:22,869 INFO o.a.j.t.JMeterThread: Thread started: Thread Group - until HTTP 503 - 208 users 1-88
2026-06-20 13:30:23,157 INFO o.a.j.t.JMeterThread: Thread started: Thread Group - until HTTP 503 - 208 users 1-89
2026-06-20 13:30:23,444 INFO o.a.j.t.JMeterThread: Thread started: Thread Group - until HTTP 503 - 208 users 1-90
2026-06-20 13:30:23,732 INFO o.a.j.t.JMeterThread: Thread started: Thread Group - until HTTP 503 - 208 users 1-91
2026-06-20 13:30:24,021 INFO o.a.j.t.JMeterThread: Thread started: Thread Group - until HTTP 503 - 208 users 1-92
2026-06-20 13:30:24,310 INFO o.a.j.t.JMeterThread: Thread started: Thread Group - until HTTP 503 - 208 users 1-93
2026-06-20 13:30:24,596 INFO o.a.j.t.JMeterThread: Thread started: Thread Group - until HTTP 503 - 208 users 1-94
2026-06-20 13:30:24,884 INFO o.a.j.t.JMeterThread: Thread started: Thread Group - until HTTP 503 - 208 users 1-95
2026-06-20 13:30:25,172 INFO o.a.j.t.JMeterThread: Thread started: Thread Group - until HTTP 503 - 208 users 1-96
2026-06-20 13:30:25,460 INFO o.a.j.t.JMeterThread: Thread started: Thread Group - until HTTP 503 - 208 users 1-97
2026-06-20 13:30:25,748 INFO o.a.j.t.JMeterThread: Thread started: Thread Group - until HTTP 503 - 208 users 1-98
2026-06-20 13:30:26,037 INFO o.a.j.t.JMeterThread: Thread started: Thread Group - until HTTP 503 - 208 users 1-99
2026-06-20 13:30:26,326 INFO o.a.j.t.JMeterThread: Thread started: Thread Group - until HTTP 503 - 208 users 1-100
2026-06-20 13:30:26,612 INFO o.a.j.t.JMeterThread: Thread started: Thread Group - until HTTP 503 - 208 users 1-101
2026-06-20 13:30:26,900 INFO o.a.j.t.JMeterThread: Thread started: Thread Group - until HTTP 503 - 208 users 1-102
2026-06-20 13:30:27,188 INFO o.a.j.t.JMeterThread: Thread started: Thread Group - until HTTP 503 - 208 users 1-103
2026-06-20 13:30:27,478 INFO o.a.j.t.JMeterThread: Thread started: Thread Group - until HTTP 503 - 208 users 1-104
2026-06-20 13:30:27,766 INFO o.a.j.t.JMeterThread: Thread started: Thread Group - until HTTP 503 - 208 users 1-105
2026-06-20 13:30:28,052 INFO o.a.j.t.JMeterThread: Thread started: Thread Group - until HTTP 503 - 208 users 1-106
2026-06-20 13:30:28,340 INFO o.a.j.t.JMeterThread: Thread started: Thread Group - until HTTP 503 - 208 users 1-107
2026-06-20 13:30:28,628 INFO o.a.j.t.JMeterThread: Thread started: Thread Group - until HTTP 503 - 208 users 1-108
2026-06-20 13:30:28,916 INFO o.a.j.t.JMeterThread: Thread started: Thread Group - until HTTP 503 - 208 users 1-109
2026-06-20 13:30:29,206 INFO o.a.j.t.JMeterThread: Thread started: Thread Group - until HTTP 503 - 208 users 1-110
2026-06-20 13:30:29,492 INFO o.a.j.t.JMeterThread: Thread started: Thread Group - until HTTP 503 - 208 users 1-111
2026-06-20 13:30:29,780 INFO o.a.j.t.JMeterThread: Thread started: Thread Group - until HTTP 503 - 208 users 1-112
2026-06-20 13:30:30,068 INFO o.a.j.t.JMeterThread: Thread started: Thread Group - until HTTP 503 - 208 users 1-113
2026-06-20 13:30:30,356 INFO o.a.j.t.JMeterThread: Thread started: Thread Group - until HTTP 503 - 208 users 1-114
2026-06-20 13:30:30,646 INFO o.a.j.t.JMeterThread: Thread started: Thread Group - until HTTP 503 - 208 users 1-115
2026-06-20 13:30:30,933 INFO o.a.j.t.JMeterThread: Thread started: Thread Group - until HTTP 503 - 208 users 1-116
2026-06-20 13:30:30,996 INFO o.a.j.r.Summariser: summary +    914 in 00:00:31 =   29.5/s Avg:  1779 Min:   353 Max:  4477 Err:   732 (80.09%) Active: 116 Started: 116 Finished: 0
2026-06-20 13:30:30,997 INFO o.a.j.r.Summariser: summary =    937 in 00:00:33 =   28.2/s Avg:  1744 Min:   334 Max:  4477 Err:   732 (78.12%)
2026-06-20 13:30:31,220 INFO o.a.j.t.JMeterThread: Thread started: Thread Group - until HTTP 503 - 208 users 1-117
2026-06-20 13:30:31,508 INFO o.a.j.t.JMeterThread: Thread started: Thread Group - until HTTP 503 - 208 users 1-118
2026-06-20 13:30:31,796 INFO o.a.j.t.JMeterThread: Thread started: Thread Group - until HTTP 503 - 208 users 1-119
2026-06-20 13:30:32,085 INFO o.a.j.t.JMeterThread: Thread started: Thread Group - until HTTP 503 - 208 users 1-120
2026-06-20 13:30:32,373 INFO o.a.j.t.JMeterThread: Thread started: Thread Group - until HTTP 503 - 208 users 1-121
2026-06-20 13:30:32,660 INFO o.a.j.t.JMeterThread: Thread started: Thread Group - until HTTP 503 - 208 users 1-122
2026-06-20 13:30:32,948 INFO o.a.j.t.JMeterThread: Thread started: Thread Group - until HTTP 503 - 208 users 1-123
2026-06-20 13:30:33,237 INFO o.a.j.t.JMeterThread: Thread started: Thread Group - until HTTP 503 - 208 users 1-124
2026-06-20 13:30:33,524 INFO o.a.j.t.JMeterThread: Thread started: Thread Group - until HTTP 503 - 208 users 1-125
2026-06-20 13:30:33,814 INFO o.a.j.t.JMeterThread: Thread started: Thread Group - until HTTP 503 - 208 users 1-126
2026-06-20 13:30:34,100 INFO o.a.j.t.JMeterThread: Thread started: Thread Group - until HTTP 503 - 208 users 1-127
2026-06-20 13:30:34,389 INFO o.a.j.t.JMeterThread: Thread started: Thread Group - until HTTP 503 - 208 users 1-128
2026-06-20 13:30:34,676 INFO o.a.j.t.JMeterThread: Thread started: Thread Group - until HTTP 503 - 208 users 1-129
2026-06-20 13:30:34,965 INFO o.a.j.t.JMeterThread: Thread started: Thread Group - until HTTP 503 - 208 users 1-130
2026-06-20 13:30:35,252 INFO o.a.j.t.JMeterThread: Thread started: Thread Group - until HTTP 503 - 208 users 1-131
2026-06-20 13:30:35,541 INFO o.a.j.t.JMeterThread: Thread started: Thread Group - until HTTP 503 - 208 users 1-132
2026-06-20 13:30:35,829 INFO o.a.j.t.JMeterThread: Thread started: Thread Group - until HTTP 503 - 208 users 1-133
2026-06-20 13:30:36,116 INFO o.a.j.t.JMeterThread: Thread started: Thread Group - until HTTP 503 - 208 users 1-134
2026-06-20 13:30:36,404 INFO o.a.j.t.JMeterThread: Thread started: Thread Group - until HTTP 503 - 208 users 1-135
2026-06-20 13:30:36,693 INFO o.a.j.t.JMeterThread: Thread started: Thread Group - until HTTP 503 - 208 users 1-136
2026-06-20 13:30:36,980 INFO o.a.j.t.JMeterThread: Thread started: Thread Group - until HTTP 503 - 208 users 1-137
2026-06-20 13:30:37,269 INFO o.a.j.t.JMeterThread: Thread started: Thread Group - until HTTP 503 - 208 users 1-138
2026-06-20 13:30:37,557 INFO o.a.j.t.JMeterThread: Thread started: Thread Group - until HTTP 503 - 208 users 1-139
2026-06-20 13:30:37,844 INFO o.a.j.t.JMeterThread: Thread started: Thread Group - until HTTP 503 - 208 users 1-140
2026-06-20 13:30:38,132 INFO o.a.j.t.JMeterThread: Thread started: Thread Group - until HTTP 503 - 208 users 1-141
2026-06-20 13:30:38,420 INFO o.a.j.t.JMeterThread: Thread started: Thread Group - until HTTP 503 - 208 users 1-142
2026-06-20 13:30:38,708 INFO o.a.j.t.JMeterThread: Thread started: Thread Group - until HTTP 503 - 208 users 1-143
2026-06-20 13:30:38,997 INFO o.a.j.t.JMeterThread: Thread started: Thread Group - until HTTP 503 - 208 users 1-144
2026-06-20 13:30:39,285 INFO o.a.j.t.JMeterThread: Thread started: Thread Group - until HTTP 503 - 208 users 1-145
2026-06-20 13:30:39,573 INFO o.a.j.t.JMeterThread: Thread started: Thread Group - until HTTP 503 - 208 users 1-146
2026-06-20 13:30:39,860 INFO o.a.j.t.JMeterThread: Thread started: Thread Group - until HTTP 503 - 208 users 1-147
2026-06-20 13:30:40,148 INFO o.a.j.t.JMeterThread: Thread started: Thread Group - until HTTP 503 - 208 users 1-148
2026-06-20 13:30:40,436 INFO o.a.j.t.JMeterThread: Thread started: Thread Group - until HTTP 503 - 208 users 1-149
2026-06-20 13:30:40,725 INFO o.a.j.t.JMeterThread: Thread started: Thread Group - until HTTP 503 - 208 users 1-150
2026-06-20 13:30:41,013 INFO o.a.j.t.JMeterThread: Thread started: Thread Group - until HTTP 503 - 208 users 1-151
2026-06-20 13:30:41,301 INFO o.a.j.t.JMeterThread: Thread started: Thread Group - until HTTP 503 - 208 users 1-152
2026-06-20 13:30:41,588 INFO o.a.j.t.JMeterThread: Thread started: Thread Group - until HTTP 503 - 208 users 1-153
2026-06-20 13:30:41,876 INFO o.a.j.t.JMeterThread: Thread started: Thread Group - until HTTP 503 - 208 users 1-154
2026-06-20 13:30:42,164 INFO o.a.j.t.JMeterThread: Thread started: Thread Group - until HTTP 503 - 208 users 1-155
2026-06-20 13:30:42,452 INFO o.a.j.t.JMeterThread: Thread started: Thread Group - until HTTP 503 - 208 users 1-156
2026-06-20 13:30:42,741 INFO o.a.j.t.JMeterThread: Thread started: Thread Group - until HTTP 503 - 208 users 1-157
2026-06-20 13:30:43,029 INFO o.a.j.t.JMeterThread: Thread started: Thread Group - until HTTP 503 - 208 users 1-158
2026-06-20 13:30:43,316 INFO o.a.j.t.JMeterThread: Thread started: Thread Group - until HTTP 503 - 208 users 1-159
2026-06-20 13:30:43,604 INFO o.a.j.t.JMeterThread: Thread started: Thread Group - until HTTP 503 - 208 users 1-160
2026-06-20 13:30:43,892 INFO o.a.j.t.JMeterThread: Thread started: Thread Group - until HTTP 503 - 208 users 1-161
2026-06-20 13:30:44,181 INFO o.a.j.t.JMeterThread: Thread started: Thread Group - until HTTP 503 - 208 users 1-162
2026-06-20 13:30:44,469 INFO o.a.j.t.JMeterThread: Thread started: Thread Group - until HTTP 503 - 208 users 1-163
2026-06-20 13:30:44,756 INFO o.a.j.t.JMeterThread: Thread started: Thread Group - until HTTP 503 - 208 users 1-164
2026-06-20 13:30:45,044 INFO o.a.j.t.JMeterThread: Thread started: Thread Group - until HTTP 503 - 208 users 1-165
2026-06-20 13:30:45,332 INFO o.a.j.t.JMeterThread: Thread started: Thread Group - until HTTP 503 - 208 users 1-166
2026-06-20 13:30:45,620 INFO o.a.j.t.JMeterThread: Thread started: Thread Group - until HTTP 503 - 208 users 1-167
2026-06-20 13:30:45,910 INFO o.a.j.t.JMeterThread: Thread started: Thread Group - until HTTP 503 - 208 users 1-168
2026-06-20 13:30:46,196 INFO o.a.j.t.JMeterThread: Thread started: Thread Group - until HTTP 503 - 208 users 1-169
2026-06-20 13:30:46,484 INFO o.a.j.t.JMeterThread: Thread started: Thread Group - until HTTP 503 - 208 users 1-170
2026-06-20 13:30:46,772 INFO o.a.j.t.JMeterThread: Thread started: Thread Group - until HTTP 503 - 208 users 1-171
2026-06-20 13:30:47,061 INFO o.a.j.t.JMeterThread: Thread started: Thread Group - until HTTP 503 - 208 users 1-172
2026-06-20 13:30:47,349 INFO o.a.j.t.JMeterThread: Thread started: Thread Group - until HTTP 503 - 208 users 1-173
2026-06-20 13:30:47,636 INFO o.a.j.t.JMeterThread: Thread started: Thread Group - until HTTP 503 - 208 users 1-174
2026-06-20 13:30:47,924 INFO o.a.j.t.JMeterThread: Thread started: Thread Group - until HTTP 503 - 208 users 1-175
2026-06-20 13:30:48,212 INFO o.a.j.t.JMeterThread: Thread started: Thread Group - until HTTP 503 - 208 users 1-176
2026-06-20 13:30:48,500 INFO o.a.j.t.JMeterThread: Thread started: Thread Group - until HTTP 503 - 208 users 1-177
2026-06-20 13:30:48,788 INFO o.a.j.t.JMeterThread: Thread started: Thread Group - until HTTP 503 - 208 users 1-178
2026-06-20 13:30:49,076 INFO o.a.j.t.JMeterThread: Thread started: Thread Group - until HTTP 503 - 208 users 1-179
2026-06-20 13:30:49,365 INFO o.a.j.t.JMeterThread: Thread started: Thread Group - until HTTP 503 - 208 users 1-180
2026-06-20 13:30:49,652 INFO o.a.j.t.JMeterThread: Thread started: Thread Group - until HTTP 503 - 208 users 1-181
2026-06-20 13:30:49,940 INFO o.a.j.t.JMeterThread: Thread started: Thread Group - until HTTP 503 - 208 users 1-182
2026-06-20 13:30:50,228 INFO o.a.j.t.JMeterThread: Thread started: Thread Group - until HTTP 503 - 208 users 1-183
2026-06-20 13:30:50,517 INFO o.a.j.t.JMeterThread: Thread started: Thread Group - until HTTP 503 - 208 users 1-184
2026-06-20 13:30:50,804 INFO o.a.j.t.JMeterThread: Thread started: Thread Group - until HTTP 503 - 208 users 1-185
2026-06-20 13:30:51,093 INFO o.a.j.t.JMeterThread: Thread started: Thread Group - until HTTP 503 - 208 users 1-186
2026-06-20 13:30:51,380 INFO o.a.j.t.JMeterThread: Thread started: Thread Group - until HTTP 503 - 208 users 1-187
2026-06-20 13:30:51,668 INFO o.a.j.t.JMeterThread: Thread started: Thread Group - until HTTP 503 - 208 users 1-188
2026-06-20 13:30:51,957 INFO o.a.j.t.JMeterThread: Thread started: Thread Group - until HTTP 503 - 208 users 1-189
2026-06-20 13:30:52,245 INFO o.a.j.t.JMeterThread: Thread started: Thread Group - until HTTP 503 - 208 users 1-190
2026-06-20 13:30:52,532 INFO o.a.j.t.JMeterThread: Thread started: Thread Group - until HTTP 503 - 208 users 1-191
2026-06-20 13:30:52,820 INFO o.a.j.t.JMeterThread: Thread started: Thread Group - until HTTP 503 - 208 users 1-192
2026-06-20 13:30:53,109 INFO o.a.j.t.JMeterThread: Thread started: Thread Group - until HTTP 503 - 208 users 1-193
2026-06-20 13:30:53,397 INFO o.a.j.t.JMeterThread: Thread started: Thread Group - until HTTP 503 - 208 users 1-194
2026-06-20 13:30:53,684 INFO o.a.j.t.JMeterThread: Thread started: Thread Group - until HTTP 503 - 208 users 1-195
2026-06-20 13:30:53,973 INFO o.a.j.t.JMeterThread: Thread started: Thread Group - until HTTP 503 - 208 users 1-196
2026-06-20 13:30:54,265 INFO o.a.j.t.JMeterThread: Thread started: Thread Group - until HTTP 503 - 208 users 1-197
2026-06-20 13:30:54,555 INFO o.a.j.t.JMeterThread: Thread started: Thread Group - until HTTP 503 - 208 users 1-198
2026-06-20 13:30:54,837 INFO o.a.j.t.JMeterThread: Thread started: Thread Group - until HTTP 503 - 208 users 1-199
2026-06-20 13:30:55,125 INFO o.a.j.t.JMeterThread: Thread started: Thread Group - until HTTP 503 - 208 users 1-200
2026-06-20 13:30:55,412 INFO o.a.j.t.JMeterThread: Thread started: Thread Group - until HTTP 503 - 208 users 1-201
2026-06-20 13:30:55,701 INFO o.a.j.t.JMeterThread: Thread started: Thread Group - until HTTP 503 - 208 users 1-202
2026-06-20 13:30:55,989 INFO o.a.j.t.JMeterThread: Thread started: Thread Group - until HTTP 503 - 208 users 1-203
2026-06-20 13:30:56,276 INFO o.a.j.t.JMeterThread: Thread started: Thread Group - until HTTP 503 - 208 users 1-204
2026-06-20 13:30:56,564 INFO o.a.j.t.JMeterThread: Thread started: Thread Group - until HTTP 503 - 208 users 1-205
2026-06-20 13:30:56,853 INFO o.a.j.t.JMeterThread: Thread started: Thread Group - until HTTP 503 - 208 users 1-206
2026-06-20 13:30:57,141 INFO o.a.j.t.JMeterThread: Thread started: Thread Group - until HTTP 503 - 208 users 1-207
2026-06-20 13:30:57,428 INFO o.a.j.t.JMeterThread: Thread started: Thread Group - until HTTP 503 - 208 users 1-208
2026-06-20 13:31:01,339 INFO o.a.j.r.Summariser: summary +    858 in 00:00:30 =   28.3/s Avg:  5182 Min:  2615 Max:  9069 Err:   858 (100.00%) Active: 208 Started: 208 Finished: 0
2026-06-20 13:31:01,339 INFO o.a.j.r.Summariser: summary =   1795 in 00:01:04 =   28.2/s Avg:  3388 Min:   334 Max:  9069 Err:  1590 (88.58%)
2026-06-20 13:31:29,128 INFO o.a.j.t.JMeterThread: Stopping because end time detected by thread: Thread Group - until HTTP 503 - 208 users 1-14
2026-06-20 13:31:29,128 INFO o.a.j.t.JMeterThread: Stopping because end time detected by thread: Thread Group - until HTTP 503 - 208 users 1-34
2026-06-20 13:31:29,128 INFO o.a.j.t.JMeterThread: Thread finished: Thread Group - until HTTP 503 - 208 users 1-14
2026-06-20 13:31:29,128 INFO o.a.j.t.JMeterThread: Thread finished: Thread Group - until HTTP 503 - 208 users 1-34
2026-06-20 13:31:29,131 INFO o.a.j.t.JMeterThread: Stopping because end time detected by thread: Thread Group - until HTTP 503 - 208 users 1-83
2026-06-20 13:31:29,131 INFO o.a.j.t.JMeterThread: Stopping because end time detected by thread: Thread Group - until HTTP 503 - 208 users 1-18
2026-06-20 13:31:29,131 INFO o.a.j.t.JMeterThread: Thread finished: Thread Group - until HTTP 503 - 208 users 1-18
2026-06-20 13:31:29,131 INFO o.a.j.t.JMeterThread: Thread finished: Thread Group - until HTTP 503 - 208 users 1-83
2026-06-20 13:31:30,421 INFO o.a.j.t.JMeterThread: Stopping because end time detected by thread: Thread Group - until HTTP 503 - 208 users 1-11
2026-06-20 13:31:30,421 INFO o.a.j.t.JMeterThread: Stopping because end time detected by thread: Thread Group - until HTTP 503 - 208 users 1-58
2026-06-20 13:31:30,421 INFO o.a.j.t.JMeterThread: Stopping because end time detected by thread: Thread Group - until HTTP 503 - 208 users 1-46
2026-06-20 13:31:30,421 INFO o.a.j.t.JMeterThread: Stopping because end time detected by thread: Thread Group - until HTTP 503 - 208 users 1-27
2026-06-20 13:31:30,421 INFO o.a.j.t.JMeterThread: Stopping because end time detected by thread: Thread Group - until HTTP 503 - 208 users 1-118
2026-06-20 13:31:30,421 INFO o.a.j.t.JMeterThread: Stopping because end time detected by thread: Thread Group - until HTTP 503 - 208 users 1-33
2026-06-20 13:31:30,421 INFO o.a.j.r.Summariser: summary +    902 in 00:00:29 =   31.0/s Avg:  6859 Min:  3951 Max: 11156 Err:   902 (100.00%) Active: 204 Started: 208 Finished: 4
2026-06-20 13:31:30,421 INFO o.a.j.t.JMeterThread: Thread finished: Thread Group - until HTTP 503 - 208 users 1-11
2026-06-20 13:31:30,421 INFO o.a.j.t.JMeterThread: Thread finished: Thread Group - until HTTP 503 - 208 users 1-58
2026-06-20 13:31:30,421 INFO o.a.j.t.JMeterThread: Thread finished: Thread Group - until HTTP 503 - 208 users 1-27
2026-06-20 13:31:30,421 INFO o.a.j.t.JMeterThread: Thread finished: Thread Group - until HTTP 503 - 208 users 1-118
2026-06-20 13:31:30,421 INFO o.a.j.t.JMeterThread: Stopping because end time detected by thread: Thread Group - until HTTP 503 - 208 users 1-140
2026-06-20 13:31:30,421 INFO o.a.j.t.JMeterThread: Stopping because end time detected by thread: Thread Group - until HTTP 503 - 208 users 1-145
2026-06-20 13:31:30,421 INFO o.a.j.t.JMeterThread: Stopping because end time detected by thread: Thread Group - until HTTP 503 - 208 users 1-77
2026-06-20 13:31:30,421 INFO o.a.j.t.JMeterThread: Thread finished: Thread Group - until HTTP 503 - 208 users 1-140
2026-06-20 13:31:30,421 INFO o.a.j.t.JMeterThread: Stopping because end time detected by thread: Thread Group - until HTTP 503 - 208 users 1-30
2026-06-20 13:31:30,422 INFO o.a.j.t.JMeterThread: Stopping because end time detected by thread: Thread Group - until HTTP 503 - 208 users 1-163
2026-06-20 13:31:30,422 INFO o.a.j.t.JMeterThread: Stopping because end time detected by thread: Thread Group - until HTTP 503 - 208 users 1-10
2026-06-20 13:31:30,422 INFO o.a.j.t.JMeterThread: Thread finished: Thread Group - until HTTP 503 - 208 users 1-10
2026-06-20 13:31:30,422 INFO o.a.j.t.JMeterThread: Thread finished: Thread Group - until HTTP 503 - 208 users 1-77
2026-06-20 13:31:30,422 INFO o.a.j.t.JMeterThread: Stopping because end time detected by thread: Thread Group - until HTTP 503 - 208 users 1-72
2026-06-20 13:31:30,421 INFO o.a.j.t.JMeterThread: Stopping because end time detected by thread: Thread Group - until HTTP 503 - 208 users 1-37
2026-06-20 13:31:30,422 INFO o.a.j.t.JMeterThread: Stopping because end time detected by thread: Thread Group - until HTTP 503 - 208 users 1-202
2026-06-20 13:31:30,422 INFO o.a.j.t.JMeterThread: Stopping because end time detected by thread: Thread Group - until HTTP 503 - 208 users 1-203
2026-06-20 13:31:30,421 INFO o.a.j.t.JMeterThread: Stopping because end time detected by thread: Thread Group - until HTTP 503 - 208 users 1-116
2026-06-20 13:31:30,421 INFO o.a.j.t.JMeterThread: Stopping because end time detected by thread: Thread Group - until HTTP 503 - 208 users 1-6
2026-06-20 13:31:30,422 INFO o.a.j.t.JMeterThread: Thread finished: Thread Group - until HTTP 503 - 208 users 1-203
2026-06-20 13:31:30,422 INFO o.a.j.t.JMeterThread: Stopping because end time detected by thread: Thread Group - until HTTP 503 - 208 users 1-160
2026-06-20 13:31:30,422 INFO o.a.j.t.JMeterThread: Thread finished: Thread Group - until HTTP 503 - 208 users 1-116
2026-06-20 13:31:30,421 INFO o.a.j.t.JMeterThread: Thread finished: Thread Group - until HTTP 503 - 208 users 1-46
2026-06-20 13:31:30,422 INFO o.a.j.t.JMeterThread: Thread finished: Thread Group - until HTTP 503 - 208 users 1-160
2026-06-20 13:31:30,422 INFO o.a.j.t.JMeterThread: Stopping because end time detected by thread: Thread Group - until HTTP 503 - 208 users 1-122
2026-06-20 13:31:30,421 INFO o.a.j.t.JMeterThread: Stopping because end time detected by thread: Thread Group - until HTTP 503 - 208 users 1-131
2026-06-20 13:31:30,421 INFO o.a.j.t.JMeterThread: Stopping because end time detected by thread: Thread Group - until HTTP 503 - 208 users 1-139
2026-06-20 13:31:30,422 INFO o.a.j.t.JMeterThread: Thread finished: Thread Group - until HTTP 503 - 208 users 1-131
2026-06-20 13:31:30,422 INFO o.a.j.r.Summariser: summary =   2697 in 00:01:33 =   29.1/s Avg:  4549 Min:   334 Max: 11156 Err:  2492 (92.40%)
2026-06-20 13:31:30,422 INFO o.a.j.t.JMeterThread: Thread finished: Thread Group - until HTTP 503 - 208 users 1-145
2026-06-20 13:31:30,422 INFO o.a.j.t.JMeterThread: Stopping because end time detected by thread: Thread Group - until HTTP 503 - 208 users 1-22
2026-06-20 13:31:30,422 INFO o.a.j.t.JMeterThread: Thread finished: Thread Group - until HTTP 503 - 208 users 1-22
2026-06-20 13:31:30,422 INFO o.a.j.t.JMeterThread: Stopping because end time detected by thread: Thread Group - until HTTP 503 - 208 users 1-127
2026-06-20 13:31:30,421 INFO o.a.j.t.JMeterThread: Stopping because end time detected by thread: Thread Group - until HTTP 503 - 208 users 1-156
2026-06-20 13:31:30,422 INFO o.a.j.t.JMeterThread: Thread finished: Thread Group - until HTTP 503 - 208 users 1-33
2026-06-20 13:31:30,422 INFO o.a.j.t.JMeterThread: Thread finished: Thread Group - until HTTP 503 - 208 users 1-127
2026-06-20 13:31:30,422 INFO o.a.j.t.JMeterThread: Stopping because end time detected by thread: Thread Group - until HTTP 503 - 208 users 1-180
2026-06-20 13:31:30,422 INFO o.a.j.t.JMeterThread: Thread finished: Thread Group - until HTTP 503 - 208 users 1-163
2026-06-20 13:31:30,422 INFO o.a.j.t.JMeterThread: Stopping because end time detected by thread: Thread Group - until HTTP 503 - 208 users 1-181
2026-06-20 13:31:30,421 INFO o.a.j.t.JMeterThread: Stopping because end time detected by thread: Thread Group - until HTTP 503 - 208 users 1-8
2026-06-20 13:31:30,423 INFO o.a.j.t.JMeterThread: Stopping because end time detected by thread: Thread Group - until HTTP 503 - 208 users 1-120
2026-06-20 13:31:30,422 INFO o.a.j.t.JMeterThread: Stopping because end time detected by thread: Thread Group - until HTTP 503 - 208 users 1-182
2026-06-20 13:31:30,423 INFO o.a.j.t.JMeterThread: Stopping because end time detected by thread: Thread Group - until HTTP 503 - 208 users 1-185
2026-06-20 13:31:30,423 INFO o.a.j.t.JMeterThread: Stopping because end time detected by thread: Thread Group - until HTTP 503 - 208 users 1-199
2026-06-20 13:31:30,422 INFO o.a.j.t.JMeterThread: Stopping because end time detected by thread: Thread Group - until HTTP 503 - 208 users 1-7
2026-06-20 13:31:30,422 INFO o.a.j.t.JMeterThread: Stopping because end time detected by thread: Thread Group - until HTTP 503 - 208 users 1-162
2026-06-20 13:31:30,422 INFO o.a.j.t.JMeterThread: Thread finished: Thread Group - until HTTP 503 - 208 users 1-72
2026-06-20 13:31:30,423 INFO o.a.j.t.JMeterThread: Thread finished: Thread Group - until HTTP 503 - 208 users 1-7
2026-06-20 13:31:30,423 INFO o.a.j.t.JMeterThread: Thread finished: Thread Group - until HTTP 503 - 208 users 1-162
2026-06-20 13:31:30,422 INFO o.a.j.t.JMeterThread: Thread finished: Thread Group - until HTTP 503 - 208 users 1-37
2026-06-20 13:31:30,422 INFO o.a.j.t.JMeterThread: Stopping because end time detected by thread: Thread Group - until HTTP 503 - 208 users 1-59
2026-06-20 13:31:30,422 INFO o.a.j.t.JMeterThread: Stopping because end time detected by thread: Thread Group - until HTTP 503 - 208 users 1-206
2026-06-20 13:31:30,423 INFO o.a.j.t.JMeterThread: Thread finished: Thread Group - until HTTP 503 - 208 users 1-59
2026-06-20 13:31:30,422 INFO o.a.j.t.JMeterThread: Stopping because end time detected by thread: Thread Group - until HTTP 503 - 208 users 1-12
2026-06-20 13:31:30,423 INFO o.a.j.t.JMeterThread: Stopping because end time detected by thread: Thread Group - until HTTP 503 - 208 users 1-128
2026-06-20 13:31:30,422 INFO o.a.j.t.JMeterThread: Thread finished: Thread Group - until HTTP 503 - 208 users 1-6
2026-06-20 13:31:30,421 INFO o.a.j.t.JMeterThread: Stopping because end time detected by thread: Thread Group - until HTTP 503 - 208 users 1-71
2026-06-20 13:31:30,423 INFO o.a.j.t.JMeterThread: Thread finished: Thread Group - until HTTP 503 - 208 users 1-128
2026-06-20 13:31:30,423 INFO o.a.j.t.JMeterThread: Thread finished: Thread Group - until HTTP 503 - 208 users 1-71
2026-06-20 13:31:30,423 INFO o.a.j.t.JMeterThread: Stopping because end time detected by thread: Thread Group - until HTTP 503 - 208 users 1-130
2026-06-20 13:31:30,423 INFO o.a.j.t.JMeterThread: Thread finished: Thread Group - until HTTP 503 - 208 users 1-130
2026-06-20 13:31:30,422 INFO o.a.j.t.JMeterThread: Thread finished: Thread Group - until HTTP 503 - 208 users 1-139
2026-06-20 13:31:30,423 INFO o.a.j.t.JMeterThread: Thread finished: Thread Group - until HTTP 503 - 208 users 1-122
2026-06-20 13:31:30,422 INFO o.a.j.t.JMeterThread: Stopping because end time detected by thread: Thread Group - until HTTP 503 - 208 users 1-126
2026-06-20 13:31:30,422 INFO o.a.j.t.JMeterThread: Thread finished: Thread Group - until HTTP 503 - 208 users 1-30
2026-06-20 13:31:30,422 INFO o.a.j.t.JMeterThread: Thread finished: Thread Group - until HTTP 503 - 208 users 1-156
2026-06-20 13:31:30,423 INFO o.a.j.t.JMeterThread: Stopping because end time detected by thread: Thread Group - until HTTP 503 - 208 users 1-106
2026-06-20 13:31:30,423 INFO o.a.j.t.JMeterThread: Stopping because end time detected by thread: Thread Group - until HTTP 503 - 208 users 1-161
2026-06-20 13:31:30,424 INFO o.a.j.t.JMeterThread: Thread finished: Thread Group - until HTTP 503 - 208 users 1-180
2026-06-20 13:31:30,424 INFO o.a.j.t.JMeterThread: Thread finished: Thread Group - until HTTP 503 - 208 users 1-106
2026-06-20 13:31:30,424 INFO o.a.j.t.JMeterThread: Thread finished: Thread Group - until HTTP 503 - 208 users 1-8
2026-06-20 13:31:30,423 INFO o.a.j.t.JMeterThread: Thread finished: Thread Group - until HTTP 503 - 208 users 1-181
2026-06-20 13:31:30,423 INFO o.a.j.t.JMeterThread: Thread finished: Thread Group - until HTTP 503 - 208 users 1-120
2026-06-20 13:31:30,423 INFO o.a.j.t.JMeterThread: Stopping because end time detected by thread: Thread Group - until HTTP 503 - 208 users 1-204
2026-06-20 13:31:30,423 INFO o.a.j.t.JMeterThread: Thread finished: Thread Group - until HTTP 503 - 208 users 1-185
2026-06-20 13:31:30,424 INFO o.a.j.t.JMeterThread: Thread finished: Thread Group - until HTTP 503 - 208 users 1-204
2026-06-20 13:31:30,423 INFO o.a.j.t.JMeterThread: Thread finished: Thread Group - until HTTP 503 - 208 users 1-202
2026-06-20 13:31:30,423 INFO o.a.j.t.JMeterThread: Thread finished: Thread Group - until HTTP 503 - 208 users 1-206
2026-06-20 13:31:30,423 INFO o.a.j.t.JMeterThread: Thread finished: Thread Group - until HTTP 503 - 208 users 1-12
2026-06-20 13:31:30,424 INFO o.a.j.t.JMeterThread: Stopping because end time detected by thread: Thread Group - until HTTP 503 - 208 users 1-1
2026-06-20 13:31:30,424 INFO o.a.j.t.JMeterThread: Thread finished: Thread Group - until HTTP 503 - 208 users 1-1
2026-06-20 13:31:30,424 INFO o.a.j.t.JMeterThread: Stopping because end time detected by thread: Thread Group - until HTTP 503 - 208 users 1-26
2026-06-20 13:31:30,424 INFO o.a.j.t.JMeterThread: Stopping because end time detected by thread: Thread Group - until HTTP 503 - 208 users 1-31
2026-06-20 13:31:30,424 INFO o.a.j.t.JMeterThread: Stopping because end time detected by thread: Thread Group - until HTTP 503 - 208 users 1-32
2026-06-20 13:31:30,424 INFO o.a.j.t.JMeterThread: Stopping because end time detected by thread: Thread Group - until HTTP 503 - 208 users 1-5
2026-06-20 13:31:30,424 INFO o.a.j.t.JMeterThread: Thread finished: Thread Group - until HTTP 503 - 208 users 1-32
2026-06-20 13:31:30,424 INFO o.a.j.t.JMeterThread: Stopping because end time detected by thread: Thread Group - until HTTP 503 - 208 users 1-60
2026-06-20 13:31:30,424 INFO o.a.j.t.JMeterThread: Stopping because end time detected by thread: Thread Group - until HTTP 503 - 208 users 1-56
2026-06-20 13:31:30,424 INFO o.a.j.t.JMeterThread: Thread finished: Thread Group - until HTTP 503 - 208 users 1-5
2026-06-20 13:31:30,424 INFO o.a.j.t.JMeterThread: Stopping because end time detected by thread: Thread Group - until HTTP 503 - 208 users 1-91
2026-06-20 13:31:30,424 INFO o.a.j.t.JMeterThread: Thread finished: Thread Group - until HTTP 503 - 208 users 1-91
2026-06-20 13:31:30,424 INFO o.a.j.t.JMeterThread: Stopping because end time detected by thread: Thread Group - until HTTP 503 - 208 users 1-100
2026-06-20 13:31:30,424 INFO o.a.j.t.JMeterThread: Stopping because end time detected by thread: Thread Group - until HTTP 503 - 208 users 1-195
2026-06-20 13:31:30,423 INFO o.a.j.t.JMeterThread: Thread finished: Thread Group - until HTTP 503 - 208 users 1-126
2026-06-20 13:31:30,424 INFO o.a.j.t.JMeterThread: Stopping because end time detected by thread: Thread Group - until HTTP 503 - 208 users 1-101
2026-06-20 13:31:30,424 INFO o.a.j.t.JMeterThread: Thread finished: Thread Group - until HTTP 503 - 208 users 1-101
2026-06-20 13:31:30,424 INFO o.a.j.t.JMeterThread: Stopping because end time detected by thread: Thread Group - until HTTP 503 - 208 users 1-115
2026-06-20 13:31:30,424 INFO o.a.j.t.JMeterThread: Stopping because end time detected by thread: Thread Group - until HTTP 503 - 208 users 1-146
2026-06-20 13:31:30,424 INFO o.a.j.t.JMeterThread: Stopping because end time detected by thread: Thread Group - until HTTP 503 - 208 users 1-205
2026-06-20 13:31:30,424 INFO o.a.j.t.JMeterThread: Thread finished: Thread Group - until HTTP 503 - 208 users 1-115
2026-06-20 13:31:30,424 INFO o.a.j.t.JMeterThread: Thread finished: Thread Group - until HTTP 503 - 208 users 1-146
2026-06-20 13:31:30,424 INFO o.a.j.t.JMeterThread: Stopping because end time detected by thread: Thread Group - until HTTP 503 - 208 users 1-152
2026-06-20 13:31:30,424 INFO o.a.j.t.JMeterThread: Stopping because end time detected by thread: Thread Group - until HTTP 503 - 208 users 1-153
2026-06-20 13:31:30,425 INFO o.a.j.t.JMeterThread: Stopping because end time detected by thread: Thread Group - until HTTP 503 - 208 users 1-164
2026-06-20 13:31:30,425 INFO o.a.j.t.JMeterThread: Stopping because end time detected by thread: Thread Group - until HTTP 503 - 208 users 1-169
2026-06-20 13:31:30,425 INFO o.a.j.t.JMeterThread: Thread finished: Thread Group - until HTTP 503 - 208 users 1-164
2026-06-20 13:31:30,425 INFO o.a.j.t.JMeterThread: Stopping because end time detected by thread: Thread Group - until HTTP 503 - 208 users 1-188
2026-06-20 13:31:30,425 INFO o.a.j.t.JMeterThread: Thread finished: Thread Group - until HTTP 503 - 208 users 1-169
2026-06-20 13:31:30,425 INFO o.a.j.t.JMeterThread: Stopping because end time detected by thread: Thread Group - until HTTP 503 - 208 users 1-208
2026-06-20 13:31:30,424 INFO o.a.j.t.JMeterThread: Thread finished: Thread Group - until HTTP 503 - 208 users 1-161
2026-06-20 13:31:30,424 INFO o.a.j.t.JMeterThread: Thread finished: Thread Group - until HTTP 503 - 208 users 1-182
2026-06-20 13:31:30,424 INFO o.a.j.t.JMeterThread: Stopping because end time detected by thread: Thread Group - until HTTP 503 - 208 users 1-189
2026-06-20 13:31:30,424 INFO o.a.j.t.JMeterThread: Thread finished: Thread Group - until HTTP 503 - 208 users 1-199
2026-06-20 13:31:30,425 INFO o.a.j.t.JMeterThread: Stopping because end time detected by thread: Thread Group - until HTTP 503 - 208 users 1-190
2026-06-20 13:31:30,425 INFO o.a.j.t.JMeterThread: Thread finished: Thread Group - until HTTP 503 - 208 users 1-189
2026-06-20 13:31:30,425 INFO o.a.j.t.JMeterThread: Thread finished: Thread Group - until HTTP 503 - 208 users 1-190
2026-06-20 13:31:30,424 INFO o.a.j.t.JMeterThread: Stopping because end time detected by thread: Thread Group - until HTTP 503 - 208 users 1-17
2026-06-20 13:31:30,424 INFO o.a.j.t.JMeterThread: Stopping because end time detected by thread: Thread Group - until HTTP 503 - 208 users 1-44
2026-06-20 13:31:30,424 INFO o.a.j.t.JMeterThread: Stopping because end time detected by thread: Thread Group - until HTTP 503 - 208 users 1-41
2026-06-20 13:31:30,424 INFO o.a.j.t.JMeterThread: Thread finished: Thread Group - until HTTP 503 - 208 users 1-31
2026-06-20 13:31:30,425 INFO o.a.j.t.JMeterThread: Thread finished: Thread Group - until HTTP 503 - 208 users 1-26
2026-06-20 13:31:30,424 INFO o.a.j.t.JMeterThread: Stopping because end time detected by thread: Thread Group - until HTTP 503 - 208 users 1-49
2026-06-20 13:31:30,424 INFO o.a.j.t.JMeterThread: Stopping because end time detected by thread: Thread Group - until HTTP 503 - 208 users 1-54
2026-06-20 13:31:30,424 INFO o.a.j.t.JMeterThread: Stopping because end time detected by thread: Thread Group - until HTTP 503 - 208 users 1-63
2026-06-20 13:31:30,425 INFO o.a.j.t.JMeterThread: Thread finished: Thread Group - until HTTP 503 - 208 users 1-54
2026-06-20 13:31:30,425 INFO o.a.j.t.JMeterThread: Thread finished: Thread Group - until HTTP 503 - 208 users 1-63
2026-06-20 13:31:30,424 INFO o.a.j.t.JMeterThread: Stopping because end time detected by thread: Thread Group - until HTTP 503 - 208 users 1-89
2026-06-20 13:31:30,425 INFO o.a.j.t.JMeterThread: Thread finished: Thread Group - until HTTP 503 - 208 users 1-60
2026-06-20 13:31:30,424 INFO o.a.j.t.JMeterThread: Stopping because end time detected by thread: Thread Group - until HTTP 503 - 208 users 1-93
2026-06-20 13:31:30,424 INFO o.a.j.t.JMeterThread: Stopping because end time detected by thread: Thread Group - until HTTP 503 - 208 users 1-79
2026-06-20 13:31:30,425 INFO o.a.j.t.JMeterThread: Thread finished: Thread Group - until HTTP 503 - 208 users 1-93
2026-06-20 13:31:30,424 INFO o.a.j.t.JMeterThread: Stopping because end time detected by thread: Thread Group - until HTTP 503 - 208 users 1-104
2026-06-20 13:31:30,425 INFO o.a.j.t.JMeterThread: Thread finished: Thread Group - until HTTP 503 - 208 users 1-79
2026-06-20 13:31:30,425 INFO o.a.j.t.JMeterThread: Thread finished: Thread Group - until HTTP 503 - 208 users 1-195
2026-06-20 13:31:30,424 INFO o.a.j.t.JMeterThread: Stopping because end time detected by thread: Thread Group - until HTTP 503 - 208 users 1-105
2026-06-20 13:31:30,424 INFO o.a.j.t.JMeterThread: Thread finished: Thread Group - until HTTP 503 - 208 users 1-100
2026-06-20 13:31:30,426 INFO o.a.j.t.JMeterThread: Thread finished: Thread Group - until HTTP 503 - 208 users 1-105
2026-06-20 13:31:30,424 INFO o.a.j.t.JMeterThread: Stopping because end time detected by thread: Thread Group - until HTTP 503 - 208 users 1-76
2026-06-20 13:31:30,424 INFO o.a.j.t.JMeterThread: Stopping because end time detected by thread: Thread Group - until HTTP 503 - 208 users 1-147
2026-06-20 13:31:30,424 INFO o.a.j.t.JMeterThread: Stopping because end time detected by thread: Thread Group - until HTTP 503 - 208 users 1-149
2026-06-20 13:31:30,426 INFO o.a.j.t.JMeterThread: Thread finished: Thread Group - until HTTP 503 - 208 users 1-205
2026-06-20 13:31:30,424 INFO o.a.j.t.JMeterThread: Stopping because end time detected by thread: Thread Group - until HTTP 503 - 208 users 1-157
2026-06-20 13:31:30,425 INFO o.a.j.t.JMeterThread: Thread finished: Thread Group - until HTTP 503 - 208 users 1-152
2026-06-20 13:31:30,425 INFO o.a.j.t.JMeterThread: Stopping because end time detected by thread: Thread Group - until HTTP 503 - 208 users 1-183
2026-06-20 13:31:30,425 INFO o.a.j.t.JMeterThread: Stopping because end time detected by thread: Thread Group - until HTTP 503 - 208 users 1-175
2026-06-20 13:31:30,425 INFO o.a.j.t.JMeterThread: Stopping because end time detected by thread: Thread Group - until HTTP 503 - 208 users 1-114
2026-06-20 13:31:30,426 INFO o.a.j.t.JMeterThread: Thread finished: Thread Group - until HTTP 503 - 208 users 1-175
2026-06-20 13:31:30,426 INFO o.a.j.t.JMeterThread: Thread finished: Thread Group - until HTTP 503 - 208 users 1-114
2026-06-20 13:31:30,426 INFO o.a.j.t.JMeterThread: Stopping because end time detected by thread: Thread Group - until HTTP 503 - 208 users 1-75
2026-06-20 13:31:30,425 INFO o.a.j.t.JMeterThread: Stopping because end time detected by thread: Thread Group - until HTTP 503 - 208 users 1-158
2026-06-20 13:31:30,425 INFO o.a.j.t.JMeterThread: Thread finished: Thread Group - until HTTP 503 - 208 users 1-188
2026-06-20 13:31:30,425 INFO o.a.j.t.JMeterThread: Thread finished: Thread Group - until HTTP 503 - 208 users 1-208
2026-06-20 13:31:30,426 INFO o.a.j.t.JMeterThread: Thread finished: Thread Group - until HTTP 503 - 208 users 1-158
2026-06-20 13:31:30,425 INFO o.a.j.t.JMeterThread: Stopping because end time detected by thread: Thread Group - until HTTP 503 - 208 users 1-167
2026-06-20 13:31:30,425 INFO o.a.j.t.JMeterThread: Stopping because end time detected by thread: Thread Group - until HTTP 503 - 208 users 1-192
2026-06-20 13:31:30,425 INFO o.a.j.t.JMeterThread: Stopping because end time detected by thread: Thread Group - until HTTP 503 - 208 users 1-61
2026-06-20 13:31:30,425 INFO o.a.j.t.JMeterThread: Thread finished: Thread Group - until HTTP 503 - 208 users 1-17
2026-06-20 13:31:30,426 INFO o.a.j.t.JMeterThread: Thread finished: Thread Group - until HTTP 503 - 208 users 1-167
2026-06-20 13:31:30,426 INFO o.a.j.t.JMeterThread: Thread finished: Thread Group - until HTTP 503 - 208 users 1-61
2026-06-20 13:31:30,426 INFO o.a.j.t.JMeterThread: Stopping because end time detected by thread: Thread Group - until HTTP 503 - 208 users 1-112
2026-06-20 13:31:30,426 INFO o.a.j.t.JMeterThread: Thread finished: Thread Group - until HTTP 503 - 208 users 1-112
2026-06-20 13:31:30,425 INFO o.a.j.t.JMeterThread: Thread finished: Thread Group - until HTTP 503 - 208 users 1-44
2026-06-20 13:31:30,425 INFO o.a.j.t.JMeterThread: Thread finished: Thread Group - until HTTP 503 - 208 users 1-41
2026-06-20 13:31:30,425 INFO o.a.j.t.JMeterThread: Thread finished: Thread Group - until HTTP 503 - 208 users 1-49
2026-06-20 13:31:30,425 INFO o.a.j.t.JMeterThread: Thread finished: Thread Group - until HTTP 503 - 208 users 1-56
2026-06-20 13:31:30,425 INFO o.a.j.t.JMeterThread: Thread finished: Thread Group - until HTTP 503 - 208 users 1-89
2026-06-20 13:31:30,426 INFO o.a.j.t.JMeterThread: Thread finished: Thread Group - until HTTP 503 - 208 users 1-76
2026-06-20 13:31:30,426 INFO o.a.j.t.JMeterThread: Thread finished: Thread Group - until HTTP 503 - 208 users 1-147
2026-06-20 13:31:30,426 INFO o.a.j.t.JMeterThread: Thread finished: Thread Group - until HTTP 503 - 208 users 1-149
2026-06-20 13:31:30,427 INFO o.a.j.t.JMeterThread: Stopping because end time detected by thread: Thread Group - until HTTP 503 - 208 users 1-159
2026-06-20 13:31:30,426 INFO o.a.j.t.JMeterThread: Thread finished: Thread Group - until HTTP 503 - 208 users 1-157
2026-06-20 13:31:30,427 INFO o.a.j.t.JMeterThread: Thread finished: Thread Group - until HTTP 503 - 208 users 1-159
2026-06-20 13:31:30,426 INFO o.a.j.t.JMeterThread: Thread finished: Thread Group - until HTTP 503 - 208 users 1-153
2026-06-20 13:31:30,426 INFO o.a.j.t.JMeterThread: Thread finished: Thread Group - until HTTP 503 - 208 users 1-183
2026-06-20 13:31:30,426 INFO o.a.j.t.JMeterThread: Thread finished: Thread Group - until HTTP 503 - 208 users 1-75
2026-06-20 13:31:30,426 INFO o.a.j.t.JMeterThread: Thread finished: Thread Group - until HTTP 503 - 208 users 1-192
2026-06-20 13:31:30,427 INFO o.a.j.t.JMeterThread: Stopping because end time detected by thread: Thread Group - until HTTP 503 - 208 users 1-136
2026-06-20 13:31:30,427 INFO o.a.j.t.JMeterThread: Thread finished: Thread Group - until HTTP 503 - 208 users 1-104
2026-06-20 13:31:30,427 INFO o.a.j.t.JMeterThread: Thread finished: Thread Group - until HTTP 503 - 208 users 1-136
2026-06-20 13:31:30,428 INFO o.a.j.t.JMeterThread: Stopping because end time detected by thread: Thread Group - until HTTP 503 - 208 users 1-62
2026-06-20 13:31:30,428 INFO o.a.j.t.JMeterThread: Thread finished: Thread Group - until HTTP 503 - 208 users 1-62
2026-06-20 13:31:33,084 INFO o.a.j.t.JMeterThread: Stopping because end time detected by thread: Thread Group - until HTTP 503 - 208 users 1-28
2026-06-20 13:31:33,084 INFO o.a.j.t.JMeterThread: Stopping because end time detected by thread: Thread Group - until HTTP 503 - 208 users 1-90
2026-06-20 13:31:33,084 INFO o.a.j.t.JMeterThread: Stopping because end time detected by thread: Thread Group - until HTTP 503 - 208 users 1-43
2026-06-20 13:31:33,084 INFO o.a.j.t.JMeterThread: Stopping because end time detected by thread: Thread Group - until HTTP 503 - 208 users 1-13
2026-06-20 13:31:33,084 INFO o.a.j.t.JMeterThread: Thread finished: Thread Group - until HTTP 503 - 208 users 1-90
2026-06-20 13:31:33,084 INFO o.a.j.t.JMeterThread: Stopping because end time detected by thread: Thread Group - until HTTP 503 - 208 users 1-3
2026-06-20 13:31:33,084 INFO o.a.j.t.JMeterThread: Stopping because end time detected by thread: Thread Group - until HTTP 503 - 208 users 1-23
2026-06-20 13:31:33,084 INFO o.a.j.t.JMeterThread: Thread finished: Thread Group - until HTTP 503 - 208 users 1-43
2026-06-20 13:31:33,084 INFO o.a.j.t.JMeterThread: Stopping because end time detected by thread: Thread Group - until HTTP 503 - 208 users 1-9
2026-06-20 13:31:33,084 INFO o.a.j.t.JMeterThread: Stopping because end time detected by thread: Thread Group - until HTTP 503 - 208 users 1-125
2026-06-20 13:31:33,084 INFO o.a.j.t.JMeterThread: Stopping because end time detected by thread: Thread Group - until HTTP 503 - 208 users 1-74
2026-06-20 13:31:33,084 INFO o.a.j.t.JMeterThread: Stopping because end time detected by thread: Thread Group - until HTTP 503 - 208 users 1-16
2026-06-20 13:31:33,084 INFO o.a.j.t.JMeterThread: Stopping because end time detected by thread: Thread Group - until HTTP 503 - 208 users 1-69
2026-06-20 13:31:33,085 INFO o.a.j.t.JMeterThread: Stopping because end time detected by thread: Thread Group - until HTTP 503 - 208 users 1-55
2026-06-20 13:31:33,084 INFO o.a.j.t.JMeterThread: Stopping because end time detected by thread: Thread Group - until HTTP 503 - 208 users 1-20
2026-06-20 13:31:33,085 INFO o.a.j.t.JMeterThread: Stopping because end time detected by thread: Thread Group - until HTTP 503 - 208 users 1-117
2026-06-20 13:31:33,085 INFO o.a.j.t.JMeterThread: Thread finished: Thread Group - until HTTP 503 - 208 users 1-20
2026-06-20 13:31:33,085 INFO o.a.j.t.JMeterThread: Stopping because end time detected by thread: Thread Group - until HTTP 503 - 208 users 1-47
2026-06-20 13:31:33,085 INFO o.a.j.t.JMeterThread: Thread finished: Thread Group - until HTTP 503 - 208 users 1-47
2026-06-20 13:31:33,085 INFO o.a.j.t.JMeterThread: Stopping because end time detected by thread: Thread Group - until HTTP 503 - 208 users 1-187
2026-06-20 13:31:33,085 INFO o.a.j.t.JMeterThread: Stopping because end time detected by thread: Thread Group - until HTTP 503 - 208 users 1-194
2026-06-20 13:31:33,085 INFO o.a.j.t.JMeterThread: Thread finished: Thread Group - until HTTP 503 - 208 users 1-187
2026-06-20 13:31:33,085 INFO o.a.j.t.JMeterThread: Thread finished: Thread Group - until HTTP 503 - 208 users 1-194
2026-06-20 13:31:33,085 INFO o.a.j.t.JMeterThread: Stopping because end time detected by thread: Thread Group - until HTTP 503 - 208 users 1-196
2026-06-20 13:31:33,085 INFO o.a.j.t.JMeterThread: Stopping because end time detected by thread: Thread Group - until HTTP 503 - 208 users 1-165
2026-06-20 13:31:33,085 INFO o.a.j.t.JMeterThread: Thread finished: Thread Group - until HTTP 503 - 208 users 1-69
2026-06-20 13:31:33,085 INFO o.a.j.t.JMeterThread: Stopping because end time detected by thread: Thread Group - until HTTP 503 - 208 users 1-142
2026-06-20 13:31:33,085 INFO o.a.j.t.JMeterThread: Thread finished: Thread Group - until HTTP 503 - 208 users 1-142
2026-06-20 13:31:33,085 INFO o.a.j.t.JMeterThread: Stopping because end time detected by thread: Thread Group - until HTTP 503 - 208 users 1-150
2026-06-20 13:31:33,086 INFO o.a.j.t.JMeterThread: Thread finished: Thread Group - until HTTP 503 - 208 users 1-150
2026-06-20 13:31:33,086 INFO o.a.j.t.JMeterThread: Stopping because end time detected by thread: Thread Group - until HTTP 503 - 208 users 1-45
2026-06-20 13:31:33,086 INFO o.a.j.t.JMeterThread: Thread finished: Thread Group - until HTTP 503 - 208 users 1-45
2026-06-20 13:31:33,084 INFO o.a.j.t.JMeterThread: Stopping because end time detected by thread: Thread Group - until HTTP 503 - 208 users 1-148
2026-06-20 13:31:33,084 INFO o.a.j.t.JMeterThread: Stopping because end time detected by thread: Thread Group - until HTTP 503 - 208 users 1-2
2026-06-20 13:31:33,084 INFO o.a.j.t.JMeterThread: Stopping because end time detected by thread: Thread Group - until HTTP 503 - 208 users 1-168
2026-06-20 13:31:33,084 INFO o.a.j.t.JMeterThread: Stopping because end time detected by thread: Thread Group - until HTTP 503 - 208 users 1-21
2026-06-20 13:31:33,084 INFO o.a.j.t.JMeterThread: Stopping because end time detected by thread: Thread Group - until HTTP 503 - 208 users 1-52
2026-06-20 13:31:33,084 INFO o.a.j.t.JMeterThread: Stopping because end time detected by thread: Thread Group - until HTTP 503 - 208 users 1-151
2026-06-20 13:31:33,086 INFO o.a.j.t.JMeterThread: Thread finished: Thread Group - until HTTP 503 - 208 users 1-52
2026-06-20 13:31:33,084 INFO o.a.j.t.JMeterThread: Thread finished: Thread Group - until HTTP 503 - 208 users 1-13
2026-06-20 13:31:33,086 INFO o.a.j.t.JMeterThread: Thread finished: Thread Group - until HTTP 503 - 208 users 1-151
2026-06-20 13:31:33,084 INFO o.a.j.t.JMeterThread: Stopping because end time detected by thread: Thread Group - until HTTP 503 - 208 users 1-108
2026-06-20 13:31:33,084 INFO o.a.j.t.JMeterThread: Stopping because end time detected by thread: Thread Group - until HTTP 503 - 208 users 1-123
2026-06-20 13:31:33,084 INFO o.a.j.t.JMeterThread: Stopping because end time detected by thread: Thread Group - until HTTP 503 - 208 users 1-68
2026-06-20 13:31:33,086 INFO o.a.j.t.JMeterThread: Thread finished: Thread Group - until HTTP 503 - 208 users 1-108
2026-06-20 13:31:33,084 INFO o.a.j.t.JMeterThread: Thread finished: Thread Group - until HTTP 503 - 208 users 1-28
2026-06-20 13:31:33,084 INFO o.a.j.t.JMeterThread: Stopping because end time detected by thread: Thread Group - until HTTP 503 - 208 users 1-107
2026-06-20 13:31:33,084 INFO o.a.j.t.JMeterThread: Stopping because end time detected by thread: Thread Group - until HTTP 503 - 208 users 1-96
2026-06-20 13:31:33,086 INFO o.a.j.t.JMeterThread: Thread finished: Thread Group - until HTTP 503 - 208 users 1-107
2026-06-20 13:31:33,084 INFO o.a.j.t.JMeterThread: Stopping because end time detected by thread: Thread Group - until HTTP 503 - 208 users 1-138
2026-06-20 13:31:33,084 INFO o.a.j.t.JMeterThread: Stopping because end time detected by thread: Thread Group - until HTTP 503 - 208 users 1-111
2026-06-20 13:31:33,084 INFO o.a.j.t.JMeterThread: Stopping because end time detected by thread: Thread Group - until HTTP 503 - 208 users 1-141
2026-06-20 13:31:33,084 INFO o.a.j.t.JMeterThread: Stopping because end time detected by thread: Thread Group - until HTTP 503 - 208 users 1-113
2026-06-20 13:31:33,084 INFO o.a.j.t.JMeterThread: Thread finished: Thread Group - until HTTP 503 - 208 users 1-125
2026-06-20 13:31:33,085 INFO o.a.j.t.JMeterThread: Thread finished: Thread Group - until HTTP 503 - 208 users 1-74
2026-06-20 13:31:33,085 INFO o.a.j.t.JMeterThread: Stopping because end time detected by thread: Thread Group - until HTTP 503 - 208 users 1-144
2026-06-20 13:31:33,085 INFO o.a.j.t.JMeterThread: Stopping because end time detected by thread: Thread Group - until HTTP 503 - 208 users 1-124
2026-06-20 13:31:33,086 INFO o.a.j.t.JMeterThread: Thread finished: Thread Group - until HTTP 503 - 208 users 1-144
2026-06-20 13:31:33,086 INFO o.a.j.t.JMeterThread: Stopping because end time detected by thread: Thread Group - until HTTP 503 - 208 users 1-29
2026-06-20 13:31:33,086 INFO o.a.j.t.JMeterThread: Stopping because end time detected by thread: Thread Group - until HTTP 503 - 208 users 1-85
2026-06-20 13:31:33,086 INFO o.a.j.t.JMeterThread: Thread finished: Thread Group - until HTTP 503 - 208 users 1-29
2026-06-20 13:31:33,085 INFO o.a.j.t.JMeterThread: Thread finished: Thread Group - until HTTP 503 - 208 users 1-16
2026-06-20 13:31:33,086 INFO o.a.j.t.JMeterThread: Thread finished: Thread Group - until HTTP 503 - 208 users 1-85
2026-06-20 13:31:33,085 INFO o.a.j.t.JMeterThread: Stopping because end time detected by thread: Thread Group - until HTTP 503 - 208 users 1-155
2026-06-20 13:31:33,087 INFO o.a.j.t.JMeterThread: Stopping because end time detected by thread: Thread Group - until HTTP 503 - 208 users 1-134
2026-06-20 13:31:33,087 INFO o.a.j.t.JMeterThread: Thread finished: Thread Group - until HTTP 503 - 208 users 1-155
2026-06-20 13:31:33,087 INFO o.a.j.t.JMeterThread: Stopping because end time detected by thread: Thread Group - until HTTP 503 - 208 users 1-70
2026-06-20 13:31:33,085 INFO o.a.j.t.JMeterThread: Stopping because end time detected by thread: Thread Group - until HTTP 503 - 208 users 1-177
2026-06-20 13:31:33,085 INFO o.a.j.t.JMeterThread: Stopping because end time detected by thread: Thread Group - until HTTP 503 - 208 users 1-98
2026-06-20 13:31:33,087 INFO o.a.j.t.JMeterThread: Thread finished: Thread Group - until HTTP 503 - 208 users 1-70
2026-06-20 13:31:33,087 INFO o.a.j.t.JMeterThread: Thread finished: Thread Group - until HTTP 503 - 208 users 1-177
2026-06-20 13:31:33,087 INFO o.a.j.t.JMeterThread: Stopping because end time detected by thread: Thread Group - until HTTP 503 - 208 users 1-35
2026-06-20 13:31:33,087 INFO o.a.j.t.JMeterThread: Stopping because end time detected by thread: Thread Group - until HTTP 503 - 208 users 1-121
2026-06-20 13:31:33,087 INFO o.a.j.t.JMeterThread: Stopping because end time detected by thread: Thread Group - until HTTP 503 - 208 users 1-103
2026-06-20 13:31:33,087 INFO o.a.j.t.JMeterThread: Thread finished: Thread Group - until HTTP 503 - 208 users 1-121
2026-06-20 13:31:33,088 INFO o.a.j.t.JMeterThread: Thread finished: Thread Group - until HTTP 503 - 208 users 1-103
2026-06-20 13:31:33,085 INFO o.a.j.t.JMeterThread: Stopping because end time detected by thread: Thread Group - until HTTP 503 - 208 users 1-176
2026-06-20 13:31:33,088 INFO o.a.j.t.JMeterThread: Stopping because end time detected by thread: Thread Group - until HTTP 503 - 208 users 1-143
2026-06-20 13:31:33,085 INFO o.a.j.t.JMeterThread: Thread finished: Thread Group - until HTTP 503 - 208 users 1-117
2026-06-20 13:31:33,088 INFO o.a.j.t.JMeterThread: Stopping because end time detected by thread: Thread Group - until HTTP 503 - 208 users 1-50
2026-06-20 13:31:33,085 INFO o.a.j.t.JMeterThread: Stopping because end time detected by thread: Thread Group - until HTTP 503 - 208 users 1-186
2026-06-20 13:31:33,085 INFO o.a.j.t.JMeterThread: Stopping because end time detected by thread: Thread Group - until HTTP 503 - 208 users 1-184
2026-06-20 13:31:33,088 INFO o.a.j.t.JMeterThread: Thread finished: Thread Group - until HTTP 503 - 208 users 1-50
2026-06-20 13:31:33,085 INFO o.a.j.t.JMeterThread: Stopping because end time detected by thread: Thread Group - until HTTP 503 - 208 users 1-178
2026-06-20 13:31:33,085 INFO o.a.j.t.JMeterThread: Stopping because end time detected by thread: Thread Group - until HTTP 503 - 208 users 1-36
2026-06-20 13:31:33,088 INFO o.a.j.t.JMeterThread: Stopping because end time detected by thread: Thread Group - until HTTP 503 - 208 users 1-201
2026-06-20 13:31:33,085 INFO o.a.j.t.JMeterThread: Thread finished: Thread Group - until HTTP 503 - 208 users 1-196
2026-06-20 13:31:33,085 INFO o.a.j.t.JMeterThread: Thread finished: Thread Group - until HTTP 503 - 208 users 1-165
2026-06-20 13:31:33,085 INFO o.a.j.t.JMeterThread: Stopping because end time detected by thread: Thread Group - until HTTP 503 - 208 users 1-65
2026-06-20 13:31:33,086 INFO o.a.j.t.JMeterThread: Thread finished: Thread Group - until HTTP 503 - 208 users 1-148
2026-06-20 13:31:33,086 INFO o.a.j.t.JMeterThread: Thread finished: Thread Group - until HTTP 503 - 208 users 1-2
2026-06-20 13:31:33,086 INFO o.a.j.t.JMeterThread: Thread finished: Thread Group - until HTTP 503 - 208 users 1-168
2026-06-20 13:31:33,086 INFO o.a.j.t.JMeterThread: Thread finished: Thread Group - until HTTP 503 - 208 users 1-21
2026-06-20 13:31:33,088 INFO o.a.j.t.JMeterThread: Stopping because end time detected by thread: Thread Group - until HTTP 503 - 208 users 1-166
2026-06-20 13:31:33,086 INFO o.a.j.t.JMeterThread: Thread finished: Thread Group - until HTTP 503 - 208 users 1-3
2026-06-20 13:31:33,086 INFO o.a.j.t.JMeterThread: Thread finished: Thread Group - until HTTP 503 - 208 users 1-23
2026-06-20 13:31:33,086 INFO o.a.j.t.JMeterThread: Stopping because end time detected by thread: Thread Group - until HTTP 503 - 208 users 1-137
2026-06-20 13:31:33,086 INFO o.a.j.t.JMeterThread: Thread finished: Thread Group - until HTTP 503 - 208 users 1-9
2026-06-20 13:31:33,088 INFO o.a.j.t.JMeterThread: Thread finished: Thread Group - until HTTP 503 - 208 users 1-137
2026-06-20 13:31:33,089 INFO o.a.j.t.JMeterThread: Stopping because end time detected by thread: Thread Group - until HTTP 503 - 208 users 1-170
2026-06-20 13:31:33,089 INFO o.a.j.t.JMeterThread: Thread finished: Thread Group - until HTTP 503 - 208 users 1-170
2026-06-20 13:31:33,086 INFO o.a.j.t.JMeterThread: Thread finished: Thread Group - until HTTP 503 - 208 users 1-123
2026-06-20 13:31:33,086 INFO o.a.j.t.JMeterThread: Thread finished: Thread Group - until HTTP 503 - 208 users 1-96
2026-06-20 13:31:33,086 INFO o.a.j.t.JMeterThread: Thread finished: Thread Group - until HTTP 503 - 208 users 1-138
2026-06-20 13:31:33,086 INFO o.a.j.t.JMeterThread: Thread finished: Thread Group - until HTTP 503 - 208 users 1-111
2026-06-20 13:31:33,086 INFO o.a.j.t.JMeterThread: Thread finished: Thread Group - until HTTP 503 - 208 users 1-141
2026-06-20 13:31:33,086 INFO o.a.j.t.JMeterThread: Thread finished: Thread Group - until HTTP 503 - 208 users 1-113
2026-06-20 13:31:33,086 INFO o.a.j.t.JMeterThread: Stopping because end time detected by thread: Thread Group - until HTTP 503 - 208 users 1-53
2026-06-20 13:31:33,086 INFO o.a.j.t.JMeterThread: Stopping because end time detected by thread: Thread Group - until HTTP 503 - 208 users 1-73
2026-06-20 13:31:33,086 INFO o.a.j.t.JMeterThread: Stopping because end time detected by thread: Thread Group - until HTTP 503 - 208 users 1-42
2026-06-20 13:31:33,086 INFO o.a.j.t.JMeterThread: Stopping because end time detected by thread: Thread Group - until HTTP 503 - 208 users 1-40
2026-06-20 13:31:33,089 INFO o.a.j.t.JMeterThread: Stopping because end time detected by thread: Thread Group - until HTTP 503 - 208 users 1-173
2026-06-20 13:31:33,089 INFO o.a.j.t.JMeterThread: Thread finished: Thread Group - until HTTP 503 - 208 users 1-53
2026-06-20 13:31:33,086 INFO o.a.j.t.JMeterThread: Thread finished: Thread Group - until HTTP 503 - 208 users 1-55
2026-06-20 13:31:33,089 INFO o.a.j.t.JMeterThread: Thread finished: Thread Group - until HTTP 503 - 208 users 1-40
2026-06-20 13:31:33,089 INFO o.a.j.t.JMeterThread: Thread finished: Thread Group - until HTTP 503 - 208 users 1-173
2026-06-20 13:31:33,086 INFO o.a.j.t.JMeterThread: Thread finished: Thread Group - until HTTP 503 - 208 users 1-124
2026-06-20 13:31:33,087 INFO o.a.j.t.JMeterThread: Stopping because end time detected by thread: Thread Group - until HTTP 503 - 208 users 1-67
2026-06-20 13:31:33,087 INFO o.a.j.t.JMeterThread: Stopping because end time detected by thread: Thread Group - until HTTP 503 - 208 users 1-197
2026-06-20 13:31:33,087 INFO o.a.j.t.JMeterThread: Stopping because end time detected by thread: Thread Group - until HTTP 503 - 208 users 1-39
2026-06-20 13:31:33,089 INFO o.a.j.t.JMeterThread: Thread finished: Thread Group - until HTTP 503 - 208 users 1-67
2026-06-20 13:31:33,087 INFO o.a.j.t.JMeterThread: Thread finished: Thread Group - until HTTP 503 - 208 users 1-134
2026-06-20 13:31:33,089 INFO o.a.j.t.JMeterThread: Thread finished: Thread Group - until HTTP 503 - 208 users 1-39
2026-06-20 13:31:33,087 INFO o.a.j.t.JMeterThread: Stopping because end time detected by thread: Thread Group - until HTTP 503 - 208 users 1-129
2026-06-20 13:31:33,089 INFO o.a.j.t.JMeterThread: Thread finished: Thread Group - until HTTP 503 - 208 users 1-98
2026-06-20 13:31:33,087 INFO o.a.j.t.JMeterThread: Stopping because end time detected by thread: Thread Group - until HTTP 503 - 208 users 1-110
2026-06-20 13:31:33,087 INFO o.a.j.t.JMeterThread: Stopping because end time detected by thread: Thread Group - until HTTP 503 - 208 users 1-94
2026-06-20 13:31:33,087 INFO o.a.j.t.JMeterThread: Thread finished: Thread Group - until HTTP 503 - 208 users 1-35
2026-06-20 13:31:33,089 INFO o.a.j.t.JMeterThread: Thread finished: Thread Group - until HTTP 503 - 208 users 1-110
2026-06-20 13:31:33,089 INFO o.a.j.t.JMeterThread: Stopping because end time detected by thread: Thread Group - until HTTP 503 - 208 users 1-119
2026-06-20 13:31:33,088 INFO o.a.j.t.JMeterThread: Stopping because end time detected by thread: Thread Group - until HTTP 503 - 208 users 1-109
2026-06-20 13:31:33,088 INFO o.a.j.t.JMeterThread: Thread finished: Thread Group - until HTTP 503 - 208 users 1-176
2026-06-20 13:31:33,089 INFO o.a.j.t.JMeterThread: Thread finished: Thread Group - until HTTP 503 - 208 users 1-143
2026-06-20 13:31:33,088 INFO o.a.j.t.JMeterThread: Stopping because end time detected by thread: Thread Group - until HTTP 503 - 208 users 1-200
2026-06-20 13:31:33,088 INFO o.a.j.t.JMeterThread: Thread finished: Thread Group - until HTTP 503 - 208 users 1-186
2026-06-20 13:31:33,089 INFO o.a.j.t.JMeterThread: Thread finished: Thread Group - until HTTP 503 - 208 users 1-200
2026-06-20 13:31:33,088 INFO o.a.j.t.JMeterThread: Stopping because end time detected by thread: Thread Group - until HTTP 503 - 208 users 1-132
2026-06-20 13:31:33,088 INFO o.a.j.t.JMeterThread: Thread finished: Thread Group - until HTTP 503 - 208 users 1-178
2026-06-20 13:31:33,088 INFO o.a.j.t.JMeterThread: Thread finished: Thread Group - until HTTP 503 - 208 users 1-36
2026-06-20 13:31:33,088 INFO o.a.j.t.JMeterThread: Thread finished: Thread Group - until HTTP 503 - 208 users 1-201
2026-06-20 13:31:33,088 INFO o.a.j.t.JMeterThread: Thread finished: Thread Group - until HTTP 503 - 208 users 1-65
2026-06-20 13:31:33,090 INFO o.a.j.t.JMeterThread: Stopping because end time detected by thread: Thread Group - until HTTP 503 - 208 users 1-57
2026-06-20 13:31:33,088 INFO o.a.j.t.JMeterThread: Thread finished: Thread Group - until HTTP 503 - 208 users 1-166
2026-06-20 13:31:33,088 INFO o.a.j.t.JMeterThread: Thread finished: Thread Group - until HTTP 503 - 208 users 1-68
2026-06-20 13:31:33,089 INFO o.a.j.t.JMeterThread: Stopping because end time detected by thread: Thread Group - until HTTP 503 - 208 users 1-97
2026-06-20 13:31:33,089 INFO o.a.j.t.JMeterThread: Thread finished: Thread Group - until HTTP 503 - 208 users 1-73
2026-06-20 13:31:33,089 INFO o.a.j.t.JMeterThread: Thread finished: Thread Group - until HTTP 503 - 208 users 1-42
2026-06-20 13:31:33,089 INFO o.a.j.t.JMeterThread: Thread finished: Thread Group - until HTTP 503 - 208 users 1-197
2026-06-20 13:31:33,090 INFO o.a.j.t.JMeterThread: Stopping because end time detected by thread: Thread Group - until HTTP 503 - 208 users 1-15
2026-06-20 13:31:33,090 INFO o.a.j.t.JMeterThread: Thread finished: Thread Group - until HTTP 503 - 208 users 1-15
2026-06-20 13:31:33,089 INFO o.a.j.t.JMeterThread: Thread finished: Thread Group - until HTTP 503 - 208 users 1-94
2026-06-20 13:31:33,089 INFO o.a.j.t.JMeterThread: Thread finished: Thread Group - until HTTP 503 - 208 users 1-109
2026-06-20 13:31:33,090 INFO o.a.j.t.JMeterThread: Thread finished: Thread Group - until HTTP 503 - 208 users 1-129
2026-06-20 13:31:33,089 INFO o.a.j.t.JMeterThread: Stopping because end time detected by thread: Thread Group - until HTTP 503 - 208 users 1-179
2026-06-20 13:31:33,090 INFO o.a.j.t.JMeterThread: Thread finished: Thread Group - until HTTP 503 - 208 users 1-119
2026-06-20 13:31:33,089 INFO o.a.j.t.JMeterThread: Thread finished: Thread Group - until HTTP 503 - 208 users 1-184
2026-06-20 13:31:33,090 INFO o.a.j.t.JMeterThread: Thread finished: Thread Group - until HTTP 503 - 208 users 1-132
2026-06-20 13:31:33,090 INFO o.a.j.t.JMeterThread: Thread finished: Thread Group - until HTTP 503 - 208 users 1-57
2026-06-20 13:31:33,090 INFO o.a.j.t.JMeterThread: Stopping because end time detected by thread: Thread Group - until HTTP 503 - 208 users 1-133
2026-06-20 13:31:33,090 INFO o.a.j.t.JMeterThread: Thread finished: Thread Group - until HTTP 503 - 208 users 1-97
2026-06-20 13:31:33,090 INFO o.a.j.t.JMeterThread: Thread finished: Thread Group - until HTTP 503 - 208 users 1-133
2026-06-20 13:31:33,090 INFO o.a.j.t.JMeterThread: Thread finished: Thread Group - until HTTP 503 - 208 users 1-179
2026-06-20 13:31:33,093 INFO o.a.j.t.JMeterThread: Stopping because end time detected by thread: Thread Group - until HTTP 503 - 208 users 1-4
2026-06-20 13:31:33,093 INFO o.a.j.t.JMeterThread: Thread finished: Thread Group - until HTTP 503 - 208 users 1-4
2026-06-20 13:31:33,133 INFO o.a.j.t.JMeterThread: Stopping because end time detected by thread: Thread Group - until HTTP 503 - 208 users 1-135
2026-06-20 13:31:33,133 INFO o.a.j.t.JMeterThread: Thread finished: Thread Group - until HTTP 503 - 208 users 1-135
2026-06-20 13:31:33,205 INFO o.a.j.t.JMeterThread: Stopping because end time detected by thread: Thread Group - until HTTP 503 - 208 users 1-51
2026-06-20 13:31:33,205 INFO o.a.j.t.JMeterThread: Thread finished: Thread Group - until HTTP 503 - 208 users 1-51
2026-06-20 13:31:33,240 INFO o.a.j.t.JMeterThread: Stopping because end time detected by thread: Thread Group - until HTTP 503 - 208 users 1-193
2026-06-20 13:31:33,240 INFO o.a.j.t.JMeterThread: Thread finished: Thread Group - until HTTP 503 - 208 users 1-193
2026-06-20 13:31:33,274 INFO o.a.j.t.JMeterThread: Stopping because end time detected by thread: Thread Group - until HTTP 503 - 208 users 1-198
2026-06-20 13:31:33,274 INFO o.a.j.t.JMeterThread: Thread finished: Thread Group - until HTTP 503 - 208 users 1-198
2026-06-20 13:31:33,329 INFO o.a.j.t.JMeterThread: Stopping because end time detected by thread: Thread Group - until HTTP 503 - 208 users 1-25
2026-06-20 13:31:33,329 INFO o.a.j.t.JMeterThread: Thread finished: Thread Group - until HTTP 503 - 208 users 1-25
2026-06-20 13:31:33,382 INFO o.a.j.t.JMeterThread: Stopping because end time detected by thread: Thread Group - until HTTP 503 - 208 users 1-171
2026-06-20 13:31:33,382 INFO o.a.j.t.JMeterThread: Thread finished: Thread Group - until HTTP 503 - 208 users 1-171
2026-06-20 13:31:33,417 INFO o.a.j.t.JMeterThread: Stopping because end time detected by thread: Thread Group - until HTTP 503 - 208 users 1-207
2026-06-20 13:31:33,417 INFO o.a.j.t.JMeterThread: Thread finished: Thread Group - until HTTP 503 - 208 users 1-207
2026-06-20 13:31:33,459 INFO o.a.j.t.JMeterThread: Stopping because end time detected by thread: Thread Group - until HTTP 503 - 208 users 1-64
2026-06-20 13:31:33,459 INFO o.a.j.t.JMeterThread: Thread finished: Thread Group - until HTTP 503 - 208 users 1-64
2026-06-20 13:31:33,468 INFO o.a.j.t.JMeterThread: Stopping because end time detected by thread: Thread Group - until HTTP 503 - 208 users 1-82
2026-06-20 13:31:33,468 INFO o.a.j.t.JMeterThread: Stopping because end time detected by thread: Thread Group - until HTTP 503 - 208 users 1-95
2026-06-20 13:31:33,468 INFO o.a.j.t.JMeterThread: Thread finished: Thread Group - until HTTP 503 - 208 users 1-82
2026-06-20 13:31:33,468 INFO o.a.j.t.JMeterThread: Thread finished: Thread Group - until HTTP 503 - 208 users 1-95
2026-06-20 13:31:33,469 INFO o.a.j.t.JMeterThread: Stopping because end time detected by thread: Thread Group - until HTTP 503 - 208 users 1-48
2026-06-20 13:31:33,469 INFO o.a.j.t.JMeterThread: Stopping because end time detected by thread: Thread Group - until HTTP 503 - 208 users 1-86
2026-06-20 13:31:33,469 INFO o.a.j.t.JMeterThread: Stopping because end time detected by thread: Thread Group - until HTTP 503 - 208 users 1-84
2026-06-20 13:31:33,469 INFO o.a.j.t.JMeterThread: Stopping because end time detected by thread: Thread Group - until HTTP 503 - 208 users 1-99
2026-06-20 13:31:33,469 INFO o.a.j.t.JMeterThread: Thread finished: Thread Group - until HTTP 503 - 208 users 1-48
2026-06-20 13:31:33,469 INFO o.a.j.t.JMeterThread: Thread finished: Thread Group - until HTTP 503 - 208 users 1-99
2026-06-20 13:31:33,469 INFO o.a.j.t.JMeterThread: Thread finished: Thread Group - until HTTP 503 - 208 users 1-86
2026-06-20 13:31:33,469 INFO o.a.j.t.JMeterThread: Thread finished: Thread Group - until HTTP 503 - 208 users 1-84
2026-06-20 13:31:33,470 INFO o.a.j.t.JMeterThread: Stopping because end time detected by thread: Thread Group - until HTTP 503 - 208 users 1-191
2026-06-20 13:31:33,470 INFO o.a.j.t.JMeterThread: Stopping because end time detected by thread: Thread Group - until HTTP 503 - 208 users 1-92
2026-06-20 13:31:33,470 INFO o.a.j.t.JMeterThread: Stopping because end time detected by thread: Thread Group - until HTTP 503 - 208 users 1-174
2026-06-20 13:31:33,470 INFO o.a.j.t.JMeterThread: Thread finished: Thread Group - until HTTP 503 - 208 users 1-92
2026-06-20 13:31:33,470 INFO o.a.j.t.JMeterThread: Stopping because end time detected by thread: Thread Group - until HTTP 503 - 208 users 1-87
2026-06-20 13:31:33,470 INFO o.a.j.t.JMeterThread: Thread finished: Thread Group - until HTTP 503 - 208 users 1-174
2026-06-20 13:31:33,470 INFO o.a.j.t.JMeterThread: Stopping because end time detected by thread: Thread Group - until HTTP 503 - 208 users 1-81
2026-06-20 13:31:33,470 INFO o.a.j.t.JMeterThread: Thread finished: Thread Group - until HTTP 503 - 208 users 1-191
2026-06-20 13:31:33,470 INFO o.a.j.t.JMeterThread: Thread finished: Thread Group - until HTTP 503 - 208 users 1-81
2026-06-20 13:31:33,470 INFO o.a.j.t.JMeterThread: Thread finished: Thread Group - until HTTP 503 - 208 users 1-87
2026-06-20 13:31:33,471 INFO o.a.j.t.JMeterThread: Stopping because end time detected by thread: Thread Group - until HTTP 503 - 208 users 1-172
2026-06-20 13:31:33,471 INFO o.a.j.t.JMeterThread: Stopping because end time detected by thread: Thread Group - until HTTP 503 - 208 users 1-154
2026-06-20 13:31:33,471 INFO o.a.j.t.JMeterThread: Stopping because end time detected by thread: Thread Group - until HTTP 503 - 208 users 1-19
2026-06-20 13:31:33,471 INFO o.a.j.t.JMeterThread: Stopping because end time detected by thread: Thread Group - until HTTP 503 - 208 users 1-66
2026-06-20 13:31:33,471 INFO o.a.j.t.JMeterThread: Thread finished: Thread Group - until HTTP 503 - 208 users 1-172
2026-06-20 13:31:33,471 INFO o.a.j.t.JMeterThread: Thread finished: Thread Group - until HTTP 503 - 208 users 1-19
2026-06-20 13:31:33,472 INFO o.a.j.t.JMeterThread: Thread finished: Thread Group - until HTTP 503 - 208 users 1-66
2026-06-20 13:31:33,472 INFO o.a.j.t.JMeterThread: Thread finished: Thread Group - until HTTP 503 - 208 users 1-154
2026-06-20 13:31:33,472 INFO o.a.j.t.JMeterThread: Stopping because end time detected by thread: Thread Group - until HTTP 503 - 208 users 1-24
2026-06-20 13:31:33,472 INFO o.a.j.t.JMeterThread: Stopping because end time detected by thread: Thread Group - until HTTP 503 - 208 users 1-38
2026-06-20 13:31:33,472 INFO o.a.j.t.JMeterThread: Stopping because end time detected by thread: Thread Group - until HTTP 503 - 208 users 1-102
2026-06-20 13:31:33,472 INFO o.a.j.t.JMeterThread: Thread finished: Thread Group - until HTTP 503 - 208 users 1-38
2026-06-20 13:31:33,472 INFO o.a.j.t.JMeterThread: Thread finished: Thread Group - until HTTP 503 - 208 users 1-102
2026-06-20 13:31:33,472 INFO o.a.j.t.JMeterThread: Thread finished: Thread Group - until HTTP 503 - 208 users 1-24
2026-06-20 13:31:33,472 INFO o.a.j.t.JMeterThread: Stopping because end time detected by thread: Thread Group - until HTTP 503 - 208 users 1-78
2026-06-20 13:31:33,472 INFO o.a.j.t.JMeterThread: Thread finished: Thread Group - until HTTP 503 - 208 users 1-78
2026-06-20 13:31:33,474 INFO o.a.j.t.JMeterThread: Stopping because end time detected by thread: Thread Group - until HTTP 503 - 208 users 1-80
2026-06-20 13:31:33,474 INFO o.a.j.t.JMeterThread: Stopping because end time detected by thread: Thread Group - until HTTP 503 - 208 users 1-88
2026-06-20 13:31:33,474 INFO o.a.j.t.JMeterThread: Thread finished: Thread Group - until HTTP 503 - 208 users 1-80
2026-06-20 13:31:33,474 INFO o.a.j.t.JMeterThread: Thread finished: Thread Group - until HTTP 503 - 208 users 1-88
2026-06-20 13:31:33,474 INFO o.a.j.e.StandardJMeterEngine: Notifying test listeners of end of test
2026-06-20 13:31:33,474 INFO o.a.j.r.Summariser: summary +    203 in 00:00:03 =   66.5/s Avg:  5384 Min:  3642 Max:  9524 Err:   203 (100.00%) Active: 0 Started: 208 Finished: 208
2026-06-20 13:31:33,474 INFO o.a.j.r.Summariser: summary =   2900 in 00:01:36 =   30.3/s Avg:  4607 Min:   334 Max: 11156 Err:  2695 (92.93%)
2026-06-20 13:31:33,475 INFO o.a.j.JMeter: Generating Dashboard
2026-06-20 13:31:33,475 INFO o.a.j.r.d.ReportGenerator: Flushing result collector before report Generation
2026-06-20 13:31:33,482 INFO o.a.j.r.p.NormalizerSampleConsumer: Using format, 'ms', to parse timeStamp field
2026-06-20 13:31:33,633 INFO o.a.j.r.p.AbstractSampleConsumer: class org.apache.jmeter.report.processor.AggregateConsumer#stopProducing(): beginDate produced 0 samples
2026-06-20 13:31:33,633 INFO o.a.j.r.p.AbstractSampleConsumer: class org.apache.jmeter.report.processor.AggregateConsumer#stopProducing(): endDate produced 0 samples
2026-06-20 13:31:33,634 INFO o.a.j.r.p.AbstractSampleConsumer: class org.apache.jmeter.report.processor.ApdexSummaryConsumer#stopProducing(): apdexSummary produced 0 samples
2026-06-20 13:31:33,635 INFO o.a.j.r.p.AbstractSampleConsumer: class org.apache.jmeter.report.processor.RequestsSummaryConsumer#stopProducing(): requestsSummary produced 0 samples
2026-06-20 13:31:33,640 INFO o.a.j.r.p.AbstractSampleConsumer: class org.apache.jmeter.report.processor.StatisticsSummaryConsumer#stopProducing(): statisticsSummary produced 0 samples
2026-06-20 13:31:33,643 INFO o.a.j.r.p.AbstractSampleConsumer: class org.apache.jmeter.report.processor.Top5ErrorsBySamplerConsumer#stopProducing(): top5ErrorsBySampler produced 0 samples
2026-06-20 13:31:33,644 INFO o.a.j.r.p.AbstractSampleConsumer: class org.apache.jmeter.report.processor.ErrorsSummaryConsumer#stopProducing(): errorsSummary produced 0 samples
2026-06-20 13:31:33,644 INFO o.a.j.r.p.AbstractSampleConsumer: class org.apache.jmeter.report.processor.graph.impl.HitsPerSecondGraphConsumer#stopProducing(): hitsPerSecond produced 0 samples
2026-06-20 13:31:33,680 INFO o.a.j.r.p.AbstractSampleConsumer: class org.apache.jmeter.report.processor.graph.impl.LatencyVSRequestGraphConsumer#stopProducing(): latencyVsRequest produced 0 samples
2026-06-20 13:31:33,681 INFO o.a.j.r.p.AbstractSampleConsumer: class org.apache.jmeter.report.processor.graph.impl.SyntheticResponseTimeDistributionGraphConsumer#stopProducing(): syntheticResponseTimeDistribution produced 0 samples
2026-06-20 13:31:33,682 INFO o.a.j.r.p.AbstractSampleConsumer: class org.apache.jmeter.report.processor.graph.impl.BytesThroughputGraphConsumer#stopProducing(): bytesThroughputOverTime produced 0 samples
2026-06-20 13:31:33,682 INFO o.a.j.r.p.AbstractSampleConsumer: class org.apache.jmeter.report.processor.graph.impl.CodesPerSecondGraphConsumer#stopProducing(): codesPerSecond produced 0 samples
2026-06-20 13:31:33,696 INFO o.a.j.r.p.AbstractSampleConsumer: class org.apache.jmeter.report.processor.graph.impl.ResponseTimeVSRequestGraphConsumer#stopProducing(): responseTimeVsRequest produced 0 samples
2026-06-20 13:31:33,697 INFO o.a.j.r.p.AbstractSampleConsumer: class org.apache.jmeter.report.processor.FilterConsumer#stopProducing(): startIntervalControlerFilter produced 20300 samples
2026-06-20 13:31:33,697 INFO o.a.j.r.p.AbstractSampleConsumer: class org.apache.jmeter.report.processor.graph.impl.TotalTPSGraphConsumer#stopProducing(): totalTPS produced 0 samples
2026-06-20 13:31:33,697 INFO o.a.j.r.p.AbstractSampleConsumer: class org.apache.jmeter.report.processor.graph.impl.ActiveThreadsGraphConsumer#stopProducing(): activeThreadsOverTime produced 0 samples
2026-06-20 13:31:33,698 INFO o.a.j.r.p.AbstractSampleConsumer: class org.apache.jmeter.report.processor.graph.impl.TimeVSThreadGraphConsumer#stopProducing(): timeVsThreads produced 0 samples
2026-06-20 13:31:33,698 INFO o.a.j.r.p.AbstractSampleConsumer: class org.apache.jmeter.report.processor.graph.impl.ResponseTimeDistributionGraphConsumer#stopProducing(): responseTimeDistribution produced 0 samples
2026-06-20 13:31:33,698 INFO o.a.j.r.p.AbstractSampleConsumer: class org.apache.jmeter.report.processor.graph.impl.TransactionsPerSecondGraphConsumer#stopProducing(): transactionsPerSecond produced 0 samples
2026-06-20 13:31:33,698 INFO o.a.j.r.p.AbstractSampleConsumer: class org.apache.jmeter.report.processor.graph.impl.ResponseTimePercentilesGraphConsumer#stopProducing(): responseTimePercentiles produced 0 samples
2026-06-20 13:31:33,701 INFO o.a.j.r.p.AbstractSampleConsumer: class org.apache.jmeter.report.processor.graph.impl.ResponseTimePercentilesOverTimeGraphConsumer#stopProducing(): responseTimePercentilesOverTime produced 0 samples
2026-06-20 13:31:33,701 INFO o.a.j.r.p.AbstractSampleConsumer: class org.apache.jmeter.report.processor.graph.impl.ResponseTimeOverTimeGraphConsumer#stopProducing(): responseTimesOverTime produced 0 samples
2026-06-20 13:31:33,701 INFO o.a.j.r.p.AbstractSampleConsumer: class org.apache.jmeter.report.processor.graph.impl.ConnectTimeOverTimeGraphConsumer#stopProducing(): connectTimeOverTime produced 0 samples
2026-06-20 13:31:33,701 INFO o.a.j.r.p.AbstractSampleConsumer: class org.apache.jmeter.report.processor.graph.impl.LatencyOverTimeGraphConsumer#stopProducing(): latenciesOverTime produced 0 samples
2026-06-20 13:31:33,701 INFO o.a.j.r.p.AbstractSampleConsumer: class org.apache.jmeter.report.processor.FilterConsumer#stopProducing(): nameFilter produced 43500 samples
2026-06-20 13:31:33,701 INFO o.a.j.r.p.AbstractSampleConsumer: class org.apache.jmeter.report.processor.FilterConsumer#stopProducing(): dateRangeFilter produced 8700 samples
2026-06-20 13:31:33,701 INFO o.a.j.r.p.AbstractSampleConsumer: class org.apache.jmeter.report.processor.NormalizerSampleConsumer#stopProducing(): normalizer produced 2900 samples
2026-06-20 13:31:33,702 INFO o.a.j.r.p.CsvFileSampleSource: produce(): 2900 samples produced in 202ms on channel 0
2026-06-20 13:31:33,702 INFO o.a.j.r.d.ReportGenerator: Exporting data using exporter:'json' of className:'org.apache.jmeter.report.dashboard.JsonExporter'
2026-06-20 13:31:33,748 INFO o.a.j.r.d.JsonExporter: Found data for consumer statisticsSummary in context
2026-06-20 13:31:33,748 INFO o.a.j.r.d.JsonExporter: Creating statistics for overall
2026-06-20 13:31:33,749 INFO o.a.j.r.d.JsonExporter: Creating statistics for other transactions
2026-06-20 13:31:33,749 INFO o.a.j.r.d.JsonExporter: Checking output folder
2026-06-20 13:31:33,749 INFO o.a.j.r.d.JsonExporter: Writing statistics JSON to /home/seventwo/github/tpo-sub-four/html_reports/stress_until_503/208users_4160rpm/statistics.json
2026-06-20 13:31:33,779 INFO o.a.j.r.d.ReportGenerator: Exporting data using exporter:'html' of className:'org.apache.jmeter.report.dashboard.HtmlTemplateExporter'
2026-06-20 13:31:33,781 INFO o.a.j.r.d.HtmlTemplateExporter: Will generate dashboard in folder: /home/seventwo/github/tpo-sub-four/html_reports/stress_until_503/208users_4160rpm
2026-06-20 13:31:33,846 INFO o.a.j.r.d.HtmlTemplateExporter: Report will be generated in: /home/seventwo/github/tpo-sub-four/html_reports/stress_until_503/208users_4160rpm, creating folder structure
2026-06-20 13:31:33,847 INFO o.a.j.r.d.TemplateVisitor: Copying folder from '/opt/jmeter/bin/report-template' to '/home/seventwo/github/tpo-sub-four/html_reports/stress_until_503/208users_4160rpm', got message: /home/seventwo/github/tpo-sub-four/html_reports/stress_until_503/208users_4160rpm, found non empty folder with following content [/home/seventwo/github/tpo-sub-four/html_reports/stress_until_503/208users_4160rpm/statistics.json], will be ignored
2026-06-20 13:31:33,958 INFO o.a.j.JMeter: Dashboard generated
