2026-06-20 13:12:21,277 INFO o.a.j.u.JMeterUtils: Setting Locale to en_EN
2026-06-20 13:12:21,289 INFO o.a.j.JMeter: Loading user properties from: /opt/jmeter/bin/user.properties
2026-06-20 13:12:21,290 INFO o.a.j.JMeter: Loading system properties from: /opt/jmeter/bin/system.properties
2026-06-20 13:12:21,290 INFO o.a.j.JMeter: Setting JMeter property: jmeter.save.saveservice.output_format=csv
2026-06-20 13:12:21,290 INFO o.a.j.JMeter: Setting JMeter property: jmeter.save.saveservice.print_field_names=true
2026-06-20 13:12:21,290 INFO o.a.j.JMeter: Setting JMeter property: jmeter.save.saveservice.timestamp_format=ms
2026-06-20 13:12:21,290 INFO o.a.j.JMeter: Setting JMeter property: jmeter.save.saveservice.time=true
2026-06-20 13:12:21,290 INFO o.a.j.JMeter: Setting JMeter property: jmeter.save.saveservice.latency=true
2026-06-20 13:12:21,290 INFO o.a.j.JMeter: Setting JMeter property: jmeter.save.saveservice.label=true
2026-06-20 13:12:21,290 INFO o.a.j.JMeter: Setting JMeter property: jmeter.save.saveservice.response_code=true
2026-06-20 13:12:21,290 INFO o.a.j.JMeter: Setting JMeter property: jmeter.save.saveservice.response_message=true
2026-06-20 13:12:21,290 INFO o.a.j.JMeter: Setting JMeter property: jmeter.save.saveservice.successful=true
2026-06-20 13:12:21,290 INFO o.a.j.JMeter: Setting JMeter property: jmeter.save.saveservice.assertion_results_failure_message=true
2026-06-20 13:12:21,290 INFO o.a.j.JMeter: Setting JMeter property: jmeter.save.saveservice.thread_name=true
2026-06-20 13:12:21,290 INFO o.a.j.JMeter: Setting JMeter property: jmeter.save.saveservice.thread_counts=true
2026-06-20 13:12:21,290 INFO o.a.j.JMeter: Setting JMeter property: jmeter.save.saveservice.connect_time=true
2026-06-20 13:12:21,295 INFO o.a.j.JMeter: Copyright (c) 1998-2024 The Apache Software Foundation
2026-06-20 13:12:21,295 INFO o.a.j.JMeter: Version 5.6.3
2026-06-20 13:12:21,295 INFO o.a.j.JMeter: java.version=26.0.1
2026-06-20 13:12:21,295 INFO o.a.j.JMeter: java.vm.name=OpenJDK 64-Bit Server VM
2026-06-20 13:12:21,295 INFO o.a.j.JMeter: os.name=Linux
2026-06-20 13:12:21,296 INFO o.a.j.JMeter: os.arch=amd64
2026-06-20 13:12:21,296 INFO o.a.j.JMeter: os.version=6.18.33-1-MANJARO
2026-06-20 13:12:21,296 INFO o.a.j.JMeter: file.encoding=UTF-8
2026-06-20 13:12:21,296 INFO o.a.j.JMeter: java.awt.headless=true
2026-06-20 13:12:21,296 INFO o.a.j.JMeter: Max memory     =1073741824
2026-06-20 13:12:21,296 INFO o.a.j.JMeter: Available Processors =16
2026-06-20 13:12:21,307 INFO o.a.j.JMeter: Default Locale=English (EN)
2026-06-20 13:12:21,307 INFO o.a.j.JMeter: JMeter  Locale=English (EN)
2026-06-20 13:12:21,307 INFO o.a.j.JMeter: JMeterHome=/opt/jmeter
2026-06-20 13:12:21,307 INFO o.a.j.JMeter: user.dir  =/home/seventwo/github/tpo-sub-four
2026-06-20 13:12:21,307 INFO o.a.j.JMeter: PWD       =/home/seventwo/github/tpo-sub-four
2026-06-20 13:12:21,308 INFO o.a.j.JMeter: IP: 192.168.0.102 Name: seventwocore FullName: seventwocore
2026-06-20 13:12:21,316 INFO o.a.j.JMeter: Setting property 'jmeter.reportgenerator.outputdir' to:'/home/seventwo/github/tpo-sub-four/html_reports/stress_until_503/56users_1120rpm'
2026-06-20 13:12:21,319 INFO o.a.j.s.FileServer: Default base='/home/seventwo/github/tpo-sub-four'
2026-06-20 13:12:21,319 INFO o.a.j.s.FileServer: Set new base='/home/seventwo/github/tpo-sub-four/quality_jmeter_plans/stress_until_503'
2026-06-20 13:12:21,511 INFO o.a.j.s.SaveService: Testplan (JMX) version: 2.2. Testlog (JTL) version: 2.2
2026-06-20 13:12:21,525 INFO o.a.j.s.SaveService: Using SaveService properties version 5.0
2026-06-20 13:12:21,529 INFO o.a.j.s.SaveService: Using SaveService properties file encoding UTF-8
2026-06-20 13:12:21,531 INFO o.a.j.s.SaveService: Loading file: quality_jmeter_plans/stress_until_503/stress_until_503_56users_1120rpm_ctt.jmx
2026-06-20 13:12:21,578 INFO o.a.j.p.h.s.HTTPSamplerBase: Parser for text/html is org.apache.jmeter.protocol.http.parser.LagartoBasedHtmlParser
2026-06-20 13:12:21,579 INFO o.a.j.p.h.s.HTTPSamplerBase: Parser for application/xhtml+xml is org.apache.jmeter.protocol.http.parser.LagartoBasedHtmlParser
2026-06-20 13:12:21,579 INFO o.a.j.p.h.s.HTTPSamplerBase: Parser for application/xml is org.apache.jmeter.protocol.http.parser.LagartoBasedHtmlParser
2026-06-20 13:12:21,579 INFO o.a.j.p.h.s.HTTPSamplerBase: Parser for text/xml is org.apache.jmeter.protocol.http.parser.LagartoBasedHtmlParser
2026-06-20 13:12:21,579 INFO o.a.j.p.h.s.HTTPSamplerBase: Parser for text/vnd.wap.wml is org.apache.jmeter.protocol.http.parser.RegexpHTMLParser
2026-06-20 13:12:21,579 INFO o.a.j.p.h.s.HTTPSamplerBase: Parser for text/css is org.apache.jmeter.protocol.http.parser.CssParser
2026-06-20 13:12:21,591 INFO o.a.j.JMeter: Creating summariser <summary>
2026-06-20 13:12:21,599 INFO o.a.j.r.d.ReportGenerator: ReportGenerator will use for Parsing the separator: ','
2026-06-20 13:12:21,599 INFO o.a.j.r.d.ReportGenerator: Will generate report at end of test from  results file: results/stress_until_503/stress_until_503_56users_1120rpm.jtl
2026-06-20 13:12:21,599 INFO o.a.j.r.d.ReportGenerator: Reading report generator properties from: /opt/jmeter/bin/reportgenerator.properties
2026-06-20 13:12:21,599 INFO o.a.j.r.d.ReportGenerator: Merging with JMeter properties
2026-06-20 13:12:21,602 INFO o.a.j.r.c.ReportGeneratorConfiguration: Property 'jmeter.reportgenerator.temp_dir' not found, using default value 'temp' instead.
2026-06-20 13:12:21,604 INFO o.a.j.r.c.ReportGeneratorConfiguration: Property 'jmeter.reportgenerator.apdex_per_transaction' not found, using default value 'null' instead.
2026-06-20 13:12:21,604 INFO o.a.j.r.c.ReportGeneratorConfiguration: apdex_per_transaction is empty, not APDEX per transaction customization
2026-06-20 13:12:21,604 INFO o.a.j.r.c.ReportGeneratorConfiguration: Property 'jmeter.reportgenerator.sample_filter' not found, using default value 'null' instead.
2026-06-20 13:12:21,604 INFO o.a.j.r.c.ReportGeneratorConfiguration: Property 'jmeter.reportgenerator.report_title' not found, using default value 'null' instead.
2026-06-20 13:12:21,604 INFO o.a.j.r.c.ReportGeneratorConfiguration: Property 'jmeter.reportgenerator.start_date' not found, using default value 'null' instead.
2026-06-20 13:12:21,604 INFO o.a.j.r.c.ReportGeneratorConfiguration: Property 'jmeter.reportgenerator.end_date' not found, using default value 'null' instead.
2026-06-20 13:12:21,604 INFO o.a.j.r.c.ReportGeneratorConfiguration: Property 'jmeter.reportgenerator.date_format' not found, using default value 'null' instead.
2026-06-20 13:12:21,605 INFO o.a.j.r.c.ReportGeneratorConfiguration: Will use date range start date: null, end date: null
2026-06-20 13:12:21,607 INFO o.a.j.r.c.ReportGeneratorConfiguration: Property 'jmeter.reportgenerator.graph.totalTPS.exclude_controllers' not found, using default value 'false' instead.
2026-06-20 13:12:21,607 INFO o.a.j.r.c.ReportGeneratorConfiguration: Property 'jmeter.reportgenerator.graph.activeThreadsOverTime.exclude_controllers' not found, using default value 'false' instead.
2026-06-20 13:12:21,607 INFO o.a.j.r.c.ReportGeneratorConfiguration: Property 'jmeter.reportgenerator.graph.timeVsThreads.exclude_controllers' not found, using default value 'false' instead.
2026-06-20 13:12:21,607 INFO o.a.j.r.c.ReportGeneratorConfiguration: Property 'jmeter.reportgenerator.graph.responseTimeDistribution.exclude_controllers' not found, using default value 'false' instead.
2026-06-20 13:12:21,608 INFO o.a.j.r.c.ReportGeneratorConfiguration: Property 'jmeter.reportgenerator.graph.transactionsPerSecond.exclude_controllers' not found, using default value 'false' instead.
2026-06-20 13:12:21,608 INFO o.a.j.r.c.ReportGeneratorConfiguration: Property 'jmeter.reportgenerator.graph.responseTimePercentiles.exclude_controllers' not found, using default value 'false' instead.
2026-06-20 13:12:21,608 INFO o.a.j.r.c.ReportGeneratorConfiguration: Property 'jmeter.reportgenerator.graph.responseTimePercentilesOverTime.exclude_controllers' not found, using default value 'false' instead.
2026-06-20 13:12:21,608 INFO o.a.j.r.c.ReportGeneratorConfiguration: Property 'jmeter.reportgenerator.graph.responseTimesOverTime.exclude_controllers' not found, using default value 'false' instead.
2026-06-20 13:12:21,608 INFO o.a.j.r.c.ReportGeneratorConfiguration: Property 'jmeter.reportgenerator.graph.connectTimeOverTime.exclude_controllers' not found, using default value 'false' instead.
2026-06-20 13:12:21,608 INFO o.a.j.r.c.ReportGeneratorConfiguration: Property 'jmeter.reportgenerator.graph.latenciesOverTime.exclude_controllers' not found, using default value 'false' instead.
2026-06-20 13:12:21,609 INFO o.a.j.r.c.ReportGeneratorConfiguration: Property 'jmeter.reportgenerator.exporter.json.filters_only_sample_series' not found, using default value 'true' instead.
2026-06-20 13:12:21,609 INFO o.a.j.r.c.ReportGeneratorConfiguration: Property 'jmeter.reportgenerator.exporter.json.series_filter' not found, using default value '' instead.
2026-06-20 13:12:21,609 INFO o.a.j.r.c.ReportGeneratorConfiguration: Property 'jmeter.reportgenerator.exporter.json.show_controllers_only' not found, using default value 'false' instead.
2026-06-20 13:12:21,609 INFO o.a.j.r.c.ReportGeneratorConfiguration: Property 'jmeter.reportgenerator.exporter.html.filters_only_sample_series' not found, using default value 'true' instead.
2026-06-20 13:12:21,609 INFO o.a.j.r.c.ReportGeneratorConfiguration: Property 'jmeter.reportgenerator.exporter.html.series_filter' not found, using default value '' instead.
2026-06-20 13:12:21,609 INFO o.a.j.r.c.ReportGeneratorConfiguration: Property 'jmeter.reportgenerator.exporter.html.show_controllers_only' not found, using default value 'false' instead.
2026-06-20 13:12:21,617 INFO o.a.j.e.StandardJMeterEngine: Running the test!
2026-06-20 13:12:21,617 INFO o.a.j.s.SampleEvent: List of sample_variables: []
2026-06-20 13:12:21,617 INFO o.a.j.s.SampleEvent: List of sample_variables: []
2026-06-20 13:12:21,621 INFO o.a.j.e.u.CompoundVariable: Note: Function class names must contain the string: '.functions.'
2026-06-20 13:12:21,621 INFO o.a.j.e.u.CompoundVariable: Note: Function class names must not contain the string: '.gui.'
2026-06-20 13:12:21,677 INFO o.a.j.JMeter: Running test (1781950341676)
2026-06-20 13:12:21,699 INFO o.a.j.e.StandardJMeterEngine: Starting ThreadGroup: 1 : Thread Group - until HTTP 503 - 56 users
2026-06-20 13:12:21,699 INFO o.a.j.e.StandardJMeterEngine: Starting 56 threads for group Thread Group - until HTTP 503 - 56 users.
2026-06-20 13:12:21,700 INFO o.a.j.e.StandardJMeterEngine: Thread will continue on error
2026-06-20 13:12:21,700 INFO o.a.j.t.ThreadGroup: Starting thread group... number=1 threads=56 ramp-up=56 delayedStart=false
2026-06-20 13:12:21,705 INFO o.a.j.t.JMeterThread: Thread started: Thread Group - until HTTP 503 - 56 users 1-1
2026-06-20 13:12:21,721 INFO o.a.j.t.ThreadGroup: Started thread group number 1
2026-06-20 13:12:21,721 INFO o.a.j.e.StandardJMeterEngine: All thread groups have been started
2026-06-20 13:12:21,757 INFO o.a.j.p.h.s.HTTPHCAbstractImpl: Local host = seventwocore
2026-06-20 13:12:21,762 INFO o.a.j.p.h.s.HTTPHC4Impl: HTTP request retry count = 0
2026-06-20 13:12:21,763 INFO o.a.j.s.SampleResult: Note: Sample TimeStamps are START times
2026-06-20 13:12:21,763 INFO o.a.j.s.SampleResult: sampleresult.default.encoding is set to UTF-8
2026-06-20 13:12:21,763 INFO o.a.j.s.SampleResult: sampleresult.useNanoTime=true
2026-06-20 13:12:21,763 INFO o.a.j.s.SampleResult: sampleresult.nanoThreadSleep=5000
2026-06-20 13:12:22,702 INFO o.a.j.t.JMeterThread: Thread started: Thread Group - until HTTP 503 - 56 users 1-2
2026-06-20 13:12:23,702 INFO o.a.j.t.JMeterThread: Thread started: Thread Group - until HTTP 503 - 56 users 1-3
2026-06-20 13:12:24,701 INFO o.a.j.t.JMeterThread: Thread started: Thread Group - until HTTP 503 - 56 users 1-4
2026-06-20 13:12:25,701 INFO o.a.j.t.JMeterThread: Thread started: Thread Group - until HTTP 503 - 56 users 1-5
2026-06-20 13:12:26,701 INFO o.a.j.t.JMeterThread: Thread started: Thread Group - until HTTP 503 - 56 users 1-6
2026-06-20 13:12:27,700 INFO o.a.j.t.JMeterThread: Thread started: Thread Group - until HTTP 503 - 56 users 1-7
2026-06-20 13:12:28,701 INFO o.a.j.t.JMeterThread: Thread started: Thread Group - until HTTP 503 - 56 users 1-8
2026-06-20 13:12:29,700 INFO o.a.j.t.JMeterThread: Thread started: Thread Group - until HTTP 503 - 56 users 1-9
2026-06-20 13:12:30,048 INFO o.a.j.r.Summariser: summary +     97 in 00:00:08 =   11.6/s Avg:   371 Min:   354 Max:   495 Err:     0 (0.00%) Active: 9 Started: 9 Finished: 0
2026-06-20 13:12:30,700 INFO o.a.j.t.JMeterThread: Thread started: Thread Group - until HTTP 503 - 56 users 1-10
2026-06-20 13:12:31,702 INFO o.a.j.t.JMeterThread: Thread started: Thread Group - until HTTP 503 - 56 users 1-11
2026-06-20 13:12:32,700 INFO o.a.j.t.JMeterThread: Thread started: Thread Group - until HTTP 503 - 56 users 1-12
2026-06-20 13:12:33,701 INFO o.a.j.t.JMeterThread: Thread started: Thread Group - until HTTP 503 - 56 users 1-13
2026-06-20 13:12:34,700 INFO o.a.j.t.JMeterThread: Thread started: Thread Group - until HTTP 503 - 56 users 1-14
2026-06-20 13:12:35,702 INFO o.a.j.t.JMeterThread: Thread started: Thread Group - until HTTP 503 - 56 users 1-15
2026-06-20 13:12:36,700 INFO o.a.j.t.JMeterThread: Thread started: Thread Group - until HTTP 503 - 56 users 1-16
2026-06-20 13:12:37,700 INFO o.a.j.t.JMeterThread: Thread started: Thread Group - until HTTP 503 - 56 users 1-17
2026-06-20 13:12:38,701 INFO o.a.j.t.JMeterThread: Thread started: Thread Group - until HTTP 503 - 56 users 1-18
2026-06-20 13:12:39,701 INFO o.a.j.t.JMeterThread: Thread started: Thread Group - until HTTP 503 - 56 users 1-19
2026-06-20 13:12:40,700 INFO o.a.j.t.JMeterThread: Thread started: Thread Group - until HTTP 503 - 56 users 1-20
2026-06-20 13:12:41,700 INFO o.a.j.t.JMeterThread: Thread started: Thread Group - until HTTP 503 - 56 users 1-21
2026-06-20 13:12:42,701 INFO o.a.j.t.JMeterThread: Thread started: Thread Group - until HTTP 503 - 56 users 1-22
2026-06-20 13:12:43,701 INFO o.a.j.t.JMeterThread: Thread started: Thread Group - until HTTP 503 - 56 users 1-23
2026-06-20 13:12:44,701 INFO o.a.j.t.JMeterThread: Thread started: Thread Group - until HTTP 503 - 56 users 1-24
2026-06-20 13:12:45,701 INFO o.a.j.t.JMeterThread: Thread started: Thread Group - until HTTP 503 - 56 users 1-25
2026-06-20 13:12:46,700 INFO o.a.j.t.JMeterThread: Thread started: Thread Group - until HTTP 503 - 56 users 1-26
2026-06-20 13:12:47,701 INFO o.a.j.t.JMeterThread: Thread started: Thread Group - until HTTP 503 - 56 users 1-27
2026-06-20 13:12:48,701 INFO o.a.j.t.JMeterThread: Thread started: Thread Group - until HTTP 503 - 56 users 1-28
2026-06-20 13:12:49,700 INFO o.a.j.t.JMeterThread: Thread started: Thread Group - until HTTP 503 - 56 users 1-29
2026-06-20 13:12:50,702 INFO o.a.j.t.JMeterThread: Thread started: Thread Group - until HTTP 503 - 56 users 1-30
2026-06-20 13:12:51,701 INFO o.a.j.t.JMeterThread: Thread started: Thread Group - until HTTP 503 - 56 users 1-31
2026-06-20 13:12:52,700 INFO o.a.j.t.JMeterThread: Thread started: Thread Group - until HTTP 503 - 56 users 1-32
2026-06-20 13:12:53,701 INFO o.a.j.t.JMeterThread: Thread started: Thread Group - until HTTP 503 - 56 users 1-33
2026-06-20 13:12:54,701 INFO o.a.j.t.JMeterThread: Thread started: Thread Group - until HTTP 503 - 56 users 1-34
2026-06-20 13:12:55,700 INFO o.a.j.t.JMeterThread: Thread started: Thread Group - until HTTP 503 - 56 users 1-35
2026-06-20 13:12:56,700 INFO o.a.j.t.JMeterThread: Thread started: Thread Group - until HTTP 503 - 56 users 1-36
2026-06-20 13:12:57,700 INFO o.a.j.t.JMeterThread: Thread started: Thread Group - until HTTP 503 - 56 users 1-37
2026-06-20 13:12:58,700 INFO o.a.j.t.JMeterThread: Thread started: Thread Group - until HTTP 503 - 56 users 1-38
2026-06-20 13:12:59,701 INFO o.a.j.t.JMeterThread: Thread started: Thread Group - until HTTP 503 - 56 users 1-39
2026-06-20 13:13:00,053 INFO o.a.j.r.Summariser: summary +    567 in 00:00:30 =   18.9/s Avg:   558 Min:   400 Max:   642 Err:     5 (0.88%) Active: 39 Started: 39 Finished: 0
2026-06-20 13:13:00,053 INFO o.a.j.r.Summariser: summary =    664 in 00:00:38 =   17.3/s Avg:   531 Min:   354 Max:   642 Err:     5 (0.75%)
2026-06-20 13:13:00,700 INFO o.a.j.t.JMeterThread: Thread started: Thread Group - until HTTP 503 - 56 users 1-40
2026-06-20 13:13:01,701 INFO o.a.j.t.JMeterThread: Thread started: Thread Group - until HTTP 503 - 56 users 1-41
2026-06-20 13:13:02,701 INFO o.a.j.t.JMeterThread: Thread started: Thread Group - until HTTP 503 - 56 users 1-42
2026-06-20 13:13:03,700 INFO o.a.j.t.JMeterThread: Thread started: Thread Group - until HTTP 503 - 56 users 1-43
2026-06-20 13:13:04,701 INFO o.a.j.t.JMeterThread: Thread started: Thread Group - until HTTP 503 - 56 users 1-44
2026-06-20 13:13:05,701 INFO o.a.j.t.JMeterThread: Thread started: Thread Group - until HTTP 503 - 56 users 1-45
2026-06-20 13:13:06,700 INFO o.a.j.t.JMeterThread: Thread started: Thread Group - until HTTP 503 - 56 users 1-46
2026-06-20 13:13:07,700 INFO o.a.j.t.JMeterThread: Thread started: Thread Group - until HTTP 503 - 56 users 1-47
2026-06-20 13:13:08,702 INFO o.a.j.t.JMeterThread: Thread started: Thread Group - until HTTP 503 - 56 users 1-48
2026-06-20 13:13:09,701 INFO o.a.j.t.JMeterThread: Thread started: Thread Group - until HTTP 503 - 56 users 1-49
2026-06-20 13:13:10,700 INFO o.a.j.t.JMeterThread: Thread started: Thread Group - until HTTP 503 - 56 users 1-50
2026-06-20 13:13:11,701 INFO o.a.j.t.JMeterThread: Thread started: Thread Group - until HTTP 503 - 56 users 1-51
2026-06-20 13:13:12,701 INFO o.a.j.t.JMeterThread: Thread started: Thread Group - until HTTP 503 - 56 users 1-52
2026-06-20 13:13:13,700 INFO o.a.j.t.JMeterThread: Thread started: Thread Group - until HTTP 503 - 56 users 1-53
2026-06-20 13:13:14,700 INFO o.a.j.t.JMeterThread: Thread started: Thread Group - until HTTP 503 - 56 users 1-54
2026-06-20 13:13:15,700 INFO o.a.j.t.JMeterThread: Thread started: Thread Group - until HTTP 503 - 56 users 1-55
2026-06-20 13:13:16,701 INFO o.a.j.t.JMeterThread: Thread started: Thread Group - until HTTP 503 - 56 users 1-56
2026-06-20 13:13:30,058 INFO o.a.j.r.Summariser: summary +    578 in 00:00:30 =   19.3/s Avg:   580 Min:   537 Max:   840 Err:    18 (3.11%) Active: 56 Started: 56 Finished: 0
2026-06-20 13:13:30,058 INFO o.a.j.r.Summariser: summary =   1242 in 00:01:08 =   18.2/s Avg:   554 Min:   354 Max:   840 Err:    23 (1.85%)
2026-06-20 13:13:49,497 INFO o.a.j.t.JMeterThread: Thread finished: Thread Group - until HTTP 503 - 56 users 1-28
2026-06-20 13:13:49,706 INFO o.a.j.t.JMeterThread: Thread finished: Thread Group - until HTTP 503 - 56 users 1-45
2026-06-20 13:13:49,772 INFO o.a.j.t.JMeterThread: Thread finished: Thread Group - until HTTP 503 - 56 users 1-50
2026-06-20 13:13:49,807 INFO o.a.j.t.JMeterThread: Thread finished: Thread Group - until HTTP 503 - 56 users 1-24
2026-06-20 13:13:49,954 INFO o.a.j.t.JMeterThread: Thread finished: Thread Group - until HTTP 503 - 56 users 1-33
2026-06-20 13:13:50,007 INFO o.a.j.t.JMeterThread: Thread finished: Thread Group - until HTTP 503 - 56 users 1-15
2026-06-20 13:13:50,044 INFO o.a.j.t.JMeterThread: Thread finished: Thread Group - until HTTP 503 - 56 users 1-43
2026-06-20 13:13:50,081 INFO o.a.j.t.JMeterThread: Thread finished: Thread Group - until HTTP 503 - 56 users 1-53
2026-06-20 13:13:50,121 INFO o.a.j.t.JMeterThread: Thread finished: Thread Group - until HTTP 503 - 56 users 1-4
2026-06-20 13:13:50,139 INFO o.a.j.t.JMeterThread: Thread finished: Thread Group - until HTTP 503 - 56 users 1-23
2026-06-20 13:13:50,142 INFO o.a.j.t.JMeterThread: Thread finished: Thread Group - until HTTP 503 - 56 users 1-11
2026-06-20 13:13:50,249 INFO o.a.j.t.JMeterThread: Thread finished: Thread Group - until HTTP 503 - 56 users 1-56
2026-06-20 13:13:50,280 INFO o.a.j.t.JMeterThread: Thread finished: Thread Group - until HTTP 503 - 56 users 1-9
2026-06-20 13:13:50,300 INFO o.a.j.t.JMeterThread: Thread finished: Thread Group - until HTTP 503 - 56 users 1-35
2026-06-20 13:13:50,321 INFO o.a.j.t.JMeterThread: Thread finished: Thread Group - until HTTP 503 - 56 users 1-10
2026-06-20 13:13:50,359 INFO o.a.j.t.JMeterThread: Thread finished: Thread Group - until HTTP 503 - 56 users 1-41
2026-06-20 13:13:50,379 INFO o.a.j.t.JMeterThread: Thread finished: Thread Group - until HTTP 503 - 56 users 1-7
2026-06-20 13:13:50,400 INFO o.a.j.t.JMeterThread: Thread finished: Thread Group - until HTTP 503 - 56 users 1-30
2026-06-20 13:13:50,415 INFO o.a.j.t.JMeterThread: Thread finished: Thread Group - until HTTP 503 - 56 users 1-48
2026-06-20 13:13:50,420 INFO o.a.j.t.JMeterThread: Thread finished: Thread Group - until HTTP 503 - 56 users 1-27
2026-06-20 13:13:50,442 INFO o.a.j.t.JMeterThread: Thread finished: Thread Group - until HTTP 503 - 56 users 1-16
2026-06-20 13:13:50,446 INFO o.a.j.t.JMeterThread: Thread finished: Thread Group - until HTTP 503 - 56 users 1-13
2026-06-20 13:13:50,488 INFO o.a.j.t.JMeterThread: Thread finished: Thread Group - until HTTP 503 - 56 users 1-39
2026-06-20 13:13:50,804 INFO o.a.j.t.JMeterThread: Thread finished: Thread Group - until HTTP 503 - 56 users 1-17
2026-06-20 13:13:50,839 INFO o.a.j.t.JMeterThread: Thread finished: Thread Group - until HTTP 503 - 56 users 1-21
2026-06-20 13:13:50,898 INFO o.a.j.t.JMeterThread: Thread finished: Thread Group - until HTTP 503 - 56 users 1-51
2026-06-20 13:13:50,990 INFO o.a.j.t.JMeterThread: Thread finished: Thread Group - until HTTP 503 - 56 users 1-46
2026-06-20 13:13:51,058 INFO o.a.j.t.JMeterThread: Thread finished: Thread Group - until HTTP 503 - 56 users 1-18
2026-06-20 13:13:51,077 INFO o.a.j.t.JMeterThread: Thread finished: Thread Group - until HTTP 503 - 56 users 1-20
2026-06-20 13:13:51,162 INFO o.a.j.t.JMeterThread: Thread finished: Thread Group - until HTTP 503 - 56 users 1-54
2026-06-20 13:13:51,198 INFO o.a.j.t.JMeterThread: Thread finished: Thread Group - until HTTP 503 - 56 users 1-19
2026-06-20 13:13:51,234 INFO o.a.j.t.JMeterThread: Thread finished: Thread Group - until HTTP 503 - 56 users 1-26
2026-06-20 13:13:51,238 INFO o.a.j.t.JMeterThread: Thread finished: Thread Group - until HTTP 503 - 56 users 1-32
2026-06-20 13:13:51,387 INFO o.a.j.t.JMeterThread: Thread finished: Thread Group - until HTTP 503 - 56 users 1-44
2026-06-20 13:13:51,496 INFO o.a.j.t.JMeterThread: Thread finished: Thread Group - until HTTP 503 - 56 users 1-3
2026-06-20 13:13:51,549 INFO o.a.j.t.JMeterThread: Thread finished: Thread Group - until HTTP 503 - 56 users 1-29
2026-06-20 13:13:51,554 INFO o.a.j.t.JMeterThread: Thread finished: Thread Group - until HTTP 503 - 56 users 1-49
2026-06-20 13:13:51,562 INFO o.a.j.t.JMeterThread: Thread finished: Thread Group - until HTTP 503 - 56 users 1-6
2026-06-20 13:13:51,648 INFO o.a.j.t.JMeterThread: Thread finished: Thread Group - until HTTP 503 - 56 users 1-14
2026-06-20 13:13:51,666 INFO o.a.j.t.JMeterThread: Thread finished: Thread Group - until HTTP 503 - 56 users 1-34
2026-06-20 13:13:51,742 INFO o.a.j.t.JMeterThread: Stopping because end time detected by thread: Thread Group - until HTTP 503 - 56 users 1-42
2026-06-20 13:13:51,742 INFO o.a.j.t.JMeterThread: Thread finished: Thread Group - until HTTP 503 - 56 users 1-42
2026-06-20 13:13:51,795 INFO o.a.j.t.JMeterThread: Stopping because end time detected by thread: Thread Group - until HTTP 503 - 56 users 1-12
2026-06-20 13:13:51,796 INFO o.a.j.t.JMeterThread: Thread finished: Thread Group - until HTTP 503 - 56 users 1-12
2026-06-20 13:13:51,803 INFO o.a.j.t.JMeterThread: Stopping because end time detected by thread: Thread Group - until HTTP 503 - 56 users 1-1
2026-06-20 13:13:51,803 INFO o.a.j.t.JMeterThread: Thread finished: Thread Group - until HTTP 503 - 56 users 1-1
2026-06-20 13:13:51,850 INFO o.a.j.t.JMeterThread: Stopping because end time detected by thread: Thread Group - until HTTP 503 - 56 users 1-36
2026-06-20 13:13:51,851 INFO o.a.j.t.JMeterThread: Thread finished: Thread Group - until HTTP 503 - 56 users 1-36
2026-06-20 13:13:51,866 INFO o.a.j.t.JMeterThread: Stopping because end time detected by thread: Thread Group - until HTTP 503 - 56 users 1-2
2026-06-20 13:13:51,866 INFO o.a.j.t.JMeterThread: Thread finished: Thread Group - until HTTP 503 - 56 users 1-2
2026-06-20 13:13:51,873 INFO o.a.j.t.JMeterThread: Stopping because end time detected by thread: Thread Group - until HTTP 503 - 56 users 1-5
2026-06-20 13:13:51,873 INFO o.a.j.t.JMeterThread: Thread finished: Thread Group - until HTTP 503 - 56 users 1-5
2026-06-20 13:13:51,891 INFO o.a.j.t.JMeterThread: Stopping because end time detected by thread: Thread Group - until HTTP 503 - 56 users 1-40
2026-06-20 13:13:51,891 INFO o.a.j.t.JMeterThread: Thread finished: Thread Group - until HTTP 503 - 56 users 1-40
2026-06-20 13:13:51,895 INFO o.a.j.t.JMeterThread: Stopping because end time detected by thread: Thread Group - until HTTP 503 - 56 users 1-25
2026-06-20 13:13:51,896 INFO o.a.j.t.JMeterThread: Thread finished: Thread Group - until HTTP 503 - 56 users 1-25
2026-06-20 13:13:51,984 INFO o.a.j.t.JMeterThread: Stopping because end time detected by thread: Thread Group - until HTTP 503 - 56 users 1-38
2026-06-20 13:13:51,984 INFO o.a.j.t.JMeterThread: Thread finished: Thread Group - until HTTP 503 - 56 users 1-38
2026-06-20 13:13:51,988 INFO o.a.j.t.JMeterThread: Stopping because end time detected by thread: Thread Group - until HTTP 503 - 56 users 1-8
2026-06-20 13:13:51,988 INFO o.a.j.t.JMeterThread: Thread finished: Thread Group - until HTTP 503 - 56 users 1-8
2026-06-20 13:13:52,005 INFO o.a.j.t.JMeterThread: Stopping because end time detected by thread: Thread Group - until HTTP 503 - 56 users 1-52
2026-06-20 13:13:52,005 INFO o.a.j.t.JMeterThread: Thread finished: Thread Group - until HTTP 503 - 56 users 1-52
2026-06-20 13:13:52,205 INFO o.a.j.t.JMeterThread: Stopping because end time detected by thread: Thread Group - until HTTP 503 - 56 users 1-47
2026-06-20 13:13:52,205 INFO o.a.j.t.JMeterThread: Thread finished: Thread Group - until HTTP 503 - 56 users 1-47
2026-06-20 13:13:52,214 INFO o.a.j.t.JMeterThread: Stopping because end time detected by thread: Thread Group - until HTTP 503 - 56 users 1-55
2026-06-20 13:13:52,214 INFO o.a.j.t.JMeterThread: Thread finished: Thread Group - until HTTP 503 - 56 users 1-55
2026-06-20 13:13:52,264 INFO o.a.j.t.JMeterThread: Stopping because end time detected by thread: Thread Group - until HTTP 503 - 56 users 1-37
2026-06-20 13:13:52,264 INFO o.a.j.t.JMeterThread: Thread finished: Thread Group - until HTTP 503 - 56 users 1-37
2026-06-20 13:13:52,270 INFO o.a.j.t.JMeterThread: Stopping because end time detected by thread: Thread Group - until HTTP 503 - 56 users 1-22
2026-06-20 13:13:52,270 INFO o.a.j.t.JMeterThread: Thread finished: Thread Group - until HTTP 503 - 56 users 1-22
2026-06-20 13:13:52,286 INFO o.a.j.t.JMeterThread: Stopping because end time detected by thread: Thread Group - until HTTP 503 - 56 users 1-31
2026-06-20 13:13:52,286 INFO o.a.j.t.JMeterThread: Thread finished: Thread Group - until HTTP 503 - 56 users 1-31
2026-06-20 13:13:52,286 INFO o.a.j.e.StandardJMeterEngine: Notifying test listeners of end of test
2026-06-20 13:13:52,287 INFO o.a.j.r.Summariser: summary +    420 in 00:00:22 =   18.9/s Avg:   567 Min:   537 Max:   843 Err:     7 (1.67%) Active: 0 Started: 56 Finished: 56
2026-06-20 13:13:52,287 INFO o.a.j.r.Summariser: summary =   1662 in 00:01:31 =   18.3/s Avg:   557 Min:   354 Max:   843 Err:    30 (1.81%)
2026-06-20 13:13:52,287 INFO o.a.j.JMeter: Generating Dashboard
2026-06-20 13:13:52,287 INFO o.a.j.r.d.ReportGenerator: Flushing result collector before report Generation
2026-06-20 13:13:52,295 INFO o.a.j.r.p.NormalizerSampleConsumer: Using format, 'ms', to parse timeStamp field
2026-06-20 13:13:52,387 INFO o.a.j.r.p.AbstractSampleConsumer: class org.apache.jmeter.report.processor.AggregateConsumer#stopProducing(): beginDate produced 0 samples
2026-06-20 13:13:52,387 INFO o.a.j.r.p.AbstractSampleConsumer: class org.apache.jmeter.report.processor.AggregateConsumer#stopProducing(): endDate produced 0 samples
2026-06-20 13:13:52,388 INFO o.a.j.r.p.AbstractSampleConsumer: class org.apache.jmeter.report.processor.ApdexSummaryConsumer#stopProducing(): apdexSummary produced 0 samples
2026-06-20 13:13:52,388 INFO o.a.j.r.p.AbstractSampleConsumer: class org.apache.jmeter.report.processor.RequestsSummaryConsumer#stopProducing(): requestsSummary produced 0 samples
2026-06-20 13:13:52,392 INFO o.a.j.r.p.AbstractSampleConsumer: class org.apache.jmeter.report.processor.StatisticsSummaryConsumer#stopProducing(): statisticsSummary produced 0 samples
2026-06-20 13:13:52,393 INFO o.a.j.r.p.AbstractSampleConsumer: class org.apache.jmeter.report.processor.Top5ErrorsBySamplerConsumer#stopProducing(): top5ErrorsBySampler produced 0 samples
2026-06-20 13:13:52,393 INFO o.a.j.r.p.AbstractSampleConsumer: class org.apache.jmeter.report.processor.ErrorsSummaryConsumer#stopProducing(): errorsSummary produced 0 samples
2026-06-20 13:13:52,393 INFO o.a.j.r.p.AbstractSampleConsumer: class org.apache.jmeter.report.processor.graph.impl.HitsPerSecondGraphConsumer#stopProducing(): hitsPerSecond produced 0 samples
2026-06-20 13:13:52,411 INFO o.a.j.r.p.AbstractSampleConsumer: class org.apache.jmeter.report.processor.graph.impl.LatencyVSRequestGraphConsumer#stopProducing(): latencyVsRequest produced 0 samples
2026-06-20 13:13:52,412 INFO o.a.j.r.p.AbstractSampleConsumer: class org.apache.jmeter.report.processor.graph.impl.SyntheticResponseTimeDistributionGraphConsumer#stopProducing(): syntheticResponseTimeDistribution produced 0 samples
2026-06-20 13:13:52,412 INFO o.a.j.r.p.AbstractSampleConsumer: class org.apache.jmeter.report.processor.graph.impl.BytesThroughputGraphConsumer#stopProducing(): bytesThroughputOverTime produced 0 samples
2026-06-20 13:13:52,412 INFO o.a.j.r.p.AbstractSampleConsumer: class org.apache.jmeter.report.processor.graph.impl.CodesPerSecondGraphConsumer#stopProducing(): codesPerSecond produced 0 samples
2026-06-20 13:13:52,427 INFO o.a.j.r.p.AbstractSampleConsumer: class org.apache.jmeter.report.processor.graph.impl.ResponseTimeVSRequestGraphConsumer#stopProducing(): responseTimeVsRequest produced 0 samples
2026-06-20 13:13:52,428 INFO o.a.j.r.p.AbstractSampleConsumer: class org.apache.jmeter.report.processor.FilterConsumer#stopProducing(): startIntervalControlerFilter produced 11634 samples
2026-06-20 13:13:52,428 INFO o.a.j.r.p.AbstractSampleConsumer: class org.apache.jmeter.report.processor.graph.impl.TotalTPSGraphConsumer#stopProducing(): totalTPS produced 0 samples
2026-06-20 13:13:52,428 INFO o.a.j.r.p.AbstractSampleConsumer: class org.apache.jmeter.report.processor.graph.impl.ActiveThreadsGraphConsumer#stopProducing(): activeThreadsOverTime produced 0 samples
2026-06-20 13:13:52,428 INFO o.a.j.r.p.AbstractSampleConsumer: class org.apache.jmeter.report.processor.graph.impl.TimeVSThreadGraphConsumer#stopProducing(): timeVsThreads produced 0 samples
2026-06-20 13:13:52,429 INFO o.a.j.r.p.AbstractSampleConsumer: class org.apache.jmeter.report.processor.graph.impl.ResponseTimeDistributionGraphConsumer#stopProducing(): responseTimeDistribution produced 0 samples
2026-06-20 13:13:52,429 INFO o.a.j.r.p.AbstractSampleConsumer: class org.apache.jmeter.report.processor.graph.impl.TransactionsPerSecondGraphConsumer#stopProducing(): transactionsPerSecond produced 0 samples
2026-06-20 13:13:52,429 INFO o.a.j.r.p.AbstractSampleConsumer: class org.apache.jmeter.report.processor.graph.impl.ResponseTimePercentilesGraphConsumer#stopProducing(): responseTimePercentiles produced 0 samples
2026-06-20 13:13:52,430 INFO o.a.j.r.p.AbstractSampleConsumer: class org.apache.jmeter.report.processor.graph.impl.ResponseTimePercentilesOverTimeGraphConsumer#stopProducing(): responseTimePercentilesOverTime produced 0 samples
2026-06-20 13:13:52,431 INFO o.a.j.r.p.AbstractSampleConsumer: class org.apache.jmeter.report.processor.graph.impl.ResponseTimeOverTimeGraphConsumer#stopProducing(): responseTimesOverTime produced 0 samples
2026-06-20 13:13:52,431 INFO o.a.j.r.p.AbstractSampleConsumer: class org.apache.jmeter.report.processor.graph.impl.ConnectTimeOverTimeGraphConsumer#stopProducing(): connectTimeOverTime produced 0 samples
2026-06-20 13:13:52,431 INFO o.a.j.r.p.AbstractSampleConsumer: class org.apache.jmeter.report.processor.graph.impl.LatencyOverTimeGraphConsumer#stopProducing(): latenciesOverTime produced 0 samples
2026-06-20 13:13:52,431 INFO o.a.j.r.p.AbstractSampleConsumer: class org.apache.jmeter.report.processor.FilterConsumer#stopProducing(): nameFilter produced 24930 samples
2026-06-20 13:13:52,431 INFO o.a.j.r.p.AbstractSampleConsumer: class org.apache.jmeter.report.processor.FilterConsumer#stopProducing(): dateRangeFilter produced 4986 samples
2026-06-20 13:13:52,431 INFO o.a.j.r.p.AbstractSampleConsumer: class org.apache.jmeter.report.processor.NormalizerSampleConsumer#stopProducing(): normalizer produced 1662 samples
2026-06-20 13:13:52,432 INFO o.a.j.r.p.CsvFileSampleSource: produce(): 1662 samples produced in 118ms on channel 0
2026-06-20 13:13:52,432 INFO o.a.j.r.d.ReportGenerator: Exporting data using exporter:'json' of className:'org.apache.jmeter.report.dashboard.JsonExporter'
2026-06-20 13:13:52,477 INFO o.a.j.r.d.JsonExporter: Found data for consumer statisticsSummary in context
2026-06-20 13:13:52,478 INFO o.a.j.r.d.JsonExporter: Creating statistics for overall
2026-06-20 13:13:52,478 INFO o.a.j.r.d.JsonExporter: Creating statistics for other transactions
2026-06-20 13:13:52,478 INFO o.a.j.r.d.JsonExporter: Checking output folder
2026-06-20 13:13:52,479 INFO o.a.j.r.d.JsonExporter: Writing statistics JSON to /home/seventwo/github/tpo-sub-four/html_reports/stress_until_503/56users_1120rpm/statistics.json
2026-06-20 13:13:52,508 INFO o.a.j.r.d.ReportGenerator: Exporting data using exporter:'html' of className:'org.apache.jmeter.report.dashboard.HtmlTemplateExporter'
2026-06-20 13:13:52,510 INFO o.a.j.r.d.HtmlTemplateExporter: Will generate dashboard in folder: /home/seventwo/github/tpo-sub-four/html_reports/stress_until_503/56users_1120rpm
2026-06-20 13:13:52,561 INFO o.a.j.r.d.HtmlTemplateExporter: Report will be generated in: /home/seventwo/github/tpo-sub-four/html_reports/stress_until_503/56users_1120rpm, creating folder structure
2026-06-20 13:13:52,562 INFO o.a.j.r.d.TemplateVisitor: Copying folder from '/opt/jmeter/bin/report-template' to '/home/seventwo/github/tpo-sub-four/html_reports/stress_until_503/56users_1120rpm', got message: /home/seventwo/github/tpo-sub-four/html_reports/stress_until_503/56users_1120rpm, found non empty folder with following content [/home/seventwo/github/tpo-sub-four/html_reports/stress_until_503/56users_1120rpm/statistics.json], will be ignored
2026-06-20 13:13:52,686 INFO o.a.j.JMeter: Dashboard generated
