2026-06-20 13:02:58,979 INFO o.a.j.u.JMeterUtils: Setting Locale to en_EN
2026-06-20 13:02:58,992 INFO o.a.j.JMeter: Loading user properties from: /opt/jmeter/bin/user.properties
2026-06-20 13:02:58,993 INFO o.a.j.JMeter: Loading system properties from: /opt/jmeter/bin/system.properties
2026-06-20 13:02:58,993 INFO o.a.j.JMeter: Setting JMeter property: jmeter.save.saveservice.output_format=csv
2026-06-20 13:02:58,993 INFO o.a.j.JMeter: Setting JMeter property: jmeter.save.saveservice.print_field_names=true
2026-06-20 13:02:58,993 INFO o.a.j.JMeter: Setting JMeter property: jmeter.save.saveservice.timestamp_format=ms
2026-06-20 13:02:58,993 INFO o.a.j.JMeter: Setting JMeter property: jmeter.save.saveservice.time=true
2026-06-20 13:02:58,993 INFO o.a.j.JMeter: Setting JMeter property: jmeter.save.saveservice.latency=true
2026-06-20 13:02:58,993 INFO o.a.j.JMeter: Setting JMeter property: jmeter.save.saveservice.label=true
2026-06-20 13:02:58,993 INFO o.a.j.JMeter: Setting JMeter property: jmeter.save.saveservice.response_code=true
2026-06-20 13:02:58,993 INFO o.a.j.JMeter: Setting JMeter property: jmeter.save.saveservice.response_message=true
2026-06-20 13:02:58,993 INFO o.a.j.JMeter: Setting JMeter property: jmeter.save.saveservice.successful=true
2026-06-20 13:02:58,993 INFO o.a.j.JMeter: Setting JMeter property: jmeter.save.saveservice.assertion_results_failure_message=true
2026-06-20 13:02:58,993 INFO o.a.j.JMeter: Setting JMeter property: jmeter.save.saveservice.thread_name=true
2026-06-20 13:02:58,993 INFO o.a.j.JMeter: Setting JMeter property: jmeter.save.saveservice.thread_counts=true
2026-06-20 13:02:58,993 INFO o.a.j.JMeter: Setting JMeter property: jmeter.save.saveservice.connect_time=true
2026-06-20 13:02:58,999 INFO o.a.j.JMeter: Copyright (c) 1998-2024 The Apache Software Foundation
2026-06-20 13:02:58,999 INFO o.a.j.JMeter: Version 5.6.3
2026-06-20 13:02:58,999 INFO o.a.j.JMeter: java.version=26.0.1
2026-06-20 13:02:58,999 INFO o.a.j.JMeter: java.vm.name=OpenJDK 64-Bit Server VM
2026-06-20 13:02:59,000 INFO o.a.j.JMeter: os.name=Linux
2026-06-20 13:02:59,000 INFO o.a.j.JMeter: os.arch=amd64
2026-06-20 13:02:59,000 INFO o.a.j.JMeter: os.version=6.18.33-1-MANJARO
2026-06-20 13:02:59,000 INFO o.a.j.JMeter: file.encoding=UTF-8
2026-06-20 13:02:59,000 INFO o.a.j.JMeter: java.awt.headless=true
2026-06-20 13:02:59,000 INFO o.a.j.JMeter: Max memory     =1073741824
2026-06-20 13:02:59,000 INFO o.a.j.JMeter: Available Processors =16
2026-06-20 13:02:59,013 INFO o.a.j.JMeter: Default Locale=English (EN)
2026-06-20 13:02:59,013 INFO o.a.j.JMeter: JMeter  Locale=English (EN)
2026-06-20 13:02:59,013 INFO o.a.j.JMeter: JMeterHome=/opt/jmeter
2026-06-20 13:02:59,013 INFO o.a.j.JMeter: user.dir  =/home/seventwo/github/tpo-sub-four
2026-06-20 13:02:59,013 INFO o.a.j.JMeter: PWD       =/home/seventwo/github/tpo-sub-four
2026-06-20 13:02:59,014 INFO o.a.j.JMeter: IP: 192.168.0.102 Name: seventwocore FullName: seventwocore
2026-06-20 13:02:59,022 INFO o.a.j.JMeter: Setting property 'jmeter.reportgenerator.outputdir' to:'/home/seventwo/github/tpo-sub-four/html_reports/stress_until_503/16users_320rpm'
2026-06-20 13:02:59,024 INFO o.a.j.s.FileServer: Default base='/home/seventwo/github/tpo-sub-four'
2026-06-20 13:02:59,025 INFO o.a.j.s.FileServer: Set new base='/home/seventwo/github/tpo-sub-four/quality_jmeter_plans/stress_until_503'
2026-06-20 13:02:59,214 INFO o.a.j.s.SaveService: Testplan (JMX) version: 2.2. Testlog (JTL) version: 2.2
2026-06-20 13:02:59,229 INFO o.a.j.s.SaveService: Using SaveService properties version 5.0
2026-06-20 13:02:59,231 INFO o.a.j.s.SaveService: Using SaveService properties file encoding UTF-8
2026-06-20 13:02:59,233 INFO o.a.j.s.SaveService: Loading file: quality_jmeter_plans/stress_until_503/stress_until_503_16users_320rpm_ctt.jmx
2026-06-20 13:02:59,278 INFO o.a.j.p.h.s.HTTPSamplerBase: Parser for text/html is org.apache.jmeter.protocol.http.parser.LagartoBasedHtmlParser
2026-06-20 13:02:59,278 INFO o.a.j.p.h.s.HTTPSamplerBase: Parser for application/xhtml+xml is org.apache.jmeter.protocol.http.parser.LagartoBasedHtmlParser
2026-06-20 13:02:59,279 INFO o.a.j.p.h.s.HTTPSamplerBase: Parser for application/xml is org.apache.jmeter.protocol.http.parser.LagartoBasedHtmlParser
2026-06-20 13:02:59,279 INFO o.a.j.p.h.s.HTTPSamplerBase: Parser for text/xml is org.apache.jmeter.protocol.http.parser.LagartoBasedHtmlParser
2026-06-20 13:02:59,279 INFO o.a.j.p.h.s.HTTPSamplerBase: Parser for text/vnd.wap.wml is org.apache.jmeter.protocol.http.parser.RegexpHTMLParser
2026-06-20 13:02:59,279 INFO o.a.j.p.h.s.HTTPSamplerBase: Parser for text/css is org.apache.jmeter.protocol.http.parser.CssParser
2026-06-20 13:02:59,290 INFO o.a.j.JMeter: Creating summariser <summary>
2026-06-20 13:02:59,299 INFO o.a.j.r.d.ReportGenerator: ReportGenerator will use for Parsing the separator: ','
2026-06-20 13:02:59,299 INFO o.a.j.r.d.ReportGenerator: Will generate report at end of test from  results file: results/stress_until_503/stress_until_503_16users_320rpm.jtl
2026-06-20 13:02:59,299 INFO o.a.j.r.d.ReportGenerator: Reading report generator properties from: /opt/jmeter/bin/reportgenerator.properties
2026-06-20 13:02:59,300 INFO o.a.j.r.d.ReportGenerator: Merging with JMeter properties
2026-06-20 13:02:59,302 INFO o.a.j.r.c.ReportGeneratorConfiguration: Property 'jmeter.reportgenerator.temp_dir' not found, using default value 'temp' instead.
2026-06-20 13:02:59,304 INFO o.a.j.r.c.ReportGeneratorConfiguration: Property 'jmeter.reportgenerator.apdex_per_transaction' not found, using default value 'null' instead.
2026-06-20 13:02:59,304 INFO o.a.j.r.c.ReportGeneratorConfiguration: apdex_per_transaction is empty, not APDEX per transaction customization
2026-06-20 13:02:59,304 INFO o.a.j.r.c.ReportGeneratorConfiguration: Property 'jmeter.reportgenerator.sample_filter' not found, using default value 'null' instead.
2026-06-20 13:02:59,304 INFO o.a.j.r.c.ReportGeneratorConfiguration: Property 'jmeter.reportgenerator.report_title' not found, using default value 'null' instead.
2026-06-20 13:02:59,304 INFO o.a.j.r.c.ReportGeneratorConfiguration: Property 'jmeter.reportgenerator.start_date' not found, using default value 'null' instead.
2026-06-20 13:02:59,305 INFO o.a.j.r.c.ReportGeneratorConfiguration: Property 'jmeter.reportgenerator.end_date' not found, using default value 'null' instead.
2026-06-20 13:02:59,305 INFO o.a.j.r.c.ReportGeneratorConfiguration: Property 'jmeter.reportgenerator.date_format' not found, using default value 'null' instead.
2026-06-20 13:02:59,305 INFO o.a.j.r.c.ReportGeneratorConfiguration: Will use date range start date: null, end date: null
2026-06-20 13:02:59,307 INFO o.a.j.r.c.ReportGeneratorConfiguration: Property 'jmeter.reportgenerator.graph.totalTPS.exclude_controllers' not found, using default value 'false' instead.
2026-06-20 13:02:59,307 INFO o.a.j.r.c.ReportGeneratorConfiguration: Property 'jmeter.reportgenerator.graph.activeThreadsOverTime.exclude_controllers' not found, using default value 'false' instead.
2026-06-20 13:02:59,308 INFO o.a.j.r.c.ReportGeneratorConfiguration: Property 'jmeter.reportgenerator.graph.timeVsThreads.exclude_controllers' not found, using default value 'false' instead.
2026-06-20 13:02:59,308 INFO o.a.j.r.c.ReportGeneratorConfiguration: Property 'jmeter.reportgenerator.graph.responseTimeDistribution.exclude_controllers' not found, using default value 'false' instead.
2026-06-20 13:02:59,308 INFO o.a.j.r.c.ReportGeneratorConfiguration: Property 'jmeter.reportgenerator.graph.transactionsPerSecond.exclude_controllers' not found, using default value 'false' instead.
2026-06-20 13:02:59,308 INFO o.a.j.r.c.ReportGeneratorConfiguration: Property 'jmeter.reportgenerator.graph.responseTimePercentiles.exclude_controllers' not found, using default value 'false' instead.
2026-06-20 13:02:59,308 INFO o.a.j.r.c.ReportGeneratorConfiguration: Property 'jmeter.reportgenerator.graph.responseTimePercentilesOverTime.exclude_controllers' not found, using default value 'false' instead.
2026-06-20 13:02:59,308 INFO o.a.j.r.c.ReportGeneratorConfiguration: Property 'jmeter.reportgenerator.graph.responseTimesOverTime.exclude_controllers' not found, using default value 'false' instead.
2026-06-20 13:02:59,308 INFO o.a.j.r.c.ReportGeneratorConfiguration: Property 'jmeter.reportgenerator.graph.connectTimeOverTime.exclude_controllers' not found, using default value 'false' instead.
2026-06-20 13:02:59,308 INFO o.a.j.r.c.ReportGeneratorConfiguration: Property 'jmeter.reportgenerator.graph.latenciesOverTime.exclude_controllers' not found, using default value 'false' instead.
2026-06-20 13:02:59,309 INFO o.a.j.r.c.ReportGeneratorConfiguration: Property 'jmeter.reportgenerator.exporter.json.filters_only_sample_series' not found, using default value 'true' instead.
2026-06-20 13:02:59,309 INFO o.a.j.r.c.ReportGeneratorConfiguration: Property 'jmeter.reportgenerator.exporter.json.series_filter' not found, using default value '' instead.
2026-06-20 13:02:59,309 INFO o.a.j.r.c.ReportGeneratorConfiguration: Property 'jmeter.reportgenerator.exporter.json.show_controllers_only' not found, using default value 'false' instead.
2026-06-20 13:02:59,309 INFO o.a.j.r.c.ReportGeneratorConfiguration: Property 'jmeter.reportgenerator.exporter.html.filters_only_sample_series' not found, using default value 'true' instead.
2026-06-20 13:02:59,309 INFO o.a.j.r.c.ReportGeneratorConfiguration: Property 'jmeter.reportgenerator.exporter.html.series_filter' not found, using default value '' instead.
2026-06-20 13:02:59,309 INFO o.a.j.r.c.ReportGeneratorConfiguration: Property 'jmeter.reportgenerator.exporter.html.show_controllers_only' not found, using default value 'false' instead.
2026-06-20 13:02:59,317 INFO o.a.j.e.StandardJMeterEngine: Running the test!
2026-06-20 13:02:59,318 INFO o.a.j.s.SampleEvent: List of sample_variables: []
2026-06-20 13:02:59,318 INFO o.a.j.s.SampleEvent: List of sample_variables: []
2026-06-20 13:02:59,320 INFO o.a.j.e.u.CompoundVariable: Note: Function class names must contain the string: '.functions.'
2026-06-20 13:02:59,321 INFO o.a.j.e.u.CompoundVariable: Note: Function class names must not contain the string: '.gui.'
2026-06-20 13:02:59,368 INFO o.a.j.JMeter: Running test (1781949779368)
2026-06-20 13:02:59,388 INFO o.a.j.e.StandardJMeterEngine: Starting ThreadGroup: 1 : Thread Group - until HTTP 503 - 16 users
2026-06-20 13:02:59,389 INFO o.a.j.e.StandardJMeterEngine: Starting 16 threads for group Thread Group - until HTTP 503 - 16 users.
2026-06-20 13:02:59,389 INFO o.a.j.e.StandardJMeterEngine: Thread will continue on error
2026-06-20 13:02:59,389 INFO o.a.j.t.ThreadGroup: Starting thread group... number=1 threads=16 ramp-up=16 delayedStart=false
2026-06-20 13:02:59,395 INFO o.a.j.t.JMeterThread: Thread started: Thread Group - until HTTP 503 - 16 users 1-1
2026-06-20 13:02:59,398 INFO o.a.j.t.ThreadGroup: Started thread group number 1
2026-06-20 13:02:59,398 INFO o.a.j.e.StandardJMeterEngine: All thread groups have been started
2026-06-20 13:02:59,423 INFO o.a.j.p.h.s.HTTPHCAbstractImpl: Local host = seventwocore
2026-06-20 13:02:59,428 INFO o.a.j.p.h.s.HTTPHC4Impl: HTTP request retry count = 0
2026-06-20 13:02:59,429 INFO o.a.j.s.SampleResult: Note: Sample TimeStamps are START times
2026-06-20 13:02:59,429 INFO o.a.j.s.SampleResult: sampleresult.default.encoding is set to UTF-8
2026-06-20 13:02:59,429 INFO o.a.j.s.SampleResult: sampleresult.useNanoTime=true
2026-06-20 13:02:59,429 INFO o.a.j.s.SampleResult: sampleresult.nanoThreadSleep=5000
2026-06-20 13:03:00,326 INFO o.a.j.r.Summariser: summary +      2 in 00:00:01 =    2.1/s Avg:   425 Min:   402 Max:   448 Err:     0 (0.00%) Active: 1 Started: 1 Finished: 0
2026-06-20 13:03:00,391 INFO o.a.j.t.JMeterThread: Thread started: Thread Group - until HTTP 503 - 16 users 1-2
2026-06-20 13:03:01,391 INFO o.a.j.t.JMeterThread: Thread started: Thread Group - until HTTP 503 - 16 users 1-3
2026-06-20 13:03:02,390 INFO o.a.j.t.JMeterThread: Thread started: Thread Group - until HTTP 503 - 16 users 1-4
2026-06-20 13:03:03,390 INFO o.a.j.t.JMeterThread: Thread started: Thread Group - until HTTP 503 - 16 users 1-5
2026-06-20 13:03:04,390 INFO o.a.j.t.JMeterThread: Thread started: Thread Group - until HTTP 503 - 16 users 1-6
2026-06-20 13:03:05,389 INFO o.a.j.t.JMeterThread: Thread started: Thread Group - until HTTP 503 - 16 users 1-7
2026-06-20 13:03:06,390 INFO o.a.j.t.JMeterThread: Thread started: Thread Group - until HTTP 503 - 16 users 1-8
2026-06-20 13:03:07,391 INFO o.a.j.t.JMeterThread: Thread started: Thread Group - until HTTP 503 - 16 users 1-9
2026-06-20 13:03:08,389 INFO o.a.j.t.JMeterThread: Thread started: Thread Group - until HTTP 503 - 16 users 1-10
2026-06-20 13:03:09,389 INFO o.a.j.t.JMeterThread: Thread started: Thread Group - until HTTP 503 - 16 users 1-11
2026-06-20 13:03:10,391 INFO o.a.j.t.JMeterThread: Thread started: Thread Group - until HTTP 503 - 16 users 1-12
2026-06-20 13:03:11,389 INFO o.a.j.t.JMeterThread: Thread started: Thread Group - until HTTP 503 - 16 users 1-13
2026-06-20 13:03:12,389 INFO o.a.j.t.JMeterThread: Thread started: Thread Group - until HTTP 503 - 16 users 1-14
2026-06-20 13:03:13,390 INFO o.a.j.t.JMeterThread: Thread started: Thread Group - until HTTP 503 - 16 users 1-15
2026-06-20 13:03:14,389 INFO o.a.j.t.JMeterThread: Thread started: Thread Group - until HTTP 503 - 16 users 1-16
2026-06-20 13:03:30,056 INFO o.a.j.r.Summariser: summary +    166 in 00:00:30 =    5.6/s Avg:   351 Min:   324 Max:   453 Err:     0 (0.00%) Active: 16 Started: 16 Finished: 0
2026-06-20 13:03:30,056 INFO o.a.j.r.Summariser: summary =    168 in 00:00:31 =    5.5/s Avg:   352 Min:   324 Max:   453 Err:     0 (0.00%)
2026-06-20 13:04:00,066 INFO o.a.j.r.Summariser: summary +    160 in 00:00:30 =    5.3/s Avg:   353 Min:   345 Max:   453 Err:     0 (0.00%) Active: 16 Started: 16 Finished: 0
2026-06-20 13:04:00,067 INFO o.a.j.r.Summariser: summary =    328 in 00:01:01 =    5.4/s Avg:   353 Min:   324 Max:   453 Err:     0 (0.00%)
2026-06-20 13:04:27,055 INFO o.a.j.t.JMeterThread: Thread finished: Thread Group - until HTTP 503 - 16 users 1-3
2026-06-20 13:04:27,301 INFO o.a.j.t.JMeterThread: Thread finished: Thread Group - until HTTP 503 - 16 users 1-7
2026-06-20 13:04:27,364 INFO o.a.j.t.JMeterThread: Thread finished: Thread Group - until HTTP 503 - 16 users 1-14
2026-06-20 13:04:27,366 INFO o.a.j.t.JMeterThread: Thread finished: Thread Group - until HTTP 503 - 16 users 1-5
2026-06-20 13:04:27,617 INFO o.a.j.t.JMeterThread: Thread finished: Thread Group - until HTTP 503 - 16 users 1-12
2026-06-20 13:04:27,868 INFO o.a.j.t.JMeterThread: Thread finished: Thread Group - until HTTP 503 - 16 users 1-1
2026-06-20 13:04:27,933 INFO o.a.j.t.JMeterThread: Thread finished: Thread Group - until HTTP 503 - 16 users 1-2
2026-06-20 13:04:28,555 INFO o.a.j.t.JMeterThread: Thread finished: Thread Group - until HTTP 503 - 16 users 1-15
2026-06-20 13:04:28,743 INFO o.a.j.t.JMeterThread: Thread finished: Thread Group - until HTTP 503 - 16 users 1-9
2026-06-20 13:04:28,989 INFO o.a.j.t.JMeterThread: Thread finished: Thread Group - until HTTP 503 - 16 users 1-13
2026-06-20 13:04:29,050 INFO o.a.j.t.JMeterThread: Thread finished: Thread Group - until HTTP 503 - 16 users 1-11
2026-06-20 13:04:29,427 INFO o.a.j.t.JMeterThread: Stopping because end time detected by thread: Thread Group - until HTTP 503 - 16 users 1-8
2026-06-20 13:04:29,427 INFO o.a.j.t.JMeterThread: Thread finished: Thread Group - until HTTP 503 - 16 users 1-8
2026-06-20 13:04:29,557 INFO o.a.j.t.JMeterThread: Stopping because end time detected by thread: Thread Group - until HTTP 503 - 16 users 1-4
2026-06-20 13:04:29,557 INFO o.a.j.t.JMeterThread: Thread finished: Thread Group - until HTTP 503 - 16 users 1-4
2026-06-20 13:04:29,676 INFO o.a.j.t.JMeterThread: Stopping because end time detected by thread: Thread Group - until HTTP 503 - 16 users 1-6
2026-06-20 13:04:29,676 INFO o.a.j.t.JMeterThread: Thread finished: Thread Group - until HTTP 503 - 16 users 1-6
2026-06-20 13:04:29,738 INFO o.a.j.t.JMeterThread: Stopping because end time detected by thread: Thread Group - until HTTP 503 - 16 users 1-10
2026-06-20 13:04:29,738 INFO o.a.j.t.JMeterThread: Thread finished: Thread Group - until HTTP 503 - 16 users 1-10
2026-06-20 13:04:29,740 INFO o.a.j.t.JMeterThread: Stopping because end time detected by thread: Thread Group - until HTTP 503 - 16 users 1-16
2026-06-20 13:04:29,740 INFO o.a.j.t.JMeterThread: Thread finished: Thread Group - until HTTP 503 - 16 users 1-16
2026-06-20 13:04:29,740 INFO o.a.j.e.StandardJMeterEngine: Notifying test listeners of end of test
2026-06-20 13:04:29,740 INFO o.a.j.r.Summariser: summary +    161 in 00:00:30 =    5.4/s Avg:   356 Min:   344 Max:   464 Err:     0 (0.00%) Active: 0 Started: 16 Finished: 16
2026-06-20 13:04:29,741 INFO o.a.j.r.Summariser: summary =    489 in 00:01:30 =    5.4/s Avg:   354 Min:   324 Max:   464 Err:     0 (0.00%)
2026-06-20 13:04:29,741 INFO o.a.j.JMeter: Generating Dashboard
2026-06-20 13:04:29,741 INFO o.a.j.r.d.ReportGenerator: Flushing result collector before report Generation
2026-06-20 13:04:29,748 INFO o.a.j.r.p.NormalizerSampleConsumer: Using format, 'ms', to parse timeStamp field
2026-06-20 13:04:29,806 INFO o.a.j.r.p.AbstractSampleConsumer: class org.apache.jmeter.report.processor.AggregateConsumer#stopProducing(): beginDate produced 0 samples
2026-06-20 13:04:29,806 INFO o.a.j.r.p.AbstractSampleConsumer: class org.apache.jmeter.report.processor.AggregateConsumer#stopProducing(): endDate produced 0 samples
2026-06-20 13:04:29,807 INFO o.a.j.r.p.AbstractSampleConsumer: class org.apache.jmeter.report.processor.ApdexSummaryConsumer#stopProducing(): apdexSummary produced 0 samples
2026-06-20 13:04:29,807 INFO o.a.j.r.p.AbstractSampleConsumer: class org.apache.jmeter.report.processor.RequestsSummaryConsumer#stopProducing(): requestsSummary produced 0 samples
2026-06-20 13:04:29,810 INFO o.a.j.r.p.AbstractSampleConsumer: class org.apache.jmeter.report.processor.StatisticsSummaryConsumer#stopProducing(): statisticsSummary produced 0 samples
2026-06-20 13:04:29,811 INFO o.a.j.r.p.AbstractSampleConsumer: class org.apache.jmeter.report.processor.Top5ErrorsBySamplerConsumer#stopProducing(): top5ErrorsBySampler produced 0 samples
2026-06-20 13:04:29,811 INFO o.a.j.r.p.AbstractSampleConsumer: class org.apache.jmeter.report.processor.ErrorsSummaryConsumer#stopProducing(): errorsSummary produced 0 samples
2026-06-20 13:04:29,811 INFO o.a.j.r.p.AbstractSampleConsumer: class org.apache.jmeter.report.processor.graph.impl.HitsPerSecondGraphConsumer#stopProducing(): hitsPerSecond produced 0 samples
2026-06-20 13:04:29,823 INFO o.a.j.r.p.AbstractSampleConsumer: class org.apache.jmeter.report.processor.graph.impl.LatencyVSRequestGraphConsumer#stopProducing(): latencyVsRequest produced 0 samples
2026-06-20 13:04:29,823 INFO o.a.j.r.p.AbstractSampleConsumer: class org.apache.jmeter.report.processor.graph.impl.SyntheticResponseTimeDistributionGraphConsumer#stopProducing(): syntheticResponseTimeDistribution produced 0 samples
2026-06-20 13:04:29,823 INFO o.a.j.r.p.AbstractSampleConsumer: class org.apache.jmeter.report.processor.graph.impl.BytesThroughputGraphConsumer#stopProducing(): bytesThroughputOverTime produced 0 samples
2026-06-20 13:04:29,823 INFO o.a.j.r.p.AbstractSampleConsumer: class org.apache.jmeter.report.processor.graph.impl.CodesPerSecondGraphConsumer#stopProducing(): codesPerSecond produced 0 samples
2026-06-20 13:04:29,828 INFO o.a.j.r.p.AbstractSampleConsumer: class org.apache.jmeter.report.processor.graph.impl.ResponseTimeVSRequestGraphConsumer#stopProducing(): responseTimeVsRequest produced 0 samples
2026-06-20 13:04:29,829 INFO o.a.j.r.p.AbstractSampleConsumer: class org.apache.jmeter.report.processor.FilterConsumer#stopProducing(): startIntervalControlerFilter produced 3423 samples
2026-06-20 13:04:29,829 INFO o.a.j.r.p.AbstractSampleConsumer: class org.apache.jmeter.report.processor.graph.impl.TotalTPSGraphConsumer#stopProducing(): totalTPS produced 0 samples
2026-06-20 13:04:29,829 INFO o.a.j.r.p.AbstractSampleConsumer: class org.apache.jmeter.report.processor.graph.impl.ActiveThreadsGraphConsumer#stopProducing(): activeThreadsOverTime produced 0 samples
2026-06-20 13:04:29,829 INFO o.a.j.r.p.AbstractSampleConsumer: class org.apache.jmeter.report.processor.graph.impl.TimeVSThreadGraphConsumer#stopProducing(): timeVsThreads produced 0 samples
2026-06-20 13:04:29,829 INFO o.a.j.r.p.AbstractSampleConsumer: class org.apache.jmeter.report.processor.graph.impl.ResponseTimeDistributionGraphConsumer#stopProducing(): responseTimeDistribution produced 0 samples
2026-06-20 13:04:29,829 INFO o.a.j.r.p.AbstractSampleConsumer: class org.apache.jmeter.report.processor.graph.impl.TransactionsPerSecondGraphConsumer#stopProducing(): transactionsPerSecond produced 0 samples
2026-06-20 13:04:29,829 INFO o.a.j.r.p.AbstractSampleConsumer: class org.apache.jmeter.report.processor.graph.impl.ResponseTimePercentilesGraphConsumer#stopProducing(): responseTimePercentiles produced 0 samples
2026-06-20 13:04:29,830 INFO o.a.j.r.p.AbstractSampleConsumer: class org.apache.jmeter.report.processor.graph.impl.ResponseTimePercentilesOverTimeGraphConsumer#stopProducing(): responseTimePercentilesOverTime produced 0 samples
2026-06-20 13:04:29,830 INFO o.a.j.r.p.AbstractSampleConsumer: class org.apache.jmeter.report.processor.graph.impl.ResponseTimeOverTimeGraphConsumer#stopProducing(): responseTimesOverTime produced 0 samples
2026-06-20 13:04:29,830 INFO o.a.j.r.p.AbstractSampleConsumer: class org.apache.jmeter.report.processor.graph.impl.ConnectTimeOverTimeGraphConsumer#stopProducing(): connectTimeOverTime produced 0 samples
2026-06-20 13:04:29,830 INFO o.a.j.r.p.AbstractSampleConsumer: class org.apache.jmeter.report.processor.graph.impl.LatencyOverTimeGraphConsumer#stopProducing(): latenciesOverTime produced 0 samples
2026-06-20 13:04:29,830 INFO o.a.j.r.p.AbstractSampleConsumer: class org.apache.jmeter.report.processor.FilterConsumer#stopProducing(): nameFilter produced 7335 samples
2026-06-20 13:04:29,830 INFO o.a.j.r.p.AbstractSampleConsumer: class org.apache.jmeter.report.processor.FilterConsumer#stopProducing(): dateRangeFilter produced 1467 samples
2026-06-20 13:04:29,830 INFO o.a.j.r.p.AbstractSampleConsumer: class org.apache.jmeter.report.processor.NormalizerSampleConsumer#stopProducing(): normalizer produced 489 samples
2026-06-20 13:04:29,831 INFO o.a.j.r.p.CsvFileSampleSource: produce(): 489 samples produced in 65ms on channel 0
2026-06-20 13:04:29,831 INFO o.a.j.r.d.ReportGenerator: Exporting data using exporter:'json' of className:'org.apache.jmeter.report.dashboard.JsonExporter'
2026-06-20 13:04:29,876 INFO o.a.j.r.d.JsonExporter: Found data for consumer statisticsSummary in context
2026-06-20 13:04:29,876 INFO o.a.j.r.d.JsonExporter: Creating statistics for overall
2026-06-20 13:04:29,876 INFO o.a.j.r.d.JsonExporter: Creating statistics for other transactions
2026-06-20 13:04:29,877 INFO o.a.j.r.d.JsonExporter: Checking output folder
2026-06-20 13:04:29,877 INFO o.a.j.r.d.JsonExporter: Writing statistics JSON to /home/seventwo/github/tpo-sub-four/html_reports/stress_until_503/16users_320rpm/statistics.json
2026-06-20 13:04:29,907 INFO o.a.j.r.d.ReportGenerator: Exporting data using exporter:'html' of className:'org.apache.jmeter.report.dashboard.HtmlTemplateExporter'
2026-06-20 13:04:29,909 INFO o.a.j.r.d.HtmlTemplateExporter: Will generate dashboard in folder: /home/seventwo/github/tpo-sub-four/html_reports/stress_until_503/16users_320rpm
2026-06-20 13:04:29,962 INFO o.a.j.r.d.HtmlTemplateExporter: Report will be generated in: /home/seventwo/github/tpo-sub-four/html_reports/stress_until_503/16users_320rpm, creating folder structure
2026-06-20 13:04:29,964 INFO o.a.j.r.d.TemplateVisitor: Copying folder from '/opt/jmeter/bin/report-template' to '/home/seventwo/github/tpo-sub-four/html_reports/stress_until_503/16users_320rpm', got message: /home/seventwo/github/tpo-sub-four/html_reports/stress_until_503/16users_320rpm, found non empty folder with following content [/home/seventwo/github/tpo-sub-four/html_reports/stress_until_503/16users_320rpm/statistics.json], will be ignored
2026-06-20 13:04:30,087 INFO o.a.j.JMeter: Dashboard generated
