2026-06-20 13:07:39,941 INFO o.a.j.u.JMeterUtils: Setting Locale to en_EN
2026-06-20 13:07:39,953 INFO o.a.j.JMeter: Loading user properties from: /opt/jmeter/bin/user.properties
2026-06-20 13:07:39,953 INFO o.a.j.JMeter: Loading system properties from: /opt/jmeter/bin/system.properties
2026-06-20 13:07:39,953 INFO o.a.j.JMeter: Setting JMeter property: jmeter.save.saveservice.output_format=csv
2026-06-20 13:07:39,953 INFO o.a.j.JMeter: Setting JMeter property: jmeter.save.saveservice.print_field_names=true
2026-06-20 13:07:39,954 INFO o.a.j.JMeter: Setting JMeter property: jmeter.save.saveservice.timestamp_format=ms
2026-06-20 13:07:39,954 INFO o.a.j.JMeter: Setting JMeter property: jmeter.save.saveservice.time=true
2026-06-20 13:07:39,954 INFO o.a.j.JMeter: Setting JMeter property: jmeter.save.saveservice.latency=true
2026-06-20 13:07:39,954 INFO o.a.j.JMeter: Setting JMeter property: jmeter.save.saveservice.label=true
2026-06-20 13:07:39,954 INFO o.a.j.JMeter: Setting JMeter property: jmeter.save.saveservice.response_code=true
2026-06-20 13:07:39,954 INFO o.a.j.JMeter: Setting JMeter property: jmeter.save.saveservice.response_message=true
2026-06-20 13:07:39,954 INFO o.a.j.JMeter: Setting JMeter property: jmeter.save.saveservice.successful=true
2026-06-20 13:07:39,954 INFO o.a.j.JMeter: Setting JMeter property: jmeter.save.saveservice.assertion_results_failure_message=true
2026-06-20 13:07:39,954 INFO o.a.j.JMeter: Setting JMeter property: jmeter.save.saveservice.thread_name=true
2026-06-20 13:07:39,954 INFO o.a.j.JMeter: Setting JMeter property: jmeter.save.saveservice.thread_counts=true
2026-06-20 13:07:39,954 INFO o.a.j.JMeter: Setting JMeter property: jmeter.save.saveservice.connect_time=true
2026-06-20 13:07:39,959 INFO o.a.j.JMeter: Copyright (c) 1998-2024 The Apache Software Foundation
2026-06-20 13:07:39,959 INFO o.a.j.JMeter: Version 5.6.3
2026-06-20 13:07:39,959 INFO o.a.j.JMeter: java.version=26.0.1
2026-06-20 13:07:39,959 INFO o.a.j.JMeter: java.vm.name=OpenJDK 64-Bit Server VM
2026-06-20 13:07:39,959 INFO o.a.j.JMeter: os.name=Linux
2026-06-20 13:07:39,959 INFO o.a.j.JMeter: os.arch=amd64
2026-06-20 13:07:39,959 INFO o.a.j.JMeter: os.version=6.18.33-1-MANJARO
2026-06-20 13:07:39,959 INFO o.a.j.JMeter: file.encoding=UTF-8
2026-06-20 13:07:39,959 INFO o.a.j.JMeter: java.awt.headless=true
2026-06-20 13:07:39,959 INFO o.a.j.JMeter: Max memory     =1073741824
2026-06-20 13:07:39,960 INFO o.a.j.JMeter: Available Processors =16
2026-06-20 13:07:39,971 INFO o.a.j.JMeter: Default Locale=English (EN)
2026-06-20 13:07:39,971 INFO o.a.j.JMeter: JMeter  Locale=English (EN)
2026-06-20 13:07:39,971 INFO o.a.j.JMeter: JMeterHome=/opt/jmeter
2026-06-20 13:07:39,971 INFO o.a.j.JMeter: user.dir  =/home/seventwo/github/tpo-sub-four
2026-06-20 13:07:39,972 INFO o.a.j.JMeter: PWD       =/home/seventwo/github/tpo-sub-four
2026-06-20 13:07:39,972 INFO o.a.j.JMeter: IP: 192.168.0.102 Name: seventwocore FullName: seventwocore
2026-06-20 13:07:39,980 INFO o.a.j.JMeter: Setting property 'jmeter.reportgenerator.outputdir' to:'/home/seventwo/github/tpo-sub-four/html_reports/stress_until_503/32users_640rpm'
2026-06-20 13:07:39,982 INFO o.a.j.s.FileServer: Default base='/home/seventwo/github/tpo-sub-four'
2026-06-20 13:07:39,982 INFO o.a.j.s.FileServer: Set new base='/home/seventwo/github/tpo-sub-four/quality_jmeter_plans/stress_until_503'
2026-06-20 13:07:40,183 INFO o.a.j.s.SaveService: Testplan (JMX) version: 2.2. Testlog (JTL) version: 2.2
2026-06-20 13:07:40,198 INFO o.a.j.s.SaveService: Using SaveService properties version 5.0
2026-06-20 13:07:40,201 INFO o.a.j.s.SaveService: Using SaveService properties file encoding UTF-8
2026-06-20 13:07:40,203 INFO o.a.j.s.SaveService: Loading file: quality_jmeter_plans/stress_until_503/stress_until_503_32users_640rpm_ctt.jmx
2026-06-20 13:07:40,247 INFO o.a.j.p.h.s.HTTPSamplerBase: Parser for text/html is org.apache.jmeter.protocol.http.parser.LagartoBasedHtmlParser
2026-06-20 13:07:40,247 INFO o.a.j.p.h.s.HTTPSamplerBase: Parser for application/xhtml+xml is org.apache.jmeter.protocol.http.parser.LagartoBasedHtmlParser
2026-06-20 13:07:40,247 INFO o.a.j.p.h.s.HTTPSamplerBase: Parser for application/xml is org.apache.jmeter.protocol.http.parser.LagartoBasedHtmlParser
2026-06-20 13:07:40,247 INFO o.a.j.p.h.s.HTTPSamplerBase: Parser for text/xml is org.apache.jmeter.protocol.http.parser.LagartoBasedHtmlParser
2026-06-20 13:07:40,247 INFO o.a.j.p.h.s.HTTPSamplerBase: Parser for text/vnd.wap.wml is org.apache.jmeter.protocol.http.parser.RegexpHTMLParser
2026-06-20 13:07:40,248 INFO o.a.j.p.h.s.HTTPSamplerBase: Parser for text/css is org.apache.jmeter.protocol.http.parser.CssParser
2026-06-20 13:07:40,257 INFO o.a.j.JMeter: Creating summariser <summary>
2026-06-20 13:07:40,264 INFO o.a.j.r.d.ReportGenerator: ReportGenerator will use for Parsing the separator: ','
2026-06-20 13:07:40,264 INFO o.a.j.r.d.ReportGenerator: Will generate report at end of test from  results file: results/stress_until_503/stress_until_503_32users_640rpm.jtl
2026-06-20 13:07:40,264 INFO o.a.j.r.d.ReportGenerator: Reading report generator properties from: /opt/jmeter/bin/reportgenerator.properties
2026-06-20 13:07:40,265 INFO o.a.j.r.d.ReportGenerator: Merging with JMeter properties
2026-06-20 13:07:40,267 INFO o.a.j.r.c.ReportGeneratorConfiguration: Property 'jmeter.reportgenerator.temp_dir' not found, using default value 'temp' instead.
2026-06-20 13:07:40,269 INFO o.a.j.r.c.ReportGeneratorConfiguration: Property 'jmeter.reportgenerator.apdex_per_transaction' not found, using default value 'null' instead.
2026-06-20 13:07:40,269 INFO o.a.j.r.c.ReportGeneratorConfiguration: apdex_per_transaction is empty, not APDEX per transaction customization
2026-06-20 13:07:40,269 INFO o.a.j.r.c.ReportGeneratorConfiguration: Property 'jmeter.reportgenerator.sample_filter' not found, using default value 'null' instead.
2026-06-20 13:07:40,269 INFO o.a.j.r.c.ReportGeneratorConfiguration: Property 'jmeter.reportgenerator.report_title' not found, using default value 'null' instead.
2026-06-20 13:07:40,269 INFO o.a.j.r.c.ReportGeneratorConfiguration: Property 'jmeter.reportgenerator.start_date' not found, using default value 'null' instead.
2026-06-20 13:07:40,270 INFO o.a.j.r.c.ReportGeneratorConfiguration: Property 'jmeter.reportgenerator.end_date' not found, using default value 'null' instead.
2026-06-20 13:07:40,270 INFO o.a.j.r.c.ReportGeneratorConfiguration: Property 'jmeter.reportgenerator.date_format' not found, using default value 'null' instead.
2026-06-20 13:07:40,270 INFO o.a.j.r.c.ReportGeneratorConfiguration: Will use date range start date: null, end date: null
2026-06-20 13:07:40,273 INFO o.a.j.r.c.ReportGeneratorConfiguration: Property 'jmeter.reportgenerator.graph.totalTPS.exclude_controllers' not found, using default value 'false' instead.
2026-06-20 13:07:40,273 INFO o.a.j.r.c.ReportGeneratorConfiguration: Property 'jmeter.reportgenerator.graph.activeThreadsOverTime.exclude_controllers' not found, using default value 'false' instead.
2026-06-20 13:07:40,273 INFO o.a.j.r.c.ReportGeneratorConfiguration: Property 'jmeter.reportgenerator.graph.timeVsThreads.exclude_controllers' not found, using default value 'false' instead.
2026-06-20 13:07:40,273 INFO o.a.j.r.c.ReportGeneratorConfiguration: Property 'jmeter.reportgenerator.graph.responseTimeDistribution.exclude_controllers' not found, using default value 'false' instead.
2026-06-20 13:07:40,273 INFO o.a.j.r.c.ReportGeneratorConfiguration: Property 'jmeter.reportgenerator.graph.transactionsPerSecond.exclude_controllers' not found, using default value 'false' instead.
2026-06-20 13:07:40,273 INFO o.a.j.r.c.ReportGeneratorConfiguration: Property 'jmeter.reportgenerator.graph.responseTimePercentiles.exclude_controllers' not found, using default value 'false' instead.
2026-06-20 13:07:40,273 INFO o.a.j.r.c.ReportGeneratorConfiguration: Property 'jmeter.reportgenerator.graph.responseTimePercentilesOverTime.exclude_controllers' not found, using default value 'false' instead.
2026-06-20 13:07:40,274 INFO o.a.j.r.c.ReportGeneratorConfiguration: Property 'jmeter.reportgenerator.graph.responseTimesOverTime.exclude_controllers' not found, using default value 'false' instead.
2026-06-20 13:07:40,274 INFO o.a.j.r.c.ReportGeneratorConfiguration: Property 'jmeter.reportgenerator.graph.connectTimeOverTime.exclude_controllers' not found, using default value 'false' instead.
2026-06-20 13:07:40,274 INFO o.a.j.r.c.ReportGeneratorConfiguration: Property 'jmeter.reportgenerator.graph.latenciesOverTime.exclude_controllers' not found, using default value 'false' instead.
2026-06-20 13:07:40,274 INFO o.a.j.r.c.ReportGeneratorConfiguration: Property 'jmeter.reportgenerator.exporter.json.filters_only_sample_series' not found, using default value 'true' instead.
2026-06-20 13:07:40,274 INFO o.a.j.r.c.ReportGeneratorConfiguration: Property 'jmeter.reportgenerator.exporter.json.series_filter' not found, using default value '' instead.
2026-06-20 13:07:40,274 INFO o.a.j.r.c.ReportGeneratorConfiguration: Property 'jmeter.reportgenerator.exporter.json.show_controllers_only' not found, using default value 'false' instead.
2026-06-20 13:07:40,275 INFO o.a.j.r.c.ReportGeneratorConfiguration: Property 'jmeter.reportgenerator.exporter.html.filters_only_sample_series' not found, using default value 'true' instead.
2026-06-20 13:07:40,275 INFO o.a.j.r.c.ReportGeneratorConfiguration: Property 'jmeter.reportgenerator.exporter.html.series_filter' not found, using default value '' instead.
2026-06-20 13:07:40,275 INFO o.a.j.r.c.ReportGeneratorConfiguration: Property 'jmeter.reportgenerator.exporter.html.show_controllers_only' not found, using default value 'false' instead.
2026-06-20 13:07:40,282 INFO o.a.j.e.StandardJMeterEngine: Running the test!
2026-06-20 13:07:40,283 INFO o.a.j.s.SampleEvent: List of sample_variables: []
2026-06-20 13:07:40,283 INFO o.a.j.s.SampleEvent: List of sample_variables: []
2026-06-20 13:07:40,287 INFO o.a.j.e.u.CompoundVariable: Note: Function class names must contain the string: '.functions.'
2026-06-20 13:07:40,287 INFO o.a.j.e.u.CompoundVariable: Note: Function class names must not contain the string: '.gui.'
2026-06-20 13:07:40,334 INFO o.a.j.JMeter: Running test (1781950060334)
2026-06-20 13:07:40,357 INFO o.a.j.e.StandardJMeterEngine: Starting ThreadGroup: 1 : Thread Group - until HTTP 503 - 32 users
2026-06-20 13:07:40,357 INFO o.a.j.e.StandardJMeterEngine: Starting 32 threads for group Thread Group - until HTTP 503 - 32 users.
2026-06-20 13:07:40,357 INFO o.a.j.e.StandardJMeterEngine: Thread will continue on error
2026-06-20 13:07:40,357 INFO o.a.j.t.ThreadGroup: Starting thread group... number=1 threads=32 ramp-up=32 delayedStart=false
2026-06-20 13:07:40,362 INFO o.a.j.t.JMeterThread: Thread started: Thread Group - until HTTP 503 - 32 users 1-1
2026-06-20 13:07:40,370 INFO o.a.j.t.ThreadGroup: Started thread group number 1
2026-06-20 13:07:40,370 INFO o.a.j.e.StandardJMeterEngine: All thread groups have been started
2026-06-20 13:07:40,395 INFO o.a.j.p.h.s.HTTPHCAbstractImpl: Local host = seventwocore
2026-06-20 13:07:40,399 INFO o.a.j.p.h.s.HTTPHC4Impl: HTTP request retry count = 0
2026-06-20 13:07:40,400 INFO o.a.j.s.SampleResult: Note: Sample TimeStamps are START times
2026-06-20 13:07:40,400 INFO o.a.j.s.SampleResult: sampleresult.default.encoding is set to UTF-8
2026-06-20 13:07:40,400 INFO o.a.j.s.SampleResult: sampleresult.useNanoTime=true
2026-06-20 13:07:40,400 INFO o.a.j.s.SampleResult: sampleresult.nanoThreadSleep=5000
2026-06-20 13:07:41,359 INFO o.a.j.t.JMeterThread: Thread started: Thread Group - until HTTP 503 - 32 users 1-2
2026-06-20 13:07:42,359 INFO o.a.j.t.JMeterThread: Thread started: Thread Group - until HTTP 503 - 32 users 1-3
2026-06-20 13:07:43,358 INFO o.a.j.t.JMeterThread: Thread started: Thread Group - until HTTP 503 - 32 users 1-4
2026-06-20 13:07:44,358 INFO o.a.j.t.JMeterThread: Thread started: Thread Group - until HTTP 503 - 32 users 1-5
2026-06-20 13:07:45,358 INFO o.a.j.t.JMeterThread: Thread started: Thread Group - until HTTP 503 - 32 users 1-6
2026-06-20 13:07:46,358 INFO o.a.j.t.JMeterThread: Thread started: Thread Group - until HTTP 503 - 32 users 1-7
2026-06-20 13:07:47,359 INFO o.a.j.t.JMeterThread: Thread started: Thread Group - until HTTP 503 - 32 users 1-8
2026-06-20 13:07:48,357 INFO o.a.j.t.JMeterThread: Thread started: Thread Group - until HTTP 503 - 32 users 1-9
2026-06-20 13:07:49,358 INFO o.a.j.t.JMeterThread: Thread started: Thread Group - until HTTP 503 - 32 users 1-10
2026-06-20 13:07:50,359 INFO o.a.j.t.JMeterThread: Thread started: Thread Group - until HTTP 503 - 32 users 1-11
2026-06-20 13:07:51,357 INFO o.a.j.t.JMeterThread: Thread started: Thread Group - until HTTP 503 - 32 users 1-12
2026-06-20 13:07:52,358 INFO o.a.j.t.JMeterThread: Thread started: Thread Group - until HTTP 503 - 32 users 1-13
2026-06-20 13:07:53,358 INFO o.a.j.t.JMeterThread: Thread started: Thread Group - until HTTP 503 - 32 users 1-14
2026-06-20 13:07:54,357 INFO o.a.j.t.JMeterThread: Thread started: Thread Group - until HTTP 503 - 32 users 1-15
2026-06-20 13:07:55,359 INFO o.a.j.t.JMeterThread: Thread started: Thread Group - until HTTP 503 - 32 users 1-16
2026-06-20 13:07:56,358 INFO o.a.j.t.JMeterThread: Thread started: Thread Group - until HTTP 503 - 32 users 1-17
2026-06-20 13:07:57,357 INFO o.a.j.t.JMeterThread: Thread started: Thread Group - until HTTP 503 - 32 users 1-18
2026-06-20 13:07:58,357 INFO o.a.j.t.JMeterThread: Thread started: Thread Group - until HTTP 503 - 32 users 1-19
2026-06-20 13:07:59,358 INFO o.a.j.t.JMeterThread: Thread started: Thread Group - until HTTP 503 - 32 users 1-20
2026-06-20 13:08:00,156 INFO o.a.j.r.Summariser: summary +    202 in 00:00:20 =   10.2/s Avg:   392 Min:   342 Max:   468 Err:     0 (0.00%) Active: 20 Started: 20 Finished: 0
2026-06-20 13:08:00,357 INFO o.a.j.t.JMeterThread: Thread started: Thread Group - until HTTP 503 - 32 users 1-21
2026-06-20 13:08:01,357 INFO o.a.j.t.JMeterThread: Thread started: Thread Group - until HTTP 503 - 32 users 1-22
2026-06-20 13:08:02,358 INFO o.a.j.t.JMeterThread: Thread started: Thread Group - until HTTP 503 - 32 users 1-23
2026-06-20 13:08:03,357 INFO o.a.j.t.JMeterThread: Thread started: Thread Group - until HTTP 503 - 32 users 1-24
2026-06-20 13:08:04,358 INFO o.a.j.t.JMeterThread: Thread started: Thread Group - until HTTP 503 - 32 users 1-25
2026-06-20 13:08:05,358 INFO o.a.j.t.JMeterThread: Thread started: Thread Group - until HTTP 503 - 32 users 1-26
2026-06-20 13:08:06,357 INFO o.a.j.t.JMeterThread: Thread started: Thread Group - until HTTP 503 - 32 users 1-27
2026-06-20 13:08:07,357 INFO o.a.j.t.JMeterThread: Thread started: Thread Group - until HTTP 503 - 32 users 1-28
2026-06-20 13:08:08,358 INFO o.a.j.t.JMeterThread: Thread started: Thread Group - until HTTP 503 - 32 users 1-29
2026-06-20 13:08:09,357 INFO o.a.j.t.JMeterThread: Thread started: Thread Group - until HTTP 503 - 32 users 1-30
2026-06-20 13:08:10,357 INFO o.a.j.t.JMeterThread: Thread started: Thread Group - until HTTP 503 - 32 users 1-31
2026-06-20 13:08:11,357 INFO o.a.j.t.JMeterThread: Thread started: Thread Group - until HTTP 503 - 32 users 1-32
2026-06-20 13:08:30,031 INFO o.a.j.r.Summariser: summary +    331 in 00:00:30 =   11.1/s Avg:   423 Min:   404 Max:   483 Err:     0 (0.00%) Active: 32 Started: 32 Finished: 0
2026-06-20 13:08:30,032 INFO o.a.j.r.Summariser: summary =    533 in 00:00:50 =   10.7/s Avg:   412 Min:   342 Max:   483 Err:     0 (0.00%)
2026-06-20 13:09:00,031 INFO o.a.j.r.Summariser: summary +    320 in 00:00:30 =   10.7/s Avg:   420 Min:   401 Max:   672 Err:     2 (0.62%) Active: 32 Started: 32 Finished: 0
2026-06-20 13:09:00,031 INFO o.a.j.r.Summariser: summary =    853 in 00:01:20 =   10.7/s Avg:   415 Min:   342 Max:   672 Err:     2 (0.23%)
2026-06-20 13:09:08,018 INFO o.a.j.t.JMeterThread: Thread finished: Thread Group - until HTTP 503 - 32 users 1-20
2026-06-20 13:09:08,020 INFO o.a.j.t.JMeterThread: Thread finished: Thread Group - until HTTP 503 - 32 users 1-14
2026-06-20 13:09:08,050 INFO o.a.j.t.JMeterThread: Thread finished: Thread Group - until HTTP 503 - 32 users 1-4
2026-06-20 13:09:08,077 INFO o.a.j.t.JMeterThread: Thread finished: Thread Group - until HTTP 503 - 32 users 1-24
2026-06-20 13:09:08,176 INFO o.a.j.t.JMeterThread: Thread finished: Thread Group - until HTTP 503 - 32 users 1-2
2026-06-20 13:09:08,490 INFO o.a.j.t.JMeterThread: Thread finished: Thread Group - until HTTP 503 - 32 users 1-29
2026-06-20 13:09:08,492 INFO o.a.j.t.JMeterThread: Thread finished: Thread Group - until HTTP 503 - 32 users 1-17
2026-06-20 13:09:08,710 INFO o.a.j.t.JMeterThread: Thread finished: Thread Group - until HTTP 503 - 32 users 1-7
2026-06-20 13:09:08,715 INFO o.a.j.t.JMeterThread: Thread finished: Thread Group - until HTTP 503 - 32 users 1-10
2026-06-20 13:09:08,744 INFO o.a.j.t.JMeterThread: Thread finished: Thread Group - until HTTP 503 - 32 users 1-12
2026-06-20 13:09:08,774 INFO o.a.j.t.JMeterThread: Thread finished: Thread Group - until HTTP 503 - 32 users 1-32
2026-06-20 13:09:09,041 INFO o.a.j.t.JMeterThread: Thread finished: Thread Group - until HTTP 503 - 32 users 1-27
2026-06-20 13:09:09,209 INFO o.a.j.t.JMeterThread: Thread finished: Thread Group - until HTTP 503 - 32 users 1-6
2026-06-20 13:09:09,288 INFO o.a.j.t.JMeterThread: Thread finished: Thread Group - until HTTP 503 - 32 users 1-1
2026-06-20 13:09:09,364 INFO o.a.j.t.JMeterThread: Thread finished: Thread Group - until HTTP 503 - 32 users 1-19
2026-06-20 13:09:09,460 INFO o.a.j.t.JMeterThread: Thread finished: Thread Group - until HTTP 503 - 32 users 1-25
2026-06-20 13:09:09,463 INFO o.a.j.t.JMeterThread: Thread finished: Thread Group - until HTTP 503 - 32 users 1-16
2026-06-20 13:09:09,583 INFO o.a.j.t.JMeterThread: Thread finished: Thread Group - until HTTP 503 - 32 users 1-30
2026-06-20 13:09:09,585 INFO o.a.j.t.JMeterThread: Thread finished: Thread Group - until HTTP 503 - 32 users 1-21
2026-06-20 13:09:09,618 INFO o.a.j.t.JMeterThread: Thread finished: Thread Group - until HTTP 503 - 32 users 1-23
2026-06-20 13:09:09,801 INFO o.a.j.t.JMeterThread: Thread finished: Thread Group - until HTTP 503 - 32 users 1-8
2026-06-20 13:09:10,310 INFO o.a.j.t.JMeterThread: Thread finished: Thread Group - until HTTP 503 - 32 users 1-28
2026-06-20 13:09:10,329 INFO o.a.j.t.JMeterThread: Thread finished: Thread Group - until HTTP 503 - 32 users 1-15
2026-06-20 13:09:10,423 INFO o.a.j.t.JMeterThread: Stopping because end time detected by thread: Thread Group - until HTTP 503 - 32 users 1-18
2026-06-20 13:09:10,423 INFO o.a.j.t.JMeterThread: Thread finished: Thread Group - until HTTP 503 - 32 users 1-18
2026-06-20 13:09:10,672 INFO o.a.j.t.JMeterThread: Stopping because end time detected by thread: Thread Group - until HTTP 503 - 32 users 1-31
2026-06-20 13:09:10,672 INFO o.a.j.t.JMeterThread: Thread finished: Thread Group - until HTTP 503 - 32 users 1-31
2026-06-20 13:09:10,701 INFO o.a.j.t.JMeterThread: Stopping because end time detected by thread: Thread Group - until HTTP 503 - 32 users 1-9
2026-06-20 13:09:10,701 INFO o.a.j.t.JMeterThread: Thread finished: Thread Group - until HTTP 503 - 32 users 1-9
2026-06-20 13:09:10,734 INFO o.a.j.t.JMeterThread: Stopping because end time detected by thread: Thread Group - until HTTP 503 - 32 users 1-26
2026-06-20 13:09:10,734 INFO o.a.j.t.JMeterThread: Thread finished: Thread Group - until HTTP 503 - 32 users 1-26
2026-06-20 13:09:10,736 INFO o.a.j.t.JMeterThread: Stopping because end time detected by thread: Thread Group - until HTTP 503 - 32 users 1-11
2026-06-20 13:09:10,736 INFO o.a.j.t.JMeterThread: Thread finished: Thread Group - until HTTP 503 - 32 users 1-11
2026-06-20 13:09:10,740 INFO o.a.j.t.JMeterThread: Stopping because end time detected by thread: Thread Group - until HTTP 503 - 32 users 1-5
2026-06-20 13:09:10,740 INFO o.a.j.t.JMeterThread: Thread finished: Thread Group - until HTTP 503 - 32 users 1-5
2026-06-20 13:09:10,757 INFO o.a.j.t.JMeterThread: Stopping because end time detected by thread: Thread Group - until HTTP 503 - 32 users 1-3
2026-06-20 13:09:10,757 INFO o.a.j.t.JMeterThread: Thread finished: Thread Group - until HTTP 503 - 32 users 1-3
2026-06-20 13:09:10,769 INFO o.a.j.t.JMeterThread: Stopping because end time detected by thread: Thread Group - until HTTP 503 - 32 users 1-22
2026-06-20 13:09:10,769 INFO o.a.j.t.JMeterThread: Thread finished: Thread Group - until HTTP 503 - 32 users 1-22
2026-06-20 13:09:10,773 INFO o.a.j.t.JMeterThread: Stopping because end time detected by thread: Thread Group - until HTTP 503 - 32 users 1-13
2026-06-20 13:09:10,773 INFO o.a.j.t.JMeterThread: Thread finished: Thread Group - until HTTP 503 - 32 users 1-13
2026-06-20 13:09:10,773 INFO o.a.j.e.StandardJMeterEngine: Notifying test listeners of end of test
2026-06-20 13:09:10,774 INFO o.a.j.r.Summariser: summary +    116 in 00:00:11 =   10.8/s Avg:   415 Min:   403 Max:   455 Err:     0 (0.00%) Active: 0 Started: 32 Finished: 32
2026-06-20 13:09:10,774 INFO o.a.j.r.Summariser: summary =    969 in 00:01:30 =   10.7/s Avg:   415 Min:   342 Max:   672 Err:     2 (0.21%)
2026-06-20 13:09:10,774 INFO o.a.j.JMeter: Generating Dashboard
2026-06-20 13:09:10,774 INFO o.a.j.r.d.ReportGenerator: Flushing result collector before report Generation
2026-06-20 13:09:10,782 INFO o.a.j.r.p.NormalizerSampleConsumer: Using format, 'ms', to parse timeStamp field
2026-06-20 13:09:10,860 INFO o.a.j.r.p.AbstractSampleConsumer: class org.apache.jmeter.report.processor.AggregateConsumer#stopProducing(): beginDate produced 0 samples
2026-06-20 13:09:10,860 INFO o.a.j.r.p.AbstractSampleConsumer: class org.apache.jmeter.report.processor.AggregateConsumer#stopProducing(): endDate produced 0 samples
2026-06-20 13:09:10,861 INFO o.a.j.r.p.AbstractSampleConsumer: class org.apache.jmeter.report.processor.ApdexSummaryConsumer#stopProducing(): apdexSummary produced 0 samples
2026-06-20 13:09:10,861 INFO o.a.j.r.p.AbstractSampleConsumer: class org.apache.jmeter.report.processor.RequestsSummaryConsumer#stopProducing(): requestsSummary produced 0 samples
2026-06-20 13:09:10,864 INFO o.a.j.r.p.AbstractSampleConsumer: class org.apache.jmeter.report.processor.StatisticsSummaryConsumer#stopProducing(): statisticsSummary produced 0 samples
2026-06-20 13:09:10,865 INFO o.a.j.r.p.AbstractSampleConsumer: class org.apache.jmeter.report.processor.Top5ErrorsBySamplerConsumer#stopProducing(): top5ErrorsBySampler produced 0 samples
2026-06-20 13:09:10,865 INFO o.a.j.r.p.AbstractSampleConsumer: class org.apache.jmeter.report.processor.ErrorsSummaryConsumer#stopProducing(): errorsSummary produced 0 samples
2026-06-20 13:09:10,865 INFO o.a.j.r.p.AbstractSampleConsumer: class org.apache.jmeter.report.processor.graph.impl.HitsPerSecondGraphConsumer#stopProducing(): hitsPerSecond produced 0 samples
2026-06-20 13:09:10,882 INFO o.a.j.r.p.AbstractSampleConsumer: class org.apache.jmeter.report.processor.graph.impl.LatencyVSRequestGraphConsumer#stopProducing(): latencyVsRequest produced 0 samples
2026-06-20 13:09:10,882 INFO o.a.j.r.p.AbstractSampleConsumer: class org.apache.jmeter.report.processor.graph.impl.SyntheticResponseTimeDistributionGraphConsumer#stopProducing(): syntheticResponseTimeDistribution produced 0 samples
2026-06-20 13:09:10,883 INFO o.a.j.r.p.AbstractSampleConsumer: class org.apache.jmeter.report.processor.graph.impl.BytesThroughputGraphConsumer#stopProducing(): bytesThroughputOverTime produced 0 samples
2026-06-20 13:09:10,883 INFO o.a.j.r.p.AbstractSampleConsumer: class org.apache.jmeter.report.processor.graph.impl.CodesPerSecondGraphConsumer#stopProducing(): codesPerSecond produced 0 samples
2026-06-20 13:09:10,892 INFO o.a.j.r.p.AbstractSampleConsumer: class org.apache.jmeter.report.processor.graph.impl.ResponseTimeVSRequestGraphConsumer#stopProducing(): responseTimeVsRequest produced 0 samples
2026-06-20 13:09:10,893 INFO o.a.j.r.p.AbstractSampleConsumer: class org.apache.jmeter.report.processor.FilterConsumer#stopProducing(): startIntervalControlerFilter produced 6783 samples
2026-06-20 13:09:10,893 INFO o.a.j.r.p.AbstractSampleConsumer: class org.apache.jmeter.report.processor.graph.impl.TotalTPSGraphConsumer#stopProducing(): totalTPS produced 0 samples
2026-06-20 13:09:10,893 INFO o.a.j.r.p.AbstractSampleConsumer: class org.apache.jmeter.report.processor.graph.impl.ActiveThreadsGraphConsumer#stopProducing(): activeThreadsOverTime produced 0 samples
2026-06-20 13:09:10,893 INFO o.a.j.r.p.AbstractSampleConsumer: class org.apache.jmeter.report.processor.graph.impl.TimeVSThreadGraphConsumer#stopProducing(): timeVsThreads produced 0 samples
2026-06-20 13:09:10,893 INFO o.a.j.r.p.AbstractSampleConsumer: class org.apache.jmeter.report.processor.graph.impl.ResponseTimeDistributionGraphConsumer#stopProducing(): responseTimeDistribution produced 0 samples
2026-06-20 13:09:10,893 INFO o.a.j.r.p.AbstractSampleConsumer: class org.apache.jmeter.report.processor.graph.impl.TransactionsPerSecondGraphConsumer#stopProducing(): transactionsPerSecond produced 0 samples
2026-06-20 13:09:10,893 INFO o.a.j.r.p.AbstractSampleConsumer: class org.apache.jmeter.report.processor.graph.impl.ResponseTimePercentilesGraphConsumer#stopProducing(): responseTimePercentiles produced 0 samples
2026-06-20 13:09:10,894 INFO o.a.j.r.p.AbstractSampleConsumer: class org.apache.jmeter.report.processor.graph.impl.ResponseTimePercentilesOverTimeGraphConsumer#stopProducing(): responseTimePercentilesOverTime produced 0 samples
2026-06-20 13:09:10,895 INFO o.a.j.r.p.AbstractSampleConsumer: class org.apache.jmeter.report.processor.graph.impl.ResponseTimeOverTimeGraphConsumer#stopProducing(): responseTimesOverTime produced 0 samples
2026-06-20 13:09:10,895 INFO o.a.j.r.p.AbstractSampleConsumer: class org.apache.jmeter.report.processor.graph.impl.ConnectTimeOverTimeGraphConsumer#stopProducing(): connectTimeOverTime produced 0 samples
2026-06-20 13:09:10,895 INFO o.a.j.r.p.AbstractSampleConsumer: class org.apache.jmeter.report.processor.graph.impl.LatencyOverTimeGraphConsumer#stopProducing(): latenciesOverTime produced 0 samples
2026-06-20 13:09:10,895 INFO o.a.j.r.p.AbstractSampleConsumer: class org.apache.jmeter.report.processor.FilterConsumer#stopProducing(): nameFilter produced 14535 samples
2026-06-20 13:09:10,895 INFO o.a.j.r.p.AbstractSampleConsumer: class org.apache.jmeter.report.processor.FilterConsumer#stopProducing(): dateRangeFilter produced 2907 samples
2026-06-20 13:09:10,895 INFO o.a.j.r.p.AbstractSampleConsumer: class org.apache.jmeter.report.processor.NormalizerSampleConsumer#stopProducing(): normalizer produced 969 samples
2026-06-20 13:09:10,896 INFO o.a.j.r.p.CsvFileSampleSource: produce(): 969 samples produced in 97ms on channel 0
2026-06-20 13:09:10,896 INFO o.a.j.r.d.ReportGenerator: Exporting data using exporter:'json' of className:'org.apache.jmeter.report.dashboard.JsonExporter'
2026-06-20 13:09:10,943 INFO o.a.j.r.d.JsonExporter: Found data for consumer statisticsSummary in context
2026-06-20 13:09:10,943 INFO o.a.j.r.d.JsonExporter: Creating statistics for overall
2026-06-20 13:09:10,943 INFO o.a.j.r.d.JsonExporter: Creating statistics for other transactions
2026-06-20 13:09:10,943 INFO o.a.j.r.d.JsonExporter: Checking output folder
2026-06-20 13:09:10,944 INFO o.a.j.r.d.JsonExporter: Writing statistics JSON to /home/seventwo/github/tpo-sub-four/html_reports/stress_until_503/32users_640rpm/statistics.json
2026-06-20 13:09:10,972 INFO o.a.j.r.d.ReportGenerator: Exporting data using exporter:'html' of className:'org.apache.jmeter.report.dashboard.HtmlTemplateExporter'
2026-06-20 13:09:10,973 INFO o.a.j.r.d.HtmlTemplateExporter: Will generate dashboard in folder: /home/seventwo/github/tpo-sub-four/html_reports/stress_until_503/32users_640rpm
2026-06-20 13:09:11,025 INFO o.a.j.r.d.HtmlTemplateExporter: Report will be generated in: /home/seventwo/github/tpo-sub-four/html_reports/stress_until_503/32users_640rpm, creating folder structure
2026-06-20 13:09:11,027 INFO o.a.j.r.d.TemplateVisitor: Copying folder from '/opt/jmeter/bin/report-template' to '/home/seventwo/github/tpo-sub-four/html_reports/stress_until_503/32users_640rpm', got message: /home/seventwo/github/tpo-sub-four/html_reports/stress_until_503/32users_640rpm, found non empty folder with following content [/home/seventwo/github/tpo-sub-four/html_reports/stress_until_503/32users_640rpm/statistics.json], will be ignored
2026-06-20 13:09:11,149 INFO o.a.j.JMeter: Dashboard generated
