2026-06-20 13:20:13,813 INFO o.a.j.u.JMeterUtils: Setting Locale to en_EN
2026-06-20 13:20:13,825 INFO o.a.j.JMeter: Loading user properties from: /opt/jmeter/bin/user.properties
2026-06-20 13:20:13,825 INFO o.a.j.JMeter: Loading system properties from: /opt/jmeter/bin/system.properties
2026-06-20 13:20:13,825 INFO o.a.j.JMeter: Setting JMeter property: jmeter.save.saveservice.output_format=csv
2026-06-20 13:20:13,825 INFO o.a.j.JMeter: Setting JMeter property: jmeter.save.saveservice.print_field_names=true
2026-06-20 13:20:13,825 INFO o.a.j.JMeter: Setting JMeter property: jmeter.save.saveservice.timestamp_format=ms
2026-06-20 13:20:13,826 INFO o.a.j.JMeter: Setting JMeter property: jmeter.save.saveservice.time=true
2026-06-20 13:20:13,826 INFO o.a.j.JMeter: Setting JMeter property: jmeter.save.saveservice.latency=true
2026-06-20 13:20:13,826 INFO o.a.j.JMeter: Setting JMeter property: jmeter.save.saveservice.label=true
2026-06-20 13:20:13,826 INFO o.a.j.JMeter: Setting JMeter property: jmeter.save.saveservice.response_code=true
2026-06-20 13:20:13,826 INFO o.a.j.JMeter: Setting JMeter property: jmeter.save.saveservice.response_message=true
2026-06-20 13:20:13,826 INFO o.a.j.JMeter: Setting JMeter property: jmeter.save.saveservice.successful=true
2026-06-20 13:20:13,826 INFO o.a.j.JMeter: Setting JMeter property: jmeter.save.saveservice.assertion_results_failure_message=true
2026-06-20 13:20:13,826 INFO o.a.j.JMeter: Setting JMeter property: jmeter.save.saveservice.thread_name=true
2026-06-20 13:20:13,826 INFO o.a.j.JMeter: Setting JMeter property: jmeter.save.saveservice.thread_counts=true
2026-06-20 13:20:13,826 INFO o.a.j.JMeter: Setting JMeter property: jmeter.save.saveservice.connect_time=true
2026-06-20 13:20:13,830 INFO o.a.j.JMeter: Copyright (c) 1998-2024 The Apache Software Foundation
2026-06-20 13:20:13,831 INFO o.a.j.JMeter: Version 5.6.3
2026-06-20 13:20:13,831 INFO o.a.j.JMeter: java.version=26.0.1
2026-06-20 13:20:13,831 INFO o.a.j.JMeter: java.vm.name=OpenJDK 64-Bit Server VM
2026-06-20 13:20:13,831 INFO o.a.j.JMeter: os.name=Linux
2026-06-20 13:20:13,831 INFO o.a.j.JMeter: os.arch=amd64
2026-06-20 13:20:13,831 INFO o.a.j.JMeter: os.version=6.18.33-1-MANJARO
2026-06-20 13:20:13,831 INFO o.a.j.JMeter: file.encoding=UTF-8
2026-06-20 13:20:13,831 INFO o.a.j.JMeter: java.awt.headless=true
2026-06-20 13:20:13,831 INFO o.a.j.JMeter: Max memory     =1073741824
2026-06-20 13:20:13,831 INFO o.a.j.JMeter: Available Processors =16
2026-06-20 13:20:13,843 INFO o.a.j.JMeter: Default Locale=English (EN)
2026-06-20 13:20:13,843 INFO o.a.j.JMeter: JMeter  Locale=English (EN)
2026-06-20 13:20:13,843 INFO o.a.j.JMeter: JMeterHome=/opt/jmeter
2026-06-20 13:20:13,843 INFO o.a.j.JMeter: user.dir  =/home/seventwo/github/tpo-sub-four
2026-06-20 13:20:13,843 INFO o.a.j.JMeter: PWD       =/home/seventwo/github/tpo-sub-four
2026-06-20 13:20:13,844 INFO o.a.j.JMeter: IP: 192.168.0.102 Name: seventwocore FullName: seventwocore
2026-06-20 13:20:13,852 INFO o.a.j.JMeter: Setting property 'jmeter.reportgenerator.outputdir' to:'/home/seventwo/github/tpo-sub-four/html_reports/stress_until_503/112users_2240rpm'
2026-06-20 13:20:13,854 INFO o.a.j.s.FileServer: Default base='/home/seventwo/github/tpo-sub-four'
2026-06-20 13:20:13,855 INFO o.a.j.s.FileServer: Set new base='/home/seventwo/github/tpo-sub-four/quality_jmeter_plans/stress_until_503'
2026-06-20 13:20:14,051 INFO o.a.j.s.SaveService: Testplan (JMX) version: 2.2. Testlog (JTL) version: 2.2
2026-06-20 13:20:14,065 INFO o.a.j.s.SaveService: Using SaveService properties version 5.0
2026-06-20 13:20:14,068 INFO o.a.j.s.SaveService: Using SaveService properties file encoding UTF-8
2026-06-20 13:20:14,070 INFO o.a.j.s.SaveService: Loading file: quality_jmeter_plans/stress_until_503/stress_until_503_112users_2240rpm_ctt.jmx
2026-06-20 13:20:14,112 INFO o.a.j.p.h.s.HTTPSamplerBase: Parser for text/html is org.apache.jmeter.protocol.http.parser.LagartoBasedHtmlParser
2026-06-20 13:20:14,113 INFO o.a.j.p.h.s.HTTPSamplerBase: Parser for application/xhtml+xml is org.apache.jmeter.protocol.http.parser.LagartoBasedHtmlParser
2026-06-20 13:20:14,113 INFO o.a.j.p.h.s.HTTPSamplerBase: Parser for application/xml is org.apache.jmeter.protocol.http.parser.LagartoBasedHtmlParser
2026-06-20 13:20:14,113 INFO o.a.j.p.h.s.HTTPSamplerBase: Parser for text/xml is org.apache.jmeter.protocol.http.parser.LagartoBasedHtmlParser
2026-06-20 13:20:14,113 INFO o.a.j.p.h.s.HTTPSamplerBase: Parser for text/vnd.wap.wml is org.apache.jmeter.protocol.http.parser.RegexpHTMLParser
2026-06-20 13:20:14,113 INFO o.a.j.p.h.s.HTTPSamplerBase: Parser for text/css is org.apache.jmeter.protocol.http.parser.CssParser
2026-06-20 13:20:14,124 INFO o.a.j.JMeter: Creating summariser <summary>
2026-06-20 13:20:14,131 INFO o.a.j.r.d.ReportGenerator: ReportGenerator will use for Parsing the separator: ','
2026-06-20 13:20:14,131 INFO o.a.j.r.d.ReportGenerator: Will generate report at end of test from  results file: results/stress_until_503/stress_until_503_112users_2240rpm.jtl
2026-06-20 13:20:14,132 INFO o.a.j.r.d.ReportGenerator: Reading report generator properties from: /opt/jmeter/bin/reportgenerator.properties
2026-06-20 13:20:14,132 INFO o.a.j.r.d.ReportGenerator: Merging with JMeter properties
2026-06-20 13:20:14,134 INFO o.a.j.r.c.ReportGeneratorConfiguration: Property 'jmeter.reportgenerator.temp_dir' not found, using default value 'temp' instead.
2026-06-20 13:20:14,136 INFO o.a.j.r.c.ReportGeneratorConfiguration: Property 'jmeter.reportgenerator.apdex_per_transaction' not found, using default value 'null' instead.
2026-06-20 13:20:14,136 INFO o.a.j.r.c.ReportGeneratorConfiguration: apdex_per_transaction is empty, not APDEX per transaction customization
2026-06-20 13:20:14,136 INFO o.a.j.r.c.ReportGeneratorConfiguration: Property 'jmeter.reportgenerator.sample_filter' not found, using default value 'null' instead.
2026-06-20 13:20:14,136 INFO o.a.j.r.c.ReportGeneratorConfiguration: Property 'jmeter.reportgenerator.report_title' not found, using default value 'null' instead.
2026-06-20 13:20:14,136 INFO o.a.j.r.c.ReportGeneratorConfiguration: Property 'jmeter.reportgenerator.start_date' not found, using default value 'null' instead.
2026-06-20 13:20:14,136 INFO o.a.j.r.c.ReportGeneratorConfiguration: Property 'jmeter.reportgenerator.end_date' not found, using default value 'null' instead.
2026-06-20 13:20:14,136 INFO o.a.j.r.c.ReportGeneratorConfiguration: Property 'jmeter.reportgenerator.date_format' not found, using default value 'null' instead.
2026-06-20 13:20:14,137 INFO o.a.j.r.c.ReportGeneratorConfiguration: Will use date range start date: null, end date: null
2026-06-20 13:20:14,139 INFO o.a.j.r.c.ReportGeneratorConfiguration: Property 'jmeter.reportgenerator.graph.totalTPS.exclude_controllers' not found, using default value 'false' instead.
2026-06-20 13:20:14,139 INFO o.a.j.r.c.ReportGeneratorConfiguration: Property 'jmeter.reportgenerator.graph.activeThreadsOverTime.exclude_controllers' not found, using default value 'false' instead.
2026-06-20 13:20:14,139 INFO o.a.j.r.c.ReportGeneratorConfiguration: Property 'jmeter.reportgenerator.graph.timeVsThreads.exclude_controllers' not found, using default value 'false' instead.
2026-06-20 13:20:14,139 INFO o.a.j.r.c.ReportGeneratorConfiguration: Property 'jmeter.reportgenerator.graph.responseTimeDistribution.exclude_controllers' not found, using default value 'false' instead.
2026-06-20 13:20:14,140 INFO o.a.j.r.c.ReportGeneratorConfiguration: Property 'jmeter.reportgenerator.graph.transactionsPerSecond.exclude_controllers' not found, using default value 'false' instead.
2026-06-20 13:20:14,140 INFO o.a.j.r.c.ReportGeneratorConfiguration: Property 'jmeter.reportgenerator.graph.responseTimePercentiles.exclude_controllers' not found, using default value 'false' instead.
2026-06-20 13:20:14,140 INFO o.a.j.r.c.ReportGeneratorConfiguration: Property 'jmeter.reportgenerator.graph.responseTimePercentilesOverTime.exclude_controllers' not found, using default value 'false' instead.
2026-06-20 13:20:14,140 INFO o.a.j.r.c.ReportGeneratorConfiguration: Property 'jmeter.reportgenerator.graph.responseTimesOverTime.exclude_controllers' not found, using default value 'false' instead.
2026-06-20 13:20:14,140 INFO o.a.j.r.c.ReportGeneratorConfiguration: Property 'jmeter.reportgenerator.graph.connectTimeOverTime.exclude_controllers' not found, using default value 'false' instead.
2026-06-20 13:20:14,140 INFO o.a.j.r.c.ReportGeneratorConfiguration: Property 'jmeter.reportgenerator.graph.latenciesOverTime.exclude_controllers' not found, using default value 'false' instead.
2026-06-20 13:20:14,141 INFO o.a.j.r.c.ReportGeneratorConfiguration: Property 'jmeter.reportgenerator.exporter.json.filters_only_sample_series' not found, using default value 'true' instead.
2026-06-20 13:20:14,141 INFO o.a.j.r.c.ReportGeneratorConfiguration: Property 'jmeter.reportgenerator.exporter.json.series_filter' not found, using default value '' instead.
2026-06-20 13:20:14,141 INFO o.a.j.r.c.ReportGeneratorConfiguration: Property 'jmeter.reportgenerator.exporter.json.show_controllers_only' not found, using default value 'false' instead.
2026-06-20 13:20:14,141 INFO o.a.j.r.c.ReportGeneratorConfiguration: Property 'jmeter.reportgenerator.exporter.html.filters_only_sample_series' not found, using default value 'true' instead.
2026-06-20 13:20:14,141 INFO o.a.j.r.c.ReportGeneratorConfiguration: Property 'jmeter.reportgenerator.exporter.html.series_filter' not found, using default value '' instead.
2026-06-20 13:20:14,141 INFO o.a.j.r.c.ReportGeneratorConfiguration: Property 'jmeter.reportgenerator.exporter.html.show_controllers_only' not found, using default value 'false' instead.
2026-06-20 13:20:14,148 INFO o.a.j.e.StandardJMeterEngine: Running the test!
2026-06-20 13:20:14,149 INFO o.a.j.s.SampleEvent: List of sample_variables: []
2026-06-20 13:20:14,149 INFO o.a.j.s.SampleEvent: List of sample_variables: []
2026-06-20 13:20:14,152 INFO o.a.j.e.u.CompoundVariable: Note: Function class names must contain the string: '.functions.'
2026-06-20 13:20:14,152 INFO o.a.j.e.u.CompoundVariable: Note: Function class names must not contain the string: '.gui.'
2026-06-20 13:20:14,205 INFO o.a.j.JMeter: Running test (1781950814205)
2026-06-20 13:20:14,226 INFO o.a.j.e.StandardJMeterEngine: Starting ThreadGroup: 1 : Thread Group - until HTTP 503 - 112 users
2026-06-20 13:20:14,226 INFO o.a.j.e.StandardJMeterEngine: Starting 112 threads for group Thread Group - until HTTP 503 - 112 users.
2026-06-20 13:20:14,226 INFO o.a.j.e.StandardJMeterEngine: Thread will continue on error
2026-06-20 13:20:14,226 INFO o.a.j.t.ThreadGroup: Starting thread group... number=1 threads=112 ramp-up=60 delayedStart=false
2026-06-20 13:20:14,231 INFO o.a.j.t.JMeterThread: Thread started: Thread Group - until HTTP 503 - 112 users 1-1
2026-06-20 13:20:14,258 INFO o.a.j.t.ThreadGroup: Started thread group number 1
2026-06-20 13:20:14,259 INFO o.a.j.e.StandardJMeterEngine: All thread groups have been started
2026-06-20 13:20:14,269 INFO o.a.j.p.h.s.HTTPHCAbstractImpl: Local host = seventwocore
2026-06-20 13:20:14,274 INFO o.a.j.p.h.s.HTTPHC4Impl: HTTP request retry count = 0
2026-06-20 13:20:14,275 INFO o.a.j.s.SampleResult: Note: Sample TimeStamps are START times
2026-06-20 13:20:14,275 INFO o.a.j.s.SampleResult: sampleresult.default.encoding is set to UTF-8
2026-06-20 13:20:14,275 INFO o.a.j.s.SampleResult: sampleresult.useNanoTime=true
2026-06-20 13:20:14,275 INFO o.a.j.s.SampleResult: sampleresult.nanoThreadSleep=5000
2026-06-20 13:20:14,764 INFO o.a.j.t.JMeterThread: Thread started: Thread Group - until HTTP 503 - 112 users 1-2
2026-06-20 13:20:15,299 INFO o.a.j.t.JMeterThread: Thread started: Thread Group - until HTTP 503 - 112 users 1-3
2026-06-20 13:20:15,835 INFO o.a.j.t.JMeterThread: Thread started: Thread Group - until HTTP 503 - 112 users 1-4
2026-06-20 13:20:16,370 INFO o.a.j.t.JMeterThread: Thread started: Thread Group - until HTTP 503 - 112 users 1-5
2026-06-20 13:20:16,906 INFO o.a.j.t.JMeterThread: Thread started: Thread Group - until HTTP 503 - 112 users 1-6
2026-06-20 13:20:17,443 INFO o.a.j.t.JMeterThread: Thread started: Thread Group - until HTTP 503 - 112 users 1-7
2026-06-20 13:20:17,978 INFO o.a.j.t.JMeterThread: Thread started: Thread Group - until HTTP 503 - 112 users 1-8
2026-06-20 13:20:18,514 INFO o.a.j.t.JMeterThread: Thread started: Thread Group - until HTTP 503 - 112 users 1-9
2026-06-20 13:20:19,051 INFO o.a.j.t.JMeterThread: Thread started: Thread Group - until HTTP 503 - 112 users 1-10
2026-06-20 13:20:19,587 INFO o.a.j.t.JMeterThread: Thread started: Thread Group - until HTTP 503 - 112 users 1-11
2026-06-20 13:20:20,122 INFO o.a.j.t.JMeterThread: Thread started: Thread Group - until HTTP 503 - 112 users 1-12
2026-06-20 13:20:20,659 INFO o.a.j.t.JMeterThread: Thread started: Thread Group - until HTTP 503 - 112 users 1-13
2026-06-20 13:20:21,194 INFO o.a.j.t.JMeterThread: Thread started: Thread Group - until HTTP 503 - 112 users 1-14
2026-06-20 13:20:21,730 INFO o.a.j.t.JMeterThread: Thread started: Thread Group - until HTTP 503 - 112 users 1-15
2026-06-20 13:20:22,266 INFO o.a.j.t.JMeterThread: Thread started: Thread Group - until HTTP 503 - 112 users 1-16
2026-06-20 13:20:22,803 INFO o.a.j.t.JMeterThread: Thread started: Thread Group - until HTTP 503 - 112 users 1-17
2026-06-20 13:20:23,338 INFO o.a.j.t.JMeterThread: Thread started: Thread Group - until HTTP 503 - 112 users 1-18
2026-06-20 13:20:23,874 INFO o.a.j.t.JMeterThread: Thread started: Thread Group - until HTTP 503 - 112 users 1-19
2026-06-20 13:20:24,410 INFO o.a.j.t.JMeterThread: Thread started: Thread Group - until HTTP 503 - 112 users 1-20
2026-06-20 13:20:24,947 INFO o.a.j.t.JMeterThread: Thread started: Thread Group - until HTTP 503 - 112 users 1-21
2026-06-20 13:20:25,482 INFO o.a.j.t.JMeterThread: Thread started: Thread Group - until HTTP 503 - 112 users 1-22
2026-06-20 13:20:26,019 INFO o.a.j.t.JMeterThread: Thread started: Thread Group - until HTTP 503 - 112 users 1-23
2026-06-20 13:20:26,554 INFO o.a.j.t.JMeterThread: Thread started: Thread Group - until HTTP 503 - 112 users 1-24
2026-06-20 13:20:27,090 INFO o.a.j.t.JMeterThread: Thread started: Thread Group - until HTTP 503 - 112 users 1-25
2026-06-20 13:20:27,626 INFO o.a.j.t.JMeterThread: Thread started: Thread Group - until HTTP 503 - 112 users 1-26
2026-06-20 13:20:28,164 INFO o.a.j.t.JMeterThread: Thread started: Thread Group - until HTTP 503 - 112 users 1-27
2026-06-20 13:20:28,699 INFO o.a.j.t.JMeterThread: Thread started: Thread Group - until HTTP 503 - 112 users 1-28
2026-06-20 13:20:29,234 INFO o.a.j.t.JMeterThread: Thread started: Thread Group - until HTTP 503 - 112 users 1-29
2026-06-20 13:20:29,770 INFO o.a.j.t.JMeterThread: Thread started: Thread Group - until HTTP 503 - 112 users 1-30
2026-06-20 13:20:30,029 INFO o.a.j.r.Summariser: summary +    368 in 00:00:16 =   23.3/s Avg:   616 Min:   354 Max:   999 Err:   159 (43.21%) Active: 30 Started: 30 Finished: 0
2026-06-20 13:20:30,307 INFO o.a.j.t.JMeterThread: Thread started: Thread Group - until HTTP 503 - 112 users 1-31
2026-06-20 13:20:30,843 INFO o.a.j.t.JMeterThread: Thread started: Thread Group - until HTTP 503 - 112 users 1-32
2026-06-20 13:20:31,378 INFO o.a.j.t.JMeterThread: Thread started: Thread Group - until HTTP 503 - 112 users 1-33
2026-06-20 13:20:31,914 INFO o.a.j.t.JMeterThread: Thread started: Thread Group - until HTTP 503 - 112 users 1-34
2026-06-20 13:20:32,451 INFO o.a.j.t.JMeterThread: Thread started: Thread Group - until HTTP 503 - 112 users 1-35
2026-06-20 13:20:32,987 INFO o.a.j.t.JMeterThread: Thread started: Thread Group - until HTTP 503 - 112 users 1-36
2026-06-20 13:20:33,523 INFO o.a.j.t.JMeterThread: Thread started: Thread Group - until HTTP 503 - 112 users 1-37
2026-06-20 13:20:34,058 INFO o.a.j.t.JMeterThread: Thread started: Thread Group - until HTTP 503 - 112 users 1-38
2026-06-20 13:20:34,595 INFO o.a.j.t.JMeterThread: Thread started: Thread Group - until HTTP 503 - 112 users 1-39
2026-06-20 13:20:35,130 INFO o.a.j.t.JMeterThread: Thread started: Thread Group - until HTTP 503 - 112 users 1-40
2026-06-20 13:20:35,668 INFO o.a.j.t.JMeterThread: Thread started: Thread Group - until HTTP 503 - 112 users 1-41
2026-06-20 13:20:36,202 INFO o.a.j.t.JMeterThread: Thread started: Thread Group - until HTTP 503 - 112 users 1-42
2026-06-20 13:20:36,739 INFO o.a.j.t.JMeterThread: Thread started: Thread Group - until HTTP 503 - 112 users 1-43
2026-06-20 13:20:37,275 INFO o.a.j.t.JMeterThread: Thread started: Thread Group - until HTTP 503 - 112 users 1-44
2026-06-20 13:20:37,810 INFO o.a.j.t.JMeterThread: Thread started: Thread Group - until HTTP 503 - 112 users 1-45
2026-06-20 13:20:38,346 INFO o.a.j.t.JMeterThread: Thread started: Thread Group - until HTTP 503 - 112 users 1-46
2026-06-20 13:20:38,883 INFO o.a.j.t.JMeterThread: Thread started: Thread Group - until HTTP 503 - 112 users 1-47
2026-06-20 13:20:39,418 INFO o.a.j.t.JMeterThread: Thread started: Thread Group - until HTTP 503 - 112 users 1-48
2026-06-20 13:20:39,954 INFO o.a.j.t.JMeterThread: Thread started: Thread Group - until HTTP 503 - 112 users 1-49
2026-06-20 13:20:40,491 INFO o.a.j.t.JMeterThread: Thread started: Thread Group - until HTTP 503 - 112 users 1-50
2026-06-20 13:20:41,027 INFO o.a.j.t.JMeterThread: Thread started: Thread Group - until HTTP 503 - 112 users 1-51
2026-06-20 13:20:41,562 INFO o.a.j.t.JMeterThread: Thread started: Thread Group - until HTTP 503 - 112 users 1-52
2026-06-20 13:20:42,099 INFO o.a.j.t.JMeterThread: Thread started: Thread Group - until HTTP 503 - 112 users 1-53
2026-06-20 13:20:42,636 INFO o.a.j.t.JMeterThread: Thread started: Thread Group - until HTTP 503 - 112 users 1-54
2026-06-20 13:20:43,170 INFO o.a.j.t.JMeterThread: Thread started: Thread Group - until HTTP 503 - 112 users 1-55
2026-06-20 13:20:43,706 INFO o.a.j.t.JMeterThread: Thread started: Thread Group - until HTTP 503 - 112 users 1-56
2026-06-20 13:20:44,243 INFO o.a.j.t.JMeterThread: Thread started: Thread Group - until HTTP 503 - 112 users 1-57
2026-06-20 13:20:44,780 INFO o.a.j.t.JMeterThread: Thread started: Thread Group - until HTTP 503 - 112 users 1-58
2026-06-20 13:20:45,314 INFO o.a.j.t.JMeterThread: Thread started: Thread Group - until HTTP 503 - 112 users 1-59
2026-06-20 13:20:45,850 INFO o.a.j.t.JMeterThread: Thread started: Thread Group - until HTTP 503 - 112 users 1-60
2026-06-20 13:20:46,386 INFO o.a.j.t.JMeterThread: Thread started: Thread Group - until HTTP 503 - 112 users 1-61
2026-06-20 13:20:46,924 INFO o.a.j.t.JMeterThread: Thread started: Thread Group - until HTTP 503 - 112 users 1-62
2026-06-20 13:20:47,459 INFO o.a.j.t.JMeterThread: Thread started: Thread Group - until HTTP 503 - 112 users 1-63
2026-06-20 13:20:47,994 INFO o.a.j.t.JMeterThread: Thread started: Thread Group - until HTTP 503 - 112 users 1-64
2026-06-20 13:20:48,531 INFO o.a.j.t.JMeterThread: Thread started: Thread Group - until HTTP 503 - 112 users 1-65
2026-06-20 13:20:49,067 INFO o.a.j.t.JMeterThread: Thread started: Thread Group - until HTTP 503 - 112 users 1-66
2026-06-20 13:20:49,603 INFO o.a.j.t.JMeterThread: Thread started: Thread Group - until HTTP 503 - 112 users 1-67
2026-06-20 13:20:50,138 INFO o.a.j.t.JMeterThread: Thread started: Thread Group - until HTTP 503 - 112 users 1-68
2026-06-20 13:20:50,675 INFO o.a.j.t.JMeterThread: Thread started: Thread Group - until HTTP 503 - 112 users 1-69
2026-06-20 13:20:51,210 INFO o.a.j.t.JMeterThread: Thread started: Thread Group - until HTTP 503 - 112 users 1-70
2026-06-20 13:20:51,747 INFO o.a.j.t.JMeterThread: Thread started: Thread Group - until HTTP 503 - 112 users 1-71
2026-06-20 13:20:52,283 INFO o.a.j.t.JMeterThread: Thread started: Thread Group - until HTTP 503 - 112 users 1-72
2026-06-20 13:20:52,818 INFO o.a.j.t.JMeterThread: Thread started: Thread Group - until HTTP 503 - 112 users 1-73
2026-06-20 13:20:53,355 INFO o.a.j.t.JMeterThread: Thread started: Thread Group - until HTTP 503 - 112 users 1-74
2026-06-20 13:20:53,890 INFO o.a.j.t.JMeterThread: Thread started: Thread Group - until HTTP 503 - 112 users 1-75
2026-06-20 13:20:54,426 INFO o.a.j.t.JMeterThread: Thread started: Thread Group - until HTTP 503 - 112 users 1-76
2026-06-20 13:20:54,963 INFO o.a.j.t.JMeterThread: Thread started: Thread Group - until HTTP 503 - 112 users 1-77
2026-06-20 13:20:55,499 INFO o.a.j.t.JMeterThread: Thread started: Thread Group - until HTTP 503 - 112 users 1-78
2026-06-20 13:20:56,034 INFO o.a.j.t.JMeterThread: Thread started: Thread Group - until HTTP 503 - 112 users 1-79
2026-06-20 13:20:56,570 INFO o.a.j.t.JMeterThread: Thread started: Thread Group - until HTTP 503 - 112 users 1-80
2026-06-20 13:20:57,107 INFO o.a.j.t.JMeterThread: Thread started: Thread Group - until HTTP 503 - 112 users 1-81
2026-06-20 13:20:57,643 INFO o.a.j.t.JMeterThread: Thread started: Thread Group - until HTTP 503 - 112 users 1-82
2026-06-20 13:20:58,178 INFO o.a.j.t.JMeterThread: Thread started: Thread Group - until HTTP 503 - 112 users 1-83
2026-06-20 13:20:58,715 INFO o.a.j.t.JMeterThread: Thread started: Thread Group - until HTTP 503 - 112 users 1-84
2026-06-20 13:20:59,251 INFO o.a.j.t.JMeterThread: Thread started: Thread Group - until HTTP 503 - 112 users 1-85
2026-06-20 13:20:59,786 INFO o.a.j.t.JMeterThread: Thread started: Thread Group - until HTTP 503 - 112 users 1-86
2026-06-20 13:21:00,322 INFO o.a.j.t.JMeterThread: Thread started: Thread Group - until HTTP 503 - 112 users 1-87
2026-06-20 13:21:00,337 INFO o.a.j.r.Summariser: summary +    905 in 00:00:30 =   29.9/s Avg:  1781 Min:   978 Max:  3260 Err:   905 (100.00%) Active: 87 Started: 87 Finished: 0
2026-06-20 13:21:00,337 INFO o.a.j.r.Summariser: summary =   1273 in 00:00:46 =   27.6/s Avg:  1444 Min:   354 Max:  3260 Err:  1064 (83.58%)
2026-06-20 13:21:00,860 INFO o.a.j.t.JMeterThread: Thread started: Thread Group - until HTTP 503 - 112 users 1-88
2026-06-20 13:21:01,394 INFO o.a.j.t.JMeterThread: Thread started: Thread Group - until HTTP 503 - 112 users 1-89
2026-06-20 13:21:01,930 INFO o.a.j.t.JMeterThread: Thread started: Thread Group - until HTTP 503 - 112 users 1-90
2026-06-20 13:21:02,466 INFO o.a.j.t.JMeterThread: Thread started: Thread Group - until HTTP 503 - 112 users 1-91
2026-06-20 13:21:03,003 INFO o.a.j.t.JMeterThread: Thread started: Thread Group - until HTTP 503 - 112 users 1-92
2026-06-20 13:21:03,538 INFO o.a.j.t.JMeterThread: Thread started: Thread Group - until HTTP 503 - 112 users 1-93
2026-06-20 13:21:04,074 INFO o.a.j.t.JMeterThread: Thread started: Thread Group - until HTTP 503 - 112 users 1-94
2026-06-20 13:21:04,610 INFO o.a.j.t.JMeterThread: Thread started: Thread Group - until HTTP 503 - 112 users 1-95
2026-06-20 13:21:05,147 INFO o.a.j.t.JMeterThread: Thread started: Thread Group - until HTTP 503 - 112 users 1-96
2026-06-20 13:21:05,683 INFO o.a.j.t.JMeterThread: Thread started: Thread Group - until HTTP 503 - 112 users 1-97
2026-06-20 13:21:06,219 INFO o.a.j.t.JMeterThread: Thread started: Thread Group - until HTTP 503 - 112 users 1-98
2026-06-20 13:21:06,754 INFO o.a.j.t.JMeterThread: Thread started: Thread Group - until HTTP 503 - 112 users 1-99
2026-06-20 13:21:07,291 INFO o.a.j.t.JMeterThread: Thread started: Thread Group - until HTTP 503 - 112 users 1-100
2026-06-20 13:21:07,827 INFO o.a.j.t.JMeterThread: Thread started: Thread Group - until HTTP 503 - 112 users 1-101
2026-06-20 13:21:08,363 INFO o.a.j.t.JMeterThread: Thread started: Thread Group - until HTTP 503 - 112 users 1-102
2026-06-20 13:21:08,899 INFO o.a.j.t.JMeterThread: Thread started: Thread Group - until HTTP 503 - 112 users 1-103
2026-06-20 13:21:09,434 INFO o.a.j.t.JMeterThread: Thread started: Thread Group - until HTTP 503 - 112 users 1-104
2026-06-20 13:21:09,970 INFO o.a.j.t.JMeterThread: Thread started: Thread Group - until HTTP 503 - 112 users 1-105
2026-06-20 13:21:10,506 INFO o.a.j.t.JMeterThread: Thread started: Thread Group - until HTTP 503 - 112 users 1-106
2026-06-20 13:21:11,043 INFO o.a.j.t.JMeterThread: Thread started: Thread Group - until HTTP 503 - 112 users 1-107
2026-06-20 13:21:11,579 INFO o.a.j.t.JMeterThread: Thread started: Thread Group - until HTTP 503 - 112 users 1-108
2026-06-20 13:21:12,115 INFO o.a.j.t.JMeterThread: Thread started: Thread Group - until HTTP 503 - 112 users 1-109
2026-06-20 13:21:12,650 INFO o.a.j.t.JMeterThread: Thread started: Thread Group - until HTTP 503 - 112 users 1-110
2026-06-20 13:21:13,186 INFO o.a.j.t.JMeterThread: Thread started: Thread Group - until HTTP 503 - 112 users 1-111
2026-06-20 13:21:13,722 INFO o.a.j.t.JMeterThread: Thread started: Thread Group - until HTTP 503 - 112 users 1-112
2026-06-20 13:21:31,373 INFO o.a.j.r.Summariser: summary +    954 in 00:00:31 =   30.7/s Avg:  3246 Min:  1854 Max:  4333 Err:   954 (100.00%) Active: 112 Started: 112 Finished: 0
2026-06-20 13:21:31,374 INFO o.a.j.r.Summariser: summary =   2227 in 00:01:17 =   28.9/s Avg:  2216 Min:   354 Max:  4333 Err:  2018 (90.62%)
2026-06-20 13:21:43,965 INFO o.a.j.t.JMeterThread: Thread finished: Thread Group - until HTTP 503 - 112 users 1-10
2026-06-20 13:21:43,965 INFO o.a.j.t.JMeterThread: Thread finished: Thread Group - until HTTP 503 - 112 users 1-25
2026-06-20 13:21:43,966 INFO o.a.j.t.JMeterThread: Thread finished: Thread Group - until HTTP 503 - 112 users 1-30
2026-06-20 13:21:43,966 INFO o.a.j.t.JMeterThread: Thread finished: Thread Group - until HTTP 503 - 112 users 1-27
2026-06-20 13:21:43,966 INFO o.a.j.t.JMeterThread: Thread finished: Thread Group - until HTTP 503 - 112 users 1-96
2026-06-20 13:21:43,966 INFO o.a.j.t.JMeterThread: Thread finished: Thread Group - until HTTP 503 - 112 users 1-102
2026-06-20 13:21:43,966 INFO o.a.j.t.JMeterThread: Thread finished: Thread Group - until HTTP 503 - 112 users 1-107
2026-06-20 13:21:45,200 INFO o.a.j.t.JMeterThread: Stopping because end time detected by thread: Thread Group - until HTTP 503 - 112 users 1-26
2026-06-20 13:21:45,200 INFO o.a.j.t.JMeterThread: Stopping because end time detected by thread: Thread Group - until HTTP 503 - 112 users 1-38
2026-06-20 13:21:45,200 INFO o.a.j.t.JMeterThread: Stopping because end time detected by thread: Thread Group - until HTTP 503 - 112 users 1-22
2026-06-20 13:21:45,200 INFO o.a.j.t.JMeterThread: Stopping because end time detected by thread: Thread Group - until HTTP 503 - 112 users 1-34
2026-06-20 13:21:45,200 INFO o.a.j.t.JMeterThread: Stopping because end time detected by thread: Thread Group - until HTTP 503 - 112 users 1-61
2026-06-20 13:21:45,200 INFO o.a.j.t.JMeterThread: Thread finished: Thread Group - until HTTP 503 - 112 users 1-26
2026-06-20 13:21:45,200 INFO o.a.j.t.JMeterThread: Stopping because end time detected by thread: Thread Group - until HTTP 503 - 112 users 1-76
2026-06-20 13:21:45,200 INFO o.a.j.t.JMeterThread: Thread finished: Thread Group - until HTTP 503 - 112 users 1-34
2026-06-20 13:21:45,200 INFO o.a.j.t.JMeterThread: Stopping because end time detected by thread: Thread Group - until HTTP 503 - 112 users 1-18
2026-06-20 13:21:45,200 INFO o.a.j.t.JMeterThread: Stopping because end time detected by thread: Thread Group - until HTTP 503 - 112 users 1-32
2026-06-20 13:21:45,200 INFO o.a.j.t.JMeterThread: Thread finished: Thread Group - until HTTP 503 - 112 users 1-61
2026-06-20 13:21:45,200 INFO o.a.j.t.JMeterThread: Thread finished: Thread Group - until HTTP 503 - 112 users 1-76
2026-06-20 13:21:45,200 INFO o.a.j.t.JMeterThread: Stopping because end time detected by thread: Thread Group - until HTTP 503 - 112 users 1-73
2026-06-20 13:21:45,200 INFO o.a.j.t.JMeterThread: Stopping because end time detected by thread: Thread Group - until HTTP 503 - 112 users 1-48
2026-06-20 13:21:45,200 INFO o.a.j.t.JMeterThread: Stopping because end time detected by thread: Thread Group - until HTTP 503 - 112 users 1-81
2026-06-20 13:21:45,200 INFO o.a.j.t.JMeterThread: Stopping because end time detected by thread: Thread Group - until HTTP 503 - 112 users 1-109
2026-06-20 13:21:45,200 INFO o.a.j.t.JMeterThread: Stopping because end time detected by thread: Thread Group - until HTTP 503 - 112 users 1-93
2026-06-20 13:21:45,200 INFO o.a.j.t.JMeterThread: Stopping because end time detected by thread: Thread Group - until HTTP 503 - 112 users 1-37
2026-06-20 13:21:45,200 INFO o.a.j.t.JMeterThread: Stopping because end time detected by thread: Thread Group - until HTTP 503 - 112 users 1-8
2026-06-20 13:21:45,200 INFO o.a.j.t.JMeterThread: Stopping because end time detected by thread: Thread Group - until HTTP 503 - 112 users 1-6
2026-06-20 13:21:45,200 INFO o.a.j.t.JMeterThread: Stopping because end time detected by thread: Thread Group - until HTTP 503 - 112 users 1-11
2026-06-20 13:21:45,200 INFO o.a.j.t.JMeterThread: Stopping because end time detected by thread: Thread Group - until HTTP 503 - 112 users 1-36
2026-06-20 13:21:45,201 INFO o.a.j.t.JMeterThread: Thread finished: Thread Group - until HTTP 503 - 112 users 1-37
2026-06-20 13:21:45,201 INFO o.a.j.t.JMeterThread: Stopping because end time detected by thread: Thread Group - until HTTP 503 - 112 users 1-46
2026-06-20 13:21:45,200 INFO o.a.j.t.JMeterThread: Stopping because end time detected by thread: Thread Group - until HTTP 503 - 112 users 1-50
2026-06-20 13:21:45,201 INFO o.a.j.t.JMeterThread: Thread finished: Thread Group - until HTTP 503 - 112 users 1-46
2026-06-20 13:21:45,200 INFO o.a.j.t.JMeterThread: Stopping because end time detected by thread: Thread Group - until HTTP 503 - 112 users 1-56
2026-06-20 13:21:45,201 INFO o.a.j.t.JMeterThread: Thread finished: Thread Group - until HTTP 503 - 112 users 1-50
2026-06-20 13:21:45,200 INFO o.a.j.t.JMeterThread: Stopping because end time detected by thread: Thread Group - until HTTP 503 - 112 users 1-63
2026-06-20 13:21:45,201 INFO o.a.j.t.JMeterThread: Thread finished: Thread Group - until HTTP 503 - 112 users 1-63
2026-06-20 13:21:45,201 INFO o.a.j.t.JMeterThread: Thread finished: Thread Group - until HTTP 503 - 112 users 1-18
2026-06-20 13:21:45,201 INFO o.a.j.t.JMeterThread: Thread finished: Thread Group - until HTTP 503 - 112 users 1-32
2026-06-20 13:21:45,200 INFO o.a.j.t.JMeterThread: Stopping because end time detected by thread: Thread Group - until HTTP 503 - 112 users 1-98
2026-06-20 13:21:45,201 INFO o.a.j.t.JMeterThread: Thread finished: Thread Group - until HTTP 503 - 112 users 1-93
2026-06-20 13:21:45,201 INFO o.a.j.t.JMeterThread: Thread finished: Thread Group - until HTTP 503 - 112 users 1-98
2026-06-20 13:21:45,201 INFO o.a.j.t.JMeterThread: Thread finished: Thread Group - until HTTP 503 - 112 users 1-8
2026-06-20 13:21:45,200 INFO o.a.j.t.JMeterThread: Stopping because end time detected by thread: Thread Group - until HTTP 503 - 112 users 1-4
2026-06-20 13:21:45,200 INFO o.a.j.t.JMeterThread: Thread finished: Thread Group - until HTTP 503 - 112 users 1-73
2026-06-20 13:21:45,200 INFO o.a.j.t.JMeterThread: Thread finished: Thread Group - until HTTP 503 - 112 users 1-109
2026-06-20 13:21:45,201 INFO o.a.j.t.JMeterThread: Thread finished: Thread Group - until HTTP 503 - 112 users 1-6
2026-06-20 13:21:45,201 INFO o.a.j.t.JMeterThread: Thread finished: Thread Group - until HTTP 503 - 112 users 1-36
2026-06-20 13:21:45,201 INFO o.a.j.t.JMeterThread: Thread finished: Thread Group - until HTTP 503 - 112 users 1-38
2026-06-20 13:21:45,201 INFO o.a.j.t.JMeterThread: Thread finished: Thread Group - until HTTP 503 - 112 users 1-22
2026-06-20 13:21:45,201 INFO o.a.j.t.JMeterThread: Stopping because end time detected by thread: Thread Group - until HTTP 503 - 112 users 1-74
2026-06-20 13:21:45,201 INFO o.a.j.t.JMeterThread: Thread finished: Thread Group - until HTTP 503 - 112 users 1-48
2026-06-20 13:21:45,201 INFO o.a.j.t.JMeterThread: Thread finished: Thread Group - until HTTP 503 - 112 users 1-81
2026-06-20 13:21:45,201 INFO o.a.j.t.JMeterThread: Thread finished: Thread Group - until HTTP 503 - 112 users 1-4
2026-06-20 13:21:45,201 INFO o.a.j.t.JMeterThread: Stopping because end time detected by thread: Thread Group - until HTTP 503 - 112 users 1-19
2026-06-20 13:21:45,201 INFO o.a.j.t.JMeterThread: Thread finished: Thread Group - until HTTP 503 - 112 users 1-11
2026-06-20 13:21:45,201 INFO o.a.j.t.JMeterThread: Thread finished: Thread Group - until HTTP 503 - 112 users 1-56
2026-06-20 13:21:45,201 INFO o.a.j.t.JMeterThread: Stopping because end time detected by thread: Thread Group - until HTTP 503 - 112 users 1-3
2026-06-20 13:21:45,201 INFO o.a.j.t.JMeterThread: Thread finished: Thread Group - until HTTP 503 - 112 users 1-74
2026-06-20 13:21:45,201 INFO o.a.j.t.JMeterThread: Thread finished: Thread Group - until HTTP 503 - 112 users 1-19
2026-06-20 13:21:45,202 INFO o.a.j.t.JMeterThread: Thread finished: Thread Group - until HTTP 503 - 112 users 1-3
2026-06-20 13:21:45,202 INFO o.a.j.t.JMeterThread: Stopping because end time detected by thread: Thread Group - until HTTP 503 - 112 users 1-16
2026-06-20 13:21:45,202 INFO o.a.j.t.JMeterThread: Stopping because end time detected by thread: Thread Group - until HTTP 503 - 112 users 1-29
2026-06-20 13:21:45,202 INFO o.a.j.t.JMeterThread: Stopping because end time detected by thread: Thread Group - until HTTP 503 - 112 users 1-14
2026-06-20 13:21:45,202 INFO o.a.j.t.JMeterThread: Stopping because end time detected by thread: Thread Group - until HTTP 503 - 112 users 1-35
2026-06-20 13:21:45,202 INFO o.a.j.t.JMeterThread: Thread finished: Thread Group - until HTTP 503 - 112 users 1-29
2026-06-20 13:21:45,202 INFO o.a.j.t.JMeterThread: Stopping because end time detected by thread: Thread Group - until HTTP 503 - 112 users 1-40
2026-06-20 13:21:45,202 INFO o.a.j.t.JMeterThread: Stopping because end time detected by thread: Thread Group - until HTTP 503 - 112 users 1-45
2026-06-20 13:21:45,202 INFO o.a.j.t.JMeterThread: Stopping because end time detected by thread: Thread Group - until HTTP 503 - 112 users 1-59
2026-06-20 13:21:45,202 INFO o.a.j.t.JMeterThread: Stopping because end time detected by thread: Thread Group - until HTTP 503 - 112 users 1-104
2026-06-20 13:21:45,202 INFO o.a.j.t.JMeterThread: Thread finished: Thread Group - until HTTP 503 - 112 users 1-59
2026-06-20 13:21:45,202 INFO o.a.j.t.JMeterThread: Thread finished: Thread Group - until HTTP 503 - 112 users 1-16
2026-06-20 13:21:45,202 INFO o.a.j.t.JMeterThread: Stopping because end time detected by thread: Thread Group - until HTTP 503 - 112 users 1-31
2026-06-20 13:21:45,202 INFO o.a.j.t.JMeterThread: Thread finished: Thread Group - until HTTP 503 - 112 users 1-14
2026-06-20 13:21:45,202 INFO o.a.j.t.JMeterThread: Stopping because end time detected by thread: Thread Group - until HTTP 503 - 112 users 1-39
2026-06-20 13:21:45,202 INFO o.a.j.t.JMeterThread: Thread finished: Thread Group - until HTTP 503 - 112 users 1-35
2026-06-20 13:21:45,202 INFO o.a.j.t.JMeterThread: Stopping because end time detected by thread: Thread Group - until HTTP 503 - 112 users 1-41
2026-06-20 13:21:45,202 INFO o.a.j.t.JMeterThread: Thread finished: Thread Group - until HTTP 503 - 112 users 1-40
2026-06-20 13:21:45,202 INFO o.a.j.t.JMeterThread: Stopping because end time detected by thread: Thread Group - until HTTP 503 - 112 users 1-47
2026-06-20 13:21:45,202 INFO o.a.j.t.JMeterThread: Thread finished: Thread Group - until HTTP 503 - 112 users 1-41
2026-06-20 13:21:45,202 INFO o.a.j.t.JMeterThread: Stopping because end time detected by thread: Thread Group - until HTTP 503 - 112 users 1-78
2026-06-20 13:21:45,202 INFO o.a.j.t.JMeterThread: Thread finished: Thread Group - until HTTP 503 - 112 users 1-45
2026-06-20 13:21:45,202 INFO o.a.j.t.JMeterThread: Thread finished: Thread Group - until HTTP 503 - 112 users 1-104
2026-06-20 13:21:45,202 INFO o.a.j.t.JMeterThread: Thread finished: Thread Group - until HTTP 503 - 112 users 1-31
2026-06-20 13:21:45,202 INFO o.a.j.t.JMeterThread: Thread finished: Thread Group - until HTTP 503 - 112 users 1-39
2026-06-20 13:21:45,202 INFO o.a.j.t.JMeterThread: Thread finished: Thread Group - until HTTP 503 - 112 users 1-47
2026-06-20 13:21:45,202 INFO o.a.j.t.JMeterThread: Thread finished: Thread Group - until HTTP 503 - 112 users 1-78
2026-06-20 13:21:46,224 INFO o.a.j.t.JMeterThread: Stopping because end time detected by thread: Thread Group - until HTTP 503 - 112 users 1-60
2026-06-20 13:21:46,224 INFO o.a.j.t.JMeterThread: Stopping because end time detected by thread: Thread Group - until HTTP 503 - 112 users 1-58
2026-06-20 13:21:46,224 INFO o.a.j.t.JMeterThread: Stopping because end time detected by thread: Thread Group - until HTTP 503 - 112 users 1-5
2026-06-20 13:21:46,224 INFO o.a.j.t.JMeterThread: Stopping because end time detected by thread: Thread Group - until HTTP 503 - 112 users 1-23
2026-06-20 13:21:46,224 INFO o.a.j.t.JMeterThread: Stopping because end time detected by thread: Thread Group - until HTTP 503 - 112 users 1-80
2026-06-20 13:21:46,224 INFO o.a.j.t.JMeterThread: Stopping because end time detected by thread: Thread Group - until HTTP 503 - 112 users 1-21
2026-06-20 13:21:46,224 INFO o.a.j.t.JMeterThread: Thread finished: Thread Group - until HTTP 503 - 112 users 1-80
2026-06-20 13:21:46,224 INFO o.a.j.t.JMeterThread: Thread finished: Thread Group - until HTTP 503 - 112 users 1-21
2026-06-20 13:21:46,224 INFO o.a.j.t.JMeterThread: Stopping because end time detected by thread: Thread Group - until HTTP 503 - 112 users 1-91
2026-06-20 13:21:46,225 INFO o.a.j.t.JMeterThread: Stopping because end time detected by thread: Thread Group - until HTTP 503 - 112 users 1-94
2026-06-20 13:21:46,225 INFO o.a.j.t.JMeterThread: Stopping because end time detected by thread: Thread Group - until HTTP 503 - 112 users 1-95
2026-06-20 13:21:46,224 INFO o.a.j.t.JMeterThread: Stopping because end time detected by thread: Thread Group - until HTTP 503 - 112 users 1-67
2026-06-20 13:21:46,225 INFO o.a.j.t.JMeterThread: Stopping because end time detected by thread: Thread Group - until HTTP 503 - 112 users 1-69
2026-06-20 13:21:46,225 INFO o.a.j.t.JMeterThread: Thread finished: Thread Group - until HTTP 503 - 112 users 1-95
2026-06-20 13:21:46,225 INFO o.a.j.t.JMeterThread: Thread finished: Thread Group - until HTTP 503 - 112 users 1-67
2026-06-20 13:21:46,224 INFO o.a.j.t.JMeterThread: Stopping because end time detected by thread: Thread Group - until HTTP 503 - 112 users 1-62
2026-06-20 13:21:46,225 INFO o.a.j.t.JMeterThread: Stopping because end time detected by thread: Thread Group - until HTTP 503 - 112 users 1-99
2026-06-20 13:21:46,224 INFO o.a.j.t.JMeterThread: Stopping because end time detected by thread: Thread Group - until HTTP 503 - 112 users 1-65
2026-06-20 13:21:46,224 INFO o.a.j.t.JMeterThread: Stopping because end time detected by thread: Thread Group - until HTTP 503 - 112 users 1-2
2026-06-20 13:21:46,225 INFO o.a.j.t.JMeterThread: Thread finished: Thread Group - until HTTP 503 - 112 users 1-99
2026-06-20 13:21:46,225 INFO o.a.j.t.JMeterThread: Thread finished: Thread Group - until HTTP 503 - 112 users 1-5
2026-06-20 13:21:46,224 INFO o.a.j.t.JMeterThread: Stopping because end time detected by thread: Thread Group - until HTTP 503 - 112 users 1-52
2026-06-20 13:21:46,224 INFO o.a.j.t.JMeterThread: Stopping because end time detected by thread: Thread Group - until HTTP 503 - 112 users 1-49
2026-06-20 13:21:46,224 INFO o.a.j.t.JMeterThread: Stopping because end time detected by thread: Thread Group - until HTTP 503 - 112 users 1-42
2026-06-20 13:21:46,225 INFO o.a.j.t.JMeterThread: Stopping because end time detected by thread: Thread Group - until HTTP 503 - 112 users 1-75
2026-06-20 13:21:46,225 INFO o.a.j.t.JMeterThread: Thread finished: Thread Group - until HTTP 503 - 112 users 1-52
2026-06-20 13:21:46,225 INFO o.a.j.t.JMeterThread: Thread finished: Thread Group - until HTTP 503 - 112 users 1-49
2026-06-20 13:21:46,225 INFO o.a.j.t.JMeterThread: Thread finished: Thread Group - until HTTP 503 - 112 users 1-75
2026-06-20 13:21:46,224 INFO o.a.j.t.JMeterThread: Stopping because end time detected by thread: Thread Group - until HTTP 503 - 112 users 1-43
2026-06-20 13:21:46,224 INFO o.a.j.t.JMeterThread: Stopping because end time detected by thread: Thread Group - until HTTP 503 - 112 users 1-64
2026-06-20 13:21:46,224 INFO o.a.j.t.JMeterThread: Stopping because end time detected by thread: Thread Group - until HTTP 503 - 112 users 1-51
2026-06-20 13:21:46,224 INFO o.a.j.t.JMeterThread: Thread finished: Thread Group - until HTTP 503 - 112 users 1-60
2026-06-20 13:21:46,224 INFO o.a.j.t.JMeterThread: Stopping because end time detected by thread: Thread Group - until HTTP 503 - 112 users 1-70
2026-06-20 13:21:46,225 INFO o.a.j.t.JMeterThread: Thread finished: Thread Group - until HTTP 503 - 112 users 1-51
2026-06-20 13:21:46,224 INFO o.a.j.t.JMeterThread: Stopping because end time detected by thread: Thread Group - until HTTP 503 - 112 users 1-90
2026-06-20 13:21:46,224 INFO o.a.j.t.JMeterThread: Stopping because end time detected by thread: Thread Group - until HTTP 503 - 112 users 1-89
2026-06-20 13:21:46,224 INFO o.a.j.t.JMeterThread: Stopping because end time detected by thread: Thread Group - until HTTP 503 - 112 users 1-12
2026-06-20 13:21:46,224 INFO o.a.j.t.JMeterThread: Stopping because end time detected by thread: Thread Group - until HTTP 503 - 112 users 1-88
2026-06-20 13:21:46,225 INFO o.a.j.t.JMeterThread: Thread finished: Thread Group - until HTTP 503 - 112 users 1-89
2026-06-20 13:21:46,225 INFO o.a.j.t.JMeterThread: Stopping because end time detected by thread: Thread Group - until HTTP 503 - 112 users 1-68
2026-06-20 13:21:46,225 INFO o.a.j.t.JMeterThread: Stopping because end time detected by thread: Thread Group - until HTTP 503 - 112 users 1-85
2026-06-20 13:21:46,225 INFO o.a.j.t.JMeterThread: Thread finished: Thread Group - until HTTP 503 - 112 users 1-91
2026-06-20 13:21:46,225 INFO o.a.j.t.JMeterThread: Stopping because end time detected by thread: Thread Group - until HTTP 503 - 112 users 1-108
2026-06-20 13:21:46,225 INFO o.a.j.t.JMeterThread: Stopping because end time detected by thread: Thread Group - until HTTP 503 - 112 users 1-87
2026-06-20 13:21:46,225 INFO o.a.j.t.JMeterThread: Thread finished: Thread Group - until HTTP 503 - 112 users 1-94
2026-06-20 13:21:46,225 INFO o.a.j.t.JMeterThread: Thread finished: Thread Group - until HTTP 503 - 112 users 1-108
2026-06-20 13:21:46,225 INFO o.a.j.t.JMeterThread: Thread finished: Thread Group - until HTTP 503 - 112 users 1-69
2026-06-20 13:21:46,225 INFO o.a.j.t.JMeterThread: Thread finished: Thread Group - until HTTP 503 - 112 users 1-87
2026-06-20 13:21:46,225 INFO o.a.j.t.JMeterThread: Thread finished: Thread Group - until HTTP 503 - 112 users 1-65
2026-06-20 13:21:46,226 INFO o.a.j.t.JMeterThread: Thread finished: Thread Group - until HTTP 503 - 112 users 1-62
2026-06-20 13:21:46,225 INFO o.a.j.t.JMeterThread: Thread finished: Thread Group - until HTTP 503 - 112 users 1-58
2026-06-20 13:21:46,225 INFO o.a.j.t.JMeterThread: Stopping because end time detected by thread: Thread Group - until HTTP 503 - 112 users 1-83
2026-06-20 13:21:46,225 INFO o.a.j.t.JMeterThread: Stopping because end time detected by thread: Thread Group - until HTTP 503 - 112 users 1-53
2026-06-20 13:21:46,225 INFO o.a.j.t.JMeterThread: Stopping because end time detected by thread: Thread Group - until HTTP 503 - 112 users 1-55
2026-06-20 13:21:46,226 INFO o.a.j.t.JMeterThread: Thread finished: Thread Group - until HTTP 503 - 112 users 1-53
2026-06-20 13:21:46,225 INFO o.a.j.t.JMeterThread: Stopping because end time detected by thread: Thread Group - until HTTP 503 - 112 users 1-82
2026-06-20 13:21:46,225 INFO o.a.j.t.JMeterThread: Thread finished: Thread Group - until HTTP 503 - 112 users 1-23
2026-06-20 13:21:46,225 INFO o.a.j.t.JMeterThread: Thread finished: Thread Group - until HTTP 503 - 112 users 1-64
2026-06-20 13:21:46,226 INFO o.a.j.t.JMeterThread: Thread finished: Thread Group - until HTTP 503 - 112 users 1-82
2026-06-20 13:21:46,225 INFO o.a.j.t.JMeterThread: Thread finished: Thread Group - until HTTP 503 - 112 users 1-43
2026-06-20 13:21:46,225 INFO o.a.j.t.JMeterThread: Thread finished: Thread Group - until HTTP 503 - 112 users 1-70
2026-06-20 13:21:46,225 INFO o.a.j.t.JMeterThread: Thread finished: Thread Group - until HTTP 503 - 112 users 1-90
2026-06-20 13:21:46,225 INFO o.a.j.t.JMeterThread: Thread finished: Thread Group - until HTTP 503 - 112 users 1-12
2026-06-20 13:21:46,225 INFO o.a.j.t.JMeterThread: Stopping because end time detected by thread: Thread Group - until HTTP 503 - 112 users 1-72
2026-06-20 13:21:46,225 INFO o.a.j.t.JMeterThread: Thread finished: Thread Group - until HTTP 503 - 112 users 1-88
2026-06-20 13:21:46,225 INFO o.a.j.t.JMeterThread: Thread finished: Thread Group - until HTTP 503 - 112 users 1-85
2026-06-20 13:21:46,226 INFO o.a.j.t.JMeterThread: Thread finished: Thread Group - until HTTP 503 - 112 users 1-2
2026-06-20 13:21:46,226 INFO o.a.j.t.JMeterThread: Thread finished: Thread Group - until HTTP 503 - 112 users 1-83
2026-06-20 13:21:46,226 INFO o.a.j.t.JMeterThread: Thread finished: Thread Group - until HTTP 503 - 112 users 1-55
2026-06-20 13:21:46,226 INFO o.a.j.t.JMeterThread: Thread finished: Thread Group - until HTTP 503 - 112 users 1-42
2026-06-20 13:21:46,226 INFO o.a.j.t.JMeterThread: Thread finished: Thread Group - until HTTP 503 - 112 users 1-68
2026-06-20 13:21:46,226 INFO o.a.j.t.JMeterThread: Thread finished: Thread Group - until HTTP 503 - 112 users 1-72
2026-06-20 13:21:46,250 INFO o.a.j.t.JMeterThread: Stopping because end time detected by thread: Thread Group - until HTTP 503 - 112 users 1-57
2026-06-20 13:21:46,250 INFO o.a.j.t.JMeterThread: Thread finished: Thread Group - until HTTP 503 - 112 users 1-57
2026-06-20 13:21:46,288 INFO o.a.j.t.JMeterThread: Stopping because end time detected by thread: Thread Group - until HTTP 503 - 112 users 1-66
2026-06-20 13:21:46,288 INFO o.a.j.t.JMeterThread: Thread finished: Thread Group - until HTTP 503 - 112 users 1-66
2026-06-20 13:21:46,326 INFO o.a.j.t.JMeterThread: Stopping because end time detected by thread: Thread Group - until HTTP 503 - 112 users 1-103
2026-06-20 13:21:46,326 INFO o.a.j.t.JMeterThread: Thread finished: Thread Group - until HTTP 503 - 112 users 1-103
2026-06-20 13:21:46,374 INFO o.a.j.t.JMeterThread: Stopping because end time detected by thread: Thread Group - until HTTP 503 - 112 users 1-106
2026-06-20 13:21:46,374 INFO o.a.j.t.JMeterThread: Thread finished: Thread Group - until HTTP 503 - 112 users 1-106
2026-06-20 13:21:46,414 INFO o.a.j.t.JMeterThread: Stopping because end time detected by thread: Thread Group - until HTTP 503 - 112 users 1-110
2026-06-20 13:21:46,414 INFO o.a.j.t.JMeterThread: Thread finished: Thread Group - until HTTP 503 - 112 users 1-110
2026-06-20 13:21:46,484 INFO o.a.j.t.JMeterThread: Stopping because end time detected by thread: Thread Group - until HTTP 503 - 112 users 1-71
2026-06-20 13:21:46,484 INFO o.a.j.t.JMeterThread: Thread finished: Thread Group - until HTTP 503 - 112 users 1-71
2026-06-20 13:21:46,511 INFO o.a.j.t.JMeterThread: Stopping because end time detected by thread: Thread Group - until HTTP 503 - 112 users 1-101
2026-06-20 13:21:46,511 INFO o.a.j.t.JMeterThread: Thread finished: Thread Group - until HTTP 503 - 112 users 1-101
2026-06-20 13:21:46,553 INFO o.a.j.t.JMeterThread: Stopping because end time detected by thread: Thread Group - until HTTP 503 - 112 users 1-100
2026-06-20 13:21:46,553 INFO o.a.j.t.JMeterThread: Thread finished: Thread Group - until HTTP 503 - 112 users 1-100
2026-06-20 13:21:46,586 INFO o.a.j.t.JMeterThread: Stopping because end time detected by thread: Thread Group - until HTTP 503 - 112 users 1-92
2026-06-20 13:21:46,586 INFO o.a.j.t.JMeterThread: Thread finished: Thread Group - until HTTP 503 - 112 users 1-92
2026-06-20 13:21:46,679 INFO o.a.j.t.JMeterThread: Stopping because end time detected by thread: Thread Group - until HTTP 503 - 112 users 1-112
2026-06-20 13:21:46,679 INFO o.a.j.t.JMeterThread: Thread finished: Thread Group - until HTTP 503 - 112 users 1-112
2026-06-20 13:21:46,697 INFO o.a.j.t.JMeterThread: Stopping because end time detected by thread: Thread Group - until HTTP 503 - 112 users 1-7
2026-06-20 13:21:46,697 INFO o.a.j.t.JMeterThread: Thread finished: Thread Group - until HTTP 503 - 112 users 1-7
2026-06-20 13:21:46,751 INFO o.a.j.t.JMeterThread: Stopping because end time detected by thread: Thread Group - until HTTP 503 - 112 users 1-9
2026-06-20 13:21:46,751 INFO o.a.j.t.JMeterThread: Thread finished: Thread Group - until HTTP 503 - 112 users 1-9
2026-06-20 13:21:46,789 INFO o.a.j.t.JMeterThread: Stopping because end time detected by thread: Thread Group - until HTTP 503 - 112 users 1-17
2026-06-20 13:21:46,789 INFO o.a.j.t.JMeterThread: Thread finished: Thread Group - until HTTP 503 - 112 users 1-17
2026-06-20 13:21:46,823 INFO o.a.j.t.JMeterThread: Stopping because end time detected by thread: Thread Group - until HTTP 503 - 112 users 1-15
2026-06-20 13:21:46,824 INFO o.a.j.t.JMeterThread: Thread finished: Thread Group - until HTTP 503 - 112 users 1-15
2026-06-20 13:21:46,866 INFO o.a.j.t.JMeterThread: Stopping because end time detected by thread: Thread Group - until HTTP 503 - 112 users 1-13
2026-06-20 13:21:46,866 INFO o.a.j.t.JMeterThread: Thread finished: Thread Group - until HTTP 503 - 112 users 1-13
2026-06-20 13:21:46,889 INFO o.a.j.t.JMeterThread: Stopping because end time detected by thread: Thread Group - until HTTP 503 - 112 users 1-97
2026-06-20 13:21:46,890 INFO o.a.j.t.JMeterThread: Thread finished: Thread Group - until HTTP 503 - 112 users 1-97
2026-06-20 13:21:46,908 INFO o.a.j.t.JMeterThread: Stopping because end time detected by thread: Thread Group - until HTTP 503 - 112 users 1-28
2026-06-20 13:21:46,908 INFO o.a.j.t.JMeterThread: Thread finished: Thread Group - until HTTP 503 - 112 users 1-28
2026-06-20 13:21:46,929 INFO o.a.j.t.JMeterThread: Stopping because end time detected by thread: Thread Group - until HTTP 503 - 112 users 1-44
2026-06-20 13:21:46,929 INFO o.a.j.t.JMeterThread: Thread finished: Thread Group - until HTTP 503 - 112 users 1-44
2026-06-20 13:21:46,986 INFO o.a.j.t.JMeterThread: Stopping because end time detected by thread: Thread Group - until HTTP 503 - 112 users 1-33
2026-06-20 13:21:46,986 INFO o.a.j.t.JMeterThread: Thread finished: Thread Group - until HTTP 503 - 112 users 1-33
2026-06-20 13:21:47,010 INFO o.a.j.t.JMeterThread: Stopping because end time detected by thread: Thread Group - until HTTP 503 - 112 users 1-24
2026-06-20 13:21:47,010 INFO o.a.j.t.JMeterThread: Thread finished: Thread Group - until HTTP 503 - 112 users 1-24
2026-06-20 13:21:47,030 INFO o.a.j.t.JMeterThread: Stopping because end time detected by thread: Thread Group - until HTTP 503 - 112 users 1-77
2026-06-20 13:21:47,031 INFO o.a.j.t.JMeterThread: Thread finished: Thread Group - until HTTP 503 - 112 users 1-77
2026-06-20 13:21:47,053 INFO o.a.j.t.JMeterThread: Stopping because end time detected by thread: Thread Group - until HTTP 503 - 112 users 1-20
2026-06-20 13:21:47,053 INFO o.a.j.t.JMeterThread: Thread finished: Thread Group - until HTTP 503 - 112 users 1-20
2026-06-20 13:21:47,078 INFO o.a.j.t.JMeterThread: Stopping because end time detected by thread: Thread Group - until HTTP 503 - 112 users 1-1
2026-06-20 13:21:47,078 INFO o.a.j.t.JMeterThread: Thread finished: Thread Group - until HTTP 503 - 112 users 1-1
2026-06-20 13:21:47,102 INFO o.a.j.t.JMeterThread: Stopping because end time detected by thread: Thread Group - until HTTP 503 - 112 users 1-84
2026-06-20 13:21:47,102 INFO o.a.j.t.JMeterThread: Thread finished: Thread Group - until HTTP 503 - 112 users 1-84
2026-06-20 13:21:47,128 INFO o.a.j.t.JMeterThread: Stopping because end time detected by thread: Thread Group - until HTTP 503 - 112 users 1-105
2026-06-20 13:21:47,128 INFO o.a.j.t.JMeterThread: Thread finished: Thread Group - until HTTP 503 - 112 users 1-105
2026-06-20 13:21:47,157 INFO o.a.j.t.JMeterThread: Stopping because end time detected by thread: Thread Group - until HTTP 503 - 112 users 1-54
2026-06-20 13:21:47,157 INFO o.a.j.t.JMeterThread: Thread finished: Thread Group - until HTTP 503 - 112 users 1-54
2026-06-20 13:21:47,173 INFO o.a.j.t.JMeterThread: Stopping because end time detected by thread: Thread Group - until HTTP 503 - 112 users 1-86
2026-06-20 13:21:47,173 INFO o.a.j.t.JMeterThread: Thread finished: Thread Group - until HTTP 503 - 112 users 1-86
2026-06-20 13:21:47,186 INFO o.a.j.t.JMeterThread: Stopping because end time detected by thread: Thread Group - until HTTP 503 - 112 users 1-79
2026-06-20 13:21:47,186 INFO o.a.j.t.JMeterThread: Thread finished: Thread Group - until HTTP 503 - 112 users 1-79
2026-06-20 13:21:47,224 INFO o.a.j.t.JMeterThread: Stopping because end time detected by thread: Thread Group - until HTTP 503 - 112 users 1-111
2026-06-20 13:21:47,224 INFO o.a.j.t.JMeterThread: Thread finished: Thread Group - until HTTP 503 - 112 users 1-111
2026-06-20 13:21:47,227 INFO o.a.j.e.StandardJMeterEngine: Notifying test listeners of end of test
2026-06-20 13:21:47,228 INFO o.a.j.r.Summariser: summary +    550 in 00:00:16 =   34.7/s Avg:  3384 Min:  2260 Max:  4755 Err:   550 (100.00%) Active: 0 Started: 112 Finished: 112
2026-06-20 13:21:47,228 INFO o.a.j.r.Summariser: summary =   2777 in 00:01:33 =   29.9/s Avg:  2447 Min:   354 Max:  4755 Err:  2568 (92.47%)
2026-06-20 13:21:47,228 INFO o.a.j.JMeter: Generating Dashboard
2026-06-20 13:21:47,228 INFO o.a.j.r.d.ReportGenerator: Flushing result collector before report Generation
2026-06-20 13:21:47,238 INFO o.a.j.r.p.NormalizerSampleConsumer: Using format, 'ms', to parse timeStamp field
2026-06-20 13:21:47,373 INFO o.a.j.r.p.AbstractSampleConsumer: class org.apache.jmeter.report.processor.AggregateConsumer#stopProducing(): beginDate produced 0 samples
2026-06-20 13:21:47,373 INFO o.a.j.r.p.AbstractSampleConsumer: class org.apache.jmeter.report.processor.AggregateConsumer#stopProducing(): endDate produced 0 samples
2026-06-20 13:21:47,374 INFO o.a.j.r.p.AbstractSampleConsumer: class org.apache.jmeter.report.processor.ApdexSummaryConsumer#stopProducing(): apdexSummary produced 0 samples
2026-06-20 13:21:47,374 INFO o.a.j.r.p.AbstractSampleConsumer: class org.apache.jmeter.report.processor.RequestsSummaryConsumer#stopProducing(): requestsSummary produced 0 samples
2026-06-20 13:21:47,379 INFO o.a.j.r.p.AbstractSampleConsumer: class org.apache.jmeter.report.processor.StatisticsSummaryConsumer#stopProducing(): statisticsSummary produced 0 samples
2026-06-20 13:21:47,381 INFO o.a.j.r.p.AbstractSampleConsumer: class org.apache.jmeter.report.processor.Top5ErrorsBySamplerConsumer#stopProducing(): top5ErrorsBySampler produced 0 samples
2026-06-20 13:21:47,383 INFO o.a.j.r.p.AbstractSampleConsumer: class org.apache.jmeter.report.processor.ErrorsSummaryConsumer#stopProducing(): errorsSummary produced 0 samples
2026-06-20 13:21:47,383 INFO o.a.j.r.p.AbstractSampleConsumer: class org.apache.jmeter.report.processor.graph.impl.HitsPerSecondGraphConsumer#stopProducing(): hitsPerSecond produced 0 samples
2026-06-20 13:21:47,418 INFO o.a.j.r.p.AbstractSampleConsumer: class org.apache.jmeter.report.processor.graph.impl.LatencyVSRequestGraphConsumer#stopProducing(): latencyVsRequest produced 0 samples
2026-06-20 13:21:47,419 INFO o.a.j.r.p.AbstractSampleConsumer: class org.apache.jmeter.report.processor.graph.impl.SyntheticResponseTimeDistributionGraphConsumer#stopProducing(): syntheticResponseTimeDistribution produced 0 samples
2026-06-20 13:21:47,419 INFO o.a.j.r.p.AbstractSampleConsumer: class org.apache.jmeter.report.processor.graph.impl.BytesThroughputGraphConsumer#stopProducing(): bytesThroughputOverTime produced 0 samples
2026-06-20 13:21:47,419 INFO o.a.j.r.p.AbstractSampleConsumer: class org.apache.jmeter.report.processor.graph.impl.CodesPerSecondGraphConsumer#stopProducing(): codesPerSecond produced 0 samples
2026-06-20 13:21:47,432 INFO o.a.j.r.p.AbstractSampleConsumer: class org.apache.jmeter.report.processor.graph.impl.ResponseTimeVSRequestGraphConsumer#stopProducing(): responseTimeVsRequest produced 0 samples
2026-06-20 13:21:47,433 INFO o.a.j.r.p.AbstractSampleConsumer: class org.apache.jmeter.report.processor.FilterConsumer#stopProducing(): startIntervalControlerFilter produced 19439 samples
2026-06-20 13:21:47,433 INFO o.a.j.r.p.AbstractSampleConsumer: class org.apache.jmeter.report.processor.graph.impl.TotalTPSGraphConsumer#stopProducing(): totalTPS produced 0 samples
2026-06-20 13:21:47,433 INFO o.a.j.r.p.AbstractSampleConsumer: class org.apache.jmeter.report.processor.graph.impl.ActiveThreadsGraphConsumer#stopProducing(): activeThreadsOverTime produced 0 samples
2026-06-20 13:21:47,433 INFO o.a.j.r.p.AbstractSampleConsumer: class org.apache.jmeter.report.processor.graph.impl.TimeVSThreadGraphConsumer#stopProducing(): timeVsThreads produced 0 samples
2026-06-20 13:21:47,434 INFO o.a.j.r.p.AbstractSampleConsumer: class org.apache.jmeter.report.processor.graph.impl.ResponseTimeDistributionGraphConsumer#stopProducing(): responseTimeDistribution produced 0 samples
2026-06-20 13:21:47,434 INFO o.a.j.r.p.AbstractSampleConsumer: class org.apache.jmeter.report.processor.graph.impl.TransactionsPerSecondGraphConsumer#stopProducing(): transactionsPerSecond produced 0 samples
2026-06-20 13:21:47,434 INFO o.a.j.r.p.AbstractSampleConsumer: class org.apache.jmeter.report.processor.graph.impl.ResponseTimePercentilesGraphConsumer#stopProducing(): responseTimePercentiles produced 0 samples
2026-06-20 13:21:47,436 INFO o.a.j.r.p.AbstractSampleConsumer: class org.apache.jmeter.report.processor.graph.impl.ResponseTimePercentilesOverTimeGraphConsumer#stopProducing(): responseTimePercentilesOverTime produced 0 samples
2026-06-20 13:21:47,436 INFO o.a.j.r.p.AbstractSampleConsumer: class org.apache.jmeter.report.processor.graph.impl.ResponseTimeOverTimeGraphConsumer#stopProducing(): responseTimesOverTime produced 0 samples
2026-06-20 13:21:47,436 INFO o.a.j.r.p.AbstractSampleConsumer: class org.apache.jmeter.report.processor.graph.impl.ConnectTimeOverTimeGraphConsumer#stopProducing(): connectTimeOverTime produced 0 samples
2026-06-20 13:21:47,436 INFO o.a.j.r.p.AbstractSampleConsumer: class org.apache.jmeter.report.processor.graph.impl.LatencyOverTimeGraphConsumer#stopProducing(): latenciesOverTime produced 0 samples
2026-06-20 13:21:47,436 INFO o.a.j.r.p.AbstractSampleConsumer: class org.apache.jmeter.report.processor.FilterConsumer#stopProducing(): nameFilter produced 41655 samples
2026-06-20 13:21:47,436 INFO o.a.j.r.p.AbstractSampleConsumer: class org.apache.jmeter.report.processor.FilterConsumer#stopProducing(): dateRangeFilter produced 8331 samples
2026-06-20 13:21:47,436 INFO o.a.j.r.p.AbstractSampleConsumer: class org.apache.jmeter.report.processor.NormalizerSampleConsumer#stopProducing(): normalizer produced 2777 samples
2026-06-20 13:21:47,437 INFO o.a.j.r.p.CsvFileSampleSource: produce(): 2777 samples produced in 183ms on channel 0
2026-06-20 13:21:47,437 INFO o.a.j.r.d.ReportGenerator: Exporting data using exporter:'json' of className:'org.apache.jmeter.report.dashboard.JsonExporter'
2026-06-20 13:21:47,484 INFO o.a.j.r.d.JsonExporter: Found data for consumer statisticsSummary in context
2026-06-20 13:21:47,484 INFO o.a.j.r.d.JsonExporter: Creating statistics for overall
2026-06-20 13:21:47,484 INFO o.a.j.r.d.JsonExporter: Creating statistics for other transactions
2026-06-20 13:21:47,484 INFO o.a.j.r.d.JsonExporter: Checking output folder
2026-06-20 13:21:47,485 INFO o.a.j.r.d.JsonExporter: Writing statistics JSON to /home/seventwo/github/tpo-sub-four/html_reports/stress_until_503/112users_2240rpm/statistics.json
2026-06-20 13:21:47,514 INFO o.a.j.r.d.ReportGenerator: Exporting data using exporter:'html' of className:'org.apache.jmeter.report.dashboard.HtmlTemplateExporter'
2026-06-20 13:21:47,516 INFO o.a.j.r.d.HtmlTemplateExporter: Will generate dashboard in folder: /home/seventwo/github/tpo-sub-four/html_reports/stress_until_503/112users_2240rpm
2026-06-20 13:21:47,573 INFO o.a.j.r.d.HtmlTemplateExporter: Report will be generated in: /home/seventwo/github/tpo-sub-four/html_reports/stress_until_503/112users_2240rpm, creating folder structure
2026-06-20 13:21:47,575 INFO o.a.j.r.d.TemplateVisitor: Copying folder from '/opt/jmeter/bin/report-template' to '/home/seventwo/github/tpo-sub-four/html_reports/stress_until_503/112users_2240rpm', got message: /home/seventwo/github/tpo-sub-four/html_reports/stress_until_503/112users_2240rpm, found non empty folder with following content [/home/seventwo/github/tpo-sub-four/html_reports/stress_until_503/112users_2240rpm/statistics.json], will be ignored
2026-06-20 13:21:47,690 INFO o.a.j.JMeter: Dashboard generated
