2026-06-20 13:23:26,343 INFO o.a.j.u.JMeterUtils: Setting Locale to en_EN
2026-06-20 13:23:26,354 INFO o.a.j.JMeter: Loading user properties from: /opt/jmeter/bin/user.properties
2026-06-20 13:23:26,354 INFO o.a.j.JMeter: Loading system properties from: /opt/jmeter/bin/system.properties
2026-06-20 13:23:26,354 INFO o.a.j.JMeter: Setting JMeter property: jmeter.save.saveservice.output_format=csv
2026-06-20 13:23:26,354 INFO o.a.j.JMeter: Setting JMeter property: jmeter.save.saveservice.print_field_names=true
2026-06-20 13:23:26,354 INFO o.a.j.JMeter: Setting JMeter property: jmeter.save.saveservice.timestamp_format=ms
2026-06-20 13:23:26,354 INFO o.a.j.JMeter: Setting JMeter property: jmeter.save.saveservice.time=true
2026-06-20 13:23:26,355 INFO o.a.j.JMeter: Setting JMeter property: jmeter.save.saveservice.latency=true
2026-06-20 13:23:26,355 INFO o.a.j.JMeter: Setting JMeter property: jmeter.save.saveservice.label=true
2026-06-20 13:23:26,355 INFO o.a.j.JMeter: Setting JMeter property: jmeter.save.saveservice.response_code=true
2026-06-20 13:23:26,355 INFO o.a.j.JMeter: Setting JMeter property: jmeter.save.saveservice.response_message=true
2026-06-20 13:23:26,355 INFO o.a.j.JMeter: Setting JMeter property: jmeter.save.saveservice.successful=true
2026-06-20 13:23:26,355 INFO o.a.j.JMeter: Setting JMeter property: jmeter.save.saveservice.assertion_results_failure_message=true
2026-06-20 13:23:26,355 INFO o.a.j.JMeter: Setting JMeter property: jmeter.save.saveservice.thread_name=true
2026-06-20 13:23:26,355 INFO o.a.j.JMeter: Setting JMeter property: jmeter.save.saveservice.thread_counts=true
2026-06-20 13:23:26,355 INFO o.a.j.JMeter: Setting JMeter property: jmeter.save.saveservice.connect_time=true
2026-06-20 13:23:26,360 INFO o.a.j.JMeter: Copyright (c) 1998-2024 The Apache Software Foundation
2026-06-20 13:23:26,360 INFO o.a.j.JMeter: Version 5.6.3
2026-06-20 13:23:26,360 INFO o.a.j.JMeter: java.version=26.0.1
2026-06-20 13:23:26,360 INFO o.a.j.JMeter: java.vm.name=OpenJDK 64-Bit Server VM
2026-06-20 13:23:26,360 INFO o.a.j.JMeter: os.name=Linux
2026-06-20 13:23:26,360 INFO o.a.j.JMeter: os.arch=amd64
2026-06-20 13:23:26,360 INFO o.a.j.JMeter: os.version=6.18.33-1-MANJARO
2026-06-20 13:23:26,360 INFO o.a.j.JMeter: file.encoding=UTF-8
2026-06-20 13:23:26,360 INFO o.a.j.JMeter: java.awt.headless=true
2026-06-20 13:23:26,360 INFO o.a.j.JMeter: Max memory     =1073741824
2026-06-20 13:23:26,360 INFO o.a.j.JMeter: Available Processors =16
2026-06-20 13:23:26,369 INFO o.a.j.JMeter: Default Locale=English (EN)
2026-06-20 13:23:26,370 INFO o.a.j.JMeter: JMeter  Locale=English (EN)
2026-06-20 13:23:26,370 INFO o.a.j.JMeter: JMeterHome=/opt/jmeter
2026-06-20 13:23:26,370 INFO o.a.j.JMeter: user.dir  =/home/seventwo/github/tpo-sub-four
2026-06-20 13:23:26,370 INFO o.a.j.JMeter: PWD       =/home/seventwo/github/tpo-sub-four
2026-06-20 13:23:26,370 INFO o.a.j.JMeter: IP: 192.168.0.102 Name: seventwocore FullName: seventwocore
2026-06-20 13:23:26,377 INFO o.a.j.JMeter: Setting property 'jmeter.reportgenerator.outputdir' to:'/home/seventwo/github/tpo-sub-four/html_reports/stress_until_503/144users_2880rpm'
2026-06-20 13:23:26,379 INFO o.a.j.s.FileServer: Default base='/home/seventwo/github/tpo-sub-four'
2026-06-20 13:23:26,379 INFO o.a.j.s.FileServer: Set new base='/home/seventwo/github/tpo-sub-four/quality_jmeter_plans/stress_until_503'
2026-06-20 13:23:26,566 INFO o.a.j.s.SaveService: Testplan (JMX) version: 2.2. Testlog (JTL) version: 2.2
2026-06-20 13:23:26,581 INFO o.a.j.s.SaveService: Using SaveService properties version 5.0
2026-06-20 13:23:26,585 INFO o.a.j.s.SaveService: Using SaveService properties file encoding UTF-8
2026-06-20 13:23:26,587 INFO o.a.j.s.SaveService: Loading file: quality_jmeter_plans/stress_until_503/stress_until_503_144users_2880rpm_ctt.jmx
2026-06-20 13:23:26,625 INFO o.a.j.p.h.s.HTTPSamplerBase: Parser for text/html is org.apache.jmeter.protocol.http.parser.LagartoBasedHtmlParser
2026-06-20 13:23:26,625 INFO o.a.j.p.h.s.HTTPSamplerBase: Parser for application/xhtml+xml is org.apache.jmeter.protocol.http.parser.LagartoBasedHtmlParser
2026-06-20 13:23:26,626 INFO o.a.j.p.h.s.HTTPSamplerBase: Parser for application/xml is org.apache.jmeter.protocol.http.parser.LagartoBasedHtmlParser
2026-06-20 13:23:26,626 INFO o.a.j.p.h.s.HTTPSamplerBase: Parser for text/xml is org.apache.jmeter.protocol.http.parser.LagartoBasedHtmlParser
2026-06-20 13:23:26,626 INFO o.a.j.p.h.s.HTTPSamplerBase: Parser for text/vnd.wap.wml is org.apache.jmeter.protocol.http.parser.RegexpHTMLParser
2026-06-20 13:23:26,626 INFO o.a.j.p.h.s.HTTPSamplerBase: Parser for text/css is org.apache.jmeter.protocol.http.parser.CssParser
2026-06-20 13:23:26,635 INFO o.a.j.JMeter: Creating summariser <summary>
2026-06-20 13:23:26,641 INFO o.a.j.r.d.ReportGenerator: ReportGenerator will use for Parsing the separator: ','
2026-06-20 13:23:26,641 INFO o.a.j.r.d.ReportGenerator: Will generate report at end of test from  results file: results/stress_until_503/stress_until_503_144users_2880rpm.jtl
2026-06-20 13:23:26,641 INFO o.a.j.r.d.ReportGenerator: Reading report generator properties from: /opt/jmeter/bin/reportgenerator.properties
2026-06-20 13:23:26,641 INFO o.a.j.r.d.ReportGenerator: Merging with JMeter properties
2026-06-20 13:23:26,643 INFO o.a.j.r.c.ReportGeneratorConfiguration: Property 'jmeter.reportgenerator.temp_dir' not found, using default value 'temp' instead.
2026-06-20 13:23:26,645 INFO o.a.j.r.c.ReportGeneratorConfiguration: Property 'jmeter.reportgenerator.apdex_per_transaction' not found, using default value 'null' instead.
2026-06-20 13:23:26,645 INFO o.a.j.r.c.ReportGeneratorConfiguration: apdex_per_transaction is empty, not APDEX per transaction customization
2026-06-20 13:23:26,645 INFO o.a.j.r.c.ReportGeneratorConfiguration: Property 'jmeter.reportgenerator.sample_filter' not found, using default value 'null' instead.
2026-06-20 13:23:26,645 INFO o.a.j.r.c.ReportGeneratorConfiguration: Property 'jmeter.reportgenerator.report_title' not found, using default value 'null' instead.
2026-06-20 13:23:26,645 INFO o.a.j.r.c.ReportGeneratorConfiguration: Property 'jmeter.reportgenerator.start_date' not found, using default value 'null' instead.
2026-06-20 13:23:26,645 INFO o.a.j.r.c.ReportGeneratorConfiguration: Property 'jmeter.reportgenerator.end_date' not found, using default value 'null' instead.
2026-06-20 13:23:26,645 INFO o.a.j.r.c.ReportGeneratorConfiguration: Property 'jmeter.reportgenerator.date_format' not found, using default value 'null' instead.
2026-06-20 13:23:26,645 INFO o.a.j.r.c.ReportGeneratorConfiguration: Will use date range start date: null, end date: null
2026-06-20 13:23:26,648 INFO o.a.j.r.c.ReportGeneratorConfiguration: Property 'jmeter.reportgenerator.graph.totalTPS.exclude_controllers' not found, using default value 'false' instead.
2026-06-20 13:23:26,648 INFO o.a.j.r.c.ReportGeneratorConfiguration: Property 'jmeter.reportgenerator.graph.activeThreadsOverTime.exclude_controllers' not found, using default value 'false' instead.
2026-06-20 13:23:26,648 INFO o.a.j.r.c.ReportGeneratorConfiguration: Property 'jmeter.reportgenerator.graph.timeVsThreads.exclude_controllers' not found, using default value 'false' instead.
2026-06-20 13:23:26,648 INFO o.a.j.r.c.ReportGeneratorConfiguration: Property 'jmeter.reportgenerator.graph.responseTimeDistribution.exclude_controllers' not found, using default value 'false' instead.
2026-06-20 13:23:26,648 INFO o.a.j.r.c.ReportGeneratorConfiguration: Property 'jmeter.reportgenerator.graph.transactionsPerSecond.exclude_controllers' not found, using default value 'false' instead.
2026-06-20 13:23:26,648 INFO o.a.j.r.c.ReportGeneratorConfiguration: Property 'jmeter.reportgenerator.graph.responseTimePercentiles.exclude_controllers' not found, using default value 'false' instead.
2026-06-20 13:23:26,648 INFO o.a.j.r.c.ReportGeneratorConfiguration: Property 'jmeter.reportgenerator.graph.responseTimePercentilesOverTime.exclude_controllers' not found, using default value 'false' instead.
2026-06-20 13:23:26,648 INFO o.a.j.r.c.ReportGeneratorConfiguration: Property 'jmeter.reportgenerator.graph.responseTimesOverTime.exclude_controllers' not found, using default value 'false' instead.
2026-06-20 13:23:26,648 INFO o.a.j.r.c.ReportGeneratorConfiguration: Property 'jmeter.reportgenerator.graph.connectTimeOverTime.exclude_controllers' not found, using default value 'false' instead.
2026-06-20 13:23:26,649 INFO o.a.j.r.c.ReportGeneratorConfiguration: Property 'jmeter.reportgenerator.graph.latenciesOverTime.exclude_controllers' not found, using default value 'false' instead.
2026-06-20 13:23:26,649 INFO o.a.j.r.c.ReportGeneratorConfiguration: Property 'jmeter.reportgenerator.exporter.json.filters_only_sample_series' not found, using default value 'true' instead.
2026-06-20 13:23:26,649 INFO o.a.j.r.c.ReportGeneratorConfiguration: Property 'jmeter.reportgenerator.exporter.json.series_filter' not found, using default value '' instead.
2026-06-20 13:23:26,649 INFO o.a.j.r.c.ReportGeneratorConfiguration: Property 'jmeter.reportgenerator.exporter.json.show_controllers_only' not found, using default value 'false' instead.
2026-06-20 13:23:26,649 INFO o.a.j.r.c.ReportGeneratorConfiguration: Property 'jmeter.reportgenerator.exporter.html.filters_only_sample_series' not found, using default value 'true' instead.
2026-06-20 13:23:26,649 INFO o.a.j.r.c.ReportGeneratorConfiguration: Property 'jmeter.reportgenerator.exporter.html.series_filter' not found, using default value '' instead.
2026-06-20 13:23:26,649 INFO o.a.j.r.c.ReportGeneratorConfiguration: Property 'jmeter.reportgenerator.exporter.html.show_controllers_only' not found, using default value 'false' instead.
2026-06-20 13:23:26,656 INFO o.a.j.e.StandardJMeterEngine: Running the test!
2026-06-20 13:23:26,657 INFO o.a.j.s.SampleEvent: List of sample_variables: []
2026-06-20 13:23:26,657 INFO o.a.j.s.SampleEvent: List of sample_variables: []
2026-06-20 13:23:26,660 INFO o.a.j.e.u.CompoundVariable: Note: Function class names must contain the string: '.functions.'
2026-06-20 13:23:26,660 INFO o.a.j.e.u.CompoundVariable: Note: Function class names must not contain the string: '.gui.'
2026-06-20 13:23:26,703 INFO o.a.j.JMeter: Running test (1781951006703)
2026-06-20 13:23:26,723 INFO o.a.j.e.StandardJMeterEngine: Starting ThreadGroup: 1 : Thread Group - until HTTP 503 - 144 users
2026-06-20 13:23:26,723 INFO o.a.j.e.StandardJMeterEngine: Starting 144 threads for group Thread Group - until HTTP 503 - 144 users.
2026-06-20 13:23:26,723 INFO o.a.j.e.StandardJMeterEngine: Thread will continue on error
2026-06-20 13:23:26,723 INFO o.a.j.t.ThreadGroup: Starting thread group... number=1 threads=144 ramp-up=60 delayedStart=false
2026-06-20 13:23:26,728 INFO o.a.j.t.JMeterThread: Thread started: Thread Group - until HTTP 503 - 144 users 1-1
2026-06-20 13:23:26,762 INFO o.a.j.t.ThreadGroup: Started thread group number 1
2026-06-20 13:23:26,762 INFO o.a.j.e.StandardJMeterEngine: All thread groups have been started
2026-06-20 13:23:26,764 INFO o.a.j.p.h.s.HTTPHCAbstractImpl: Local host = seventwocore
2026-06-20 13:23:26,769 INFO o.a.j.p.h.s.HTTPHC4Impl: HTTP request retry count = 0
2026-06-20 13:23:26,770 INFO o.a.j.s.SampleResult: Note: Sample TimeStamps are START times
2026-06-20 13:23:26,770 INFO o.a.j.s.SampleResult: sampleresult.default.encoding is set to UTF-8
2026-06-20 13:23:26,770 INFO o.a.j.s.SampleResult: sampleresult.useNanoTime=true
2026-06-20 13:23:26,770 INFO o.a.j.s.SampleResult: sampleresult.nanoThreadSleep=5000
2026-06-20 13:23:27,142 INFO o.a.j.t.JMeterThread: Thread started: Thread Group - until HTTP 503 - 144 users 1-2
2026-06-20 13:23:27,559 INFO o.a.j.t.JMeterThread: Thread started: Thread Group - until HTTP 503 - 144 users 1-3
2026-06-20 13:23:27,975 INFO o.a.j.t.JMeterThread: Thread started: Thread Group - until HTTP 503 - 144 users 1-4
2026-06-20 13:23:28,392 INFO o.a.j.t.JMeterThread: Thread started: Thread Group - until HTTP 503 - 144 users 1-5
2026-06-20 13:23:28,808 INFO o.a.j.t.JMeterThread: Thread started: Thread Group - until HTTP 503 - 144 users 1-6
2026-06-20 13:23:29,225 INFO o.a.j.t.JMeterThread: Thread started: Thread Group - until HTTP 503 - 144 users 1-7
2026-06-20 13:23:29,643 INFO o.a.j.t.JMeterThread: Thread started: Thread Group - until HTTP 503 - 144 users 1-8
2026-06-20 13:23:30,028 INFO o.a.j.r.Summariser: summary +     33 in 00:00:03 =    9.9/s Avg:   408 Min:   356 Max:   498 Err:     0 (0.00%) Active: 8 Started: 8 Finished: 0
2026-06-20 13:23:30,061 INFO o.a.j.t.JMeterThread: Thread started: Thread Group - until HTTP 503 - 144 users 1-9
2026-06-20 13:23:30,476 INFO o.a.j.t.JMeterThread: Thread started: Thread Group - until HTTP 503 - 144 users 1-10
2026-06-20 13:23:30,894 INFO o.a.j.t.JMeterThread: Thread started: Thread Group - until HTTP 503 - 144 users 1-11
2026-06-20 13:23:31,311 INFO o.a.j.t.JMeterThread: Thread started: Thread Group - until HTTP 503 - 144 users 1-12
2026-06-20 13:23:31,727 INFO o.a.j.t.JMeterThread: Thread started: Thread Group - until HTTP 503 - 144 users 1-13
2026-06-20 13:23:32,144 INFO o.a.j.t.JMeterThread: Thread started: Thread Group - until HTTP 503 - 144 users 1-14
2026-06-20 13:23:32,561 INFO o.a.j.t.JMeterThread: Thread started: Thread Group - until HTTP 503 - 144 users 1-15
2026-06-20 13:23:32,979 INFO o.a.j.t.JMeterThread: Thread started: Thread Group - until HTTP 503 - 144 users 1-16
2026-06-20 13:23:33,396 INFO o.a.j.t.JMeterThread: Thread started: Thread Group - until HTTP 503 - 144 users 1-17
2026-06-20 13:23:33,812 INFO o.a.j.t.JMeterThread: Thread started: Thread Group - until HTTP 503 - 144 users 1-18
2026-06-20 13:23:34,230 INFO o.a.j.t.JMeterThread: Thread started: Thread Group - until HTTP 503 - 144 users 1-19
2026-06-20 13:23:34,648 INFO o.a.j.t.JMeterThread: Thread started: Thread Group - until HTTP 503 - 144 users 1-20
2026-06-20 13:23:35,063 INFO o.a.j.t.JMeterThread: Thread started: Thread Group - until HTTP 503 - 144 users 1-21
2026-06-20 13:23:35,481 INFO o.a.j.t.JMeterThread: Thread started: Thread Group - until HTTP 503 - 144 users 1-22
2026-06-20 13:23:35,898 INFO o.a.j.t.JMeterThread: Thread started: Thread Group - until HTTP 503 - 144 users 1-23
2026-06-20 13:23:36,315 INFO o.a.j.t.JMeterThread: Thread started: Thread Group - until HTTP 503 - 144 users 1-24
2026-06-20 13:23:36,732 INFO o.a.j.t.JMeterThread: Thread started: Thread Group - until HTTP 503 - 144 users 1-25
2026-06-20 13:23:37,148 INFO o.a.j.t.JMeterThread: Thread started: Thread Group - until HTTP 503 - 144 users 1-26
2026-06-20 13:23:37,565 INFO o.a.j.t.JMeterThread: Thread started: Thread Group - until HTTP 503 - 144 users 1-27
2026-06-20 13:23:37,983 INFO o.a.j.t.JMeterThread: Thread started: Thread Group - until HTTP 503 - 144 users 1-28
2026-06-20 13:23:38,401 INFO o.a.j.t.JMeterThread: Thread started: Thread Group - until HTTP 503 - 144 users 1-29
2026-06-20 13:23:38,816 INFO o.a.j.t.JMeterThread: Thread started: Thread Group - until HTTP 503 - 144 users 1-30
2026-06-20 13:23:39,233 INFO o.a.j.t.JMeterThread: Thread started: Thread Group - until HTTP 503 - 144 users 1-31
2026-06-20 13:23:39,650 INFO o.a.j.t.JMeterThread: Thread started: Thread Group - until HTTP 503 - 144 users 1-32
2026-06-20 13:23:40,069 INFO o.a.j.t.JMeterThread: Thread started: Thread Group - until HTTP 503 - 144 users 1-33
2026-06-20 13:23:40,486 INFO o.a.j.t.JMeterThread: Thread started: Thread Group - until HTTP 503 - 144 users 1-34
2026-06-20 13:23:40,901 INFO o.a.j.t.JMeterThread: Thread started: Thread Group - until HTTP 503 - 144 users 1-35
2026-06-20 13:23:41,318 INFO o.a.j.t.JMeterThread: Thread started: Thread Group - until HTTP 503 - 144 users 1-36
2026-06-20 13:23:41,735 INFO o.a.j.t.JMeterThread: Thread started: Thread Group - until HTTP 503 - 144 users 1-37
2026-06-20 13:23:42,153 INFO o.a.j.t.JMeterThread: Thread started: Thread Group - until HTTP 503 - 144 users 1-38
2026-06-20 13:23:42,570 INFO o.a.j.t.JMeterThread: Thread started: Thread Group - until HTTP 503 - 144 users 1-39
2026-06-20 13:23:42,986 INFO o.a.j.t.JMeterThread: Thread started: Thread Group - until HTTP 503 - 144 users 1-40
2026-06-20 13:23:43,404 INFO o.a.j.t.JMeterThread: Thread started: Thread Group - until HTTP 503 - 144 users 1-41
2026-06-20 13:23:43,821 INFO o.a.j.t.JMeterThread: Thread started: Thread Group - until HTTP 503 - 144 users 1-42
2026-06-20 13:23:44,238 INFO o.a.j.t.JMeterThread: Thread started: Thread Group - until HTTP 503 - 144 users 1-43
2026-06-20 13:23:44,654 INFO o.a.j.t.JMeterThread: Thread started: Thread Group - until HTTP 503 - 144 users 1-44
2026-06-20 13:23:45,071 INFO o.a.j.t.JMeterThread: Thread started: Thread Group - until HTTP 503 - 144 users 1-45
2026-06-20 13:23:45,489 INFO o.a.j.t.JMeterThread: Thread started: Thread Group - until HTTP 503 - 144 users 1-46
2026-06-20 13:23:45,906 INFO o.a.j.t.JMeterThread: Thread started: Thread Group - until HTTP 503 - 144 users 1-47
2026-06-20 13:23:46,322 INFO o.a.j.t.JMeterThread: Thread started: Thread Group - until HTTP 503 - 144 users 1-48
2026-06-20 13:23:46,739 INFO o.a.j.t.JMeterThread: Thread started: Thread Group - until HTTP 503 - 144 users 1-49
2026-06-20 13:23:47,157 INFO o.a.j.t.JMeterThread: Thread started: Thread Group - until HTTP 503 - 144 users 1-50
2026-06-20 13:23:47,573 INFO o.a.j.t.JMeterThread: Thread started: Thread Group - until HTTP 503 - 144 users 1-51
2026-06-20 13:23:47,991 INFO o.a.j.t.JMeterThread: Thread started: Thread Group - until HTTP 503 - 144 users 1-52
2026-06-20 13:23:48,407 INFO o.a.j.t.JMeterThread: Thread started: Thread Group - until HTTP 503 - 144 users 1-53
2026-06-20 13:23:48,825 INFO o.a.j.t.JMeterThread: Thread started: Thread Group - until HTTP 503 - 144 users 1-54
2026-06-20 13:23:49,242 INFO o.a.j.t.JMeterThread: Thread started: Thread Group - until HTTP 503 - 144 users 1-55
2026-06-20 13:23:49,658 INFO o.a.j.t.JMeterThread: Thread started: Thread Group - until HTTP 503 - 144 users 1-56
2026-06-20 13:23:50,075 INFO o.a.j.t.JMeterThread: Thread started: Thread Group - until HTTP 503 - 144 users 1-57
2026-06-20 13:23:50,493 INFO o.a.j.t.JMeterThread: Thread started: Thread Group - until HTTP 503 - 144 users 1-58
2026-06-20 13:23:50,910 INFO o.a.j.t.JMeterThread: Thread started: Thread Group - until HTTP 503 - 144 users 1-59
2026-06-20 13:23:51,328 INFO o.a.j.t.JMeterThread: Thread started: Thread Group - until HTTP 503 - 144 users 1-60
2026-06-20 13:23:51,743 INFO o.a.j.t.JMeterThread: Thread started: Thread Group - until HTTP 503 - 144 users 1-61
2026-06-20 13:23:52,160 INFO o.a.j.t.JMeterThread: Thread started: Thread Group - until HTTP 503 - 144 users 1-62
2026-06-20 13:23:52,578 INFO o.a.j.t.JMeterThread: Thread started: Thread Group - until HTTP 503 - 144 users 1-63
2026-06-20 13:23:52,994 INFO o.a.j.t.JMeterThread: Thread started: Thread Group - until HTTP 503 - 144 users 1-64
2026-06-20 13:23:53,411 INFO o.a.j.t.JMeterThread: Thread started: Thread Group - until HTTP 503 - 144 users 1-65
2026-06-20 13:23:53,828 INFO o.a.j.t.JMeterThread: Thread started: Thread Group - until HTTP 503 - 144 users 1-66
2026-06-20 13:23:54,246 INFO o.a.j.t.JMeterThread: Thread started: Thread Group - until HTTP 503 - 144 users 1-67
2026-06-20 13:23:54,662 INFO o.a.j.t.JMeterThread: Thread started: Thread Group - until HTTP 503 - 144 users 1-68
2026-06-20 13:23:55,079 INFO o.a.j.t.JMeterThread: Thread started: Thread Group - until HTTP 503 - 144 users 1-69
2026-06-20 13:23:55,496 INFO o.a.j.t.JMeterThread: Thread started: Thread Group - until HTTP 503 - 144 users 1-70
2026-06-20 13:23:55,914 INFO o.a.j.t.JMeterThread: Thread started: Thread Group - until HTTP 503 - 144 users 1-71
2026-06-20 13:23:56,330 INFO o.a.j.t.JMeterThread: Thread started: Thread Group - until HTTP 503 - 144 users 1-72
2026-06-20 13:23:56,747 INFO o.a.j.t.JMeterThread: Thread started: Thread Group - until HTTP 503 - 144 users 1-73
2026-06-20 13:23:57,164 INFO o.a.j.t.JMeterThread: Thread started: Thread Group - until HTTP 503 - 144 users 1-74
2026-06-20 13:23:57,583 INFO o.a.j.t.JMeterThread: Thread started: Thread Group - until HTTP 503 - 144 users 1-75
2026-06-20 13:23:57,999 INFO o.a.j.t.JMeterThread: Thread started: Thread Group - until HTTP 503 - 144 users 1-76
2026-06-20 13:23:58,415 INFO o.a.j.t.JMeterThread: Thread started: Thread Group - until HTTP 503 - 144 users 1-77
2026-06-20 13:23:58,833 INFO o.a.j.t.JMeterThread: Thread started: Thread Group - until HTTP 503 - 144 users 1-78
2026-06-20 13:23:59,250 INFO o.a.j.t.JMeterThread: Thread started: Thread Group - until HTTP 503 - 144 users 1-79
2026-06-20 13:23:59,666 INFO o.a.j.t.JMeterThread: Thread started: Thread Group - until HTTP 503 - 144 users 1-80
2026-06-20 13:24:00,083 INFO o.a.j.t.JMeterThread: Thread started: Thread Group - until HTTP 503 - 144 users 1-81
2026-06-20 13:24:00,502 INFO o.a.j.t.JMeterThread: Thread started: Thread Group - until HTTP 503 - 144 users 1-82
2026-06-20 13:24:00,765 INFO o.a.j.r.Summariser: summary +    910 in 00:00:31 =   29.6/s Avg:  1380 Min:   361 Max:  2966 Err:   733 (80.55%) Active: 82 Started: 82 Finished: 0
2026-06-20 13:24:00,766 INFO o.a.j.r.Summariser: summary =    943 in 00:00:34 =   27.7/s Avg:  1346 Min:   356 Max:  2966 Err:   733 (77.73%)
2026-06-20 13:24:00,918 INFO o.a.j.t.JMeterThread: Thread started: Thread Group - until HTTP 503 - 144 users 1-83
2026-06-20 13:24:01,334 INFO o.a.j.t.JMeterThread: Thread started: Thread Group - until HTTP 503 - 144 users 1-84
2026-06-20 13:24:01,751 INFO o.a.j.t.JMeterThread: Thread started: Thread Group - until HTTP 503 - 144 users 1-85
2026-06-20 13:24:02,169 INFO o.a.j.t.JMeterThread: Thread started: Thread Group - until HTTP 503 - 144 users 1-86
2026-06-20 13:24:02,585 INFO o.a.j.t.JMeterThread: Thread started: Thread Group - until HTTP 503 - 144 users 1-87
2026-06-20 13:24:03,003 INFO o.a.j.t.JMeterThread: Thread started: Thread Group - until HTTP 503 - 144 users 1-88
2026-06-20 13:24:03,419 INFO o.a.j.t.JMeterThread: Thread started: Thread Group - until HTTP 503 - 144 users 1-89
2026-06-20 13:24:03,837 INFO o.a.j.t.JMeterThread: Thread started: Thread Group - until HTTP 503 - 144 users 1-90
2026-06-20 13:24:04,253 INFO o.a.j.t.JMeterThread: Thread started: Thread Group - until HTTP 503 - 144 users 1-91
2026-06-20 13:24:04,670 INFO o.a.j.t.JMeterThread: Thread started: Thread Group - until HTTP 503 - 144 users 1-92
2026-06-20 13:24:05,087 INFO o.a.j.t.JMeterThread: Thread started: Thread Group - until HTTP 503 - 144 users 1-93
2026-06-20 13:24:05,504 INFO o.a.j.t.JMeterThread: Thread started: Thread Group - until HTTP 503 - 144 users 1-94
2026-06-20 13:24:05,921 INFO o.a.j.t.JMeterThread: Thread started: Thread Group - until HTTP 503 - 144 users 1-95
2026-06-20 13:24:06,339 INFO o.a.j.t.JMeterThread: Thread started: Thread Group - until HTTP 503 - 144 users 1-96
2026-06-20 13:24:06,755 INFO o.a.j.t.JMeterThread: Thread started: Thread Group - until HTTP 503 - 144 users 1-97
2026-06-20 13:24:07,173 INFO o.a.j.t.JMeterThread: Thread started: Thread Group - until HTTP 503 - 144 users 1-98
2026-06-20 13:24:07,589 INFO o.a.j.t.JMeterThread: Thread started: Thread Group - until HTTP 503 - 144 users 1-99
2026-06-20 13:24:08,006 INFO o.a.j.t.JMeterThread: Thread started: Thread Group - until HTTP 503 - 144 users 1-100
2026-06-20 13:24:08,424 INFO o.a.j.t.JMeterThread: Thread started: Thread Group - until HTTP 503 - 144 users 1-101
2026-06-20 13:24:08,841 INFO o.a.j.t.JMeterThread: Thread started: Thread Group - until HTTP 503 - 144 users 1-102
2026-06-20 13:24:09,258 INFO o.a.j.t.JMeterThread: Thread started: Thread Group - until HTTP 503 - 144 users 1-103
2026-06-20 13:24:09,674 INFO o.a.j.t.JMeterThread: Thread started: Thread Group - until HTTP 503 - 144 users 1-104
2026-06-20 13:24:10,091 INFO o.a.j.t.JMeterThread: Thread started: Thread Group - until HTTP 503 - 144 users 1-105
2026-06-20 13:24:10,509 INFO o.a.j.t.JMeterThread: Thread started: Thread Group - until HTTP 503 - 144 users 1-106
2026-06-20 13:24:10,927 INFO o.a.j.t.JMeterThread: Thread started: Thread Group - until HTTP 503 - 144 users 1-107
2026-06-20 13:24:11,342 INFO o.a.j.t.JMeterThread: Thread started: Thread Group - until HTTP 503 - 144 users 1-108
2026-06-20 13:24:11,759 INFO o.a.j.t.JMeterThread: Thread started: Thread Group - until HTTP 503 - 144 users 1-109
2026-06-20 13:24:12,176 INFO o.a.j.t.JMeterThread: Thread started: Thread Group - until HTTP 503 - 144 users 1-110
2026-06-20 13:24:12,593 INFO o.a.j.t.JMeterThread: Thread started: Thread Group - until HTTP 503 - 144 users 1-111
2026-06-20 13:24:13,011 INFO o.a.j.t.JMeterThread: Thread started: Thread Group - until HTTP 503 - 144 users 1-112
2026-06-20 13:24:13,429 INFO o.a.j.t.JMeterThread: Thread started: Thread Group - until HTTP 503 - 144 users 1-113
2026-06-20 13:24:13,845 INFO o.a.j.t.JMeterThread: Thread started: Thread Group - until HTTP 503 - 144 users 1-114
2026-06-20 13:24:14,262 INFO o.a.j.t.JMeterThread: Thread started: Thread Group - until HTTP 503 - 144 users 1-115
2026-06-20 13:24:14,678 INFO o.a.j.t.JMeterThread: Thread started: Thread Group - until HTTP 503 - 144 users 1-116
2026-06-20 13:24:15,096 INFO o.a.j.t.JMeterThread: Thread started: Thread Group - until HTTP 503 - 144 users 1-117
2026-06-20 13:24:15,514 INFO o.a.j.t.JMeterThread: Thread started: Thread Group - until HTTP 503 - 144 users 1-118
2026-06-20 13:24:15,931 INFO o.a.j.t.JMeterThread: Thread started: Thread Group - until HTTP 503 - 144 users 1-119
2026-06-20 13:24:16,346 INFO o.a.j.t.JMeterThread: Thread started: Thread Group - until HTTP 503 - 144 users 1-120
2026-06-20 13:24:16,763 INFO o.a.j.t.JMeterThread: Thread started: Thread Group - until HTTP 503 - 144 users 1-121
2026-06-20 13:24:17,180 INFO o.a.j.t.JMeterThread: Thread started: Thread Group - until HTTP 503 - 144 users 1-122
2026-06-20 13:24:17,597 INFO o.a.j.t.JMeterThread: Thread started: Thread Group - until HTTP 503 - 144 users 1-123
2026-06-20 13:24:18,015 INFO o.a.j.t.JMeterThread: Thread started: Thread Group - until HTTP 503 - 144 users 1-124
2026-06-20 13:24:18,432 INFO o.a.j.t.JMeterThread: Thread started: Thread Group - until HTTP 503 - 144 users 1-125
2026-06-20 13:24:18,850 INFO o.a.j.t.JMeterThread: Thread started: Thread Group - until HTTP 503 - 144 users 1-126
2026-06-20 13:24:19,266 INFO o.a.j.t.JMeterThread: Thread started: Thread Group - until HTTP 503 - 144 users 1-127
2026-06-20 13:24:19,682 INFO o.a.j.t.JMeterThread: Thread started: Thread Group - until HTTP 503 - 144 users 1-128
2026-06-20 13:24:20,099 INFO o.a.j.t.JMeterThread: Thread started: Thread Group - until HTTP 503 - 144 users 1-129
2026-06-20 13:24:20,517 INFO o.a.j.t.JMeterThread: Thread started: Thread Group - until HTTP 503 - 144 users 1-130
2026-06-20 13:24:20,934 INFO o.a.j.t.JMeterThread: Thread started: Thread Group - until HTTP 503 - 144 users 1-131
2026-06-20 13:24:21,350 INFO o.a.j.t.JMeterThread: Thread started: Thread Group - until HTTP 503 - 144 users 1-132
2026-06-20 13:24:21,767 INFO o.a.j.t.JMeterThread: Thread started: Thread Group - until HTTP 503 - 144 users 1-133
2026-06-20 13:24:22,185 INFO o.a.j.t.JMeterThread: Thread started: Thread Group - until HTTP 503 - 144 users 1-134
2026-06-20 13:24:22,601 INFO o.a.j.t.JMeterThread: Thread started: Thread Group - until HTTP 503 - 144 users 1-135
2026-06-20 13:24:23,018 INFO o.a.j.t.JMeterThread: Thread started: Thread Group - until HTTP 503 - 144 users 1-136
2026-06-20 13:24:23,436 INFO o.a.j.t.JMeterThread: Thread started: Thread Group - until HTTP 503 - 144 users 1-137
2026-06-20 13:24:23,852 INFO o.a.j.t.JMeterThread: Thread started: Thread Group - until HTTP 503 - 144 users 1-138
2026-06-20 13:24:24,269 INFO o.a.j.t.JMeterThread: Thread started: Thread Group - until HTTP 503 - 144 users 1-139
2026-06-20 13:24:24,687 INFO o.a.j.t.JMeterThread: Thread started: Thread Group - until HTTP 503 - 144 users 1-140
2026-06-20 13:24:25,103 INFO o.a.j.t.JMeterThread: Thread started: Thread Group - until HTTP 503 - 144 users 1-141
2026-06-20 13:24:25,520 INFO o.a.j.t.JMeterThread: Thread started: Thread Group - until HTTP 503 - 144 users 1-142
2026-06-20 13:24:25,938 INFO o.a.j.t.JMeterThread: Thread started: Thread Group - until HTTP 503 - 144 users 1-143
2026-06-20 13:24:26,355 INFO o.a.j.t.JMeterThread: Thread started: Thread Group - until HTTP 503 - 144 users 1-144
2026-06-20 13:24:31,217 INFO o.a.j.r.Summariser: summary +    909 in 00:00:30 =   29.9/s Avg:  3599 Min:  1817 Max:  5723 Err:   909 (100.00%) Active: 144 Started: 144 Finished: 0
2026-06-20 13:24:31,217 INFO o.a.j.r.Summariser: summary =   1852 in 00:01:05 =   28.7/s Avg:  2452 Min:   356 Max:  5723 Err:  1642 (88.66%)
2026-06-20 13:24:58,088 INFO o.a.j.t.JMeterThread: Stopping because end time detected by thread: Thread Group - until HTTP 503 - 144 users 1-57
2026-06-20 13:24:58,088 INFO o.a.j.t.JMeterThread: Thread finished: Thread Group - until HTTP 503 - 144 users 1-57
2026-06-20 13:24:58,088 INFO o.a.j.t.JMeterThread: Stopping because end time detected by thread: Thread Group - until HTTP 503 - 144 users 1-67
2026-06-20 13:24:58,088 INFO o.a.j.t.JMeterThread: Stopping because end time detected by thread: Thread Group - until HTTP 503 - 144 users 1-132
2026-06-20 13:24:58,088 INFO o.a.j.t.JMeterThread: Stopping because end time detected by thread: Thread Group - until HTTP 503 - 144 users 1-114
2026-06-20 13:24:58,088 INFO o.a.j.t.JMeterThread: Stopping because end time detected by thread: Thread Group - until HTTP 503 - 144 users 1-47
2026-06-20 13:24:58,088 INFO o.a.j.t.JMeterThread: Thread finished: Thread Group - until HTTP 503 - 144 users 1-67
2026-06-20 13:24:58,088 INFO o.a.j.t.JMeterThread: Thread finished: Thread Group - until HTTP 503 - 144 users 1-132
2026-06-20 13:24:58,088 INFO o.a.j.t.JMeterThread: Thread finished: Thread Group - until HTTP 503 - 144 users 1-114
2026-06-20 13:24:58,088 INFO o.a.j.t.JMeterThread: Stopping because end time detected by thread: Thread Group - until HTTP 503 - 144 users 1-88
2026-06-20 13:24:58,088 INFO o.a.j.t.JMeterThread: Thread finished: Thread Group - until HTTP 503 - 144 users 1-47
2026-06-20 13:24:58,088 INFO o.a.j.t.JMeterThread: Thread finished: Thread Group - until HTTP 503 - 144 users 1-88
2026-06-20 13:24:58,090 INFO o.a.j.t.JMeterThread: Stopping because end time detected by thread: Thread Group - until HTTP 503 - 144 users 1-80
2026-06-20 13:24:58,090 INFO o.a.j.t.JMeterThread: Stopping because end time detected by thread: Thread Group - until HTTP 503 - 144 users 1-48
2026-06-20 13:24:58,090 INFO o.a.j.t.JMeterThread: Stopping because end time detected by thread: Thread Group - until HTTP 503 - 144 users 1-10
2026-06-20 13:24:58,090 INFO o.a.j.t.JMeterThread: Thread finished: Thread Group - until HTTP 503 - 144 users 1-80
2026-06-20 13:24:58,090 INFO o.a.j.t.JMeterThread: Thread finished: Thread Group - until HTTP 503 - 144 users 1-10
2026-06-20 13:24:58,090 INFO o.a.j.t.JMeterThread: Thread finished: Thread Group - until HTTP 503 - 144 users 1-48
2026-06-20 13:24:58,091 INFO o.a.j.t.JMeterThread: Stopping because end time detected by thread: Thread Group - until HTTP 503 - 144 users 1-45
2026-06-20 13:24:58,091 INFO o.a.j.t.JMeterThread: Stopping because end time detected by thread: Thread Group - until HTTP 503 - 144 users 1-24
2026-06-20 13:24:58,091 INFO o.a.j.t.JMeterThread: Stopping because end time detected by thread: Thread Group - until HTTP 503 - 144 users 1-131
2026-06-20 13:24:58,091 INFO o.a.j.t.JMeterThread: Stopping because end time detected by thread: Thread Group - until HTTP 503 - 144 users 1-16
2026-06-20 13:24:58,091 INFO o.a.j.t.JMeterThread: Thread finished: Thread Group - until HTTP 503 - 144 users 1-45
2026-06-20 13:24:58,091 INFO o.a.j.t.JMeterThread: Stopping because end time detected by thread: Thread Group - until HTTP 503 - 144 users 1-142
2026-06-20 13:24:58,091 INFO o.a.j.t.JMeterThread: Thread finished: Thread Group - until HTTP 503 - 144 users 1-16
2026-06-20 13:24:58,091 INFO o.a.j.t.JMeterThread: Thread finished: Thread Group - until HTTP 503 - 144 users 1-131
2026-06-20 13:24:58,091 INFO o.a.j.t.JMeterThread: Thread finished: Thread Group - until HTTP 503 - 144 users 1-24
2026-06-20 13:24:58,091 INFO o.a.j.t.JMeterThread: Thread finished: Thread Group - until HTTP 503 - 144 users 1-142
2026-06-20 13:24:58,092 INFO o.a.j.t.JMeterThread: Stopping because end time detected by thread: Thread Group - until HTTP 503 - 144 users 1-2
2026-06-20 13:24:58,092 INFO o.a.j.t.JMeterThread: Stopping because end time detected by thread: Thread Group - until HTTP 503 - 144 users 1-43
2026-06-20 13:24:58,092 INFO o.a.j.t.JMeterThread: Stopping because end time detected by thread: Thread Group - until HTTP 503 - 144 users 1-79
2026-06-20 13:24:58,092 INFO o.a.j.t.JMeterThread: Stopping because end time detected by thread: Thread Group - until HTTP 503 - 144 users 1-128
2026-06-20 13:24:58,092 INFO o.a.j.t.JMeterThread: Thread finished: Thread Group - until HTTP 503 - 144 users 1-2
2026-06-20 13:24:58,092 INFO o.a.j.t.JMeterThread: Thread finished: Thread Group - until HTTP 503 - 144 users 1-79
2026-06-20 13:24:58,092 INFO o.a.j.t.JMeterThread: Stopping because end time detected by thread: Thread Group - until HTTP 503 - 144 users 1-49
2026-06-20 13:24:58,092 INFO o.a.j.t.JMeterThread: Thread finished: Thread Group - until HTTP 503 - 144 users 1-43
2026-06-20 13:24:58,092 INFO o.a.j.t.JMeterThread: Thread finished: Thread Group - until HTTP 503 - 144 users 1-128
2026-06-20 13:24:58,092 INFO o.a.j.t.JMeterThread: Thread finished: Thread Group - until HTTP 503 - 144 users 1-49
2026-06-20 13:24:58,093 INFO o.a.j.t.JMeterThread: Stopping because end time detected by thread: Thread Group - until HTTP 503 - 144 users 1-84
2026-06-20 13:24:58,093 INFO o.a.j.t.JMeterThread: Stopping because end time detected by thread: Thread Group - until HTTP 503 - 144 users 1-105
2026-06-20 13:24:58,093 INFO o.a.j.t.JMeterThread: Stopping because end time detected by thread: Thread Group - until HTTP 503 - 144 users 1-5
2026-06-20 13:24:58,093 INFO o.a.j.t.JMeterThread: Stopping because end time detected by thread: Thread Group - until HTTP 503 - 144 users 1-119
2026-06-20 13:24:58,093 INFO o.a.j.t.JMeterThread: Thread finished: Thread Group - until HTTP 503 - 144 users 1-5
2026-06-20 13:24:58,093 INFO o.a.j.t.JMeterThread: Thread finished: Thread Group - until HTTP 503 - 144 users 1-84
2026-06-20 13:24:58,093 INFO o.a.j.t.JMeterThread: Thread finished: Thread Group - until HTTP 503 - 144 users 1-119
2026-06-20 13:24:58,093 INFO o.a.j.t.JMeterThread: Thread finished: Thread Group - until HTTP 503 - 144 users 1-105
2026-06-20 13:24:58,093 INFO o.a.j.t.JMeterThread: Stopping because end time detected by thread: Thread Group - until HTTP 503 - 144 users 1-56
2026-06-20 13:24:58,093 INFO o.a.j.t.JMeterThread: Stopping because end time detected by thread: Thread Group - until HTTP 503 - 144 users 1-99
2026-06-20 13:24:58,093 INFO o.a.j.t.JMeterThread: Stopping because end time detected by thread: Thread Group - until HTTP 503 - 144 users 1-82
2026-06-20 13:24:58,093 INFO o.a.j.t.JMeterThread: Stopping because end time detected by thread: Thread Group - until HTTP 503 - 144 users 1-51
2026-06-20 13:24:58,093 INFO o.a.j.t.JMeterThread: Thread finished: Thread Group - until HTTP 503 - 144 users 1-82
2026-06-20 13:24:58,093 INFO o.a.j.t.JMeterThread: Stopping because end time detected by thread: Thread Group - until HTTP 503 - 144 users 1-121
2026-06-20 13:24:58,093 INFO o.a.j.t.JMeterThread: Thread finished: Thread Group - until HTTP 503 - 144 users 1-56
2026-06-20 13:24:58,093 INFO o.a.j.t.JMeterThread: Thread finished: Thread Group - until HTTP 503 - 144 users 1-99
2026-06-20 13:24:58,093 INFO o.a.j.t.JMeterThread: Thread finished: Thread Group - until HTTP 503 - 144 users 1-121
2026-06-20 13:24:58,093 INFO o.a.j.t.JMeterThread: Thread finished: Thread Group - until HTTP 503 - 144 users 1-51
2026-06-20 13:24:58,095 INFO o.a.j.t.JMeterThread: Stopping because end time detected by thread: Thread Group - until HTTP 503 - 144 users 1-54
2026-06-20 13:24:58,095 INFO o.a.j.t.JMeterThread: Stopping because end time detected by thread: Thread Group - until HTTP 503 - 144 users 1-87
2026-06-20 13:24:58,095 INFO o.a.j.t.JMeterThread: Stopping because end time detected by thread: Thread Group - until HTTP 503 - 144 users 1-58
2026-06-20 13:24:58,095 INFO o.a.j.t.JMeterThread: Stopping because end time detected by thread: Thread Group - until HTTP 503 - 144 users 1-110
2026-06-20 13:24:58,095 INFO o.a.j.t.JMeterThread: Stopping because end time detected by thread: Thread Group - until HTTP 503 - 144 users 1-22
2026-06-20 13:24:58,095 INFO o.a.j.t.JMeterThread: Thread finished: Thread Group - until HTTP 503 - 144 users 1-87
2026-06-20 13:24:58,095 INFO o.a.j.t.JMeterThread: Stopping because end time detected by thread: Thread Group - until HTTP 503 - 144 users 1-98
2026-06-20 13:24:58,095 INFO o.a.j.t.JMeterThread: Thread finished: Thread Group - until HTTP 503 - 144 users 1-110
2026-06-20 13:24:58,095 INFO o.a.j.t.JMeterThread: Stopping because end time detected by thread: Thread Group - until HTTP 503 - 144 users 1-55
2026-06-20 13:24:58,095 INFO o.a.j.t.JMeterThread: Stopping because end time detected by thread: Thread Group - until HTTP 503 - 144 users 1-95
2026-06-20 13:24:58,095 INFO o.a.j.t.JMeterThread: Stopping because end time detected by thread: Thread Group - until HTTP 503 - 144 users 1-104
2026-06-20 13:24:58,095 INFO o.a.j.t.JMeterThread: Thread finished: Thread Group - until HTTP 503 - 144 users 1-95
2026-06-20 13:24:58,095 INFO o.a.j.t.JMeterThread: Stopping because end time detected by thread: Thread Group - until HTTP 503 - 144 users 1-106
2026-06-20 13:24:58,095 INFO o.a.j.t.JMeterThread: Thread finished: Thread Group - until HTTP 503 - 144 users 1-54
2026-06-20 13:24:58,095 INFO o.a.j.t.JMeterThread: Stopping because end time detected by thread: Thread Group - until HTTP 503 - 144 users 1-111
2026-06-20 13:24:58,095 INFO o.a.j.t.JMeterThread: Thread finished: Thread Group - until HTTP 503 - 144 users 1-55
2026-06-20 13:24:58,095 INFO o.a.j.t.JMeterThread: Thread finished: Thread Group - until HTTP 503 - 144 users 1-111
2026-06-20 13:24:58,095 INFO o.a.j.t.JMeterThread: Thread finished: Thread Group - until HTTP 503 - 144 users 1-58
2026-06-20 13:24:58,095 INFO o.a.j.t.JMeterThread: Thread finished: Thread Group - until HTTP 503 - 144 users 1-104
2026-06-20 13:24:58,095 INFO o.a.j.t.JMeterThread: Thread finished: Thread Group - until HTTP 503 - 144 users 1-106
2026-06-20 13:24:58,095 INFO o.a.j.t.JMeterThread: Thread finished: Thread Group - until HTTP 503 - 144 users 1-22
2026-06-20 13:24:58,095 INFO o.a.j.t.JMeterThread: Thread finished: Thread Group - until HTTP 503 - 144 users 1-98
2026-06-20 13:24:58,096 INFO o.a.j.t.JMeterThread: Stopping because end time detected by thread: Thread Group - until HTTP 503 - 144 users 1-123
2026-06-20 13:24:58,096 INFO o.a.j.t.JMeterThread: Stopping because end time detected by thread: Thread Group - until HTTP 503 - 144 users 1-33
2026-06-20 13:24:58,096 INFO o.a.j.t.JMeterThread: Stopping because end time detected by thread: Thread Group - until HTTP 503 - 144 users 1-61
2026-06-20 13:24:58,096 INFO o.a.j.t.JMeterThread: Stopping because end time detected by thread: Thread Group - until HTTP 503 - 144 users 1-94
2026-06-20 13:24:58,096 INFO o.a.j.t.JMeterThread: Stopping because end time detected by thread: Thread Group - until HTTP 503 - 144 users 1-113
2026-06-20 13:24:58,096 INFO o.a.j.t.JMeterThread: Thread finished: Thread Group - until HTTP 503 - 144 users 1-61
2026-06-20 13:24:58,096 INFO o.a.j.t.JMeterThread: Stopping because end time detected by thread: Thread Group - until HTTP 503 - 144 users 1-38
2026-06-20 13:24:58,096 INFO o.a.j.t.JMeterThread: Thread finished: Thread Group - until HTTP 503 - 144 users 1-113
2026-06-20 13:24:58,096 INFO o.a.j.t.JMeterThread: Stopping because end time detected by thread: Thread Group - until HTTP 503 - 144 users 1-35
2026-06-20 13:24:58,096 INFO o.a.j.t.JMeterThread: Thread finished: Thread Group - until HTTP 503 - 144 users 1-38
2026-06-20 13:24:58,096 INFO o.a.j.t.JMeterThread: Stopping because end time detected by thread: Thread Group - until HTTP 503 - 144 users 1-53
2026-06-20 13:24:58,096 INFO o.a.j.t.JMeterThread: Stopping because end time detected by thread: Thread Group - until HTTP 503 - 144 users 1-102
2026-06-20 13:24:58,096 INFO o.a.j.t.JMeterThread: Stopping because end time detected by thread: Thread Group - until HTTP 503 - 144 users 1-112
2026-06-20 13:24:58,096 INFO o.a.j.t.JMeterThread: Thread finished: Thread Group - until HTTP 503 - 144 users 1-53
2026-06-20 13:24:58,096 INFO o.a.j.t.JMeterThread: Thread finished: Thread Group - until HTTP 503 - 144 users 1-102
2026-06-20 13:24:58,096 INFO o.a.j.t.JMeterThread: Thread finished: Thread Group - until HTTP 503 - 144 users 1-123
2026-06-20 13:24:58,096 INFO o.a.j.t.JMeterThread: Thread finished: Thread Group - until HTTP 503 - 144 users 1-33
2026-06-20 13:24:58,096 INFO o.a.j.t.JMeterThread: Thread finished: Thread Group - until HTTP 503 - 144 users 1-35
2026-06-20 13:24:58,096 INFO o.a.j.t.JMeterThread: Thread finished: Thread Group - until HTTP 503 - 144 users 1-94
2026-06-20 13:24:58,096 INFO o.a.j.t.JMeterThread: Thread finished: Thread Group - until HTTP 503 - 144 users 1-112
2026-06-20 13:24:58,097 INFO o.a.j.t.JMeterThread: Stopping because end time detected by thread: Thread Group - until HTTP 503 - 144 users 1-101
2026-06-20 13:24:58,097 INFO o.a.j.t.JMeterThread: Stopping because end time detected by thread: Thread Group - until HTTP 503 - 144 users 1-115
2026-06-20 13:24:58,097 INFO o.a.j.t.JMeterThread: Stopping because end time detected by thread: Thread Group - until HTTP 503 - 144 users 1-74
2026-06-20 13:24:58,097 INFO o.a.j.t.JMeterThread: Stopping because end time detected by thread: Thread Group - until HTTP 503 - 144 users 1-44
2026-06-20 13:24:58,097 INFO o.a.j.t.JMeterThread: Stopping because end time detected by thread: Thread Group - until HTTP 503 - 144 users 1-139
2026-06-20 13:24:58,097 INFO o.a.j.t.JMeterThread: Stopping because end time detected by thread: Thread Group - until HTTP 503 - 144 users 1-76
2026-06-20 13:24:58,097 INFO o.a.j.t.JMeterThread: Thread finished: Thread Group - until HTTP 503 - 144 users 1-44
2026-06-20 13:24:58,097 INFO o.a.j.t.JMeterThread: Thread finished: Thread Group - until HTTP 503 - 144 users 1-139
2026-06-20 13:24:58,097 INFO o.a.j.t.JMeterThread: Stopping because end time detected by thread: Thread Group - until HTTP 503 - 144 users 1-69
2026-06-20 13:24:58,097 INFO o.a.j.t.JMeterThread: Stopping because end time detected by thread: Thread Group - until HTTP 503 - 144 users 1-36
2026-06-20 13:24:58,097 INFO o.a.j.t.JMeterThread: Thread finished: Thread Group - until HTTP 503 - 144 users 1-76
2026-06-20 13:24:58,097 INFO o.a.j.t.JMeterThread: Stopping because end time detected by thread: Thread Group - until HTTP 503 - 144 users 1-68
2026-06-20 13:24:58,097 INFO o.a.j.t.JMeterThread: Thread finished: Thread Group - until HTTP 503 - 144 users 1-69
2026-06-20 13:24:58,097 INFO o.a.j.t.JMeterThread: Thread finished: Thread Group - until HTTP 503 - 144 users 1-101
2026-06-20 13:24:58,097 INFO o.a.j.t.JMeterThread: Thread finished: Thread Group - until HTTP 503 - 144 users 1-74
2026-06-20 13:24:58,097 INFO o.a.j.t.JMeterThread: Thread finished: Thread Group - until HTTP 503 - 144 users 1-115
2026-06-20 13:24:58,097 INFO o.a.j.t.JMeterThread: Thread finished: Thread Group - until HTTP 503 - 144 users 1-68
2026-06-20 13:24:58,097 INFO o.a.j.t.JMeterThread: Thread finished: Thread Group - until HTTP 503 - 144 users 1-36
2026-06-20 13:24:58,098 INFO o.a.j.t.JMeterThread: Stopping because end time detected by thread: Thread Group - until HTTP 503 - 144 users 1-137
2026-06-20 13:24:58,098 INFO o.a.j.t.JMeterThread: Stopping because end time detected by thread: Thread Group - until HTTP 503 - 144 users 1-4
2026-06-20 13:24:58,098 INFO o.a.j.t.JMeterThread: Stopping because end time detected by thread: Thread Group - until HTTP 503 - 144 users 1-42
2026-06-20 13:24:58,098 INFO o.a.j.t.JMeterThread: Stopping because end time detected by thread: Thread Group - until HTTP 503 - 144 users 1-72
2026-06-20 13:24:58,098 INFO o.a.j.t.JMeterThread: Stopping because end time detected by thread: Thread Group - until HTTP 503 - 144 users 1-31
2026-06-20 13:24:58,098 INFO o.a.j.t.JMeterThread: Stopping because end time detected by thread: Thread Group - until HTTP 503 - 144 users 1-39
2026-06-20 13:24:58,098 INFO o.a.j.t.JMeterThread: Thread finished: Thread Group - until HTTP 503 - 144 users 1-72
2026-06-20 13:24:58,098 INFO o.a.j.t.JMeterThread: Stopping because end time detected by thread: Thread Group - until HTTP 503 - 144 users 1-134
2026-06-20 13:24:58,098 INFO o.a.j.t.JMeterThread: Stopping because end time detected by thread: Thread Group - until HTTP 503 - 144 users 1-62
2026-06-20 13:24:58,098 INFO o.a.j.t.JMeterThread: Thread finished: Thread Group - until HTTP 503 - 144 users 1-134
2026-06-20 13:24:58,098 INFO o.a.j.t.JMeterThread: Thread finished: Thread Group - until HTTP 503 - 144 users 1-62
2026-06-20 13:24:58,098 INFO o.a.j.t.JMeterThread: Stopping because end time detected by thread: Thread Group - until HTTP 503 - 144 users 1-75
2026-06-20 13:24:58,098 INFO o.a.j.t.JMeterThread: Stopping because end time detected by thread: Thread Group - until HTTP 503 - 144 users 1-91
2026-06-20 13:24:58,098 INFO o.a.j.t.JMeterThread: Stopping because end time detected by thread: Thread Group - until HTTP 503 - 144 users 1-85
2026-06-20 13:24:58,098 INFO o.a.j.t.JMeterThread: Stopping because end time detected by thread: Thread Group - until HTTP 503 - 144 users 1-130
2026-06-20 13:24:58,098 INFO o.a.j.t.JMeterThread: Stopping because end time detected by thread: Thread Group - until HTTP 503 - 144 users 1-92
2026-06-20 13:24:58,098 INFO o.a.j.t.JMeterThread: Thread finished: Thread Group - until HTTP 503 - 144 users 1-137
2026-06-20 13:24:58,098 INFO o.a.j.t.JMeterThread: Thread finished: Thread Group - until HTTP 503 - 144 users 1-130
2026-06-20 13:24:58,098 INFO o.a.j.t.JMeterThread: Stopping because end time detected by thread: Thread Group - until HTTP 503 - 144 users 1-133
2026-06-20 13:24:58,098 INFO o.a.j.t.JMeterThread: Thread finished: Thread Group - until HTTP 503 - 144 users 1-31
2026-06-20 13:24:58,098 INFO o.a.j.t.JMeterThread: Thread finished: Thread Group - until HTTP 503 - 144 users 1-4
2026-06-20 13:24:58,098 INFO o.a.j.t.JMeterThread: Thread finished: Thread Group - until HTTP 503 - 144 users 1-42
2026-06-20 13:24:58,098 INFO o.a.j.t.JMeterThread: Thread finished: Thread Group - until HTTP 503 - 144 users 1-75
2026-06-20 13:24:58,098 INFO o.a.j.t.JMeterThread: Thread finished: Thread Group - until HTTP 503 - 144 users 1-91
2026-06-20 13:24:58,098 INFO o.a.j.t.JMeterThread: Thread finished: Thread Group - until HTTP 503 - 144 users 1-85
2026-06-20 13:24:58,098 INFO o.a.j.t.JMeterThread: Thread finished: Thread Group - until HTTP 503 - 144 users 1-92
2026-06-20 13:24:58,099 INFO o.a.j.t.JMeterThread: Thread finished: Thread Group - until HTTP 503 - 144 users 1-133
2026-06-20 13:24:58,099 INFO o.a.j.t.JMeterThread: Thread finished: Thread Group - until HTTP 503 - 144 users 1-39
2026-06-20 13:24:58,099 INFO o.a.j.t.JMeterThread: Stopping because end time detected by thread: Thread Group - until HTTP 503 - 144 users 1-46
2026-06-20 13:24:58,099 INFO o.a.j.t.JMeterThread: Stopping because end time detected by thread: Thread Group - until HTTP 503 - 144 users 1-89
2026-06-20 13:24:58,099 INFO o.a.j.t.JMeterThread: Stopping because end time detected by thread: Thread Group - until HTTP 503 - 144 users 1-140
2026-06-20 13:24:58,099 INFO o.a.j.t.JMeterThread: Stopping because end time detected by thread: Thread Group - until HTTP 503 - 144 users 1-70
2026-06-20 13:24:58,099 INFO o.a.j.t.JMeterThread: Thread finished: Thread Group - until HTTP 503 - 144 users 1-89
2026-06-20 13:24:58,099 INFO o.a.j.t.JMeterThread: Thread finished: Thread Group - until HTTP 503 - 144 users 1-46
2026-06-20 13:24:58,099 INFO o.a.j.t.JMeterThread: Thread finished: Thread Group - until HTTP 503 - 144 users 1-70
2026-06-20 13:24:58,099 INFO o.a.j.t.JMeterThread: Thread finished: Thread Group - until HTTP 503 - 144 users 1-140
2026-06-20 13:24:58,099 INFO o.a.j.t.JMeterThread: Stopping because end time detected by thread: Thread Group - until HTTP 503 - 144 users 1-34
2026-06-20 13:24:58,099 INFO o.a.j.t.JMeterThread: Stopping because end time detected by thread: Thread Group - until HTTP 503 - 144 users 1-125
2026-06-20 13:24:58,099 INFO o.a.j.t.JMeterThread: Stopping because end time detected by thread: Thread Group - until HTTP 503 - 144 users 1-90
2026-06-20 13:24:58,099 INFO o.a.j.t.JMeterThread: Stopping because end time detected by thread: Thread Group - until HTTP 503 - 144 users 1-126
2026-06-20 13:24:58,099 INFO o.a.j.t.JMeterThread: Thread finished: Thread Group - until HTTP 503 - 144 users 1-125
2026-06-20 13:24:58,099 INFO o.a.j.t.JMeterThread: Stopping because end time detected by thread: Thread Group - until HTTP 503 - 144 users 1-71
2026-06-20 13:24:58,100 INFO o.a.j.t.JMeterThread: Stopping because end time detected by thread: Thread Group - until HTTP 503 - 144 users 1-27
2026-06-20 13:24:58,099 INFO o.a.j.t.JMeterThread: Stopping because end time detected by thread: Thread Group - until HTTP 503 - 144 users 1-120
2026-06-20 13:24:58,099 INFO o.a.j.t.JMeterThread: Stopping because end time detected by thread: Thread Group - until HTTP 503 - 144 users 1-97
2026-06-20 13:24:58,100 INFO o.a.j.t.JMeterThread: Thread finished: Thread Group - until HTTP 503 - 144 users 1-27
2026-06-20 13:24:58,099 INFO o.a.j.t.JMeterThread: Thread finished: Thread Group - until HTTP 503 - 144 users 1-34
2026-06-20 13:24:58,099 INFO o.a.j.t.JMeterThread: Stopping because end time detected by thread: Thread Group - until HTTP 503 - 144 users 1-127
2026-06-20 13:24:58,099 INFO o.a.j.t.JMeterThread: Thread finished: Thread Group - until HTTP 503 - 144 users 1-90
2026-06-20 13:24:58,100 INFO o.a.j.t.JMeterThread: Thread finished: Thread Group - until HTTP 503 - 144 users 1-126
2026-06-20 13:24:58,100 INFO o.a.j.t.JMeterThread: Thread finished: Thread Group - until HTTP 503 - 144 users 1-71
2026-06-20 13:24:58,100 INFO o.a.j.t.JMeterThread: Thread finished: Thread Group - until HTTP 503 - 144 users 1-97
2026-06-20 13:24:58,100 INFO o.a.j.t.JMeterThread: Stopping because end time detected by thread: Thread Group - until HTTP 503 - 144 users 1-144
2026-06-20 13:24:58,100 INFO o.a.j.t.JMeterThread: Thread finished: Thread Group - until HTTP 503 - 144 users 1-144
2026-06-20 13:24:58,100 INFO o.a.j.t.JMeterThread: Stopping because end time detected by thread: Thread Group - until HTTP 503 - 144 users 1-93
2026-06-20 13:24:58,100 INFO o.a.j.t.JMeterThread: Thread finished: Thread Group - until HTTP 503 - 144 users 1-120
2026-06-20 13:24:58,100 INFO o.a.j.t.JMeterThread: Thread finished: Thread Group - until HTTP 503 - 144 users 1-127
2026-06-20 13:24:58,100 INFO o.a.j.t.JMeterThread: Thread finished: Thread Group - until HTTP 503 - 144 users 1-93
2026-06-20 13:24:58,101 INFO o.a.j.t.JMeterThread: Stopping because end time detected by thread: Thread Group - until HTTP 503 - 144 users 1-1
2026-06-20 13:24:58,101 INFO o.a.j.t.JMeterThread: Thread finished: Thread Group - until HTTP 503 - 144 users 1-1
2026-06-20 13:24:58,100 INFO o.a.j.t.JMeterThread: Stopping because end time detected by thread: Thread Group - until HTTP 503 - 144 users 1-141
2026-06-20 13:24:58,101 INFO o.a.j.t.JMeterThread: Thread finished: Thread Group - until HTTP 503 - 144 users 1-141
2026-06-20 13:24:58,943 INFO o.a.j.t.JMeterThread: Stopping because end time detected by thread: Thread Group - until HTTP 503 - 144 users 1-64
2026-06-20 13:24:58,943 INFO o.a.j.t.JMeterThread: Stopping because end time detected by thread: Thread Group - until HTTP 503 - 144 users 1-17
2026-06-20 13:24:58,943 INFO o.a.j.t.JMeterThread: Stopping because end time detected by thread: Thread Group - until HTTP 503 - 144 users 1-15
2026-06-20 13:24:58,943 INFO o.a.j.t.JMeterThread: Stopping because end time detected by thread: Thread Group - until HTTP 503 - 144 users 1-12
2026-06-20 13:24:58,943 INFO o.a.j.t.JMeterThread: Thread finished: Thread Group - until HTTP 503 - 144 users 1-15
2026-06-20 13:24:58,943 INFO o.a.j.t.JMeterThread: Stopping because end time detected by thread: Thread Group - until HTTP 503 - 144 users 1-65
2026-06-20 13:24:58,943 INFO o.a.j.t.JMeterThread: Stopping because end time detected by thread: Thread Group - until HTTP 503 - 144 users 1-13
2026-06-20 13:24:58,943 INFO o.a.j.t.JMeterThread: Stopping because end time detected by thread: Thread Group - until HTTP 503 - 144 users 1-117
2026-06-20 13:24:58,943 INFO o.a.j.t.JMeterThread: Stopping because end time detected by thread: Thread Group - until HTTP 503 - 144 users 1-59
2026-06-20 13:24:58,943 INFO o.a.j.t.JMeterThread: Thread finished: Thread Group - until HTTP 503 - 144 users 1-117
2026-06-20 13:24:58,943 INFO o.a.j.t.JMeterThread: Stopping because end time detected by thread: Thread Group - until HTTP 503 - 144 users 1-7
2026-06-20 13:24:58,943 INFO o.a.j.t.JMeterThread: Thread finished: Thread Group - until HTTP 503 - 144 users 1-59
2026-06-20 13:24:58,943 INFO o.a.j.t.JMeterThread: Stopping because end time detected by thread: Thread Group - until HTTP 503 - 144 users 1-66
2026-06-20 13:24:58,943 INFO o.a.j.t.JMeterThread: Thread finished: Thread Group - until HTTP 503 - 144 users 1-7
2026-06-20 13:24:58,943 INFO o.a.j.t.JMeterThread: Stopping because end time detected by thread: Thread Group - until HTTP 503 - 144 users 1-11
2026-06-20 13:24:58,943 INFO o.a.j.t.JMeterThread: Stopping because end time detected by thread: Thread Group - until HTTP 503 - 144 users 1-14
2026-06-20 13:24:58,943 INFO o.a.j.t.JMeterThread: Stopping because end time detected by thread: Thread Group - until HTTP 503 - 144 users 1-29
2026-06-20 13:24:58,943 INFO o.a.j.t.JMeterThread: Stopping because end time detected by thread: Thread Group - until HTTP 503 - 144 users 1-77
2026-06-20 13:24:58,943 INFO o.a.j.t.JMeterThread: Thread finished: Thread Group - until HTTP 503 - 144 users 1-14
2026-06-20 13:24:58,943 INFO o.a.j.t.JMeterThread: Thread finished: Thread Group - until HTTP 503 - 144 users 1-29
2026-06-20 13:24:58,943 INFO o.a.j.t.JMeterThread: Stopping because end time detected by thread: Thread Group - until HTTP 503 - 144 users 1-78
2026-06-20 13:24:58,943 INFO o.a.j.t.JMeterThread: Stopping because end time detected by thread: Thread Group - until HTTP 503 - 144 users 1-21
2026-06-20 13:24:58,943 INFO o.a.j.t.JMeterThread: Stopping because end time detected by thread: Thread Group - until HTTP 503 - 144 users 1-73
2026-06-20 13:24:58,943 INFO o.a.j.t.JMeterThread: Stopping because end time detected by thread: Thread Group - until HTTP 503 - 144 users 1-122
2026-06-20 13:24:58,943 INFO o.a.j.t.JMeterThread: Thread finished: Thread Group - until HTTP 503 - 144 users 1-17
2026-06-20 13:24:58,943 INFO o.a.j.t.JMeterThread: Stopping because end time detected by thread: Thread Group - until HTTP 503 - 144 users 1-3
2026-06-20 13:24:58,943 INFO o.a.j.t.JMeterThread: Thread finished: Thread Group - until HTTP 503 - 144 users 1-12
2026-06-20 13:24:58,943 INFO o.a.j.t.JMeterThread: Thread finished: Thread Group - until HTTP 503 - 144 users 1-65
2026-06-20 13:24:58,943 INFO o.a.j.t.JMeterThread: Stopping because end time detected by thread: Thread Group - until HTTP 503 - 144 users 1-109
2026-06-20 13:24:58,943 INFO o.a.j.t.JMeterThread: Thread finished: Thread Group - until HTTP 503 - 144 users 1-3
2026-06-20 13:24:58,943 INFO o.a.j.t.JMeterThread: Thread finished: Thread Group - until HTTP 503 - 144 users 1-13
2026-06-20 13:24:58,943 INFO o.a.j.t.JMeterThread: Thread finished: Thread Group - until HTTP 503 - 144 users 1-11
2026-06-20 13:24:58,944 INFO o.a.j.t.JMeterThread: Thread finished: Thread Group - until HTTP 503 - 144 users 1-109
2026-06-20 13:24:58,944 INFO o.a.j.t.JMeterThread: Thread finished: Thread Group - until HTTP 503 - 144 users 1-66
2026-06-20 13:24:58,943 INFO o.a.j.t.JMeterThread: Thread finished: Thread Group - until HTTP 503 - 144 users 1-64
2026-06-20 13:24:58,943 INFO o.a.j.t.JMeterThread: Thread finished: Thread Group - until HTTP 503 - 144 users 1-77
2026-06-20 13:24:58,943 INFO o.a.j.t.JMeterThread: Stopping because end time detected by thread: Thread Group - until HTTP 503 - 144 users 1-63
2026-06-20 13:24:58,944 INFO o.a.j.t.JMeterThread: Stopping because end time detected by thread: Thread Group - until HTTP 503 - 144 users 1-60
2026-06-20 13:24:58,943 INFO o.a.j.t.JMeterThread: Stopping because end time detected by thread: Thread Group - until HTTP 503 - 144 users 1-96
2026-06-20 13:24:58,943 INFO o.a.j.t.JMeterThread: Thread finished: Thread Group - until HTTP 503 - 144 users 1-78
2026-06-20 13:24:58,944 INFO o.a.j.t.JMeterThread: Thread finished: Thread Group - until HTTP 503 - 144 users 1-96
2026-06-20 13:24:58,944 INFO o.a.j.t.JMeterThread: Stopping because end time detected by thread: Thread Group - until HTTP 503 - 144 users 1-81
2026-06-20 13:24:58,944 INFO o.a.j.t.JMeterThread: Thread finished: Thread Group - until HTTP 503 - 144 users 1-81
2026-06-20 13:24:58,943 INFO o.a.j.t.JMeterThread: Thread finished: Thread Group - until HTTP 503 - 144 users 1-73
2026-06-20 13:24:58,943 INFO o.a.j.t.JMeterThread: Thread finished: Thread Group - until HTTP 503 - 144 users 1-122
2026-06-20 13:24:58,944 INFO o.a.j.t.JMeterThread: Stopping because end time detected by thread: Thread Group - until HTTP 503 - 144 users 1-86
2026-06-20 13:24:58,944 INFO o.a.j.t.JMeterThread: Thread finished: Thread Group - until HTTP 503 - 144 users 1-86
2026-06-20 13:24:58,944 INFO o.a.j.t.JMeterThread: Thread finished: Thread Group - until HTTP 503 - 144 users 1-21
2026-06-20 13:24:58,944 INFO o.a.j.t.JMeterThread: Thread finished: Thread Group - until HTTP 503 - 144 users 1-63
2026-06-20 13:24:58,945 INFO o.a.j.t.JMeterThread: Stopping because end time detected by thread: Thread Group - until HTTP 503 - 144 users 1-100
2026-06-20 13:24:58,945 INFO o.a.j.t.JMeterThread: Thread finished: Thread Group - until HTTP 503 - 144 users 1-60
2026-06-20 13:24:58,945 INFO o.a.j.t.JMeterThread: Thread finished: Thread Group - until HTTP 503 - 144 users 1-100
2026-06-20 13:24:58,945 INFO o.a.j.t.JMeterThread: Stopping because end time detected by thread: Thread Group - until HTTP 503 - 144 users 1-103
2026-06-20 13:24:58,945 INFO o.a.j.t.JMeterThread: Thread finished: Thread Group - until HTTP 503 - 144 users 1-103
2026-06-20 13:24:58,945 INFO o.a.j.t.JMeterThread: Stopping because end time detected by thread: Thread Group - until HTTP 503 - 144 users 1-23
2026-06-20 13:24:58,945 INFO o.a.j.t.JMeterThread: Stopping because end time detected by thread: Thread Group - until HTTP 503 - 144 users 1-26
2026-06-20 13:24:58,945 INFO o.a.j.t.JMeterThread: Stopping because end time detected by thread: Thread Group - until HTTP 503 - 144 users 1-116
2026-06-20 13:24:58,945 INFO o.a.j.t.JMeterThread: Stopping because end time detected by thread: Thread Group - until HTTP 503 - 144 users 1-40
2026-06-20 13:24:58,945 INFO o.a.j.t.JMeterThread: Thread finished: Thread Group - until HTTP 503 - 144 users 1-116
2026-06-20 13:24:58,945 INFO o.a.j.t.JMeterThread: Thread finished: Thread Group - until HTTP 503 - 144 users 1-23
2026-06-20 13:24:58,946 INFO o.a.j.t.JMeterThread: Thread finished: Thread Group - until HTTP 503 - 144 users 1-40
2026-06-20 13:24:58,945 INFO o.a.j.t.JMeterThread: Thread finished: Thread Group - until HTTP 503 - 144 users 1-26
2026-06-20 13:24:59,073 INFO o.a.j.t.JMeterThread: Stopping because end time detected by thread: Thread Group - until HTTP 503 - 144 users 1-37
2026-06-20 13:24:59,073 INFO o.a.j.t.JMeterThread: Thread finished: Thread Group - until HTTP 503 - 144 users 1-37
2026-06-20 13:24:59,114 INFO o.a.j.t.JMeterThread: Stopping because end time detected by thread: Thread Group - until HTTP 503 - 144 users 1-32
2026-06-20 13:24:59,114 INFO o.a.j.t.JMeterThread: Thread finished: Thread Group - until HTTP 503 - 144 users 1-32
2026-06-20 13:24:59,154 INFO o.a.j.t.JMeterThread: Stopping because end time detected by thread: Thread Group - until HTTP 503 - 144 users 1-118
2026-06-20 13:24:59,154 INFO o.a.j.t.JMeterThread: Thread finished: Thread Group - until HTTP 503 - 144 users 1-118
2026-06-20 13:24:59,224 INFO o.a.j.t.JMeterThread: Stopping because end time detected by thread: Thread Group - until HTTP 503 - 144 users 1-83
2026-06-20 13:24:59,224 INFO o.a.j.t.JMeterThread: Thread finished: Thread Group - until HTTP 503 - 144 users 1-83
2026-06-20 13:24:59,266 INFO o.a.j.t.JMeterThread: Stopping because end time detected by thread: Thread Group - until HTTP 503 - 144 users 1-135
2026-06-20 13:24:59,266 INFO o.a.j.t.JMeterThread: Thread finished: Thread Group - until HTTP 503 - 144 users 1-135
2026-06-20 13:24:59,285 INFO o.a.j.t.JMeterThread: Stopping because end time detected by thread: Thread Group - until HTTP 503 - 144 users 1-28
2026-06-20 13:24:59,286 INFO o.a.j.t.JMeterThread: Thread finished: Thread Group - until HTTP 503 - 144 users 1-28
2026-06-20 13:24:59,309 INFO o.a.j.t.JMeterThread: Stopping because end time detected by thread: Thread Group - until HTTP 503 - 144 users 1-107
2026-06-20 13:24:59,309 INFO o.a.j.t.JMeterThread: Thread finished: Thread Group - until HTTP 503 - 144 users 1-107
2026-06-20 13:24:59,349 INFO o.a.j.t.JMeterThread: Stopping because end time detected by thread: Thread Group - until HTTP 503 - 144 users 1-108
2026-06-20 13:24:59,349 INFO o.a.j.t.JMeterThread: Thread finished: Thread Group - until HTTP 503 - 144 users 1-108
2026-06-20 13:24:59,374 INFO o.a.j.t.JMeterThread: Stopping because end time detected by thread: Thread Group - until HTTP 503 - 144 users 1-124
2026-06-20 13:24:59,374 INFO o.a.j.t.JMeterThread: Thread finished: Thread Group - until HTTP 503 - 144 users 1-124
2026-06-20 13:24:59,392 INFO o.a.j.t.JMeterThread: Stopping because end time detected by thread: Thread Group - until HTTP 503 - 144 users 1-8
2026-06-20 13:24:59,392 INFO o.a.j.t.JMeterThread: Thread finished: Thread Group - until HTTP 503 - 144 users 1-8
2026-06-20 13:24:59,452 INFO o.a.j.t.JMeterThread: Stopping because end time detected by thread: Thread Group - until HTTP 503 - 144 users 1-138
2026-06-20 13:24:59,452 INFO o.a.j.t.JMeterThread: Thread finished: Thread Group - until HTTP 503 - 144 users 1-138
2026-06-20 13:24:59,471 INFO o.a.j.t.JMeterThread: Stopping because end time detected by thread: Thread Group - until HTTP 503 - 144 users 1-129
2026-06-20 13:24:59,471 INFO o.a.j.t.JMeterThread: Thread finished: Thread Group - until HTTP 503 - 144 users 1-129
2026-06-20 13:24:59,496 INFO o.a.j.t.JMeterThread: Stopping because end time detected by thread: Thread Group - until HTTP 503 - 144 users 1-136
2026-06-20 13:24:59,496 INFO o.a.j.t.JMeterThread: Thread finished: Thread Group - until HTTP 503 - 144 users 1-136
2026-06-20 13:24:59,547 INFO o.a.j.t.JMeterThread: Stopping because end time detected by thread: Thread Group - until HTTP 503 - 144 users 1-143
2026-06-20 13:24:59,547 INFO o.a.j.t.JMeterThread: Thread finished: Thread Group - until HTTP 503 - 144 users 1-143
2026-06-20 13:24:59,572 INFO o.a.j.t.JMeterThread: Stopping because end time detected by thread: Thread Group - until HTTP 503 - 144 users 1-6
2026-06-20 13:24:59,572 INFO o.a.j.t.JMeterThread: Thread finished: Thread Group - until HTTP 503 - 144 users 1-6
2026-06-20 13:24:59,598 INFO o.a.j.t.JMeterThread: Stopping because end time detected by thread: Thread Group - until HTTP 503 - 144 users 1-30
2026-06-20 13:24:59,598 INFO o.a.j.t.JMeterThread: Thread finished: Thread Group - until HTTP 503 - 144 users 1-30
2026-06-20 13:24:59,674 INFO o.a.j.t.JMeterThread: Stopping because end time detected by thread: Thread Group - until HTTP 503 - 144 users 1-9
2026-06-20 13:24:59,674 INFO o.a.j.t.JMeterThread: Thread finished: Thread Group - until HTTP 503 - 144 users 1-9
2026-06-20 13:24:59,700 INFO o.a.j.t.JMeterThread: Stopping because end time detected by thread: Thread Group - until HTTP 503 - 144 users 1-18
2026-06-20 13:24:59,700 INFO o.a.j.t.JMeterThread: Thread finished: Thread Group - until HTTP 503 - 144 users 1-18
2026-06-20 13:24:59,727 INFO o.a.j.t.JMeterThread: Stopping because end time detected by thread: Thread Group - until HTTP 503 - 144 users 1-20
2026-06-20 13:24:59,727 INFO o.a.j.t.JMeterThread: Thread finished: Thread Group - until HTTP 503 - 144 users 1-20
2026-06-20 13:24:59,772 INFO o.a.j.t.JMeterThread: Stopping because end time detected by thread: Thread Group - until HTTP 503 - 144 users 1-52
2026-06-20 13:24:59,772 INFO o.a.j.t.JMeterThread: Thread finished: Thread Group - until HTTP 503 - 144 users 1-52
2026-06-20 13:24:59,807 INFO o.a.j.t.JMeterThread: Stopping because end time detected by thread: Thread Group - until HTTP 503 - 144 users 1-41
2026-06-20 13:24:59,807 INFO o.a.j.t.JMeterThread: Thread finished: Thread Group - until HTTP 503 - 144 users 1-41
2026-06-20 13:24:59,831 INFO o.a.j.t.JMeterThread: Stopping because end time detected by thread: Thread Group - until HTTP 503 - 144 users 1-50
2026-06-20 13:24:59,832 INFO o.a.j.t.JMeterThread: Thread finished: Thread Group - until HTTP 503 - 144 users 1-50
2026-06-20 13:24:59,894 INFO o.a.j.t.JMeterThread: Stopping because end time detected by thread: Thread Group - until HTTP 503 - 144 users 1-19
2026-06-20 13:24:59,894 INFO o.a.j.t.JMeterThread: Thread finished: Thread Group - until HTTP 503 - 144 users 1-19
2026-06-20 13:24:59,947 INFO o.a.j.t.JMeterThread: Stopping because end time detected by thread: Thread Group - until HTTP 503 - 144 users 1-25
2026-06-20 13:24:59,947 INFO o.a.j.t.JMeterThread: Thread finished: Thread Group - until HTTP 503 - 144 users 1-25
2026-06-20 13:24:59,947 INFO o.a.j.e.StandardJMeterEngine: Notifying test listeners of end of test
2026-06-20 13:24:59,948 INFO o.a.j.r.Summariser: summary +    959 in 00:00:29 =   33.4/s Avg:  4567 Min:  3277 Max:  7481 Err:   959 (100.00%) Active: 0 Started: 144 Finished: 144
2026-06-20 13:24:59,948 INFO o.a.j.r.Summariser: summary =   2811 in 00:01:33 =   30.1/s Avg:  3174 Min:   356 Max:  7481 Err:  2601 (92.53%)
2026-06-20 13:24:59,948 INFO o.a.j.JMeter: Generating Dashboard
2026-06-20 13:24:59,948 INFO o.a.j.r.d.ReportGenerator: Flushing result collector before report Generation
2026-06-20 13:24:59,956 INFO o.a.j.r.p.NormalizerSampleConsumer: Using format, 'ms', to parse timeStamp field
2026-06-20 13:25:00,124 INFO o.a.j.r.p.AbstractSampleConsumer: class org.apache.jmeter.report.processor.AggregateConsumer#stopProducing(): beginDate produced 0 samples
2026-06-20 13:25:00,124 INFO o.a.j.r.p.AbstractSampleConsumer: class org.apache.jmeter.report.processor.AggregateConsumer#stopProducing(): endDate produced 0 samples
2026-06-20 13:25:00,126 INFO o.a.j.r.p.AbstractSampleConsumer: class org.apache.jmeter.report.processor.ApdexSummaryConsumer#stopProducing(): apdexSummary produced 0 samples
2026-06-20 13:25:00,126 INFO o.a.j.r.p.AbstractSampleConsumer: class org.apache.jmeter.report.processor.RequestsSummaryConsumer#stopProducing(): requestsSummary produced 0 samples
2026-06-20 13:25:00,131 INFO o.a.j.r.p.AbstractSampleConsumer: class org.apache.jmeter.report.processor.StatisticsSummaryConsumer#stopProducing(): statisticsSummary produced 0 samples
2026-06-20 13:25:00,133 INFO o.a.j.r.p.AbstractSampleConsumer: class org.apache.jmeter.report.processor.Top5ErrorsBySamplerConsumer#stopProducing(): top5ErrorsBySampler produced 0 samples
2026-06-20 13:25:00,135 INFO o.a.j.r.p.AbstractSampleConsumer: class org.apache.jmeter.report.processor.ErrorsSummaryConsumer#stopProducing(): errorsSummary produced 0 samples
2026-06-20 13:25:00,135 INFO o.a.j.r.p.AbstractSampleConsumer: class org.apache.jmeter.report.processor.graph.impl.HitsPerSecondGraphConsumer#stopProducing(): hitsPerSecond produced 0 samples
2026-06-20 13:25:00,173 INFO o.a.j.r.p.AbstractSampleConsumer: class org.apache.jmeter.report.processor.graph.impl.LatencyVSRequestGraphConsumer#stopProducing(): latencyVsRequest produced 0 samples
2026-06-20 13:25:00,174 INFO o.a.j.r.p.AbstractSampleConsumer: class org.apache.jmeter.report.processor.graph.impl.SyntheticResponseTimeDistributionGraphConsumer#stopProducing(): syntheticResponseTimeDistribution produced 0 samples
2026-06-20 13:25:00,174 INFO o.a.j.r.p.AbstractSampleConsumer: class org.apache.jmeter.report.processor.graph.impl.BytesThroughputGraphConsumer#stopProducing(): bytesThroughputOverTime produced 0 samples
2026-06-20 13:25:00,174 INFO o.a.j.r.p.AbstractSampleConsumer: class org.apache.jmeter.report.processor.graph.impl.CodesPerSecondGraphConsumer#stopProducing(): codesPerSecond produced 0 samples
2026-06-20 13:25:00,192 INFO o.a.j.r.p.AbstractSampleConsumer: class org.apache.jmeter.report.processor.graph.impl.ResponseTimeVSRequestGraphConsumer#stopProducing(): responseTimeVsRequest produced 0 samples
2026-06-20 13:25:00,194 INFO o.a.j.r.p.AbstractSampleConsumer: class org.apache.jmeter.report.processor.FilterConsumer#stopProducing(): startIntervalControlerFilter produced 19677 samples
2026-06-20 13:25:00,194 INFO o.a.j.r.p.AbstractSampleConsumer: class org.apache.jmeter.report.processor.graph.impl.TotalTPSGraphConsumer#stopProducing(): totalTPS produced 0 samples
2026-06-20 13:25:00,194 INFO o.a.j.r.p.AbstractSampleConsumer: class org.apache.jmeter.report.processor.graph.impl.ActiveThreadsGraphConsumer#stopProducing(): activeThreadsOverTime produced 0 samples
2026-06-20 13:25:00,194 INFO o.a.j.r.p.AbstractSampleConsumer: class org.apache.jmeter.report.processor.graph.impl.TimeVSThreadGraphConsumer#stopProducing(): timeVsThreads produced 0 samples
2026-06-20 13:25:00,194 INFO o.a.j.r.p.AbstractSampleConsumer: class org.apache.jmeter.report.processor.graph.impl.ResponseTimeDistributionGraphConsumer#stopProducing(): responseTimeDistribution produced 0 samples
2026-06-20 13:25:00,194 INFO o.a.j.r.p.AbstractSampleConsumer: class org.apache.jmeter.report.processor.graph.impl.TransactionsPerSecondGraphConsumer#stopProducing(): transactionsPerSecond produced 0 samples
2026-06-20 13:25:00,194 INFO o.a.j.r.p.AbstractSampleConsumer: class org.apache.jmeter.report.processor.graph.impl.ResponseTimePercentilesGraphConsumer#stopProducing(): responseTimePercentiles produced 0 samples
2026-06-20 13:25:00,197 INFO o.a.j.r.p.AbstractSampleConsumer: class org.apache.jmeter.report.processor.graph.impl.ResponseTimePercentilesOverTimeGraphConsumer#stopProducing(): responseTimePercentilesOverTime produced 0 samples
2026-06-20 13:25:00,197 INFO o.a.j.r.p.AbstractSampleConsumer: class org.apache.jmeter.report.processor.graph.impl.ResponseTimeOverTimeGraphConsumer#stopProducing(): responseTimesOverTime produced 0 samples
2026-06-20 13:25:00,197 INFO o.a.j.r.p.AbstractSampleConsumer: class org.apache.jmeter.report.processor.graph.impl.ConnectTimeOverTimeGraphConsumer#stopProducing(): connectTimeOverTime produced 0 samples
2026-06-20 13:25:00,197 INFO o.a.j.r.p.AbstractSampleConsumer: class org.apache.jmeter.report.processor.graph.impl.LatencyOverTimeGraphConsumer#stopProducing(): latenciesOverTime produced 0 samples
2026-06-20 13:25:00,197 INFO o.a.j.r.p.AbstractSampleConsumer: class org.apache.jmeter.report.processor.FilterConsumer#stopProducing(): nameFilter produced 42165 samples
2026-06-20 13:25:00,197 INFO o.a.j.r.p.AbstractSampleConsumer: class org.apache.jmeter.report.processor.FilterConsumer#stopProducing(): dateRangeFilter produced 8433 samples
2026-06-20 13:25:00,197 INFO o.a.j.r.p.AbstractSampleConsumer: class org.apache.jmeter.report.processor.NormalizerSampleConsumer#stopProducing(): normalizer produced 2811 samples
2026-06-20 13:25:00,198 INFO o.a.j.r.p.CsvFileSampleSource: produce(): 2811 samples produced in 225ms on channel 0
2026-06-20 13:25:00,198 INFO o.a.j.r.d.ReportGenerator: Exporting data using exporter:'json' of className:'org.apache.jmeter.report.dashboard.JsonExporter'
2026-06-20 13:25:00,250 INFO o.a.j.r.d.JsonExporter: Found data for consumer statisticsSummary in context
2026-06-20 13:25:00,251 INFO o.a.j.r.d.JsonExporter: Creating statistics for overall
2026-06-20 13:25:00,251 INFO o.a.j.r.d.JsonExporter: Creating statistics for other transactions
2026-06-20 13:25:00,251 INFO o.a.j.r.d.JsonExporter: Checking output folder
2026-06-20 13:25:00,251 INFO o.a.j.r.d.JsonExporter: Writing statistics JSON to /home/seventwo/github/tpo-sub-four/html_reports/stress_until_503/144users_2880rpm/statistics.json
2026-06-20 13:25:00,281 INFO o.a.j.r.d.ReportGenerator: Exporting data using exporter:'html' of className:'org.apache.jmeter.report.dashboard.HtmlTemplateExporter'
2026-06-20 13:25:00,283 INFO o.a.j.r.d.HtmlTemplateExporter: Will generate dashboard in folder: /home/seventwo/github/tpo-sub-four/html_reports/stress_until_503/144users_2880rpm
2026-06-20 13:25:00,346 INFO o.a.j.r.d.HtmlTemplateExporter: Report will be generated in: /home/seventwo/github/tpo-sub-four/html_reports/stress_until_503/144users_2880rpm, creating folder structure
2026-06-20 13:25:00,347 INFO o.a.j.r.d.TemplateVisitor: Copying folder from '/opt/jmeter/bin/report-template' to '/home/seventwo/github/tpo-sub-four/html_reports/stress_until_503/144users_2880rpm', got message: /home/seventwo/github/tpo-sub-four/html_reports/stress_until_503/144users_2880rpm, found non empty folder with following content [/home/seventwo/github/tpo-sub-four/html_reports/stress_until_503/144users_2880rpm/statistics.json], will be ignored
2026-06-20 13:25:00,465 INFO o.a.j.JMeter: Dashboard generated
