2026-06-20 12:53:38,454 INFO o.a.j.u.JMeterUtils: Setting Locale to en_EN
2026-06-20 12:53:38,467 INFO o.a.j.JMeter: Loading user properties from: /opt/jmeter/bin/user.properties
2026-06-20 12:53:38,467 INFO o.a.j.JMeter: Loading system properties from: /opt/jmeter/bin/system.properties
2026-06-20 12:53:38,467 INFO o.a.j.JMeter: Setting JMeter property: jmeter.save.saveservice.output_format=csv
2026-06-20 12:53:38,467 INFO o.a.j.JMeter: Setting JMeter property: jmeter.save.saveservice.print_field_names=true
2026-06-20 12:53:38,467 INFO o.a.j.JMeter: Setting JMeter property: jmeter.save.saveservice.timestamp_format=ms
2026-06-20 12:53:38,467 INFO o.a.j.JMeter: Setting JMeter property: jmeter.save.saveservice.time=true
2026-06-20 12:53:38,467 INFO o.a.j.JMeter: Setting JMeter property: jmeter.save.saveservice.latency=true
2026-06-20 12:53:38,468 INFO o.a.j.JMeter: Setting JMeter property: jmeter.save.saveservice.label=true
2026-06-20 12:53:38,468 INFO o.a.j.JMeter: Setting JMeter property: jmeter.save.saveservice.response_code=true
2026-06-20 12:53:38,468 INFO o.a.j.JMeter: Setting JMeter property: jmeter.save.saveservice.response_message=true
2026-06-20 12:53:38,468 INFO o.a.j.JMeter: Setting JMeter property: jmeter.save.saveservice.successful=true
2026-06-20 12:53:38,468 INFO o.a.j.JMeter: Setting JMeter property: jmeter.save.saveservice.assertion_results_failure_message=true
2026-06-20 12:53:38,468 INFO o.a.j.JMeter: Setting JMeter property: jmeter.save.saveservice.thread_name=true
2026-06-20 12:53:38,468 INFO o.a.j.JMeter: Setting JMeter property: jmeter.save.saveservice.thread_counts=true
2026-06-20 12:53:38,468 INFO o.a.j.JMeter: Setting JMeter property: jmeter.save.saveservice.connect_time=true
2026-06-20 12:53:38,474 INFO o.a.j.JMeter: Copyright (c) 1998-2024 The Apache Software Foundation
2026-06-20 12:53:38,474 INFO o.a.j.JMeter: Version 5.6.3
2026-06-20 12:53:38,474 INFO o.a.j.JMeter: java.version=26.0.1
2026-06-20 12:53:38,475 INFO o.a.j.JMeter: java.vm.name=OpenJDK 64-Bit Server VM
2026-06-20 12:53:38,475 INFO o.a.j.JMeter: os.name=Linux
2026-06-20 12:53:38,475 INFO o.a.j.JMeter: os.arch=amd64
2026-06-20 12:53:38,475 INFO o.a.j.JMeter: os.version=6.18.33-1-MANJARO
2026-06-20 12:53:38,475 INFO o.a.j.JMeter: file.encoding=UTF-8
2026-06-20 12:53:38,475 INFO o.a.j.JMeter: java.awt.headless=true
2026-06-20 12:53:38,475 INFO o.a.j.JMeter: Max memory     =1073741824
2026-06-20 12:53:38,475 INFO o.a.j.JMeter: Available Processors =16
2026-06-20 12:53:38,487 INFO o.a.j.JMeter: Default Locale=English (EN)
2026-06-20 12:53:38,487 INFO o.a.j.JMeter: JMeter  Locale=English (EN)
2026-06-20 12:53:38,487 INFO o.a.j.JMeter: JMeterHome=/opt/jmeter
2026-06-20 12:53:38,487 INFO o.a.j.JMeter: user.dir  =/home/seventwo/github/tpo-sub-four
2026-06-20 12:53:38,487 INFO o.a.j.JMeter: PWD       =/home/seventwo/github/tpo-sub-four
2026-06-20 12:53:38,488 INFO o.a.j.JMeter: IP: 192.168.0.102 Name: seventwocore FullName: seventwocore
2026-06-20 12:53:38,496 INFO o.a.j.JMeter: Setting property 'jmeter.reportgenerator.outputdir' to:'/home/seventwo/github/tpo-sub-four/html_reports/stress_until_503/3users_60rpm'
2026-06-20 12:53:38,499 INFO o.a.j.s.FileServer: Default base='/home/seventwo/github/tpo-sub-four'
2026-06-20 12:53:38,500 INFO o.a.j.s.FileServer: Set new base='/home/seventwo/github/tpo-sub-four/quality_jmeter_plans/stress_until_503'
2026-06-20 12:53:38,714 INFO o.a.j.s.SaveService: Testplan (JMX) version: 2.2. Testlog (JTL) version: 2.2
2026-06-20 12:53:38,729 INFO o.a.j.s.SaveService: Using SaveService properties version 5.0
2026-06-20 12:53:38,732 INFO o.a.j.s.SaveService: Using SaveService properties file encoding UTF-8
2026-06-20 12:53:38,734 INFO o.a.j.s.SaveService: Loading file: quality_jmeter_plans/stress_until_503/stress_until_503_3users_60rpm_ctt.jmx
2026-06-20 12:53:38,782 INFO o.a.j.p.h.s.HTTPSamplerBase: Parser for text/html is org.apache.jmeter.protocol.http.parser.LagartoBasedHtmlParser
2026-06-20 12:53:38,782 INFO o.a.j.p.h.s.HTTPSamplerBase: Parser for application/xhtml+xml is org.apache.jmeter.protocol.http.parser.LagartoBasedHtmlParser
2026-06-20 12:53:38,782 INFO o.a.j.p.h.s.HTTPSamplerBase: Parser for application/xml is org.apache.jmeter.protocol.http.parser.LagartoBasedHtmlParser
2026-06-20 12:53:38,782 INFO o.a.j.p.h.s.HTTPSamplerBase: Parser for text/xml is org.apache.jmeter.protocol.http.parser.LagartoBasedHtmlParser
2026-06-20 12:53:38,782 INFO o.a.j.p.h.s.HTTPSamplerBase: Parser for text/vnd.wap.wml is org.apache.jmeter.protocol.http.parser.RegexpHTMLParser
2026-06-20 12:53:38,782 INFO o.a.j.p.h.s.HTTPSamplerBase: Parser for text/css is org.apache.jmeter.protocol.http.parser.CssParser
2026-06-20 12:53:38,794 INFO o.a.j.JMeter: Creating summariser <summary>
2026-06-20 12:53:38,803 INFO o.a.j.r.d.ReportGenerator: ReportGenerator will use for Parsing the separator: ','
2026-06-20 12:53:38,803 INFO o.a.j.r.d.ReportGenerator: Will generate report at end of test from  results file: results/stress_until_503/stress_until_503_3users_60rpm.jtl
2026-06-20 12:53:38,804 INFO o.a.j.r.d.ReportGenerator: Reading report generator properties from: /opt/jmeter/bin/reportgenerator.properties
2026-06-20 12:53:38,804 INFO o.a.j.r.d.ReportGenerator: Merging with JMeter properties
2026-06-20 12:53:38,808 INFO o.a.j.r.c.ReportGeneratorConfiguration: Property 'jmeter.reportgenerator.temp_dir' not found, using default value 'temp' instead.
2026-06-20 12:53:38,810 INFO o.a.j.r.c.ReportGeneratorConfiguration: Property 'jmeter.reportgenerator.apdex_per_transaction' not found, using default value 'null' instead.
2026-06-20 12:53:38,811 INFO o.a.j.r.c.ReportGeneratorConfiguration: apdex_per_transaction is empty, not APDEX per transaction customization
2026-06-20 12:53:38,811 INFO o.a.j.r.c.ReportGeneratorConfiguration: Property 'jmeter.reportgenerator.sample_filter' not found, using default value 'null' instead.
2026-06-20 12:53:38,811 INFO o.a.j.r.c.ReportGeneratorConfiguration: Property 'jmeter.reportgenerator.report_title' not found, using default value 'null' instead.
2026-06-20 12:53:38,811 INFO o.a.j.r.c.ReportGeneratorConfiguration: Property 'jmeter.reportgenerator.start_date' not found, using default value 'null' instead.
2026-06-20 12:53:38,811 INFO o.a.j.r.c.ReportGeneratorConfiguration: Property 'jmeter.reportgenerator.end_date' not found, using default value 'null' instead.
2026-06-20 12:53:38,811 INFO o.a.j.r.c.ReportGeneratorConfiguration: Property 'jmeter.reportgenerator.date_format' not found, using default value 'null' instead.
2026-06-20 12:53:38,812 INFO o.a.j.r.c.ReportGeneratorConfiguration: Will use date range start date: null, end date: null
2026-06-20 12:53:38,814 INFO o.a.j.r.c.ReportGeneratorConfiguration: Property 'jmeter.reportgenerator.graph.totalTPS.exclude_controllers' not found, using default value 'false' instead.
2026-06-20 12:53:38,815 INFO o.a.j.r.c.ReportGeneratorConfiguration: Property 'jmeter.reportgenerator.graph.activeThreadsOverTime.exclude_controllers' not found, using default value 'false' instead.
2026-06-20 12:53:38,815 INFO o.a.j.r.c.ReportGeneratorConfiguration: Property 'jmeter.reportgenerator.graph.timeVsThreads.exclude_controllers' not found, using default value 'false' instead.
2026-06-20 12:53:38,815 INFO o.a.j.r.c.ReportGeneratorConfiguration: Property 'jmeter.reportgenerator.graph.responseTimeDistribution.exclude_controllers' not found, using default value 'false' instead.
2026-06-20 12:53:38,815 INFO o.a.j.r.c.ReportGeneratorConfiguration: Property 'jmeter.reportgenerator.graph.transactionsPerSecond.exclude_controllers' not found, using default value 'false' instead.
2026-06-20 12:53:38,815 INFO o.a.j.r.c.ReportGeneratorConfiguration: Property 'jmeter.reportgenerator.graph.responseTimePercentiles.exclude_controllers' not found, using default value 'false' instead.
2026-06-20 12:53:38,815 INFO o.a.j.r.c.ReportGeneratorConfiguration: Property 'jmeter.reportgenerator.graph.responseTimePercentilesOverTime.exclude_controllers' not found, using default value 'false' instead.
2026-06-20 12:53:38,815 INFO o.a.j.r.c.ReportGeneratorConfiguration: Property 'jmeter.reportgenerator.graph.responseTimesOverTime.exclude_controllers' not found, using default value 'false' instead.
2026-06-20 12:53:38,816 INFO o.a.j.r.c.ReportGeneratorConfiguration: Property 'jmeter.reportgenerator.graph.connectTimeOverTime.exclude_controllers' not found, using default value 'false' instead.
2026-06-20 12:53:38,816 INFO o.a.j.r.c.ReportGeneratorConfiguration: Property 'jmeter.reportgenerator.graph.latenciesOverTime.exclude_controllers' not found, using default value 'false' instead.
2026-06-20 12:53:38,816 INFO o.a.j.r.c.ReportGeneratorConfiguration: Property 'jmeter.reportgenerator.exporter.json.filters_only_sample_series' not found, using default value 'true' instead.
2026-06-20 12:53:38,816 INFO o.a.j.r.c.ReportGeneratorConfiguration: Property 'jmeter.reportgenerator.exporter.json.series_filter' not found, using default value '' instead.
2026-06-20 12:53:38,816 INFO o.a.j.r.c.ReportGeneratorConfiguration: Property 'jmeter.reportgenerator.exporter.json.show_controllers_only' not found, using default value 'false' instead.
2026-06-20 12:53:38,817 INFO o.a.j.r.c.ReportGeneratorConfiguration: Property 'jmeter.reportgenerator.exporter.html.filters_only_sample_series' not found, using default value 'true' instead.
2026-06-20 12:53:38,817 INFO o.a.j.r.c.ReportGeneratorConfiguration: Property 'jmeter.reportgenerator.exporter.html.series_filter' not found, using default value '' instead.
2026-06-20 12:53:38,817 INFO o.a.j.r.c.ReportGeneratorConfiguration: Property 'jmeter.reportgenerator.exporter.html.show_controllers_only' not found, using default value 'false' instead.
2026-06-20 12:53:38,826 INFO o.a.j.e.StandardJMeterEngine: Running the test!
2026-06-20 12:53:38,827 INFO o.a.j.s.SampleEvent: List of sample_variables: []
2026-06-20 12:53:38,827 INFO o.a.j.s.SampleEvent: List of sample_variables: []
2026-06-20 12:53:38,831 INFO o.a.j.e.u.CompoundVariable: Note: Function class names must contain the string: '.functions.'
2026-06-20 12:53:38,831 INFO o.a.j.e.u.CompoundVariable: Note: Function class names must not contain the string: '.gui.'
2026-06-20 12:53:38,895 INFO o.a.j.JMeter: Running test (1781949218895)
2026-06-20 12:53:38,923 INFO o.a.j.e.StandardJMeterEngine: Starting ThreadGroup: 1 : Thread Group - until HTTP 503 - 3 users
2026-06-20 12:53:38,923 INFO o.a.j.e.StandardJMeterEngine: Starting 3 threads for group Thread Group - until HTTP 503 - 3 users.
2026-06-20 12:53:38,923 INFO o.a.j.e.StandardJMeterEngine: Thread will continue on error
2026-06-20 12:53:38,924 INFO o.a.j.t.ThreadGroup: Starting thread group... number=1 threads=3 ramp-up=5 delayedStart=false
2026-06-20 12:53:38,928 INFO o.a.j.t.ThreadGroup: Started thread group number 1
2026-06-20 12:53:38,929 INFO o.a.j.e.StandardJMeterEngine: All thread groups have been started
2026-06-20 12:53:38,930 INFO o.a.j.t.JMeterThread: Thread started: Thread Group - until HTTP 503 - 3 users 1-1
2026-06-20 12:53:38,970 INFO o.a.j.p.h.s.HTTPHCAbstractImpl: Local host = seventwocore
2026-06-20 12:53:38,975 INFO o.a.j.p.h.s.HTTPHC4Impl: HTTP request retry count = 0
2026-06-20 12:53:38,976 INFO o.a.j.s.SampleResult: Note: Sample TimeStamps are START times
2026-06-20 12:53:38,976 INFO o.a.j.s.SampleResult: sampleresult.default.encoding is set to UTF-8
2026-06-20 12:53:38,976 INFO o.a.j.s.SampleResult: sampleresult.useNanoTime=true
2026-06-20 12:53:38,976 INFO o.a.j.s.SampleResult: sampleresult.nanoThreadSleep=5000
2026-06-20 12:53:40,594 INFO o.a.j.t.JMeterThread: Thread started: Thread Group - until HTTP 503 - 3 users 1-2
2026-06-20 12:53:42,259 INFO o.a.j.t.JMeterThread: Thread started: Thread Group - until HTTP 503 - 3 users 1-3
2026-06-20 12:54:00,618 INFO o.a.j.r.Summariser: summary +     23 in 00:00:22 =    1.1/s Avg:   347 Min:   308 Max:   419 Err:     0 (0.00%) Active: 3 Started: 3 Finished: 0
2026-06-20 12:54:30,576 INFO o.a.j.r.Summariser: summary +     30 in 00:00:30 =    1.0/s Avg:   345 Min:   310 Max:   431 Err:     0 (0.00%) Active: 3 Started: 3 Finished: 0
2026-06-20 12:54:30,576 INFO o.a.j.r.Summariser: summary =     53 in 00:00:52 =    1.0/s Avg:   346 Min:   308 Max:   431 Err:     0 (0.00%)
2026-06-20 12:55:00,575 INFO o.a.j.r.Summariser: summary +     30 in 00:00:30 =    1.0/s Avg:   345 Min:   311 Max:   414 Err:     0 (0.00%) Active: 3 Started: 3 Finished: 0
2026-06-20 12:55:00,575 INFO o.a.j.r.Summariser: summary =     83 in 00:01:22 =    1.0/s Avg:   346 Min:   308 Max:   431 Err:     0 (0.00%)
2026-06-20 12:55:06,578 INFO o.a.j.t.JMeterThread: Thread finished: Thread Group - until HTTP 503 - 3 users 1-3
2026-06-20 12:55:07,270 INFO o.a.j.t.JMeterThread: Thread finished: Thread Group - until HTTP 503 - 3 users 1-1
2026-06-20 12:55:08,906 INFO o.a.j.t.JMeterThread: Thread finished: Thread Group - until HTTP 503 - 3 users 1-2
2026-06-20 12:55:08,906 INFO o.a.j.e.StandardJMeterEngine: Notifying test listeners of end of test
2026-06-20 12:55:08,907 INFO o.a.j.r.Summariser: summary +      9 in 00:00:08 =    1.1/s Avg:   317 Min:   311 Max:   333 Err:     0 (0.00%) Active: 0 Started: 3 Finished: 3
2026-06-20 12:55:08,907 INFO o.a.j.r.Summariser: summary =     92 in 00:01:30 =    1.0/s Avg:   343 Min:   308 Max:   431 Err:     0 (0.00%)
2026-06-20 12:55:08,908 INFO o.a.j.JMeter: Generating Dashboard
2026-06-20 12:55:08,908 INFO o.a.j.r.d.ReportGenerator: Flushing result collector before report Generation
2026-06-20 12:55:08,915 INFO o.a.j.r.p.NormalizerSampleConsumer: Using format, 'ms', to parse timeStamp field
2026-06-20 12:55:08,965 INFO o.a.j.r.p.AbstractSampleConsumer: class org.apache.jmeter.report.processor.AggregateConsumer#stopProducing(): beginDate produced 0 samples
2026-06-20 12:55:08,965 INFO o.a.j.r.p.AbstractSampleConsumer: class org.apache.jmeter.report.processor.AggregateConsumer#stopProducing(): endDate produced 0 samples
2026-06-20 12:55:08,966 INFO o.a.j.r.p.AbstractSampleConsumer: class org.apache.jmeter.report.processor.ApdexSummaryConsumer#stopProducing(): apdexSummary produced 0 samples
2026-06-20 12:55:08,967 INFO o.a.j.r.p.AbstractSampleConsumer: class org.apache.jmeter.report.processor.RequestsSummaryConsumer#stopProducing(): requestsSummary produced 0 samples
2026-06-20 12:55:08,970 INFO o.a.j.r.p.AbstractSampleConsumer: class org.apache.jmeter.report.processor.StatisticsSummaryConsumer#stopProducing(): statisticsSummary produced 0 samples
2026-06-20 12:55:08,971 INFO o.a.j.r.p.AbstractSampleConsumer: class org.apache.jmeter.report.processor.Top5ErrorsBySamplerConsumer#stopProducing(): top5ErrorsBySampler produced 0 samples
2026-06-20 12:55:08,971 INFO o.a.j.r.p.AbstractSampleConsumer: class org.apache.jmeter.report.processor.ErrorsSummaryConsumer#stopProducing(): errorsSummary produced 0 samples
2026-06-20 12:55:08,971 INFO o.a.j.r.p.AbstractSampleConsumer: class org.apache.jmeter.report.processor.graph.impl.HitsPerSecondGraphConsumer#stopProducing(): hitsPerSecond produced 0 samples
2026-06-20 12:55:08,980 INFO o.a.j.r.p.AbstractSampleConsumer: class org.apache.jmeter.report.processor.graph.impl.LatencyVSRequestGraphConsumer#stopProducing(): latencyVsRequest produced 0 samples
2026-06-20 12:55:08,981 INFO o.a.j.r.p.AbstractSampleConsumer: class org.apache.jmeter.report.processor.graph.impl.SyntheticResponseTimeDistributionGraphConsumer#stopProducing(): syntheticResponseTimeDistribution produced 0 samples
2026-06-20 12:55:08,981 INFO o.a.j.r.p.AbstractSampleConsumer: class org.apache.jmeter.report.processor.graph.impl.BytesThroughputGraphConsumer#stopProducing(): bytesThroughputOverTime produced 0 samples
2026-06-20 12:55:08,981 INFO o.a.j.r.p.AbstractSampleConsumer: class org.apache.jmeter.report.processor.graph.impl.CodesPerSecondGraphConsumer#stopProducing(): codesPerSecond produced 0 samples
2026-06-20 12:55:08,984 INFO o.a.j.r.p.AbstractSampleConsumer: class org.apache.jmeter.report.processor.graph.impl.ResponseTimeVSRequestGraphConsumer#stopProducing(): responseTimeVsRequest produced 0 samples
2026-06-20 12:55:08,985 INFO o.a.j.r.p.AbstractSampleConsumer: class org.apache.jmeter.report.processor.FilterConsumer#stopProducing(): startIntervalControlerFilter produced 644 samples
2026-06-20 12:55:08,985 INFO o.a.j.r.p.AbstractSampleConsumer: class org.apache.jmeter.report.processor.graph.impl.TotalTPSGraphConsumer#stopProducing(): totalTPS produced 0 samples
2026-06-20 12:55:08,985 INFO o.a.j.r.p.AbstractSampleConsumer: class org.apache.jmeter.report.processor.graph.impl.ActiveThreadsGraphConsumer#stopProducing(): activeThreadsOverTime produced 0 samples
2026-06-20 12:55:08,985 INFO o.a.j.r.p.AbstractSampleConsumer: class org.apache.jmeter.report.processor.graph.impl.TimeVSThreadGraphConsumer#stopProducing(): timeVsThreads produced 0 samples
2026-06-20 12:55:08,985 INFO o.a.j.r.p.AbstractSampleConsumer: class org.apache.jmeter.report.processor.graph.impl.ResponseTimeDistributionGraphConsumer#stopProducing(): responseTimeDistribution produced 0 samples
2026-06-20 12:55:08,985 INFO o.a.j.r.p.AbstractSampleConsumer: class org.apache.jmeter.report.processor.graph.impl.TransactionsPerSecondGraphConsumer#stopProducing(): transactionsPerSecond produced 0 samples
2026-06-20 12:55:08,985 INFO o.a.j.r.p.AbstractSampleConsumer: class org.apache.jmeter.report.processor.graph.impl.ResponseTimePercentilesGraphConsumer#stopProducing(): responseTimePercentiles produced 0 samples
2026-06-20 12:55:08,986 INFO o.a.j.r.p.AbstractSampleConsumer: class org.apache.jmeter.report.processor.graph.impl.ResponseTimePercentilesOverTimeGraphConsumer#stopProducing(): responseTimePercentilesOverTime produced 0 samples
2026-06-20 12:55:08,986 INFO o.a.j.r.p.AbstractSampleConsumer: class org.apache.jmeter.report.processor.graph.impl.ResponseTimeOverTimeGraphConsumer#stopProducing(): responseTimesOverTime produced 0 samples
2026-06-20 12:55:08,986 INFO o.a.j.r.p.AbstractSampleConsumer: class org.apache.jmeter.report.processor.graph.impl.ConnectTimeOverTimeGraphConsumer#stopProducing(): connectTimeOverTime produced 0 samples
2026-06-20 12:55:08,987 INFO o.a.j.r.p.AbstractSampleConsumer: class org.apache.jmeter.report.processor.graph.impl.LatencyOverTimeGraphConsumer#stopProducing(): latenciesOverTime produced 0 samples
2026-06-20 12:55:08,987 INFO o.a.j.r.p.AbstractSampleConsumer: class org.apache.jmeter.report.processor.FilterConsumer#stopProducing(): nameFilter produced 1380 samples
2026-06-20 12:55:08,987 INFO o.a.j.r.p.AbstractSampleConsumer: class org.apache.jmeter.report.processor.FilterConsumer#stopProducing(): dateRangeFilter produced 276 samples
2026-06-20 12:55:08,987 INFO o.a.j.r.p.AbstractSampleConsumer: class org.apache.jmeter.report.processor.NormalizerSampleConsumer#stopProducing(): normalizer produced 92 samples
2026-06-20 12:55:08,987 INFO o.a.j.r.p.CsvFileSampleSource: produce(): 92 samples produced in 48ms on channel 0
2026-06-20 12:55:08,987 INFO o.a.j.r.d.ReportGenerator: Exporting data using exporter:'json' of className:'org.apache.jmeter.report.dashboard.JsonExporter'
2026-06-20 12:55:09,033 INFO o.a.j.r.d.JsonExporter: Found data for consumer statisticsSummary in context
2026-06-20 12:55:09,033 INFO o.a.j.r.d.JsonExporter: Creating statistics for overall
2026-06-20 12:55:09,033 INFO o.a.j.r.d.JsonExporter: Creating statistics for other transactions
2026-06-20 12:55:09,034 INFO o.a.j.r.d.JsonExporter: Checking output folder
2026-06-20 12:55:09,034 INFO o.a.j.r.d.JsonExporter: Writing statistics JSON to /home/seventwo/github/tpo-sub-four/html_reports/stress_until_503/3users_60rpm/statistics.json
2026-06-20 12:55:09,064 INFO o.a.j.r.d.ReportGenerator: Exporting data using exporter:'html' of className:'org.apache.jmeter.report.dashboard.HtmlTemplateExporter'
2026-06-20 12:55:09,066 INFO o.a.j.r.d.HtmlTemplateExporter: Will generate dashboard in folder: /home/seventwo/github/tpo-sub-four/html_reports/stress_until_503/3users_60rpm
2026-06-20 12:55:09,118 INFO o.a.j.r.d.HtmlTemplateExporter: Report will be generated in: /home/seventwo/github/tpo-sub-four/html_reports/stress_until_503/3users_60rpm, creating folder structure
2026-06-20 12:55:09,119 INFO o.a.j.r.d.TemplateVisitor: Copying folder from '/opt/jmeter/bin/report-template' to '/home/seventwo/github/tpo-sub-four/html_reports/stress_until_503/3users_60rpm', got message: /home/seventwo/github/tpo-sub-four/html_reports/stress_until_503/3users_60rpm, found non empty folder with following content [/home/seventwo/github/tpo-sub-four/html_reports/stress_until_503/3users_60rpm/statistics.json], will be ignored
2026-06-20 12:55:09,241 INFO o.a.j.JMeter: Dashboard generated
