2026-06-20 12:52:05,120 INFO o.a.j.u.JMeterUtils: Setting Locale to en_EN
2026-06-20 12:52:05,145 INFO o.a.j.JMeter: Loading user properties from: /opt/jmeter/bin/user.properties
2026-06-20 12:52:05,147 INFO o.a.j.JMeter: Loading system properties from: /opt/jmeter/bin/system.properties
2026-06-20 12:52:05,148 INFO o.a.j.JMeter: Setting JMeter property: jmeter.save.saveservice.output_format=csv
2026-06-20 12:52:05,148 INFO o.a.j.JMeter: Setting JMeter property: jmeter.save.saveservice.print_field_names=true
2026-06-20 12:52:05,148 INFO o.a.j.JMeter: Setting JMeter property: jmeter.save.saveservice.timestamp_format=ms
2026-06-20 12:52:05,148 INFO o.a.j.JMeter: Setting JMeter property: jmeter.save.saveservice.time=true
2026-06-20 12:52:05,148 INFO o.a.j.JMeter: Setting JMeter property: jmeter.save.saveservice.latency=true
2026-06-20 12:52:05,148 INFO o.a.j.JMeter: Setting JMeter property: jmeter.save.saveservice.label=true
2026-06-20 12:52:05,148 INFO o.a.j.JMeter: Setting JMeter property: jmeter.save.saveservice.response_code=true
2026-06-20 12:52:05,148 INFO o.a.j.JMeter: Setting JMeter property: jmeter.save.saveservice.response_message=true
2026-06-20 12:52:05,148 INFO o.a.j.JMeter: Setting JMeter property: jmeter.save.saveservice.successful=true
2026-06-20 12:52:05,148 INFO o.a.j.JMeter: Setting JMeter property: jmeter.save.saveservice.assertion_results_failure_message=true
2026-06-20 12:52:05,148 INFO o.a.j.JMeter: Setting JMeter property: jmeter.save.saveservice.thread_name=true
2026-06-20 12:52:05,148 INFO o.a.j.JMeter: Setting JMeter property: jmeter.save.saveservice.thread_counts=true
2026-06-20 12:52:05,148 INFO o.a.j.JMeter: Setting JMeter property: jmeter.save.saveservice.connect_time=true
2026-06-20 12:52:05,155 INFO o.a.j.JMeter: Copyright (c) 1998-2024 The Apache Software Foundation
2026-06-20 12:52:05,155 INFO o.a.j.JMeter: Version 5.6.3
2026-06-20 12:52:05,155 INFO o.a.j.JMeter: java.version=26.0.1
2026-06-20 12:52:05,156 INFO o.a.j.JMeter: java.vm.name=OpenJDK 64-Bit Server VM
2026-06-20 12:52:05,156 INFO o.a.j.JMeter: os.name=Linux
2026-06-20 12:52:05,156 INFO o.a.j.JMeter: os.arch=amd64
2026-06-20 12:52:05,156 INFO o.a.j.JMeter: os.version=6.18.33-1-MANJARO
2026-06-20 12:52:05,156 INFO o.a.j.JMeter: file.encoding=UTF-8
2026-06-20 12:52:05,156 INFO o.a.j.JMeter: java.awt.headless=true
2026-06-20 12:52:05,156 INFO o.a.j.JMeter: Max memory     =1073741824
2026-06-20 12:52:05,156 INFO o.a.j.JMeter: Available Processors =16
2026-06-20 12:52:05,175 INFO o.a.j.JMeter: Default Locale=English (EN)
2026-06-20 12:52:05,176 INFO o.a.j.JMeter: JMeter  Locale=English (EN)
2026-06-20 12:52:05,176 INFO o.a.j.JMeter: JMeterHome=/opt/jmeter
2026-06-20 12:52:05,176 INFO o.a.j.JMeter: user.dir  =/home/seventwo/github/tpo-sub-four
2026-06-20 12:52:05,176 INFO o.a.j.JMeter: PWD       =/home/seventwo/github/tpo-sub-four
2026-06-20 12:52:05,177 INFO o.a.j.JMeter: IP: 192.168.0.102 Name: seventwocore FullName: seventwocore
2026-06-20 12:52:05,185 INFO o.a.j.JMeter: Setting property 'jmeter.reportgenerator.outputdir' to:'/home/seventwo/github/tpo-sub-four/html_reports/stress_until_503/2users_40rpm'
2026-06-20 12:52:05,188 INFO o.a.j.s.FileServer: Default base='/home/seventwo/github/tpo-sub-four'
2026-06-20 12:52:05,189 INFO o.a.j.s.FileServer: Set new base='/home/seventwo/github/tpo-sub-four/quality_jmeter_plans/stress_until_503'
2026-06-20 12:52:05,470 INFO o.a.j.s.SaveService: Testplan (JMX) version: 2.2. Testlog (JTL) version: 2.2
2026-06-20 12:52:05,513 INFO o.a.j.s.SaveService: Using SaveService properties version 5.0
2026-06-20 12:52:05,518 INFO o.a.j.s.SaveService: Using SaveService properties file encoding UTF-8
2026-06-20 12:52:05,522 INFO o.a.j.s.SaveService: Loading file: quality_jmeter_plans/stress_until_503/stress_until_503_2users_40rpm_ctt.jmx
2026-06-20 12:52:05,587 INFO o.a.j.p.h.s.HTTPSamplerBase: Parser for text/html is org.apache.jmeter.protocol.http.parser.LagartoBasedHtmlParser
2026-06-20 12:52:05,587 INFO o.a.j.p.h.s.HTTPSamplerBase: Parser for application/xhtml+xml is org.apache.jmeter.protocol.http.parser.LagartoBasedHtmlParser
2026-06-20 12:52:05,587 INFO o.a.j.p.h.s.HTTPSamplerBase: Parser for application/xml is org.apache.jmeter.protocol.http.parser.LagartoBasedHtmlParser
2026-06-20 12:52:05,587 INFO o.a.j.p.h.s.HTTPSamplerBase: Parser for text/xml is org.apache.jmeter.protocol.http.parser.LagartoBasedHtmlParser
2026-06-20 12:52:05,587 INFO o.a.j.p.h.s.HTTPSamplerBase: Parser for text/vnd.wap.wml is org.apache.jmeter.protocol.http.parser.RegexpHTMLParser
2026-06-20 12:52:05,587 INFO o.a.j.p.h.s.HTTPSamplerBase: Parser for text/css is org.apache.jmeter.protocol.http.parser.CssParser
2026-06-20 12:52:05,601 INFO o.a.j.JMeter: Creating summariser <summary>
2026-06-20 12:52:05,611 INFO o.a.j.r.d.ReportGenerator: ReportGenerator will use for Parsing the separator: ','
2026-06-20 12:52:05,611 INFO o.a.j.r.d.ReportGenerator: Will generate report at end of test from  results file: results/stress_until_503/stress_until_503_2users_40rpm.jtl
2026-06-20 12:52:05,612 INFO o.a.j.r.d.ReportGenerator: Reading report generator properties from: /opt/jmeter/bin/reportgenerator.properties
2026-06-20 12:52:05,612 INFO o.a.j.r.d.ReportGenerator: Merging with JMeter properties
2026-06-20 12:52:05,616 INFO o.a.j.r.c.ReportGeneratorConfiguration: Property 'jmeter.reportgenerator.temp_dir' not found, using default value 'temp' instead.
2026-06-20 12:52:05,617 INFO o.a.j.r.c.ReportGeneratorConfiguration: Property 'jmeter.reportgenerator.apdex_per_transaction' not found, using default value 'null' instead.
2026-06-20 12:52:05,618 INFO o.a.j.r.c.ReportGeneratorConfiguration: apdex_per_transaction is empty, not APDEX per transaction customization
2026-06-20 12:52:05,618 INFO o.a.j.r.c.ReportGeneratorConfiguration: Property 'jmeter.reportgenerator.sample_filter' not found, using default value 'null' instead.
2026-06-20 12:52:05,618 INFO o.a.j.r.c.ReportGeneratorConfiguration: Property 'jmeter.reportgenerator.report_title' not found, using default value 'null' instead.
2026-06-20 12:52:05,618 INFO o.a.j.r.c.ReportGeneratorConfiguration: Property 'jmeter.reportgenerator.start_date' not found, using default value 'null' instead.
2026-06-20 12:52:05,618 INFO o.a.j.r.c.ReportGeneratorConfiguration: Property 'jmeter.reportgenerator.end_date' not found, using default value 'null' instead.
2026-06-20 12:52:05,618 INFO o.a.j.r.c.ReportGeneratorConfiguration: Property 'jmeter.reportgenerator.date_format' not found, using default value 'null' instead.
2026-06-20 12:52:05,618 INFO o.a.j.r.c.ReportGeneratorConfiguration: Will use date range start date: null, end date: null
2026-06-20 12:52:05,622 INFO o.a.j.r.c.ReportGeneratorConfiguration: Property 'jmeter.reportgenerator.graph.totalTPS.exclude_controllers' not found, using default value 'false' instead.
2026-06-20 12:52:05,622 INFO o.a.j.r.c.ReportGeneratorConfiguration: Property 'jmeter.reportgenerator.graph.activeThreadsOverTime.exclude_controllers' not found, using default value 'false' instead.
2026-06-20 12:52:05,622 INFO o.a.j.r.c.ReportGeneratorConfiguration: Property 'jmeter.reportgenerator.graph.timeVsThreads.exclude_controllers' not found, using default value 'false' instead.
2026-06-20 12:52:05,622 INFO o.a.j.r.c.ReportGeneratorConfiguration: Property 'jmeter.reportgenerator.graph.responseTimeDistribution.exclude_controllers' not found, using default value 'false' instead.
2026-06-20 12:52:05,622 INFO o.a.j.r.c.ReportGeneratorConfiguration: Property 'jmeter.reportgenerator.graph.transactionsPerSecond.exclude_controllers' not found, using default value 'false' instead.
2026-06-20 12:52:05,622 INFO o.a.j.r.c.ReportGeneratorConfiguration: Property 'jmeter.reportgenerator.graph.responseTimePercentiles.exclude_controllers' not found, using default value 'false' instead.
2026-06-20 12:52:05,623 INFO o.a.j.r.c.ReportGeneratorConfiguration: Property 'jmeter.reportgenerator.graph.responseTimePercentilesOverTime.exclude_controllers' not found, using default value 'false' instead.
2026-06-20 12:52:05,623 INFO o.a.j.r.c.ReportGeneratorConfiguration: Property 'jmeter.reportgenerator.graph.responseTimesOverTime.exclude_controllers' not found, using default value 'false' instead.
2026-06-20 12:52:05,623 INFO o.a.j.r.c.ReportGeneratorConfiguration: Property 'jmeter.reportgenerator.graph.connectTimeOverTime.exclude_controllers' not found, using default value 'false' instead.
2026-06-20 12:52:05,623 INFO o.a.j.r.c.ReportGeneratorConfiguration: Property 'jmeter.reportgenerator.graph.latenciesOverTime.exclude_controllers' not found, using default value 'false' instead.
2026-06-20 12:52:05,624 INFO o.a.j.r.c.ReportGeneratorConfiguration: Property 'jmeter.reportgenerator.exporter.json.filters_only_sample_series' not found, using default value 'true' instead.
2026-06-20 12:52:05,624 INFO o.a.j.r.c.ReportGeneratorConfiguration: Property 'jmeter.reportgenerator.exporter.json.series_filter' not found, using default value '' instead.
2026-06-20 12:52:05,624 INFO o.a.j.r.c.ReportGeneratorConfiguration: Property 'jmeter.reportgenerator.exporter.json.show_controllers_only' not found, using default value 'false' instead.
2026-06-20 12:52:05,624 INFO o.a.j.r.c.ReportGeneratorConfiguration: Property 'jmeter.reportgenerator.exporter.html.filters_only_sample_series' not found, using default value 'true' instead.
2026-06-20 12:52:05,625 INFO o.a.j.r.c.ReportGeneratorConfiguration: Property 'jmeter.reportgenerator.exporter.html.series_filter' not found, using default value '' instead.
2026-06-20 12:52:05,625 INFO o.a.j.r.c.ReportGeneratorConfiguration: Property 'jmeter.reportgenerator.exporter.html.show_controllers_only' not found, using default value 'false' instead.
2026-06-20 12:52:05,635 INFO o.a.j.e.StandardJMeterEngine: Running the test!
2026-06-20 12:52:05,636 INFO o.a.j.s.SampleEvent: List of sample_variables: []
2026-06-20 12:52:05,636 INFO o.a.j.s.SampleEvent: List of sample_variables: []
2026-06-20 12:52:05,640 INFO o.a.j.e.u.CompoundVariable: Note: Function class names must contain the string: '.functions.'
2026-06-20 12:52:05,641 INFO o.a.j.e.u.CompoundVariable: Note: Function class names must not contain the string: '.gui.'
2026-06-20 12:52:05,732 INFO o.a.j.JMeter: Running test (1781949125732)
2026-06-20 12:52:05,758 INFO o.a.j.e.StandardJMeterEngine: Starting ThreadGroup: 1 : Thread Group - until HTTP 503 - 2 users
2026-06-20 12:52:05,759 INFO o.a.j.e.StandardJMeterEngine: Starting 2 threads for group Thread Group - until HTTP 503 - 2 users.
2026-06-20 12:52:05,759 INFO o.a.j.e.StandardJMeterEngine: Thread will continue on error
2026-06-20 12:52:05,759 INFO o.a.j.t.ThreadGroup: Starting thread group... number=1 threads=2 ramp-up=5 delayedStart=false
2026-06-20 12:52:05,763 INFO o.a.j.t.ThreadGroup: Started thread group number 1
2026-06-20 12:52:05,763 INFO o.a.j.e.StandardJMeterEngine: All thread groups have been started
2026-06-20 12:52:05,765 INFO o.a.j.t.JMeterThread: Thread started: Thread Group - until HTTP 503 - 2 users 1-1
2026-06-20 12:52:05,853 INFO o.a.j.p.h.s.HTTPHCAbstractImpl: Local host = seventwocore
2026-06-20 12:52:05,861 INFO o.a.j.p.h.s.HTTPHC4Impl: HTTP request retry count = 0
2026-06-20 12:52:05,863 INFO o.a.j.s.SampleResult: Note: Sample TimeStamps are START times
2026-06-20 12:52:05,863 INFO o.a.j.s.SampleResult: sampleresult.default.encoding is set to UTF-8
2026-06-20 12:52:05,863 INFO o.a.j.s.SampleResult: sampleresult.useNanoTime=true
2026-06-20 12:52:05,863 INFO o.a.j.s.SampleResult: sampleresult.nanoThreadSleep=5000
2026-06-20 12:52:08,261 INFO o.a.j.t.JMeterThread: Thread started: Thread Group - until HTTP 503 - 2 users 1-2
2026-06-20 12:52:30,253 INFO o.a.j.r.Summariser: summary +     18 in 00:00:25 =    0.7/s Avg:   334 Min:   307 Max:   426 Err:     0 (0.00%) Active: 2 Started: 2 Finished: 0
2026-06-20 12:53:00,255 INFO o.a.j.r.Summariser: summary +     20 in 00:00:30 =    0.7/s Avg:   327 Min:   308 Max:   428 Err:     0 (0.00%) Active: 2 Started: 2 Finished: 0
2026-06-20 12:53:00,255 INFO o.a.j.r.Summariser: summary =     38 in 00:00:55 =    0.7/s Avg:   330 Min:   307 Max:   428 Err:     0 (0.00%)
2026-06-20 12:53:30,146 INFO o.a.j.r.Summariser: summary +     20 in 00:00:30 =    0.7/s Avg:   318 Min:   308 Max:   383 Err:     0 (0.00%) Active: 2 Started: 2 Finished: 0
2026-06-20 12:53:30,146 INFO o.a.j.r.Summariser: summary =     58 in 00:01:24 =    0.7/s Avg:   326 Min:   307 Max:   428 Err:     0 (0.00%)
2026-06-20 12:53:33,151 INFO o.a.j.t.JMeterThread: Thread finished: Thread Group - until HTTP 503 - 2 users 1-1
2026-06-20 12:53:35,585 INFO o.a.j.t.JMeterThread: Thread finished: Thread Group - until HTTP 503 - 2 users 1-2
2026-06-20 12:53:35,585 INFO o.a.j.e.StandardJMeterEngine: Notifying test listeners of end of test
2026-06-20 12:53:35,586 INFO o.a.j.r.Summariser: summary +      3 in 00:00:05 =    0.6/s Avg:   319 Min:   314 Max:   323 Err:     0 (0.00%) Active: 0 Started: 2 Finished: 2
2026-06-20 12:53:35,586 INFO o.a.j.r.Summariser: summary =     61 in 00:01:30 =    0.7/s Avg:   326 Min:   307 Max:   428 Err:     0 (0.00%)
2026-06-20 12:53:35,586 INFO o.a.j.JMeter: Generating Dashboard
2026-06-20 12:53:35,586 INFO o.a.j.r.d.ReportGenerator: Flushing result collector before report Generation
2026-06-20 12:53:35,596 INFO o.a.j.r.p.NormalizerSampleConsumer: Using format, 'ms', to parse timeStamp field
2026-06-20 12:53:35,641 INFO o.a.j.r.p.AbstractSampleConsumer: class org.apache.jmeter.report.processor.AggregateConsumer#stopProducing(): beginDate produced 0 samples
2026-06-20 12:53:35,641 INFO o.a.j.r.p.AbstractSampleConsumer: class org.apache.jmeter.report.processor.AggregateConsumer#stopProducing(): endDate produced 0 samples
2026-06-20 12:53:35,643 INFO o.a.j.r.p.AbstractSampleConsumer: class org.apache.jmeter.report.processor.ApdexSummaryConsumer#stopProducing(): apdexSummary produced 0 samples
2026-06-20 12:53:35,643 INFO o.a.j.r.p.AbstractSampleConsumer: class org.apache.jmeter.report.processor.RequestsSummaryConsumer#stopProducing(): requestsSummary produced 0 samples
2026-06-20 12:53:35,646 INFO o.a.j.r.p.AbstractSampleConsumer: class org.apache.jmeter.report.processor.StatisticsSummaryConsumer#stopProducing(): statisticsSummary produced 0 samples
2026-06-20 12:53:35,651 INFO o.a.j.r.p.AbstractSampleConsumer: class org.apache.jmeter.report.processor.Top5ErrorsBySamplerConsumer#stopProducing(): top5ErrorsBySampler produced 0 samples
2026-06-20 12:53:35,651 INFO o.a.j.r.p.AbstractSampleConsumer: class org.apache.jmeter.report.processor.ErrorsSummaryConsumer#stopProducing(): errorsSummary produced 0 samples
2026-06-20 12:53:35,651 INFO o.a.j.r.p.AbstractSampleConsumer: class org.apache.jmeter.report.processor.graph.impl.HitsPerSecondGraphConsumer#stopProducing(): hitsPerSecond produced 0 samples
2026-06-20 12:53:35,663 INFO o.a.j.r.p.AbstractSampleConsumer: class org.apache.jmeter.report.processor.graph.impl.LatencyVSRequestGraphConsumer#stopProducing(): latencyVsRequest produced 0 samples
2026-06-20 12:53:35,663 INFO o.a.j.r.p.AbstractSampleConsumer: class org.apache.jmeter.report.processor.graph.impl.SyntheticResponseTimeDistributionGraphConsumer#stopProducing(): syntheticResponseTimeDistribution produced 0 samples
2026-06-20 12:53:35,664 INFO o.a.j.r.p.AbstractSampleConsumer: class org.apache.jmeter.report.processor.graph.impl.BytesThroughputGraphConsumer#stopProducing(): bytesThroughputOverTime produced 0 samples
2026-06-20 12:53:35,664 INFO o.a.j.r.p.AbstractSampleConsumer: class org.apache.jmeter.report.processor.graph.impl.CodesPerSecondGraphConsumer#stopProducing(): codesPerSecond produced 0 samples
2026-06-20 12:53:35,666 INFO o.a.j.r.p.AbstractSampleConsumer: class org.apache.jmeter.report.processor.graph.impl.ResponseTimeVSRequestGraphConsumer#stopProducing(): responseTimeVsRequest produced 0 samples
2026-06-20 12:53:35,666 INFO o.a.j.r.p.AbstractSampleConsumer: class org.apache.jmeter.report.processor.FilterConsumer#stopProducing(): startIntervalControlerFilter produced 427 samples
2026-06-20 12:53:35,666 INFO o.a.j.r.p.AbstractSampleConsumer: class org.apache.jmeter.report.processor.graph.impl.TotalTPSGraphConsumer#stopProducing(): totalTPS produced 0 samples
2026-06-20 12:53:35,666 INFO o.a.j.r.p.AbstractSampleConsumer: class org.apache.jmeter.report.processor.graph.impl.ActiveThreadsGraphConsumer#stopProducing(): activeThreadsOverTime produced 0 samples
2026-06-20 12:53:35,666 INFO o.a.j.r.p.AbstractSampleConsumer: class org.apache.jmeter.report.processor.graph.impl.TimeVSThreadGraphConsumer#stopProducing(): timeVsThreads produced 0 samples
2026-06-20 12:53:35,666 INFO o.a.j.r.p.AbstractSampleConsumer: class org.apache.jmeter.report.processor.graph.impl.ResponseTimeDistributionGraphConsumer#stopProducing(): responseTimeDistribution produced 0 samples
2026-06-20 12:53:35,666 INFO o.a.j.r.p.AbstractSampleConsumer: class org.apache.jmeter.report.processor.graph.impl.TransactionsPerSecondGraphConsumer#stopProducing(): transactionsPerSecond produced 0 samples
2026-06-20 12:53:35,666 INFO o.a.j.r.p.AbstractSampleConsumer: class org.apache.jmeter.report.processor.graph.impl.ResponseTimePercentilesGraphConsumer#stopProducing(): responseTimePercentiles produced 0 samples
2026-06-20 12:53:35,667 INFO o.a.j.r.p.AbstractSampleConsumer: class org.apache.jmeter.report.processor.graph.impl.ResponseTimePercentilesOverTimeGraphConsumer#stopProducing(): responseTimePercentilesOverTime produced 0 samples
2026-06-20 12:53:35,667 INFO o.a.j.r.p.AbstractSampleConsumer: class org.apache.jmeter.report.processor.graph.impl.ResponseTimeOverTimeGraphConsumer#stopProducing(): responseTimesOverTime produced 0 samples
2026-06-20 12:53:35,667 INFO o.a.j.r.p.AbstractSampleConsumer: class org.apache.jmeter.report.processor.graph.impl.ConnectTimeOverTimeGraphConsumer#stopProducing(): connectTimeOverTime produced 0 samples
2026-06-20 12:53:35,667 INFO o.a.j.r.p.AbstractSampleConsumer: class org.apache.jmeter.report.processor.graph.impl.LatencyOverTimeGraphConsumer#stopProducing(): latenciesOverTime produced 0 samples
2026-06-20 12:53:35,667 INFO o.a.j.r.p.AbstractSampleConsumer: class org.apache.jmeter.report.processor.FilterConsumer#stopProducing(): nameFilter produced 915 samples
2026-06-20 12:53:35,667 INFO o.a.j.r.p.AbstractSampleConsumer: class org.apache.jmeter.report.processor.FilterConsumer#stopProducing(): dateRangeFilter produced 183 samples
2026-06-20 12:53:35,667 INFO o.a.j.r.p.AbstractSampleConsumer: class org.apache.jmeter.report.processor.NormalizerSampleConsumer#stopProducing(): normalizer produced 61 samples
2026-06-20 12:53:35,668 INFO o.a.j.r.p.CsvFileSampleSource: produce(): 61 samples produced in 51ms on channel 0
2026-06-20 12:53:35,668 INFO o.a.j.r.d.ReportGenerator: Exporting data using exporter:'json' of className:'org.apache.jmeter.report.dashboard.JsonExporter'
2026-06-20 12:53:35,718 INFO o.a.j.r.d.JsonExporter: Found data for consumer statisticsSummary in context
2026-06-20 12:53:35,719 INFO o.a.j.r.d.JsonExporter: Creating statistics for overall
2026-06-20 12:53:35,719 INFO o.a.j.r.d.JsonExporter: Creating statistics for other transactions
2026-06-20 12:53:35,719 INFO o.a.j.r.d.JsonExporter: Checking output folder
2026-06-20 12:53:35,719 INFO o.a.j.r.d.JsonExporter: Writing statistics JSON to /home/seventwo/github/tpo-sub-four/html_reports/stress_until_503/2users_40rpm/statistics.json
2026-06-20 12:53:35,755 INFO o.a.j.r.d.ReportGenerator: Exporting data using exporter:'html' of className:'org.apache.jmeter.report.dashboard.HtmlTemplateExporter'
2026-06-20 12:53:35,757 INFO o.a.j.r.d.HtmlTemplateExporter: Will generate dashboard in folder: /home/seventwo/github/tpo-sub-four/html_reports/stress_until_503/2users_40rpm
2026-06-20 12:53:35,815 INFO o.a.j.r.d.HtmlTemplateExporter: Report will be generated in: /home/seventwo/github/tpo-sub-four/html_reports/stress_until_503/2users_40rpm, creating folder structure
2026-06-20 12:53:35,817 INFO o.a.j.r.d.TemplateVisitor: Copying folder from '/opt/jmeter/bin/report-template' to '/home/seventwo/github/tpo-sub-four/html_reports/stress_until_503/2users_40rpm', got message: /home/seventwo/github/tpo-sub-four/html_reports/stress_until_503/2users_40rpm, found non empty folder with following content [/home/seventwo/github/tpo-sub-four/html_reports/stress_until_503/2users_40rpm/statistics.json], will be ignored
2026-06-20 12:53:35,938 INFO o.a.j.JMeter: Dashboard generated
