2026-06-20 13:06:06,325 INFO o.a.j.u.JMeterUtils: Setting Locale to en_EN
2026-06-20 13:06:06,337 INFO o.a.j.JMeter: Loading user properties from: /opt/jmeter/bin/user.properties
2026-06-20 13:06:06,337 INFO o.a.j.JMeter: Loading system properties from: /opt/jmeter/bin/system.properties
2026-06-20 13:06:06,337 INFO o.a.j.JMeter: Setting JMeter property: jmeter.save.saveservice.output_format=csv
2026-06-20 13:06:06,337 INFO o.a.j.JMeter: Setting JMeter property: jmeter.save.saveservice.print_field_names=true
2026-06-20 13:06:06,338 INFO o.a.j.JMeter: Setting JMeter property: jmeter.save.saveservice.timestamp_format=ms
2026-06-20 13:06:06,338 INFO o.a.j.JMeter: Setting JMeter property: jmeter.save.saveservice.time=true
2026-06-20 13:06:06,338 INFO o.a.j.JMeter: Setting JMeter property: jmeter.save.saveservice.latency=true
2026-06-20 13:06:06,338 INFO o.a.j.JMeter: Setting JMeter property: jmeter.save.saveservice.label=true
2026-06-20 13:06:06,338 INFO o.a.j.JMeter: Setting JMeter property: jmeter.save.saveservice.response_code=true
2026-06-20 13:06:06,338 INFO o.a.j.JMeter: Setting JMeter property: jmeter.save.saveservice.response_message=true
2026-06-20 13:06:06,338 INFO o.a.j.JMeter: Setting JMeter property: jmeter.save.saveservice.successful=true
2026-06-20 13:06:06,338 INFO o.a.j.JMeter: Setting JMeter property: jmeter.save.saveservice.assertion_results_failure_message=true
2026-06-20 13:06:06,338 INFO o.a.j.JMeter: Setting JMeter property: jmeter.save.saveservice.thread_name=true
2026-06-20 13:06:06,338 INFO o.a.j.JMeter: Setting JMeter property: jmeter.save.saveservice.thread_counts=true
2026-06-20 13:06:06,338 INFO o.a.j.JMeter: Setting JMeter property: jmeter.save.saveservice.connect_time=true
2026-06-20 13:06:06,344 INFO o.a.j.JMeter: Copyright (c) 1998-2024 The Apache Software Foundation
2026-06-20 13:06:06,344 INFO o.a.j.JMeter: Version 5.6.3
2026-06-20 13:06:06,344 INFO o.a.j.JMeter: java.version=26.0.1
2026-06-20 13:06:06,344 INFO o.a.j.JMeter: java.vm.name=OpenJDK 64-Bit Server VM
2026-06-20 13:06:06,344 INFO o.a.j.JMeter: os.name=Linux
2026-06-20 13:06:06,344 INFO o.a.j.JMeter: os.arch=amd64
2026-06-20 13:06:06,344 INFO o.a.j.JMeter: os.version=6.18.33-1-MANJARO
2026-06-20 13:06:06,344 INFO o.a.j.JMeter: file.encoding=UTF-8
2026-06-20 13:06:06,344 INFO o.a.j.JMeter: java.awt.headless=true
2026-06-20 13:06:06,344 INFO o.a.j.JMeter: Max memory     =1073741824
2026-06-20 13:06:06,344 INFO o.a.j.JMeter: Available Processors =16
2026-06-20 13:06:06,355 INFO o.a.j.JMeter: Default Locale=English (EN)
2026-06-20 13:06:06,355 INFO o.a.j.JMeter: JMeter  Locale=English (EN)
2026-06-20 13:06:06,356 INFO o.a.j.JMeter: JMeterHome=/opt/jmeter
2026-06-20 13:06:06,356 INFO o.a.j.JMeter: user.dir  =/home/seventwo/github/tpo-sub-four
2026-06-20 13:06:06,356 INFO o.a.j.JMeter: PWD       =/home/seventwo/github/tpo-sub-four
2026-06-20 13:06:06,356 INFO o.a.j.JMeter: IP: 192.168.0.102 Name: seventwocore FullName: seventwocore
2026-06-20 13:06:06,364 INFO o.a.j.JMeter: Setting property 'jmeter.reportgenerator.outputdir' to:'/home/seventwo/github/tpo-sub-four/html_reports/stress_until_503/24users_480rpm'
2026-06-20 13:06:06,367 INFO o.a.j.s.FileServer: Default base='/home/seventwo/github/tpo-sub-four'
2026-06-20 13:06:06,367 INFO o.a.j.s.FileServer: Set new base='/home/seventwo/github/tpo-sub-four/quality_jmeter_plans/stress_until_503'
2026-06-20 13:06:06,550 INFO o.a.j.s.SaveService: Testplan (JMX) version: 2.2. Testlog (JTL) version: 2.2
2026-06-20 13:06:06,566 INFO o.a.j.s.SaveService: Using SaveService properties version 5.0
2026-06-20 13:06:06,569 INFO o.a.j.s.SaveService: Using SaveService properties file encoding UTF-8
2026-06-20 13:06:06,571 INFO o.a.j.s.SaveService: Loading file: quality_jmeter_plans/stress_until_503/stress_until_503_24users_480rpm_ctt.jmx
2026-06-20 13:06:06,613 INFO o.a.j.p.h.s.HTTPSamplerBase: Parser for text/html is org.apache.jmeter.protocol.http.parser.LagartoBasedHtmlParser
2026-06-20 13:06:06,613 INFO o.a.j.p.h.s.HTTPSamplerBase: Parser for application/xhtml+xml is org.apache.jmeter.protocol.http.parser.LagartoBasedHtmlParser
2026-06-20 13:06:06,613 INFO o.a.j.p.h.s.HTTPSamplerBase: Parser for application/xml is org.apache.jmeter.protocol.http.parser.LagartoBasedHtmlParser
2026-06-20 13:06:06,613 INFO o.a.j.p.h.s.HTTPSamplerBase: Parser for text/xml is org.apache.jmeter.protocol.http.parser.LagartoBasedHtmlParser
2026-06-20 13:06:06,613 INFO o.a.j.p.h.s.HTTPSamplerBase: Parser for text/vnd.wap.wml is org.apache.jmeter.protocol.http.parser.RegexpHTMLParser
2026-06-20 13:06:06,613 INFO o.a.j.p.h.s.HTTPSamplerBase: Parser for text/css is org.apache.jmeter.protocol.http.parser.CssParser
2026-06-20 13:06:06,623 INFO o.a.j.JMeter: Creating summariser <summary>
2026-06-20 13:06:06,630 INFO o.a.j.r.d.ReportGenerator: ReportGenerator will use for Parsing the separator: ','
2026-06-20 13:06:06,630 INFO o.a.j.r.d.ReportGenerator: Will generate report at end of test from  results file: results/stress_until_503/stress_until_503_24users_480rpm.jtl
2026-06-20 13:06:06,630 INFO o.a.j.r.d.ReportGenerator: Reading report generator properties from: /opt/jmeter/bin/reportgenerator.properties
2026-06-20 13:06:06,630 INFO o.a.j.r.d.ReportGenerator: Merging with JMeter properties
2026-06-20 13:06:06,632 INFO o.a.j.r.c.ReportGeneratorConfiguration: Property 'jmeter.reportgenerator.temp_dir' not found, using default value 'temp' instead.
2026-06-20 13:06:06,634 INFO o.a.j.r.c.ReportGeneratorConfiguration: Property 'jmeter.reportgenerator.apdex_per_transaction' not found, using default value 'null' instead.
2026-06-20 13:06:06,634 INFO o.a.j.r.c.ReportGeneratorConfiguration: apdex_per_transaction is empty, not APDEX per transaction customization
2026-06-20 13:06:06,634 INFO o.a.j.r.c.ReportGeneratorConfiguration: Property 'jmeter.reportgenerator.sample_filter' not found, using default value 'null' instead.
2026-06-20 13:06:06,634 INFO o.a.j.r.c.ReportGeneratorConfiguration: Property 'jmeter.reportgenerator.report_title' not found, using default value 'null' instead.
2026-06-20 13:06:06,635 INFO o.a.j.r.c.ReportGeneratorConfiguration: Property 'jmeter.reportgenerator.start_date' not found, using default value 'null' instead.
2026-06-20 13:06:06,635 INFO o.a.j.r.c.ReportGeneratorConfiguration: Property 'jmeter.reportgenerator.end_date' not found, using default value 'null' instead.
2026-06-20 13:06:06,635 INFO o.a.j.r.c.ReportGeneratorConfiguration: Property 'jmeter.reportgenerator.date_format' not found, using default value 'null' instead.
2026-06-20 13:06:06,635 INFO o.a.j.r.c.ReportGeneratorConfiguration: Will use date range start date: null, end date: null
2026-06-20 13:06:06,638 INFO o.a.j.r.c.ReportGeneratorConfiguration: Property 'jmeter.reportgenerator.graph.totalTPS.exclude_controllers' not found, using default value 'false' instead.
2026-06-20 13:06:06,638 INFO o.a.j.r.c.ReportGeneratorConfiguration: Property 'jmeter.reportgenerator.graph.activeThreadsOverTime.exclude_controllers' not found, using default value 'false' instead.
2026-06-20 13:06:06,638 INFO o.a.j.r.c.ReportGeneratorConfiguration: Property 'jmeter.reportgenerator.graph.timeVsThreads.exclude_controllers' not found, using default value 'false' instead.
2026-06-20 13:06:06,638 INFO o.a.j.r.c.ReportGeneratorConfiguration: Property 'jmeter.reportgenerator.graph.responseTimeDistribution.exclude_controllers' not found, using default value 'false' instead.
2026-06-20 13:06:06,638 INFO o.a.j.r.c.ReportGeneratorConfiguration: Property 'jmeter.reportgenerator.graph.transactionsPerSecond.exclude_controllers' not found, using default value 'false' instead.
2026-06-20 13:06:06,638 INFO o.a.j.r.c.ReportGeneratorConfiguration: Property 'jmeter.reportgenerator.graph.responseTimePercentiles.exclude_controllers' not found, using default value 'false' instead.
2026-06-20 13:06:06,638 INFO o.a.j.r.c.ReportGeneratorConfiguration: Property 'jmeter.reportgenerator.graph.responseTimePercentilesOverTime.exclude_controllers' not found, using default value 'false' instead.
2026-06-20 13:06:06,638 INFO o.a.j.r.c.ReportGeneratorConfiguration: Property 'jmeter.reportgenerator.graph.responseTimesOverTime.exclude_controllers' not found, using default value 'false' instead.
2026-06-20 13:06:06,639 INFO o.a.j.r.c.ReportGeneratorConfiguration: Property 'jmeter.reportgenerator.graph.connectTimeOverTime.exclude_controllers' not found, using default value 'false' instead.
2026-06-20 13:06:06,639 INFO o.a.j.r.c.ReportGeneratorConfiguration: Property 'jmeter.reportgenerator.graph.latenciesOverTime.exclude_controllers' not found, using default value 'false' instead.
2026-06-20 13:06:06,639 INFO o.a.j.r.c.ReportGeneratorConfiguration: Property 'jmeter.reportgenerator.exporter.json.filters_only_sample_series' not found, using default value 'true' instead.
2026-06-20 13:06:06,639 INFO o.a.j.r.c.ReportGeneratorConfiguration: Property 'jmeter.reportgenerator.exporter.json.series_filter' not found, using default value '' instead.
2026-06-20 13:06:06,639 INFO o.a.j.r.c.ReportGeneratorConfiguration: Property 'jmeter.reportgenerator.exporter.json.show_controllers_only' not found, using default value 'false' instead.
2026-06-20 13:06:06,640 INFO o.a.j.r.c.ReportGeneratorConfiguration: Property 'jmeter.reportgenerator.exporter.html.filters_only_sample_series' not found, using default value 'true' instead.
2026-06-20 13:06:06,640 INFO o.a.j.r.c.ReportGeneratorConfiguration: Property 'jmeter.reportgenerator.exporter.html.series_filter' not found, using default value '' instead.
2026-06-20 13:06:06,640 INFO o.a.j.r.c.ReportGeneratorConfiguration: Property 'jmeter.reportgenerator.exporter.html.show_controllers_only' not found, using default value 'false' instead.
2026-06-20 13:06:06,649 INFO o.a.j.e.StandardJMeterEngine: Running the test!
2026-06-20 13:06:06,650 INFO o.a.j.s.SampleEvent: List of sample_variables: []
2026-06-20 13:06:06,650 INFO o.a.j.s.SampleEvent: List of sample_variables: []
2026-06-20 13:06:06,653 INFO o.a.j.e.u.CompoundVariable: Note: Function class names must contain the string: '.functions.'
2026-06-20 13:06:06,653 INFO o.a.j.e.u.CompoundVariable: Note: Function class names must not contain the string: '.gui.'
2026-06-20 13:06:06,704 INFO o.a.j.JMeter: Running test (1781949966704)
2026-06-20 13:06:06,728 INFO o.a.j.e.StandardJMeterEngine: Starting ThreadGroup: 1 : Thread Group - until HTTP 503 - 24 users
2026-06-20 13:06:06,728 INFO o.a.j.e.StandardJMeterEngine: Starting 24 threads for group Thread Group - until HTTP 503 - 24 users.
2026-06-20 13:06:06,728 INFO o.a.j.e.StandardJMeterEngine: Thread will continue on error
2026-06-20 13:06:06,728 INFO o.a.j.t.ThreadGroup: Starting thread group... number=1 threads=24 ramp-up=24 delayedStart=false
2026-06-20 13:06:06,733 INFO o.a.j.t.JMeterThread: Thread started: Thread Group - until HTTP 503 - 24 users 1-1
2026-06-20 13:06:06,740 INFO o.a.j.t.ThreadGroup: Started thread group number 1
2026-06-20 13:06:06,740 INFO o.a.j.e.StandardJMeterEngine: All thread groups have been started
2026-06-20 13:06:06,773 INFO o.a.j.p.h.s.HTTPHCAbstractImpl: Local host = seventwocore
2026-06-20 13:06:06,777 INFO o.a.j.p.h.s.HTTPHC4Impl: HTTP request retry count = 0
2026-06-20 13:06:06,779 INFO o.a.j.s.SampleResult: Note: Sample TimeStamps are START times
2026-06-20 13:06:06,779 INFO o.a.j.s.SampleResult: sampleresult.default.encoding is set to UTF-8
2026-06-20 13:06:06,779 INFO o.a.j.s.SampleResult: sampleresult.useNanoTime=true
2026-06-20 13:06:06,779 INFO o.a.j.s.SampleResult: sampleresult.nanoThreadSleep=5000
2026-06-20 13:06:07,730 INFO o.a.j.t.JMeterThread: Thread started: Thread Group - until HTTP 503 - 24 users 1-2
2026-06-20 13:06:08,729 INFO o.a.j.t.JMeterThread: Thread started: Thread Group - until HTTP 503 - 24 users 1-3
2026-06-20 13:06:09,729 INFO o.a.j.t.JMeterThread: Thread started: Thread Group - until HTTP 503 - 24 users 1-4
2026-06-20 13:06:10,729 INFO o.a.j.t.JMeterThread: Thread started: Thread Group - until HTTP 503 - 24 users 1-5
2026-06-20 13:06:11,728 INFO o.a.j.t.JMeterThread: Thread started: Thread Group - until HTTP 503 - 24 users 1-6
2026-06-20 13:06:12,729 INFO o.a.j.t.JMeterThread: Thread started: Thread Group - until HTTP 503 - 24 users 1-7
2026-06-20 13:06:13,729 INFO o.a.j.t.JMeterThread: Thread started: Thread Group - until HTTP 503 - 24 users 1-8
2026-06-20 13:06:14,729 INFO o.a.j.t.JMeterThread: Thread started: Thread Group - until HTTP 503 - 24 users 1-9
2026-06-20 13:06:15,728 INFO o.a.j.t.JMeterThread: Thread started: Thread Group - until HTTP 503 - 24 users 1-10
2026-06-20 13:06:16,729 INFO o.a.j.t.JMeterThread: Thread started: Thread Group - until HTTP 503 - 24 users 1-11
2026-06-20 13:06:17,729 INFO o.a.j.t.JMeterThread: Thread started: Thread Group - until HTTP 503 - 24 users 1-12
2026-06-20 13:06:18,728 INFO o.a.j.t.JMeterThread: Thread started: Thread Group - until HTTP 503 - 24 users 1-13
2026-06-20 13:06:19,730 INFO o.a.j.t.JMeterThread: Thread started: Thread Group - until HTTP 503 - 24 users 1-14
2026-06-20 13:06:20,729 INFO o.a.j.t.JMeterThread: Thread started: Thread Group - until HTTP 503 - 24 users 1-15
2026-06-20 13:06:21,728 INFO o.a.j.t.JMeterThread: Thread started: Thread Group - until HTTP 503 - 24 users 1-16
2026-06-20 13:06:22,730 INFO o.a.j.t.JMeterThread: Thread started: Thread Group - until HTTP 503 - 24 users 1-17
2026-06-20 13:06:23,729 INFO o.a.j.t.JMeterThread: Thread started: Thread Group - until HTTP 503 - 24 users 1-18
2026-06-20 13:06:24,728 INFO o.a.j.t.JMeterThread: Thread started: Thread Group - until HTTP 503 - 24 users 1-19
2026-06-20 13:06:25,728 INFO o.a.j.t.JMeterThread: Thread started: Thread Group - until HTTP 503 - 24 users 1-20
2026-06-20 13:06:26,729 INFO o.a.j.t.JMeterThread: Thread started: Thread Group - until HTTP 503 - 24 users 1-21
2026-06-20 13:06:27,728 INFO o.a.j.t.JMeterThread: Thread started: Thread Group - until HTTP 503 - 24 users 1-22
2026-06-20 13:06:28,729 INFO o.a.j.t.JMeterThread: Thread started: Thread Group - until HTTP 503 - 24 users 1-23
2026-06-20 13:06:29,728 INFO o.a.j.t.JMeterThread: Thread started: Thread Group - until HTTP 503 - 24 users 1-24
2026-06-20 13:06:30,122 INFO o.a.j.r.Summariser: summary +    190 in 00:00:23 =    8.1/s Avg:   375 Min:   335 Max:   442 Err:     0 (0.00%) Active: 24 Started: 24 Finished: 0
2026-06-20 13:07:00,116 INFO o.a.j.r.Summariser: summary +    240 in 00:00:30 =    8.0/s Avg:   390 Min:   370 Max:   436 Err:     0 (0.00%) Active: 24 Started: 24 Finished: 0
2026-06-20 13:07:00,116 INFO o.a.j.r.Summariser: summary =    430 in 00:00:53 =    8.1/s Avg:   383 Min:   335 Max:   442 Err:     0 (0.00%)
2026-06-20 13:07:30,112 INFO o.a.j.r.Summariser: summary +    240 in 00:00:30 =    8.0/s Avg:   391 Min:   369 Max:   448 Err:     0 (0.00%) Active: 24 Started: 24 Finished: 0
2026-06-20 13:07:30,113 INFO o.a.j.r.Summariser: summary =    670 in 00:01:23 =    8.0/s Avg:   386 Min:   335 Max:   448 Err:     0 (0.00%)
2026-06-20 13:07:34,238 INFO o.a.j.t.JMeterThread: Thread finished: Thread Group - until HTTP 503 - 24 users 1-11
2026-06-20 13:07:34,295 INFO o.a.j.t.JMeterThread: Thread finished: Thread Group - until HTTP 503 - 24 users 1-2
2026-06-20 13:07:34,453 INFO o.a.j.t.JMeterThread: Thread finished: Thread Group - until HTTP 503 - 24 users 1-1
2026-06-20 13:07:34,729 INFO o.a.j.t.JMeterThread: Thread finished: Thread Group - until HTTP 503 - 24 users 1-10
2026-06-20 13:07:34,732 INFO o.a.j.t.JMeterThread: Thread finished: Thread Group - until HTTP 503 - 24 users 1-16
2026-06-20 13:07:34,732 INFO o.a.j.t.JMeterThread: Thread finished: Thread Group - until HTTP 503 - 24 users 1-5
2026-06-20 13:07:34,988 INFO o.a.j.t.JMeterThread: Thread finished: Thread Group - until HTTP 503 - 24 users 1-23
2026-06-20 13:07:35,363 INFO o.a.j.t.JMeterThread: Thread finished: Thread Group - until HTTP 503 - 24 users 1-13
2026-06-20 13:07:35,732 INFO o.a.j.t.JMeterThread: Thread finished: Thread Group - until HTTP 503 - 24 users 1-21
2026-06-20 13:07:36,102 INFO o.a.j.t.JMeterThread: Thread finished: Thread Group - until HTTP 503 - 24 users 1-24
2026-06-20 13:07:36,104 INFO o.a.j.t.JMeterThread: Thread finished: Thread Group - until HTTP 503 - 24 users 1-19
2026-06-20 13:07:36,104 INFO o.a.j.t.JMeterThread: Thread finished: Thread Group - until HTTP 503 - 24 users 1-15
2026-06-20 13:07:36,226 INFO o.a.j.t.JMeterThread: Thread finished: Thread Group - until HTTP 503 - 24 users 1-6
2026-06-20 13:07:36,230 INFO o.a.j.t.JMeterThread: Thread finished: Thread Group - until HTTP 503 - 24 users 1-12
2026-06-20 13:07:36,232 INFO o.a.j.t.JMeterThread: Thread finished: Thread Group - until HTTP 503 - 24 users 1-3
2026-06-20 13:07:36,232 INFO o.a.j.t.JMeterThread: Thread finished: Thread Group - until HTTP 503 - 24 users 1-17
2026-06-20 13:07:36,858 INFO o.a.j.t.JMeterThread: Stopping because end time detected by thread: Thread Group - until HTTP 503 - 24 users 1-22
2026-06-20 13:07:36,858 INFO o.a.j.t.JMeterThread: Thread finished: Thread Group - until HTTP 503 - 24 users 1-22
2026-06-20 13:07:36,984 INFO o.a.j.t.JMeterThread: Stopping because end time detected by thread: Thread Group - until HTTP 503 - 24 users 1-18
2026-06-20 13:07:36,984 INFO o.a.j.t.JMeterThread: Thread finished: Thread Group - until HTTP 503 - 24 users 1-18
2026-06-20 13:07:36,986 INFO o.a.j.t.JMeterThread: Stopping because end time detected by thread: Thread Group - until HTTP 503 - 24 users 1-4
2026-06-20 13:07:36,986 INFO o.a.j.t.JMeterThread: Stopping because end time detected by thread: Thread Group - until HTTP 503 - 24 users 1-7
2026-06-20 13:07:36,986 INFO o.a.j.t.JMeterThread: Thread finished: Thread Group - until HTTP 503 - 24 users 1-4
2026-06-20 13:07:36,986 INFO o.a.j.t.JMeterThread: Thread finished: Thread Group - until HTTP 503 - 24 users 1-7
2026-06-20 13:07:37,112 INFO o.a.j.t.JMeterThread: Stopping because end time detected by thread: Thread Group - until HTTP 503 - 24 users 1-20
2026-06-20 13:07:37,112 INFO o.a.j.t.JMeterThread: Thread finished: Thread Group - until HTTP 503 - 24 users 1-20
2026-06-20 13:07:37,115 INFO o.a.j.t.JMeterThread: Stopping because end time detected by thread: Thread Group - until HTTP 503 - 24 users 1-9
2026-06-20 13:07:37,115 INFO o.a.j.t.JMeterThread: Stopping because end time detected by thread: Thread Group - until HTTP 503 - 24 users 1-8
2026-06-20 13:07:37,115 INFO o.a.j.t.JMeterThread: Thread finished: Thread Group - until HTTP 503 - 24 users 1-9
2026-06-20 13:07:37,115 INFO o.a.j.t.JMeterThread: Thread finished: Thread Group - until HTTP 503 - 24 users 1-8
2026-06-20 13:07:37,116 INFO o.a.j.t.JMeterThread: Stopping because end time detected by thread: Thread Group - until HTTP 503 - 24 users 1-14
2026-06-20 13:07:37,117 INFO o.a.j.t.JMeterThread: Thread finished: Thread Group - until HTTP 503 - 24 users 1-14
2026-06-20 13:07:37,117 INFO o.a.j.e.StandardJMeterEngine: Notifying test listeners of end of test
2026-06-20 13:07:37,117 INFO o.a.j.r.Summariser: summary +     62 in 00:00:07 =    8.9/s Avg:   384 Min:   370 Max:   428 Err:     0 (0.00%) Active: 0 Started: 24 Finished: 24
2026-06-20 13:07:37,117 INFO o.a.j.r.Summariser: summary =    732 in 00:01:30 =    8.1/s Avg:   386 Min:   335 Max:   448 Err:     0 (0.00%)
2026-06-20 13:07:37,118 INFO o.a.j.JMeter: Generating Dashboard
2026-06-20 13:07:37,118 INFO o.a.j.r.d.ReportGenerator: Flushing result collector before report Generation
2026-06-20 13:07:37,126 INFO o.a.j.r.p.NormalizerSampleConsumer: Using format, 'ms', to parse timeStamp field
2026-06-20 13:07:37,192 INFO o.a.j.r.p.AbstractSampleConsumer: class org.apache.jmeter.report.processor.AggregateConsumer#stopProducing(): beginDate produced 0 samples
2026-06-20 13:07:37,192 INFO o.a.j.r.p.AbstractSampleConsumer: class org.apache.jmeter.report.processor.AggregateConsumer#stopProducing(): endDate produced 0 samples
2026-06-20 13:07:37,193 INFO o.a.j.r.p.AbstractSampleConsumer: class org.apache.jmeter.report.processor.ApdexSummaryConsumer#stopProducing(): apdexSummary produced 0 samples
2026-06-20 13:07:37,193 INFO o.a.j.r.p.AbstractSampleConsumer: class org.apache.jmeter.report.processor.RequestsSummaryConsumer#stopProducing(): requestsSummary produced 0 samples
2026-06-20 13:07:37,197 INFO o.a.j.r.p.AbstractSampleConsumer: class org.apache.jmeter.report.processor.StatisticsSummaryConsumer#stopProducing(): statisticsSummary produced 0 samples
2026-06-20 13:07:37,198 INFO o.a.j.r.p.AbstractSampleConsumer: class org.apache.jmeter.report.processor.Top5ErrorsBySamplerConsumer#stopProducing(): top5ErrorsBySampler produced 0 samples
2026-06-20 13:07:37,198 INFO o.a.j.r.p.AbstractSampleConsumer: class org.apache.jmeter.report.processor.ErrorsSummaryConsumer#stopProducing(): errorsSummary produced 0 samples
2026-06-20 13:07:37,198 INFO o.a.j.r.p.AbstractSampleConsumer: class org.apache.jmeter.report.processor.graph.impl.HitsPerSecondGraphConsumer#stopProducing(): hitsPerSecond produced 0 samples
2026-06-20 13:07:37,211 INFO o.a.j.r.p.AbstractSampleConsumer: class org.apache.jmeter.report.processor.graph.impl.LatencyVSRequestGraphConsumer#stopProducing(): latencyVsRequest produced 0 samples
2026-06-20 13:07:37,212 INFO o.a.j.r.p.AbstractSampleConsumer: class org.apache.jmeter.report.processor.graph.impl.SyntheticResponseTimeDistributionGraphConsumer#stopProducing(): syntheticResponseTimeDistribution produced 0 samples
2026-06-20 13:07:37,212 INFO o.a.j.r.p.AbstractSampleConsumer: class org.apache.jmeter.report.processor.graph.impl.BytesThroughputGraphConsumer#stopProducing(): bytesThroughputOverTime produced 0 samples
2026-06-20 13:07:37,212 INFO o.a.j.r.p.AbstractSampleConsumer: class org.apache.jmeter.report.processor.graph.impl.CodesPerSecondGraphConsumer#stopProducing(): codesPerSecond produced 0 samples
2026-06-20 13:07:37,219 INFO o.a.j.r.p.AbstractSampleConsumer: class org.apache.jmeter.report.processor.graph.impl.ResponseTimeVSRequestGraphConsumer#stopProducing(): responseTimeVsRequest produced 0 samples
2026-06-20 13:07:37,219 INFO o.a.j.r.p.AbstractSampleConsumer: class org.apache.jmeter.report.processor.FilterConsumer#stopProducing(): startIntervalControlerFilter produced 5124 samples
2026-06-20 13:07:37,219 INFO o.a.j.r.p.AbstractSampleConsumer: class org.apache.jmeter.report.processor.graph.impl.TotalTPSGraphConsumer#stopProducing(): totalTPS produced 0 samples
2026-06-20 13:07:37,219 INFO o.a.j.r.p.AbstractSampleConsumer: class org.apache.jmeter.report.processor.graph.impl.ActiveThreadsGraphConsumer#stopProducing(): activeThreadsOverTime produced 0 samples
2026-06-20 13:07:37,219 INFO o.a.j.r.p.AbstractSampleConsumer: class org.apache.jmeter.report.processor.graph.impl.TimeVSThreadGraphConsumer#stopProducing(): timeVsThreads produced 0 samples
2026-06-20 13:07:37,220 INFO o.a.j.r.p.AbstractSampleConsumer: class org.apache.jmeter.report.processor.graph.impl.ResponseTimeDistributionGraphConsumer#stopProducing(): responseTimeDistribution produced 0 samples
2026-06-20 13:07:37,220 INFO o.a.j.r.p.AbstractSampleConsumer: class org.apache.jmeter.report.processor.graph.impl.TransactionsPerSecondGraphConsumer#stopProducing(): transactionsPerSecond produced 0 samples
2026-06-20 13:07:37,220 INFO o.a.j.r.p.AbstractSampleConsumer: class org.apache.jmeter.report.processor.graph.impl.ResponseTimePercentilesGraphConsumer#stopProducing(): responseTimePercentiles produced 0 samples
2026-06-20 13:07:37,220 INFO o.a.j.r.p.AbstractSampleConsumer: class org.apache.jmeter.report.processor.graph.impl.ResponseTimePercentilesOverTimeGraphConsumer#stopProducing(): responseTimePercentilesOverTime produced 0 samples
2026-06-20 13:07:37,221 INFO o.a.j.r.p.AbstractSampleConsumer: class org.apache.jmeter.report.processor.graph.impl.ResponseTimeOverTimeGraphConsumer#stopProducing(): responseTimesOverTime produced 0 samples
2026-06-20 13:07:37,221 INFO o.a.j.r.p.AbstractSampleConsumer: class org.apache.jmeter.report.processor.graph.impl.ConnectTimeOverTimeGraphConsumer#stopProducing(): connectTimeOverTime produced 0 samples
2026-06-20 13:07:37,221 INFO o.a.j.r.p.AbstractSampleConsumer: class org.apache.jmeter.report.processor.graph.impl.LatencyOverTimeGraphConsumer#stopProducing(): latenciesOverTime produced 0 samples
2026-06-20 13:07:37,221 INFO o.a.j.r.p.AbstractSampleConsumer: class org.apache.jmeter.report.processor.FilterConsumer#stopProducing(): nameFilter produced 10980 samples
2026-06-20 13:07:37,221 INFO o.a.j.r.p.AbstractSampleConsumer: class org.apache.jmeter.report.processor.FilterConsumer#stopProducing(): dateRangeFilter produced 2196 samples
2026-06-20 13:07:37,221 INFO o.a.j.r.p.AbstractSampleConsumer: class org.apache.jmeter.report.processor.NormalizerSampleConsumer#stopProducing(): normalizer produced 732 samples
2026-06-20 13:07:37,222 INFO o.a.j.r.p.CsvFileSampleSource: produce(): 732 samples produced in 77ms on channel 0
2026-06-20 13:07:37,222 INFO o.a.j.r.d.ReportGenerator: Exporting data using exporter:'json' of className:'org.apache.jmeter.report.dashboard.JsonExporter'
2026-06-20 13:07:37,271 INFO o.a.j.r.d.JsonExporter: Found data for consumer statisticsSummary in context
2026-06-20 13:07:37,271 INFO o.a.j.r.d.JsonExporter: Creating statistics for overall
2026-06-20 13:07:37,271 INFO o.a.j.r.d.JsonExporter: Creating statistics for other transactions
2026-06-20 13:07:37,272 INFO o.a.j.r.d.JsonExporter: Checking output folder
2026-06-20 13:07:37,272 INFO o.a.j.r.d.JsonExporter: Writing statistics JSON to /home/seventwo/github/tpo-sub-four/html_reports/stress_until_503/24users_480rpm/statistics.json
2026-06-20 13:07:37,299 INFO o.a.j.r.d.ReportGenerator: Exporting data using exporter:'html' of className:'org.apache.jmeter.report.dashboard.HtmlTemplateExporter'
2026-06-20 13:07:37,300 INFO o.a.j.r.d.HtmlTemplateExporter: Will generate dashboard in folder: /home/seventwo/github/tpo-sub-four/html_reports/stress_until_503/24users_480rpm
2026-06-20 13:07:37,346 INFO o.a.j.r.d.HtmlTemplateExporter: Report will be generated in: /home/seventwo/github/tpo-sub-four/html_reports/stress_until_503/24users_480rpm, creating folder structure
2026-06-20 13:07:37,348 INFO o.a.j.r.d.TemplateVisitor: Copying folder from '/opt/jmeter/bin/report-template' to '/home/seventwo/github/tpo-sub-four/html_reports/stress_until_503/24users_480rpm', got message: /home/seventwo/github/tpo-sub-four/html_reports/stress_until_503/24users_480rpm, found non empty folder with following content [/home/seventwo/github/tpo-sub-four/html_reports/stress_until_503/24users_480rpm/statistics.json], will be ignored
2026-06-20 13:07:37,462 INFO o.a.j.JMeter: Dashboard generated
