2026-06-20 13:26:40,160 INFO o.a.j.u.JMeterUtils: Setting Locale to en_EN
2026-06-20 13:26:40,171 INFO o.a.j.JMeter: Loading user properties from: /opt/jmeter/bin/user.properties
2026-06-20 13:26:40,171 INFO o.a.j.JMeter: Loading system properties from: /opt/jmeter/bin/system.properties
2026-06-20 13:26:40,172 INFO o.a.j.JMeter: Setting JMeter property: jmeter.save.saveservice.output_format=csv
2026-06-20 13:26:40,172 INFO o.a.j.JMeter: Setting JMeter property: jmeter.save.saveservice.print_field_names=true
2026-06-20 13:26:40,172 INFO o.a.j.JMeter: Setting JMeter property: jmeter.save.saveservice.timestamp_format=ms
2026-06-20 13:26:40,172 INFO o.a.j.JMeter: Setting JMeter property: jmeter.save.saveservice.time=true
2026-06-20 13:26:40,172 INFO o.a.j.JMeter: Setting JMeter property: jmeter.save.saveservice.latency=true
2026-06-20 13:26:40,172 INFO o.a.j.JMeter: Setting JMeter property: jmeter.save.saveservice.label=true
2026-06-20 13:26:40,172 INFO o.a.j.JMeter: Setting JMeter property: jmeter.save.saveservice.response_code=true
2026-06-20 13:26:40,172 INFO o.a.j.JMeter: Setting JMeter property: jmeter.save.saveservice.response_message=true
2026-06-20 13:26:40,172 INFO o.a.j.JMeter: Setting JMeter property: jmeter.save.saveservice.successful=true
2026-06-20 13:26:40,172 INFO o.a.j.JMeter: Setting JMeter property: jmeter.save.saveservice.assertion_results_failure_message=true
2026-06-20 13:26:40,172 INFO o.a.j.JMeter: Setting JMeter property: jmeter.save.saveservice.thread_name=true
2026-06-20 13:26:40,172 INFO o.a.j.JMeter: Setting JMeter property: jmeter.save.saveservice.thread_counts=true
2026-06-20 13:26:40,172 INFO o.a.j.JMeter: Setting JMeter property: jmeter.save.saveservice.connect_time=true
2026-06-20 13:26:40,177 INFO o.a.j.JMeter: Copyright (c) 1998-2024 The Apache Software Foundation
2026-06-20 13:26:40,177 INFO o.a.j.JMeter: Version 5.6.3
2026-06-20 13:26:40,177 INFO o.a.j.JMeter: java.version=26.0.1
2026-06-20 13:26:40,177 INFO o.a.j.JMeter: java.vm.name=OpenJDK 64-Bit Server VM
2026-06-20 13:26:40,177 INFO o.a.j.JMeter: os.name=Linux
2026-06-20 13:26:40,177 INFO o.a.j.JMeter: os.arch=amd64
2026-06-20 13:26:40,177 INFO o.a.j.JMeter: os.version=6.18.33-1-MANJARO
2026-06-20 13:26:40,177 INFO o.a.j.JMeter: file.encoding=UTF-8
2026-06-20 13:26:40,177 INFO o.a.j.JMeter: java.awt.headless=true
2026-06-20 13:26:40,177 INFO o.a.j.JMeter: Max memory     =1073741824
2026-06-20 13:26:40,177 INFO o.a.j.JMeter: Available Processors =16
2026-06-20 13:26:40,186 INFO o.a.j.JMeter: Default Locale=English (EN)
2026-06-20 13:26:40,187 INFO o.a.j.JMeter: JMeter  Locale=English (EN)
2026-06-20 13:26:40,187 INFO o.a.j.JMeter: JMeterHome=/opt/jmeter
2026-06-20 13:26:40,187 INFO o.a.j.JMeter: user.dir  =/home/seventwo/github/tpo-sub-four
2026-06-20 13:26:40,187 INFO o.a.j.JMeter: PWD       =/home/seventwo/github/tpo-sub-four
2026-06-20 13:26:40,187 INFO o.a.j.JMeter: IP: 192.168.0.102 Name: seventwocore FullName: seventwocore
2026-06-20 13:26:40,194 INFO o.a.j.JMeter: Setting property 'jmeter.reportgenerator.outputdir' to:'/home/seventwo/github/tpo-sub-four/html_reports/stress_until_503/176users_3520rpm'
2026-06-20 13:26:40,196 INFO o.a.j.s.FileServer: Default base='/home/seventwo/github/tpo-sub-four'
2026-06-20 13:26:40,197 INFO o.a.j.s.FileServer: Set new base='/home/seventwo/github/tpo-sub-four/quality_jmeter_plans/stress_until_503'
2026-06-20 13:26:40,359 INFO o.a.j.s.SaveService: Testplan (JMX) version: 2.2. Testlog (JTL) version: 2.2
2026-06-20 13:26:40,376 INFO o.a.j.s.SaveService: Using SaveService properties version 5.0
2026-06-20 13:26:40,379 INFO o.a.j.s.SaveService: Using SaveService properties file encoding UTF-8
2026-06-20 13:26:40,381 INFO o.a.j.s.SaveService: Loading file: quality_jmeter_plans/stress_until_503/stress_until_503_176users_3520rpm_ctt.jmx
2026-06-20 13:26:40,419 INFO o.a.j.p.h.s.HTTPSamplerBase: Parser for text/html is org.apache.jmeter.protocol.http.parser.LagartoBasedHtmlParser
2026-06-20 13:26:40,419 INFO o.a.j.p.h.s.HTTPSamplerBase: Parser for application/xhtml+xml is org.apache.jmeter.protocol.http.parser.LagartoBasedHtmlParser
2026-06-20 13:26:40,419 INFO o.a.j.p.h.s.HTTPSamplerBase: Parser for application/xml is org.apache.jmeter.protocol.http.parser.LagartoBasedHtmlParser
2026-06-20 13:26:40,419 INFO o.a.j.p.h.s.HTTPSamplerBase: Parser for text/xml is org.apache.jmeter.protocol.http.parser.LagartoBasedHtmlParser
2026-06-20 13:26:40,419 INFO o.a.j.p.h.s.HTTPSamplerBase: Parser for text/vnd.wap.wml is org.apache.jmeter.protocol.http.parser.RegexpHTMLParser
2026-06-20 13:26:40,419 INFO o.a.j.p.h.s.HTTPSamplerBase: Parser for text/css is org.apache.jmeter.protocol.http.parser.CssParser
2026-06-20 13:26:40,428 INFO o.a.j.JMeter: Creating summariser <summary>
2026-06-20 13:26:40,434 INFO o.a.j.r.d.ReportGenerator: ReportGenerator will use for Parsing the separator: ','
2026-06-20 13:26:40,434 INFO o.a.j.r.d.ReportGenerator: Will generate report at end of test from  results file: results/stress_until_503/stress_until_503_176users_3520rpm.jtl
2026-06-20 13:26:40,434 INFO o.a.j.r.d.ReportGenerator: Reading report generator properties from: /opt/jmeter/bin/reportgenerator.properties
2026-06-20 13:26:40,435 INFO o.a.j.r.d.ReportGenerator: Merging with JMeter properties
2026-06-20 13:26:40,437 INFO o.a.j.r.c.ReportGeneratorConfiguration: Property 'jmeter.reportgenerator.temp_dir' not found, using default value 'temp' instead.
2026-06-20 13:26:40,438 INFO o.a.j.r.c.ReportGeneratorConfiguration: Property 'jmeter.reportgenerator.apdex_per_transaction' not found, using default value 'null' instead.
2026-06-20 13:26:40,438 INFO o.a.j.r.c.ReportGeneratorConfiguration: apdex_per_transaction is empty, not APDEX per transaction customization
2026-06-20 13:26:40,438 INFO o.a.j.r.c.ReportGeneratorConfiguration: Property 'jmeter.reportgenerator.sample_filter' not found, using default value 'null' instead.
2026-06-20 13:26:40,438 INFO o.a.j.r.c.ReportGeneratorConfiguration: Property 'jmeter.reportgenerator.report_title' not found, using default value 'null' instead.
2026-06-20 13:26:40,438 INFO o.a.j.r.c.ReportGeneratorConfiguration: Property 'jmeter.reportgenerator.start_date' not found, using default value 'null' instead.
2026-06-20 13:26:40,438 INFO o.a.j.r.c.ReportGeneratorConfiguration: Property 'jmeter.reportgenerator.end_date' not found, using default value 'null' instead.
2026-06-20 13:26:40,438 INFO o.a.j.r.c.ReportGeneratorConfiguration: Property 'jmeter.reportgenerator.date_format' not found, using default value 'null' instead.
2026-06-20 13:26:40,439 INFO o.a.j.r.c.ReportGeneratorConfiguration: Will use date range start date: null, end date: null
2026-06-20 13:26:40,441 INFO o.a.j.r.c.ReportGeneratorConfiguration: Property 'jmeter.reportgenerator.graph.totalTPS.exclude_controllers' not found, using default value 'false' instead.
2026-06-20 13:26:40,441 INFO o.a.j.r.c.ReportGeneratorConfiguration: Property 'jmeter.reportgenerator.graph.activeThreadsOverTime.exclude_controllers' not found, using default value 'false' instead.
2026-06-20 13:26:40,441 INFO o.a.j.r.c.ReportGeneratorConfiguration: Property 'jmeter.reportgenerator.graph.timeVsThreads.exclude_controllers' not found, using default value 'false' instead.
2026-06-20 13:26:40,441 INFO o.a.j.r.c.ReportGeneratorConfiguration: Property 'jmeter.reportgenerator.graph.responseTimeDistribution.exclude_controllers' not found, using default value 'false' instead.
2026-06-20 13:26:40,441 INFO o.a.j.r.c.ReportGeneratorConfiguration: Property 'jmeter.reportgenerator.graph.transactionsPerSecond.exclude_controllers' not found, using default value 'false' instead.
2026-06-20 13:26:40,441 INFO o.a.j.r.c.ReportGeneratorConfiguration: Property 'jmeter.reportgenerator.graph.responseTimePercentiles.exclude_controllers' not found, using default value 'false' instead.
2026-06-20 13:26:40,441 INFO o.a.j.r.c.ReportGeneratorConfiguration: Property 'jmeter.reportgenerator.graph.responseTimePercentilesOverTime.exclude_controllers' not found, using default value 'false' instead.
2026-06-20 13:26:40,442 INFO o.a.j.r.c.ReportGeneratorConfiguration: Property 'jmeter.reportgenerator.graph.responseTimesOverTime.exclude_controllers' not found, using default value 'false' instead.
2026-06-20 13:26:40,442 INFO o.a.j.r.c.ReportGeneratorConfiguration: Property 'jmeter.reportgenerator.graph.connectTimeOverTime.exclude_controllers' not found, using default value 'false' instead.
2026-06-20 13:26:40,442 INFO o.a.j.r.c.ReportGeneratorConfiguration: Property 'jmeter.reportgenerator.graph.latenciesOverTime.exclude_controllers' not found, using default value 'false' instead.
2026-06-20 13:26:40,442 INFO o.a.j.r.c.ReportGeneratorConfiguration: Property 'jmeter.reportgenerator.exporter.json.filters_only_sample_series' not found, using default value 'true' instead.
2026-06-20 13:26:40,442 INFO o.a.j.r.c.ReportGeneratorConfiguration: Property 'jmeter.reportgenerator.exporter.json.series_filter' not found, using default value '' instead.
2026-06-20 13:26:40,442 INFO o.a.j.r.c.ReportGeneratorConfiguration: Property 'jmeter.reportgenerator.exporter.json.show_controllers_only' not found, using default value 'false' instead.
2026-06-20 13:26:40,443 INFO o.a.j.r.c.ReportGeneratorConfiguration: Property 'jmeter.reportgenerator.exporter.html.filters_only_sample_series' not found, using default value 'true' instead.
2026-06-20 13:26:40,443 INFO o.a.j.r.c.ReportGeneratorConfiguration: Property 'jmeter.reportgenerator.exporter.html.series_filter' not found, using default value '' instead.
2026-06-20 13:26:40,443 INFO o.a.j.r.c.ReportGeneratorConfiguration: Property 'jmeter.reportgenerator.exporter.html.show_controllers_only' not found, using default value 'false' instead.
2026-06-20 13:26:40,450 INFO o.a.j.e.StandardJMeterEngine: Running the test!
2026-06-20 13:26:40,451 INFO o.a.j.s.SampleEvent: List of sample_variables: []
2026-06-20 13:26:40,451 INFO o.a.j.s.SampleEvent: List of sample_variables: []
2026-06-20 13:26:40,454 INFO o.a.j.e.u.CompoundVariable: Note: Function class names must contain the string: '.functions.'
2026-06-20 13:26:40,454 INFO o.a.j.e.u.CompoundVariable: Note: Function class names must not contain the string: '.gui.'
2026-06-20 13:26:40,500 INFO o.a.j.JMeter: Running test (1781951200500)
2026-06-20 13:26:40,521 INFO o.a.j.e.StandardJMeterEngine: Starting ThreadGroup: 1 : Thread Group - until HTTP 503 - 176 users
2026-06-20 13:26:40,522 INFO o.a.j.e.StandardJMeterEngine: Starting 176 threads for group Thread Group - until HTTP 503 - 176 users.
2026-06-20 13:26:40,522 INFO o.a.j.e.StandardJMeterEngine: Thread will continue on error
2026-06-20 13:26:40,522 INFO o.a.j.t.ThreadGroup: Starting thread group... number=1 threads=176 ramp-up=60 delayedStart=false
2026-06-20 13:26:40,527 INFO o.a.j.t.JMeterThread: Thread started: Thread Group - until HTTP 503 - 176 users 1-1
2026-06-20 13:26:40,579 INFO o.a.j.p.h.s.HTTPHCAbstractImpl: Local host = seventwocore
2026-06-20 13:26:40,580 INFO o.a.j.t.ThreadGroup: Started thread group number 1
2026-06-20 13:26:40,580 INFO o.a.j.e.StandardJMeterEngine: All thread groups have been started
2026-06-20 13:26:40,584 INFO o.a.j.p.h.s.HTTPHC4Impl: HTTP request retry count = 0
2026-06-20 13:26:40,584 INFO o.a.j.s.SampleResult: Note: Sample TimeStamps are START times
2026-06-20 13:26:40,585 INFO o.a.j.s.SampleResult: sampleresult.default.encoding is set to UTF-8
2026-06-20 13:26:40,585 INFO o.a.j.s.SampleResult: sampleresult.useNanoTime=true
2026-06-20 13:26:40,585 INFO o.a.j.s.SampleResult: sampleresult.nanoThreadSleep=5000
2026-06-20 13:26:40,865 INFO o.a.j.t.JMeterThread: Thread started: Thread Group - until HTTP 503 - 176 users 1-2
2026-06-20 13:26:41,205 INFO o.a.j.t.JMeterThread: Thread started: Thread Group - until HTTP 503 - 176 users 1-3
2026-06-20 13:26:41,546 INFO o.a.j.t.JMeterThread: Thread started: Thread Group - until HTTP 503 - 176 users 1-4
2026-06-20 13:26:41,886 INFO o.a.j.t.JMeterThread: Thread started: Thread Group - until HTTP 503 - 176 users 1-5
2026-06-20 13:26:42,228 INFO o.a.j.t.JMeterThread: Thread started: Thread Group - until HTTP 503 - 176 users 1-6
2026-06-20 13:26:42,569 INFO o.a.j.t.JMeterThread: Thread started: Thread Group - until HTTP 503 - 176 users 1-7
2026-06-20 13:26:42,909 INFO o.a.j.t.JMeterThread: Thread started: Thread Group - until HTTP 503 - 176 users 1-8
2026-06-20 13:26:43,251 INFO o.a.j.t.JMeterThread: Thread started: Thread Group - until HTTP 503 - 176 users 1-9
2026-06-20 13:26:43,591 INFO o.a.j.t.JMeterThread: Thread started: Thread Group - until HTTP 503 - 176 users 1-10
2026-06-20 13:26:43,933 INFO o.a.j.t.JMeterThread: Thread started: Thread Group - until HTTP 503 - 176 users 1-11
2026-06-20 13:26:44,273 INFO o.a.j.t.JMeterThread: Thread started: Thread Group - until HTTP 503 - 176 users 1-12
2026-06-20 13:26:44,614 INFO o.a.j.t.JMeterThread: Thread started: Thread Group - until HTTP 503 - 176 users 1-13
2026-06-20 13:26:44,956 INFO o.a.j.t.JMeterThread: Thread started: Thread Group - until HTTP 503 - 176 users 1-14
2026-06-20 13:26:45,296 INFO o.a.j.t.JMeterThread: Thread started: Thread Group - until HTTP 503 - 176 users 1-15
2026-06-20 13:26:45,637 INFO o.a.j.t.JMeterThread: Thread started: Thread Group - until HTTP 503 - 176 users 1-16
2026-06-20 13:26:45,979 INFO o.a.j.t.JMeterThread: Thread started: Thread Group - until HTTP 503 - 176 users 1-17
2026-06-20 13:26:46,320 INFO o.a.j.t.JMeterThread: Thread started: Thread Group - until HTTP 503 - 176 users 1-18
2026-06-20 13:26:46,660 INFO o.a.j.t.JMeterThread: Thread started: Thread Group - until HTTP 503 - 176 users 1-19
2026-06-20 13:26:47,001 INFO o.a.j.t.JMeterThread: Thread started: Thread Group - until HTTP 503 - 176 users 1-20
2026-06-20 13:26:47,344 INFO o.a.j.t.JMeterThread: Thread started: Thread Group - until HTTP 503 - 176 users 1-21
2026-06-20 13:26:47,683 INFO o.a.j.t.JMeterThread: Thread started: Thread Group - until HTTP 503 - 176 users 1-22
2026-06-20 13:26:48,026 INFO o.a.j.t.JMeterThread: Thread started: Thread Group - until HTTP 503 - 176 users 1-23
2026-06-20 13:26:48,365 INFO o.a.j.t.JMeterThread: Thread started: Thread Group - until HTTP 503 - 176 users 1-24
2026-06-20 13:26:48,706 INFO o.a.j.t.JMeterThread: Thread started: Thread Group - until HTTP 503 - 176 users 1-25
2026-06-20 13:26:49,048 INFO o.a.j.t.JMeterThread: Thread started: Thread Group - until HTTP 503 - 176 users 1-26
2026-06-20 13:26:49,390 INFO o.a.j.t.JMeterThread: Thread started: Thread Group - until HTTP 503 - 176 users 1-27
2026-06-20 13:26:49,729 INFO o.a.j.t.JMeterThread: Thread started: Thread Group - until HTTP 503 - 176 users 1-28
2026-06-20 13:26:50,070 INFO o.a.j.t.JMeterThread: Thread started: Thread Group - until HTTP 503 - 176 users 1-29
2026-06-20 13:26:50,412 INFO o.a.j.t.JMeterThread: Thread started: Thread Group - until HTTP 503 - 176 users 1-30
2026-06-20 13:26:50,754 INFO o.a.j.t.JMeterThread: Thread started: Thread Group - until HTTP 503 - 176 users 1-31
2026-06-20 13:26:51,093 INFO o.a.j.t.JMeterThread: Thread started: Thread Group - until HTTP 503 - 176 users 1-32
2026-06-20 13:26:51,434 INFO o.a.j.t.JMeterThread: Thread started: Thread Group - until HTTP 503 - 176 users 1-33
2026-06-20 13:26:51,775 INFO o.a.j.t.JMeterThread: Thread started: Thread Group - until HTTP 503 - 176 users 1-34
2026-06-20 13:26:52,117 INFO o.a.j.t.JMeterThread: Thread started: Thread Group - until HTTP 503 - 176 users 1-35
2026-06-20 13:26:52,459 INFO o.a.j.t.JMeterThread: Thread started: Thread Group - until HTTP 503 - 176 users 1-36
2026-06-20 13:26:52,798 INFO o.a.j.t.JMeterThread: Thread started: Thread Group - until HTTP 503 - 176 users 1-37
2026-06-20 13:26:53,139 INFO o.a.j.t.JMeterThread: Thread started: Thread Group - until HTTP 503 - 176 users 1-38
2026-06-20 13:26:53,480 INFO o.a.j.t.JMeterThread: Thread started: Thread Group - until HTTP 503 - 176 users 1-39
2026-06-20 13:26:53,821 INFO o.a.j.t.JMeterThread: Thread started: Thread Group - until HTTP 503 - 176 users 1-40
2026-06-20 13:26:54,163 INFO o.a.j.t.JMeterThread: Thread started: Thread Group - until HTTP 503 - 176 users 1-41
2026-06-20 13:26:54,503 INFO o.a.j.t.JMeterThread: Thread started: Thread Group - until HTTP 503 - 176 users 1-42
2026-06-20 13:26:54,845 INFO o.a.j.t.JMeterThread: Thread started: Thread Group - until HTTP 503 - 176 users 1-43
2026-06-20 13:26:55,185 INFO o.a.j.t.JMeterThread: Thread started: Thread Group - until HTTP 503 - 176 users 1-44
2026-06-20 13:26:55,526 INFO o.a.j.t.JMeterThread: Thread started: Thread Group - until HTTP 503 - 176 users 1-45
2026-06-20 13:26:55,868 INFO o.a.j.t.JMeterThread: Thread started: Thread Group - until HTTP 503 - 176 users 1-46
2026-06-20 13:26:56,209 INFO o.a.j.t.JMeterThread: Thread started: Thread Group - until HTTP 503 - 176 users 1-47
2026-06-20 13:26:56,549 INFO o.a.j.t.JMeterThread: Thread started: Thread Group - until HTTP 503 - 176 users 1-48
2026-06-20 13:26:56,891 INFO o.a.j.t.JMeterThread: Thread started: Thread Group - until HTTP 503 - 176 users 1-49
2026-06-20 13:26:57,232 INFO o.a.j.t.JMeterThread: Thread started: Thread Group - until HTTP 503 - 176 users 1-50
2026-06-20 13:26:57,572 INFO o.a.j.t.JMeterThread: Thread started: Thread Group - until HTTP 503 - 176 users 1-51
2026-06-20 13:26:57,913 INFO o.a.j.t.JMeterThread: Thread started: Thread Group - until HTTP 503 - 176 users 1-52
2026-06-20 13:26:58,254 INFO o.a.j.t.JMeterThread: Thread started: Thread Group - until HTTP 503 - 176 users 1-53
2026-06-20 13:26:58,596 INFO o.a.j.t.JMeterThread: Thread started: Thread Group - until HTTP 503 - 176 users 1-54
2026-06-20 13:26:58,937 INFO o.a.j.t.JMeterThread: Thread started: Thread Group - until HTTP 503 - 176 users 1-55
2026-06-20 13:26:59,277 INFO o.a.j.t.JMeterThread: Thread started: Thread Group - until HTTP 503 - 176 users 1-56
2026-06-20 13:26:59,619 INFO o.a.j.t.JMeterThread: Thread started: Thread Group - until HTTP 503 - 176 users 1-57
2026-06-20 13:26:59,959 INFO o.a.j.t.JMeterThread: Thread started: Thread Group - until HTTP 503 - 176 users 1-58
2026-06-20 13:27:00,262 INFO o.a.j.r.Summariser: summary +    539 in 00:00:20 =   27.3/s Avg:   971 Min:   343 Max:  1905 Err:   330 (61.22%) Active: 58 Started: 58 Finished: 0
2026-06-20 13:27:00,301 INFO o.a.j.t.JMeterThread: Thread started: Thread Group - until HTTP 503 - 176 users 1-59
2026-06-20 13:27:00,641 INFO o.a.j.t.JMeterThread: Thread started: Thread Group - until HTTP 503 - 176 users 1-60
2026-06-20 13:27:00,983 INFO o.a.j.t.JMeterThread: Thread started: Thread Group - until HTTP 503 - 176 users 1-61
2026-06-20 13:27:01,323 INFO o.a.j.t.JMeterThread: Thread started: Thread Group - until HTTP 503 - 176 users 1-62
2026-06-20 13:27:01,665 INFO o.a.j.t.JMeterThread: Thread started: Thread Group - until HTTP 503 - 176 users 1-63
2026-06-20 13:27:02,005 INFO o.a.j.t.JMeterThread: Thread started: Thread Group - until HTTP 503 - 176 users 1-64
2026-06-20 13:27:02,347 INFO o.a.j.t.JMeterThread: Thread started: Thread Group - until HTTP 503 - 176 users 1-65
2026-06-20 13:27:02,687 INFO o.a.j.t.JMeterThread: Thread started: Thread Group - until HTTP 503 - 176 users 1-66
2026-06-20 13:27:03,029 INFO o.a.j.t.JMeterThread: Thread started: Thread Group - until HTTP 503 - 176 users 1-67
2026-06-20 13:27:03,369 INFO o.a.j.t.JMeterThread: Thread started: Thread Group - until HTTP 503 - 176 users 1-68
2026-06-20 13:27:03,711 INFO o.a.j.t.JMeterThread: Thread started: Thread Group - until HTTP 503 - 176 users 1-69
2026-06-20 13:27:04,051 INFO o.a.j.t.JMeterThread: Thread started: Thread Group - until HTTP 503 - 176 users 1-70
2026-06-20 13:27:04,392 INFO o.a.j.t.JMeterThread: Thread started: Thread Group - until HTTP 503 - 176 users 1-71
2026-06-20 13:27:04,734 INFO o.a.j.t.JMeterThread: Thread started: Thread Group - until HTTP 503 - 176 users 1-72
2026-06-20 13:27:05,075 INFO o.a.j.t.JMeterThread: Thread started: Thread Group - until HTTP 503 - 176 users 1-73
2026-06-20 13:27:05,416 INFO o.a.j.t.JMeterThread: Thread started: Thread Group - until HTTP 503 - 176 users 1-74
2026-06-20 13:27:05,756 INFO o.a.j.t.JMeterThread: Thread started: Thread Group - until HTTP 503 - 176 users 1-75
2026-06-20 13:27:06,097 INFO o.a.j.t.JMeterThread: Thread started: Thread Group - until HTTP 503 - 176 users 1-76
2026-06-20 13:27:06,439 INFO o.a.j.t.JMeterThread: Thread started: Thread Group - until HTTP 503 - 176 users 1-77
2026-06-20 13:27:06,780 INFO o.a.j.t.JMeterThread: Thread started: Thread Group - until HTTP 503 - 176 users 1-78
2026-06-20 13:27:07,120 INFO o.a.j.t.JMeterThread: Thread started: Thread Group - until HTTP 503 - 176 users 1-79
2026-06-20 13:27:07,461 INFO o.a.j.t.JMeterThread: Thread started: Thread Group - until HTTP 503 - 176 users 1-80
2026-06-20 13:27:07,802 INFO o.a.j.t.JMeterThread: Thread started: Thread Group - until HTTP 503 - 176 users 1-81
2026-06-20 13:27:08,157 INFO o.a.j.t.JMeterThread: Thread started: Thread Group - until HTTP 503 - 176 users 1-82
2026-06-20 13:27:08,485 INFO o.a.j.t.JMeterThread: Thread started: Thread Group - until HTTP 503 - 176 users 1-83
2026-06-20 13:27:08,827 INFO o.a.j.t.JMeterThread: Thread started: Thread Group - until HTTP 503 - 176 users 1-84
2026-06-20 13:27:09,167 INFO o.a.j.t.JMeterThread: Thread started: Thread Group - until HTTP 503 - 176 users 1-85
2026-06-20 13:27:09,507 INFO o.a.j.t.JMeterThread: Thread started: Thread Group - until HTTP 503 - 176 users 1-86
2026-06-20 13:27:09,848 INFO o.a.j.t.JMeterThread: Thread started: Thread Group - until HTTP 503 - 176 users 1-87
2026-06-20 13:27:10,190 INFO o.a.j.t.JMeterThread: Thread started: Thread Group - until HTTP 503 - 176 users 1-88
2026-06-20 13:27:10,530 INFO o.a.j.t.JMeterThread: Thread started: Thread Group - until HTTP 503 - 176 users 1-89
2026-06-20 13:27:10,871 INFO o.a.j.t.JMeterThread: Thread started: Thread Group - until HTTP 503 - 176 users 1-90
2026-06-20 13:27:11,214 INFO o.a.j.t.JMeterThread: Thread started: Thread Group - until HTTP 503 - 176 users 1-91
2026-06-20 13:27:11,554 INFO o.a.j.t.JMeterThread: Thread started: Thread Group - until HTTP 503 - 176 users 1-92
2026-06-20 13:27:11,894 INFO o.a.j.t.JMeterThread: Thread started: Thread Group - until HTTP 503 - 176 users 1-93
2026-06-20 13:27:12,235 INFO o.a.j.t.JMeterThread: Thread started: Thread Group - until HTTP 503 - 176 users 1-94
2026-06-20 13:27:12,576 INFO o.a.j.t.JMeterThread: Thread started: Thread Group - until HTTP 503 - 176 users 1-95
2026-06-20 13:27:12,918 INFO o.a.j.t.JMeterThread: Thread started: Thread Group - until HTTP 503 - 176 users 1-96
2026-06-20 13:27:13,258 INFO o.a.j.t.JMeterThread: Thread started: Thread Group - until HTTP 503 - 176 users 1-97
2026-06-20 13:27:13,599 INFO o.a.j.t.JMeterThread: Thread started: Thread Group - until HTTP 503 - 176 users 1-98
2026-06-20 13:27:13,940 INFO o.a.j.t.JMeterThread: Thread started: Thread Group - until HTTP 503 - 176 users 1-99
2026-06-20 13:27:14,282 INFO o.a.j.t.JMeterThread: Thread started: Thread Group - until HTTP 503 - 176 users 1-100
2026-06-20 13:27:14,622 INFO o.a.j.t.JMeterThread: Thread started: Thread Group - until HTTP 503 - 176 users 1-101
2026-06-20 13:27:14,963 INFO o.a.j.t.JMeterThread: Thread started: Thread Group - until HTTP 503 - 176 users 1-102
2026-06-20 13:27:15,304 INFO o.a.j.t.JMeterThread: Thread started: Thread Group - until HTTP 503 - 176 users 1-103
2026-06-20 13:27:15,646 INFO o.a.j.t.JMeterThread: Thread started: Thread Group - until HTTP 503 - 176 users 1-104
2026-06-20 13:27:15,987 INFO o.a.j.t.JMeterThread: Thread started: Thread Group - until HTTP 503 - 176 users 1-105
2026-06-20 13:27:16,327 INFO o.a.j.t.JMeterThread: Thread started: Thread Group - until HTTP 503 - 176 users 1-106
2026-06-20 13:27:16,669 INFO o.a.j.t.JMeterThread: Thread started: Thread Group - until HTTP 503 - 176 users 1-107
2026-06-20 13:27:17,010 INFO o.a.j.t.JMeterThread: Thread started: Thread Group - until HTTP 503 - 176 users 1-108
2026-06-20 13:27:17,351 INFO o.a.j.t.JMeterThread: Thread started: Thread Group - until HTTP 503 - 176 users 1-109
2026-06-20 13:27:17,692 INFO o.a.j.t.JMeterThread: Thread started: Thread Group - until HTTP 503 - 176 users 1-110
2026-06-20 13:27:18,033 INFO o.a.j.t.JMeterThread: Thread started: Thread Group - until HTTP 503 - 176 users 1-111
2026-06-20 13:27:18,373 INFO o.a.j.t.JMeterThread: Thread started: Thread Group - until HTTP 503 - 176 users 1-112
2026-06-20 13:27:18,715 INFO o.a.j.t.JMeterThread: Thread started: Thread Group - until HTTP 503 - 176 users 1-113
2026-06-20 13:27:19,056 INFO o.a.j.t.JMeterThread: Thread started: Thread Group - until HTTP 503 - 176 users 1-114
2026-06-20 13:27:19,396 INFO o.a.j.t.JMeterThread: Thread started: Thread Group - until HTTP 503 - 176 users 1-115
2026-06-20 13:27:19,737 INFO o.a.j.t.JMeterThread: Thread started: Thread Group - until HTTP 503 - 176 users 1-116
2026-06-20 13:27:20,078 INFO o.a.j.t.JMeterThread: Thread started: Thread Group - until HTTP 503 - 176 users 1-117
2026-06-20 13:27:20,420 INFO o.a.j.t.JMeterThread: Thread started: Thread Group - until HTTP 503 - 176 users 1-118
2026-06-20 13:27:20,760 INFO o.a.j.t.JMeterThread: Thread started: Thread Group - until HTTP 503 - 176 users 1-119
2026-06-20 13:27:21,101 INFO o.a.j.t.JMeterThread: Thread started: Thread Group - until HTTP 503 - 176 users 1-120
2026-06-20 13:27:21,442 INFO o.a.j.t.JMeterThread: Thread started: Thread Group - until HTTP 503 - 176 users 1-121
2026-06-20 13:27:21,783 INFO o.a.j.t.JMeterThread: Thread started: Thread Group - until HTTP 503 - 176 users 1-122
2026-06-20 13:27:22,125 INFO o.a.j.t.JMeterThread: Thread started: Thread Group - until HTTP 503 - 176 users 1-123
2026-06-20 13:27:22,465 INFO o.a.j.t.JMeterThread: Thread started: Thread Group - until HTTP 503 - 176 users 1-124
2026-06-20 13:27:22,807 INFO o.a.j.t.JMeterThread: Thread started: Thread Group - until HTTP 503 - 176 users 1-125
2026-06-20 13:27:23,149 INFO o.a.j.t.JMeterThread: Thread started: Thread Group - until HTTP 503 - 176 users 1-126
2026-06-20 13:27:23,488 INFO o.a.j.t.JMeterThread: Thread started: Thread Group - until HTTP 503 - 176 users 1-127
2026-06-20 13:27:23,829 INFO o.a.j.t.JMeterThread: Thread started: Thread Group - until HTTP 503 - 176 users 1-128
2026-06-20 13:27:24,171 INFO o.a.j.t.JMeterThread: Thread started: Thread Group - until HTTP 503 - 176 users 1-129
2026-06-20 13:27:24,511 INFO o.a.j.t.JMeterThread: Thread started: Thread Group - until HTTP 503 - 176 users 1-130
2026-06-20 13:27:24,852 INFO o.a.j.t.JMeterThread: Thread started: Thread Group - until HTTP 503 - 176 users 1-131
2026-06-20 13:27:25,193 INFO o.a.j.t.JMeterThread: Thread started: Thread Group - until HTTP 503 - 176 users 1-132
2026-06-20 13:27:25,535 INFO o.a.j.t.JMeterThread: Thread started: Thread Group - until HTTP 503 - 176 users 1-133
2026-06-20 13:27:25,876 INFO o.a.j.t.JMeterThread: Thread started: Thread Group - until HTTP 503 - 176 users 1-134
2026-06-20 13:27:26,216 INFO o.a.j.t.JMeterThread: Thread started: Thread Group - until HTTP 503 - 176 users 1-135
2026-06-20 13:27:26,557 INFO o.a.j.t.JMeterThread: Thread started: Thread Group - until HTTP 503 - 176 users 1-136
2026-06-20 13:27:26,898 INFO o.a.j.t.JMeterThread: Thread started: Thread Group - until HTTP 503 - 176 users 1-137
2026-06-20 13:27:27,239 INFO o.a.j.t.JMeterThread: Thread started: Thread Group - until HTTP 503 - 176 users 1-138
2026-06-20 13:27:27,581 INFO o.a.j.t.JMeterThread: Thread started: Thread Group - until HTTP 503 - 176 users 1-139
2026-06-20 13:27:27,923 INFO o.a.j.t.JMeterThread: Thread started: Thread Group - until HTTP 503 - 176 users 1-140
2026-06-20 13:27:28,262 INFO o.a.j.t.JMeterThread: Thread started: Thread Group - until HTTP 503 - 176 users 1-141
2026-06-20 13:27:28,603 INFO o.a.j.t.JMeterThread: Thread started: Thread Group - until HTTP 503 - 176 users 1-142
2026-06-20 13:27:28,944 INFO o.a.j.t.JMeterThread: Thread started: Thread Group - until HTTP 503 - 176 users 1-143
2026-06-20 13:27:29,285 INFO o.a.j.t.JMeterThread: Thread started: Thread Group - until HTTP 503 - 176 users 1-144
2026-06-20 13:27:29,626 INFO o.a.j.t.JMeterThread: Thread started: Thread Group - until HTTP 503 - 176 users 1-145
2026-06-20 13:27:29,968 INFO o.a.j.t.JMeterThread: Thread started: Thread Group - until HTTP 503 - 176 users 1-146
2026-06-20 13:27:30,308 INFO o.a.j.t.JMeterThread: Thread started: Thread Group - until HTTP 503 - 176 users 1-147
2026-06-20 13:27:30,649 INFO o.a.j.t.JMeterThread: Thread started: Thread Group - until HTTP 503 - 176 users 1-148
2026-06-20 13:27:30,651 INFO o.a.j.r.Summariser: summary +    907 in 00:00:30 =   29.8/s Avg:  3056 Min:  1328 Max:  4931 Err:   907 (100.00%) Active: 148 Started: 148 Finished: 0
2026-06-20 13:27:30,651 INFO o.a.j.r.Summariser: summary =   1446 in 00:00:50 =   28.8/s Avg:  2279 Min:   343 Max:  4931 Err:  1237 (85.55%)
2026-06-20 13:27:30,990 INFO o.a.j.t.JMeterThread: Thread started: Thread Group - until HTTP 503 - 176 users 1-149
2026-06-20 13:27:31,331 INFO o.a.j.t.JMeterThread: Thread started: Thread Group - until HTTP 503 - 176 users 1-150
2026-06-20 13:27:31,673 INFO o.a.j.t.JMeterThread: Thread started: Thread Group - until HTTP 503 - 176 users 1-151
2026-06-20 13:27:32,014 INFO o.a.j.t.JMeterThread: Thread started: Thread Group - until HTTP 503 - 176 users 1-152
2026-06-20 13:27:32,355 INFO o.a.j.t.JMeterThread: Thread started: Thread Group - until HTTP 503 - 176 users 1-153
2026-06-20 13:27:32,695 INFO o.a.j.t.JMeterThread: Thread started: Thread Group - until HTTP 503 - 176 users 1-154
2026-06-20 13:27:33,036 INFO o.a.j.t.JMeterThread: Thread started: Thread Group - until HTTP 503 - 176 users 1-155
2026-06-20 13:27:33,378 INFO o.a.j.t.JMeterThread: Thread started: Thread Group - until HTTP 503 - 176 users 1-156
2026-06-20 13:27:33,718 INFO o.a.j.t.JMeterThread: Thread started: Thread Group - until HTTP 503 - 176 users 1-157
2026-06-20 13:27:34,059 INFO o.a.j.t.JMeterThread: Thread started: Thread Group - until HTTP 503 - 176 users 1-158
2026-06-20 13:27:34,401 INFO o.a.j.t.JMeterThread: Thread started: Thread Group - until HTTP 503 - 176 users 1-159
2026-06-20 13:27:34,741 INFO o.a.j.t.JMeterThread: Thread started: Thread Group - until HTTP 503 - 176 users 1-160
2026-06-20 13:27:35,083 INFO o.a.j.t.JMeterThread: Thread started: Thread Group - until HTTP 503 - 176 users 1-161
2026-06-20 13:27:35,423 INFO o.a.j.t.JMeterThread: Thread started: Thread Group - until HTTP 503 - 176 users 1-162
2026-06-20 13:27:35,764 INFO o.a.j.t.JMeterThread: Thread started: Thread Group - until HTTP 503 - 176 users 1-163
2026-06-20 13:27:36,105 INFO o.a.j.t.JMeterThread: Thread started: Thread Group - until HTTP 503 - 176 users 1-164
2026-06-20 13:27:36,447 INFO o.a.j.t.JMeterThread: Thread started: Thread Group - until HTTP 503 - 176 users 1-165
2026-06-20 13:27:36,787 INFO o.a.j.t.JMeterThread: Thread started: Thread Group - until HTTP 503 - 176 users 1-166
2026-06-20 13:27:37,128 INFO o.a.j.t.JMeterThread: Thread started: Thread Group - until HTTP 503 - 176 users 1-167
2026-06-20 13:27:37,470 INFO o.a.j.t.JMeterThread: Thread started: Thread Group - until HTTP 503 - 176 users 1-168
2026-06-20 13:27:37,810 INFO o.a.j.t.JMeterThread: Thread started: Thread Group - until HTTP 503 - 176 users 1-169
2026-06-20 13:27:38,151 INFO o.a.j.t.JMeterThread: Thread started: Thread Group - until HTTP 503 - 176 users 1-170
2026-06-20 13:27:38,493 INFO o.a.j.t.JMeterThread: Thread started: Thread Group - until HTTP 503 - 176 users 1-171
2026-06-20 13:27:38,834 INFO o.a.j.t.JMeterThread: Thread started: Thread Group - until HTTP 503 - 176 users 1-172
2026-06-20 13:27:39,175 INFO o.a.j.t.JMeterThread: Thread started: Thread Group - until HTTP 503 - 176 users 1-173
2026-06-20 13:27:39,516 INFO o.a.j.t.JMeterThread: Thread started: Thread Group - until HTTP 503 - 176 users 1-174
2026-06-20 13:27:39,856 INFO o.a.j.t.JMeterThread: Thread started: Thread Group - until HTTP 503 - 176 users 1-175
2026-06-20 13:27:40,197 INFO o.a.j.t.JMeterThread: Thread started: Thread Group - until HTTP 503 - 176 users 1-176
2026-06-20 13:28:00,807 INFO o.a.j.r.Summariser: summary +    914 in 00:00:30 =   30.3/s Avg:  5590 Min:  3738 Max:  8412 Err:   914 (100.00%) Active: 176 Started: 176 Finished: 0
2026-06-20 13:28:00,807 INFO o.a.j.r.Summariser: summary =   2360 in 00:01:20 =   29.4/s Avg:  3561 Min:   343 Max:  8412 Err:  2151 (91.14%)
2026-06-20 13:28:10,561 INFO o.a.j.t.JMeterThread: Stopping because end time detected by thread: Thread Group - until HTTP 503 - 176 users 1-31
2026-06-20 13:28:10,561 INFO o.a.j.t.JMeterThread: Thread finished: Thread Group - until HTTP 503 - 176 users 1-31
2026-06-20 13:28:13,732 INFO o.a.j.t.JMeterThread: Stopping because end time detected by thread: Thread Group - until HTTP 503 - 176 users 1-77
2026-06-20 13:28:13,732 INFO o.a.j.t.JMeterThread: Stopping because end time detected by thread: Thread Group - until HTTP 503 - 176 users 1-109
2026-06-20 13:28:13,732 INFO o.a.j.t.JMeterThread: Thread finished: Thread Group - until HTTP 503 - 176 users 1-77
2026-06-20 13:28:13,732 INFO o.a.j.t.JMeterThread: Thread finished: Thread Group - until HTTP 503 - 176 users 1-109
2026-06-20 13:28:13,732 INFO o.a.j.t.JMeterThread: Stopping because end time detected by thread: Thread Group - until HTTP 503 - 176 users 1-102
2026-06-20 13:28:13,732 INFO o.a.j.t.JMeterThread: Stopping because end time detected by thread: Thread Group - until HTTP 503 - 176 users 1-119
2026-06-20 13:28:13,732 INFO o.a.j.t.JMeterThread: Stopping because end time detected by thread: Thread Group - until HTTP 503 - 176 users 1-53
2026-06-20 13:28:13,732 INFO o.a.j.t.JMeterThread: Stopping because end time detected by thread: Thread Group - until HTTP 503 - 176 users 1-137
2026-06-20 13:28:13,732 INFO o.a.j.t.JMeterThread: Thread finished: Thread Group - until HTTP 503 - 176 users 1-102
2026-06-20 13:28:13,732 INFO o.a.j.t.JMeterThread: Thread finished: Thread Group - until HTTP 503 - 176 users 1-53
2026-06-20 13:28:13,732 INFO o.a.j.t.JMeterThread: Thread finished: Thread Group - until HTTP 503 - 176 users 1-137
2026-06-20 13:28:13,732 INFO o.a.j.t.JMeterThread: Stopping because end time detected by thread: Thread Group - until HTTP 503 - 176 users 1-104
2026-06-20 13:28:13,733 INFO o.a.j.t.JMeterThread: Thread finished: Thread Group - until HTTP 503 - 176 users 1-119
2026-06-20 13:28:13,733 INFO o.a.j.t.JMeterThread: Stopping because end time detected by thread: Thread Group - until HTTP 503 - 176 users 1-12
2026-06-20 13:28:13,733 INFO o.a.j.t.JMeterThread: Stopping because end time detected by thread: Thread Group - until HTTP 503 - 176 users 1-76
2026-06-20 13:28:13,733 INFO o.a.j.t.JMeterThread: Stopping because end time detected by thread: Thread Group - until HTTP 503 - 176 users 1-118
2026-06-20 13:28:13,733 INFO o.a.j.t.JMeterThread: Stopping because end time detected by thread: Thread Group - until HTTP 503 - 176 users 1-114
2026-06-20 13:28:13,733 INFO o.a.j.t.JMeterThread: Thread finished: Thread Group - until HTTP 503 - 176 users 1-104
2026-06-20 13:28:13,733 INFO o.a.j.t.JMeterThread: Stopping because end time detected by thread: Thread Group - until HTTP 503 - 176 users 1-93
2026-06-20 13:28:13,733 INFO o.a.j.t.JMeterThread: Thread finished: Thread Group - until HTTP 503 - 176 users 1-118
2026-06-20 13:28:13,733 INFO o.a.j.t.JMeterThread: Thread finished: Thread Group - until HTTP 503 - 176 users 1-12
2026-06-20 13:28:13,733 INFO o.a.j.t.JMeterThread: Thread finished: Thread Group - until HTTP 503 - 176 users 1-93
2026-06-20 13:28:13,733 INFO o.a.j.t.JMeterThread: Thread finished: Thread Group - until HTTP 503 - 176 users 1-76
2026-06-20 13:28:13,733 INFO o.a.j.t.JMeterThread: Thread finished: Thread Group - until HTTP 503 - 176 users 1-114
2026-06-20 13:28:13,734 INFO o.a.j.t.JMeterThread: Stopping because end time detected by thread: Thread Group - until HTTP 503 - 176 users 1-39
2026-06-20 13:28:13,734 INFO o.a.j.t.JMeterThread: Stopping because end time detected by thread: Thread Group - until HTTP 503 - 176 users 1-65
2026-06-20 13:28:13,734 INFO o.a.j.t.JMeterThread: Stopping because end time detected by thread: Thread Group - until HTTP 503 - 176 users 1-55
2026-06-20 13:28:13,734 INFO o.a.j.t.JMeterThread: Stopping because end time detected by thread: Thread Group - until HTTP 503 - 176 users 1-4
2026-06-20 13:28:13,734 INFO o.a.j.t.JMeterThread: Stopping because end time detected by thread: Thread Group - until HTTP 503 - 176 users 1-152
2026-06-20 13:28:13,734 INFO o.a.j.t.JMeterThread: Stopping because end time detected by thread: Thread Group - until HTTP 503 - 176 users 1-87
2026-06-20 13:28:13,734 INFO o.a.j.t.JMeterThread: Stopping because end time detected by thread: Thread Group - until HTTP 503 - 176 users 1-151
2026-06-20 13:28:13,734 INFO o.a.j.t.JMeterThread: Stopping because end time detected by thread: Thread Group - until HTTP 503 - 176 users 1-64
2026-06-20 13:28:13,734 INFO o.a.j.t.JMeterThread: Stopping because end time detected by thread: Thread Group - until HTTP 503 - 176 users 1-157
2026-06-20 13:28:13,734 INFO o.a.j.t.JMeterThread: Thread finished: Thread Group - until HTTP 503 - 176 users 1-64
2026-06-20 13:28:13,734 INFO o.a.j.t.JMeterThread: Stopping because end time detected by thread: Thread Group - until HTTP 503 - 176 users 1-10
2026-06-20 13:28:13,734 INFO o.a.j.t.JMeterThread: Stopping because end time detected by thread: Thread Group - until HTTP 503 - 176 users 1-58
2026-06-20 13:28:13,734 INFO o.a.j.t.JMeterThread: Stopping because end time detected by thread: Thread Group - until HTTP 503 - 176 users 1-80
2026-06-20 13:28:13,734 INFO o.a.j.t.JMeterThread: Stopping because end time detected by thread: Thread Group - until HTTP 503 - 176 users 1-70
2026-06-20 13:28:13,734 INFO o.a.j.t.JMeterThread: Thread finished: Thread Group - until HTTP 503 - 176 users 1-58
2026-06-20 13:28:13,734 INFO o.a.j.t.JMeterThread: Thread finished: Thread Group - until HTTP 503 - 176 users 1-39
2026-06-20 13:28:13,734 INFO o.a.j.t.JMeterThread: Thread finished: Thread Group - until HTTP 503 - 176 users 1-80
2026-06-20 13:28:13,734 INFO o.a.j.t.JMeterThread: Thread finished: Thread Group - until HTTP 503 - 176 users 1-55
2026-06-20 13:28:13,734 INFO o.a.j.t.JMeterThread: Stopping because end time detected by thread: Thread Group - until HTTP 503 - 176 users 1-167
2026-06-20 13:28:13,734 INFO o.a.j.t.JMeterThread: Thread finished: Thread Group - until HTTP 503 - 176 users 1-4
2026-06-20 13:28:13,734 INFO o.a.j.t.JMeterThread: Stopping because end time detected by thread: Thread Group - until HTTP 503 - 176 users 1-81
2026-06-20 13:28:13,734 INFO o.a.j.t.JMeterThread: Thread finished: Thread Group - until HTTP 503 - 176 users 1-151
2026-06-20 13:28:13,734 INFO o.a.j.t.JMeterThread: Stopping because end time detected by thread: Thread Group - until HTTP 503 - 176 users 1-28
2026-06-20 13:28:13,735 INFO o.a.j.t.JMeterThread: Thread finished: Thread Group - until HTTP 503 - 176 users 1-81
2026-06-20 13:28:13,734 INFO o.a.j.t.JMeterThread: Thread finished: Thread Group - until HTTP 503 - 176 users 1-152
2026-06-20 13:28:13,734 INFO o.a.j.t.JMeterThread: Thread finished: Thread Group - until HTTP 503 - 176 users 1-87
2026-06-20 13:28:13,735 INFO o.a.j.t.JMeterThread: Thread finished: Thread Group - until HTTP 503 - 176 users 1-28
2026-06-20 13:28:13,734 INFO o.a.j.t.JMeterThread: Stopping because end time detected by thread: Thread Group - until HTTP 503 - 176 users 1-19
2026-06-20 13:28:13,734 INFO o.a.j.t.JMeterThread: Thread finished: Thread Group - until HTTP 503 - 176 users 1-157
2026-06-20 13:28:13,734 INFO o.a.j.t.JMeterThread: Thread finished: Thread Group - until HTTP 503 - 176 users 1-10
2026-06-20 13:28:13,735 INFO o.a.j.t.JMeterThread: Thread finished: Thread Group - until HTTP 503 - 176 users 1-19
2026-06-20 13:28:13,734 INFO o.a.j.t.JMeterThread: Thread finished: Thread Group - until HTTP 503 - 176 users 1-65
2026-06-20 13:28:13,734 INFO o.a.j.t.JMeterThread: Thread finished: Thread Group - until HTTP 503 - 176 users 1-167
2026-06-20 13:28:13,735 INFO o.a.j.t.JMeterThread: Thread finished: Thread Group - until HTTP 503 - 176 users 1-70
2026-06-20 13:28:13,735 INFO o.a.j.t.JMeterThread: Stopping because end time detected by thread: Thread Group - until HTTP 503 - 176 users 1-24
2026-06-20 13:28:13,735 INFO o.a.j.t.JMeterThread: Stopping because end time detected by thread: Thread Group - until HTTP 503 - 176 users 1-16
2026-06-20 13:28:13,735 INFO o.a.j.t.JMeterThread: Stopping because end time detected by thread: Thread Group - until HTTP 503 - 176 users 1-36
2026-06-20 13:28:13,735 INFO o.a.j.t.JMeterThread: Thread finished: Thread Group - until HTTP 503 - 176 users 1-24
2026-06-20 13:28:13,735 INFO o.a.j.t.JMeterThread: Thread finished: Thread Group - until HTTP 503 - 176 users 1-16
2026-06-20 13:28:13,735 INFO o.a.j.t.JMeterThread: Thread finished: Thread Group - until HTTP 503 - 176 users 1-36
2026-06-20 13:28:13,782 INFO o.a.j.t.JMeterThread: Stopping because end time detected by thread: Thread Group - until HTTP 503 - 176 users 1-82
2026-06-20 13:28:13,782 INFO o.a.j.t.JMeterThread: Stopping because end time detected by thread: Thread Group - until HTTP 503 - 176 users 1-98
2026-06-20 13:28:13,782 INFO o.a.j.t.JMeterThread: Stopping because end time detected by thread: Thread Group - until HTTP 503 - 176 users 1-106
2026-06-20 13:28:13,782 INFO o.a.j.t.JMeterThread: Thread finished: Thread Group - until HTTP 503 - 176 users 1-98
2026-06-20 13:28:13,782 INFO o.a.j.t.JMeterThread: Thread finished: Thread Group - until HTTP 503 - 176 users 1-82
2026-06-20 13:28:13,782 INFO o.a.j.t.JMeterThread: Thread finished: Thread Group - until HTTP 503 - 176 users 1-106
2026-06-20 13:28:13,782 INFO o.a.j.t.JMeterThread: Stopping because end time detected by thread: Thread Group - until HTTP 503 - 176 users 1-34
2026-06-20 13:28:13,782 INFO o.a.j.t.JMeterThread: Stopping because end time detected by thread: Thread Group - until HTTP 503 - 176 users 1-44
2026-06-20 13:28:13,782 INFO o.a.j.t.JMeterThread: Stopping because end time detected by thread: Thread Group - until HTTP 503 - 176 users 1-128
2026-06-20 13:28:13,782 INFO o.a.j.t.JMeterThread: Thread finished: Thread Group - until HTTP 503 - 176 users 1-44
2026-06-20 13:28:13,782 INFO o.a.j.t.JMeterThread: Stopping because end time detected by thread: Thread Group - until HTTP 503 - 176 users 1-115
2026-06-20 13:28:13,782 INFO o.a.j.t.JMeterThread: Stopping because end time detected by thread: Thread Group - until HTTP 503 - 176 users 1-67
2026-06-20 13:28:13,782 INFO o.a.j.t.JMeterThread: Thread finished: Thread Group - until HTTP 503 - 176 users 1-115
2026-06-20 13:28:13,782 INFO o.a.j.t.JMeterThread: Thread finished: Thread Group - until HTTP 503 - 176 users 1-34
2026-06-20 13:28:13,782 INFO o.a.j.t.JMeterThread: Thread finished: Thread Group - until HTTP 503 - 176 users 1-67
2026-06-20 13:28:13,782 INFO o.a.j.t.JMeterThread: Thread finished: Thread Group - until HTTP 503 - 176 users 1-128
2026-06-20 13:28:13,783 INFO o.a.j.t.JMeterThread: Stopping because end time detected by thread: Thread Group - until HTTP 503 - 176 users 1-96
2026-06-20 13:28:13,783 INFO o.a.j.t.JMeterThread: Stopping because end time detected by thread: Thread Group - until HTTP 503 - 176 users 1-7
2026-06-20 13:28:13,783 INFO o.a.j.t.JMeterThread: Stopping because end time detected by thread: Thread Group - until HTTP 503 - 176 users 1-133
2026-06-20 13:28:13,783 INFO o.a.j.t.JMeterThread: Stopping because end time detected by thread: Thread Group - until HTTP 503 - 176 users 1-142
2026-06-20 13:28:13,783 INFO o.a.j.t.JMeterThread: Stopping because end time detected by thread: Thread Group - until HTTP 503 - 176 users 1-138
2026-06-20 13:28:13,783 INFO o.a.j.t.JMeterThread: Thread finished: Thread Group - until HTTP 503 - 176 users 1-142
2026-06-20 13:28:13,783 INFO o.a.j.t.JMeterThread: Thread finished: Thread Group - until HTTP 503 - 176 users 1-7
2026-06-20 13:28:13,783 INFO o.a.j.t.JMeterThread: Thread finished: Thread Group - until HTTP 503 - 176 users 1-96
2026-06-20 13:28:13,783 INFO o.a.j.t.JMeterThread: Thread finished: Thread Group - until HTTP 503 - 176 users 1-133
2026-06-20 13:28:13,783 INFO o.a.j.t.JMeterThread: Thread finished: Thread Group - until HTTP 503 - 176 users 1-138
2026-06-20 13:28:13,784 INFO o.a.j.t.JMeterThread: Stopping because end time detected by thread: Thread Group - until HTTP 503 - 176 users 1-126
2026-06-20 13:28:13,784 INFO o.a.j.t.JMeterThread: Thread finished: Thread Group - until HTTP 503 - 176 users 1-126
2026-06-20 13:28:13,806 INFO o.a.j.t.JMeterThread: Stopping because end time detected by thread: Thread Group - until HTTP 503 - 176 users 1-41
2026-06-20 13:28:13,806 INFO o.a.j.t.JMeterThread: Thread finished: Thread Group - until HTTP 503 - 176 users 1-41
2026-06-20 13:28:13,834 INFO o.a.j.t.JMeterThread: Stopping because end time detected by thread: Thread Group - until HTTP 503 - 176 users 1-22
2026-06-20 13:28:13,834 INFO o.a.j.t.JMeterThread: Thread finished: Thread Group - until HTTP 503 - 176 users 1-22
2026-06-20 13:28:13,947 INFO o.a.j.t.JMeterThread: Stopping because end time detected by thread: Thread Group - until HTTP 503 - 176 users 1-134
2026-06-20 13:28:13,948 INFO o.a.j.t.JMeterThread: Thread finished: Thread Group - until HTTP 503 - 176 users 1-134
2026-06-20 13:28:13,950 INFO o.a.j.t.JMeterThread: Stopping because end time detected by thread: Thread Group - until HTTP 503 - 176 users 1-143
2026-06-20 13:28:13,950 INFO o.a.j.t.JMeterThread: Stopping because end time detected by thread: Thread Group - until HTTP 503 - 176 users 1-141
2026-06-20 13:28:13,950 INFO o.a.j.t.JMeterThread: Stopping because end time detected by thread: Thread Group - until HTTP 503 - 176 users 1-158
2026-06-20 13:28:13,950 INFO o.a.j.t.JMeterThread: Thread finished: Thread Group - until HTTP 503 - 176 users 1-143
2026-06-20 13:28:13,950 INFO o.a.j.t.JMeterThread: Thread finished: Thread Group - until HTTP 503 - 176 users 1-158
2026-06-20 13:28:13,950 INFO o.a.j.t.JMeterThread: Thread finished: Thread Group - until HTTP 503 - 176 users 1-141
2026-06-20 13:28:13,982 INFO o.a.j.t.JMeterThread: Stopping because end time detected by thread: Thread Group - until HTTP 503 - 176 users 1-166
2026-06-20 13:28:13,982 INFO o.a.j.t.JMeterThread: Stopping because end time detected by thread: Thread Group - until HTTP 503 - 176 users 1-160
2026-06-20 13:28:13,982 INFO o.a.j.t.JMeterThread: Thread finished: Thread Group - until HTTP 503 - 176 users 1-166
2026-06-20 13:28:13,982 INFO o.a.j.t.JMeterThread: Thread finished: Thread Group - until HTTP 503 - 176 users 1-160
2026-06-20 13:28:13,982 INFO o.a.j.t.JMeterThread: Stopping because end time detected by thread: Thread Group - until HTTP 503 - 176 users 1-97
2026-06-20 13:28:13,982 INFO o.a.j.t.JMeterThread: Stopping because end time detected by thread: Thread Group - until HTTP 503 - 176 users 1-3
2026-06-20 13:28:13,982 INFO o.a.j.t.JMeterThread: Thread finished: Thread Group - until HTTP 503 - 176 users 1-97
2026-06-20 13:28:13,982 INFO o.a.j.t.JMeterThread: Stopping because end time detected by thread: Thread Group - until HTTP 503 - 176 users 1-154
2026-06-20 13:28:13,982 INFO o.a.j.t.JMeterThread: Stopping because end time detected by thread: Thread Group - until HTTP 503 - 176 users 1-161
2026-06-20 13:28:13,982 INFO o.a.j.t.JMeterThread: Stopping because end time detected by thread: Thread Group - until HTTP 503 - 176 users 1-74
2026-06-20 13:28:13,982 INFO o.a.j.t.JMeterThread: Thread finished: Thread Group - until HTTP 503 - 176 users 1-3
2026-06-20 13:28:13,982 INFO o.a.j.t.JMeterThread: Thread finished: Thread Group - until HTTP 503 - 176 users 1-161
2026-06-20 13:28:13,982 INFO o.a.j.t.JMeterThread: Thread finished: Thread Group - until HTTP 503 - 176 users 1-154
2026-06-20 13:28:13,982 INFO o.a.j.t.JMeterThread: Thread finished: Thread Group - until HTTP 503 - 176 users 1-74
2026-06-20 13:28:13,983 INFO o.a.j.t.JMeterThread: Stopping because end time detected by thread: Thread Group - until HTTP 503 - 176 users 1-145
2026-06-20 13:28:13,983 INFO o.a.j.t.JMeterThread: Stopping because end time detected by thread: Thread Group - until HTTP 503 - 176 users 1-159
2026-06-20 13:28:13,983 INFO o.a.j.t.JMeterThread: Stopping because end time detected by thread: Thread Group - until HTTP 503 - 176 users 1-163
2026-06-20 13:28:13,983 INFO o.a.j.t.JMeterThread: Stopping because end time detected by thread: Thread Group - until HTTP 503 - 176 users 1-125
2026-06-20 13:28:13,983 INFO o.a.j.t.JMeterThread: Stopping because end time detected by thread: Thread Group - until HTTP 503 - 176 users 1-40
2026-06-20 13:28:13,984 INFO o.a.j.t.JMeterThread: Thread finished: Thread Group - until HTTP 503 - 176 users 1-125
2026-06-20 13:28:13,983 INFO o.a.j.t.JMeterThread: Thread finished: Thread Group - until HTTP 503 - 176 users 1-163
2026-06-20 13:28:13,984 INFO o.a.j.t.JMeterThread: Thread finished: Thread Group - until HTTP 503 - 176 users 1-40
2026-06-20 13:28:13,983 INFO o.a.j.t.JMeterThread: Thread finished: Thread Group - until HTTP 503 - 176 users 1-159
2026-06-20 13:28:13,984 INFO o.a.j.t.JMeterThread: Thread finished: Thread Group - until HTTP 503 - 176 users 1-145
2026-06-20 13:28:13,985 INFO o.a.j.t.JMeterThread: Stopping because end time detected by thread: Thread Group - until HTTP 503 - 176 users 1-38
2026-06-20 13:28:13,985 INFO o.a.j.t.JMeterThread: Stopping because end time detected by thread: Thread Group - until HTTP 503 - 176 users 1-11
2026-06-20 13:28:13,985 INFO o.a.j.t.JMeterThread: Stopping because end time detected by thread: Thread Group - until HTTP 503 - 176 users 1-42
2026-06-20 13:28:13,985 INFO o.a.j.t.JMeterThread: Thread finished: Thread Group - until HTTP 503 - 176 users 1-38
2026-06-20 13:28:13,985 INFO o.a.j.t.JMeterThread: Stopping because end time detected by thread: Thread Group - until HTTP 503 - 176 users 1-9
2026-06-20 13:28:13,985 INFO o.a.j.t.JMeterThread: Thread finished: Thread Group - until HTTP 503 - 176 users 1-11
2026-06-20 13:28:13,985 INFO o.a.j.t.JMeterThread: Thread finished: Thread Group - until HTTP 503 - 176 users 1-42
2026-06-20 13:28:13,985 INFO o.a.j.t.JMeterThread: Thread finished: Thread Group - until HTTP 503 - 176 users 1-9
2026-06-20 13:28:14,034 INFO o.a.j.t.JMeterThread: Stopping because end time detected by thread: Thread Group - until HTTP 503 - 176 users 1-51
2026-06-20 13:28:14,035 INFO o.a.j.t.JMeterThread: Thread finished: Thread Group - until HTTP 503 - 176 users 1-51
2026-06-20 13:28:14,097 INFO o.a.j.t.JMeterThread: Stopping because end time detected by thread: Thread Group - until HTTP 503 - 176 users 1-113
2026-06-20 13:28:14,097 INFO o.a.j.t.JMeterThread: Stopping because end time detected by thread: Thread Group - until HTTP 503 - 176 users 1-108
2026-06-20 13:28:14,097 INFO o.a.j.t.JMeterThread: Thread finished: Thread Group - until HTTP 503 - 176 users 1-113
2026-06-20 13:28:14,097 INFO o.a.j.t.JMeterThread: Thread finished: Thread Group - until HTTP 503 - 176 users 1-108
2026-06-20 13:28:14,097 INFO o.a.j.t.JMeterThread: Stopping because end time detected by thread: Thread Group - until HTTP 503 - 176 users 1-101
2026-06-20 13:28:14,097 INFO o.a.j.t.JMeterThread: Stopping because end time detected by thread: Thread Group - until HTTP 503 - 176 users 1-147
2026-06-20 13:28:14,097 INFO o.a.j.t.JMeterThread: Stopping because end time detected by thread: Thread Group - until HTTP 503 - 176 users 1-132
2026-06-20 13:28:14,097 INFO o.a.j.t.JMeterThread: Stopping because end time detected by thread: Thread Group - until HTTP 503 - 176 users 1-47
2026-06-20 13:28:14,097 INFO o.a.j.t.JMeterThread: Stopping because end time detected by thread: Thread Group - until HTTP 503 - 176 users 1-111
2026-06-20 13:28:14,097 INFO o.a.j.t.JMeterThread: Thread finished: Thread Group - until HTTP 503 - 176 users 1-101
2026-06-20 13:28:14,097 INFO o.a.j.t.JMeterThread: Thread finished: Thread Group - until HTTP 503 - 176 users 1-47
2026-06-20 13:28:14,097 INFO o.a.j.t.JMeterThread: Thread finished: Thread Group - until HTTP 503 - 176 users 1-132
2026-06-20 13:28:14,097 INFO o.a.j.t.JMeterThread: Thread finished: Thread Group - until HTTP 503 - 176 users 1-147
2026-06-20 13:28:14,097 INFO o.a.j.t.JMeterThread: Thread finished: Thread Group - until HTTP 503 - 176 users 1-111
2026-06-20 13:28:14,098 INFO o.a.j.t.JMeterThread: Stopping because end time detected by thread: Thread Group - until HTTP 503 - 176 users 1-62
2026-06-20 13:28:14,098 INFO o.a.j.t.JMeterThread: Stopping because end time detected by thread: Thread Group - until HTTP 503 - 176 users 1-173
2026-06-20 13:28:14,098 INFO o.a.j.t.JMeterThread: Thread finished: Thread Group - until HTTP 503 - 176 users 1-62
2026-06-20 13:28:14,098 INFO o.a.j.t.JMeterThread: Stopping because end time detected by thread: Thread Group - until HTTP 503 - 176 users 1-52
2026-06-20 13:28:14,098 INFO o.a.j.t.JMeterThread: Stopping because end time detected by thread: Thread Group - until HTTP 503 - 176 users 1-165
2026-06-20 13:28:14,098 INFO o.a.j.t.JMeterThread: Stopping because end time detected by thread: Thread Group - until HTTP 503 - 176 users 1-95
2026-06-20 13:28:14,098 INFO o.a.j.t.JMeterThread: Thread finished: Thread Group - until HTTP 503 - 176 users 1-173
2026-06-20 13:28:14,098 INFO o.a.j.t.JMeterThread: Thread finished: Thread Group - until HTTP 503 - 176 users 1-95
2026-06-20 13:28:14,098 INFO o.a.j.t.JMeterThread: Thread finished: Thread Group - until HTTP 503 - 176 users 1-52
2026-06-20 13:28:14,098 INFO o.a.j.t.JMeterThread: Thread finished: Thread Group - until HTTP 503 - 176 users 1-165
2026-06-20 13:28:14,099 INFO o.a.j.t.JMeterThread: Stopping because end time detected by thread: Thread Group - until HTTP 503 - 176 users 1-127
2026-06-20 13:28:14,099 INFO o.a.j.t.JMeterThread: Stopping because end time detected by thread: Thread Group - until HTTP 503 - 176 users 1-18
2026-06-20 13:28:14,099 INFO o.a.j.t.JMeterThread: Stopping because end time detected by thread: Thread Group - until HTTP 503 - 176 users 1-103
2026-06-20 13:28:14,099 INFO o.a.j.t.JMeterThread: Stopping because end time detected by thread: Thread Group - until HTTP 503 - 176 users 1-171
2026-06-20 13:28:14,099 INFO o.a.j.t.JMeterThread: Thread finished: Thread Group - until HTTP 503 - 176 users 1-103
2026-06-20 13:28:14,099 INFO o.a.j.t.JMeterThread: Stopping because end time detected by thread: Thread Group - until HTTP 503 - 176 users 1-30
2026-06-20 13:28:14,099 INFO o.a.j.t.JMeterThread: Stopping because end time detected by thread: Thread Group - until HTTP 503 - 176 users 1-35
2026-06-20 13:28:14,099 INFO o.a.j.t.JMeterThread: Stopping because end time detected by thread: Thread Group - until HTTP 503 - 176 users 1-135
2026-06-20 13:28:14,099 INFO o.a.j.t.JMeterThread: Thread finished: Thread Group - until HTTP 503 - 176 users 1-35
2026-06-20 13:28:14,099 INFO o.a.j.t.JMeterThread: Stopping because end time detected by thread: Thread Group - until HTTP 503 - 176 users 1-61
2026-06-20 13:28:14,099 INFO o.a.j.t.JMeterThread: Thread finished: Thread Group - until HTTP 503 - 176 users 1-135
2026-06-20 13:28:14,099 INFO o.a.j.t.JMeterThread: Stopping because end time detected by thread: Thread Group - until HTTP 503 - 176 users 1-131
2026-06-20 13:28:14,099 INFO o.a.j.t.JMeterThread: Thread finished: Thread Group - until HTTP 503 - 176 users 1-131
2026-06-20 13:28:14,099 INFO o.a.j.t.JMeterThread: Stopping because end time detected by thread: Thread Group - until HTTP 503 - 176 users 1-117
2026-06-20 13:28:14,099 INFO o.a.j.t.JMeterThread: Thread finished: Thread Group - until HTTP 503 - 176 users 1-127
2026-06-20 13:28:14,099 INFO o.a.j.t.JMeterThread: Stopping because end time detected by thread: Thread Group - until HTTP 503 - 176 users 1-6
2026-06-20 13:28:14,099 INFO o.a.j.t.JMeterThread: Stopping because end time detected by thread: Thread Group - until HTTP 503 - 176 users 1-1
2026-06-20 13:28:14,099 INFO o.a.j.t.JMeterThread: Thread finished: Thread Group - until HTTP 503 - 176 users 1-171
2026-06-20 13:28:14,099 INFO o.a.j.t.JMeterThread: Thread finished: Thread Group - until HTTP 503 - 176 users 1-6
2026-06-20 13:28:14,099 INFO o.a.j.t.JMeterThread: Stopping because end time detected by thread: Thread Group - until HTTP 503 - 176 users 1-175
2026-06-20 13:28:14,099 INFO o.a.j.t.JMeterThread: Thread finished: Thread Group - until HTTP 503 - 176 users 1-30
2026-06-20 13:28:14,099 INFO o.a.j.t.JMeterThread: Thread finished: Thread Group - until HTTP 503 - 176 users 1-18
2026-06-20 13:28:14,099 INFO o.a.j.t.JMeterThread: Thread finished: Thread Group - until HTTP 503 - 176 users 1-175
2026-06-20 13:28:14,099 INFO o.a.j.t.JMeterThread: Stopping because end time detected by thread: Thread Group - until HTTP 503 - 176 users 1-140
2026-06-20 13:28:14,099 INFO o.a.j.t.JMeterThread: Stopping because end time detected by thread: Thread Group - until HTTP 503 - 176 users 1-63
2026-06-20 13:28:14,099 INFO o.a.j.t.JMeterThread: Thread finished: Thread Group - until HTTP 503 - 176 users 1-117
2026-06-20 13:28:14,100 INFO o.a.j.t.JMeterThread: Thread finished: Thread Group - until HTTP 503 - 176 users 1-63
2026-06-20 13:28:14,100 INFO o.a.j.t.JMeterThread: Thread finished: Thread Group - until HTTP 503 - 176 users 1-1
2026-06-20 13:28:14,099 INFO o.a.j.t.JMeterThread: Thread finished: Thread Group - until HTTP 503 - 176 users 1-61
2026-06-20 13:28:14,100 INFO o.a.j.t.JMeterThread: Thread finished: Thread Group - until HTTP 503 - 176 users 1-140
2026-06-20 13:28:14,100 INFO o.a.j.t.JMeterThread: Stopping because end time detected by thread: Thread Group - until HTTP 503 - 176 users 1-23
2026-06-20 13:28:14,100 INFO o.a.j.t.JMeterThread: Stopping because end time detected by thread: Thread Group - until HTTP 503 - 176 users 1-146
2026-06-20 13:28:14,100 INFO o.a.j.t.JMeterThread: Stopping because end time detected by thread: Thread Group - until HTTP 503 - 176 users 1-79
2026-06-20 13:28:14,100 INFO o.a.j.t.JMeterThread: Thread finished: Thread Group - until HTTP 503 - 176 users 1-23
2026-06-20 13:28:14,100 INFO o.a.j.t.JMeterThread: Stopping because end time detected by thread: Thread Group - until HTTP 503 - 176 users 1-169
2026-06-20 13:28:14,100 INFO o.a.j.t.JMeterThread: Stopping because end time detected by thread: Thread Group - until HTTP 503 - 176 users 1-155
2026-06-20 13:28:14,100 INFO o.a.j.t.JMeterThread: Thread finished: Thread Group - until HTTP 503 - 176 users 1-169
2026-06-20 13:28:14,100 INFO o.a.j.t.JMeterThread: Thread finished: Thread Group - until HTTP 503 - 176 users 1-79
2026-06-20 13:28:14,100 INFO o.a.j.t.JMeterThread: Thread finished: Thread Group - until HTTP 503 - 176 users 1-146
2026-06-20 13:28:14,100 INFO o.a.j.t.JMeterThread: Thread finished: Thread Group - until HTTP 503 - 176 users 1-155
2026-06-20 13:28:14,100 INFO o.a.j.t.JMeterThread: Stopping because end time detected by thread: Thread Group - until HTTP 503 - 176 users 1-162
2026-06-20 13:28:14,100 INFO o.a.j.t.JMeterThread: Stopping because end time detected by thread: Thread Group - until HTTP 503 - 176 users 1-110
2026-06-20 13:28:14,100 INFO o.a.j.t.JMeterThread: Thread finished: Thread Group - until HTTP 503 - 176 users 1-162
2026-06-20 13:28:14,100 INFO o.a.j.t.JMeterThread: Stopping because end time detected by thread: Thread Group - until HTTP 503 - 176 users 1-153
2026-06-20 13:28:14,100 INFO o.a.j.t.JMeterThread: Thread finished: Thread Group - until HTTP 503 - 176 users 1-110
2026-06-20 13:28:14,100 INFO o.a.j.t.JMeterThread: Stopping because end time detected by thread: Thread Group - until HTTP 503 - 176 users 1-164
2026-06-20 13:28:14,100 INFO o.a.j.t.JMeterThread: Thread finished: Thread Group - until HTTP 503 - 176 users 1-153
2026-06-20 13:28:14,100 INFO o.a.j.t.JMeterThread: Thread finished: Thread Group - until HTTP 503 - 176 users 1-164
2026-06-20 13:28:14,101 INFO o.a.j.t.JMeterThread: Stopping because end time detected by thread: Thread Group - until HTTP 503 - 176 users 1-8
2026-06-20 13:28:14,101 INFO o.a.j.t.JMeterThread: Stopping because end time detected by thread: Thread Group - until HTTP 503 - 176 users 1-37
2026-06-20 13:28:14,101 INFO o.a.j.t.JMeterThread: Stopping because end time detected by thread: Thread Group - until HTTP 503 - 176 users 1-43
2026-06-20 13:28:14,101 INFO o.a.j.t.JMeterThread: Stopping because end time detected by thread: Thread Group - until HTTP 503 - 176 users 1-174
2026-06-20 13:28:14,102 INFO o.a.j.t.JMeterThread: Thread finished: Thread Group - until HTTP 503 - 176 users 1-43
2026-06-20 13:28:14,101 INFO o.a.j.t.JMeterThread: Stopping because end time detected by thread: Thread Group - until HTTP 503 - 176 users 1-20
2026-06-20 13:28:14,101 INFO o.a.j.t.JMeterThread: Thread finished: Thread Group - until HTTP 503 - 176 users 1-8
2026-06-20 13:28:14,102 INFO o.a.j.t.JMeterThread: Thread finished: Thread Group - until HTTP 503 - 176 users 1-37
2026-06-20 13:28:14,102 INFO o.a.j.t.JMeterThread: Thread finished: Thread Group - until HTTP 503 - 176 users 1-20
2026-06-20 13:28:14,102 INFO o.a.j.t.JMeterThread: Thread finished: Thread Group - until HTTP 503 - 176 users 1-174
2026-06-20 13:28:14,103 INFO o.a.j.t.JMeterThread: Stopping because end time detected by thread: Thread Group - until HTTP 503 - 176 users 1-46
2026-06-20 13:28:14,103 INFO o.a.j.t.JMeterThread: Stopping because end time detected by thread: Thread Group - until HTTP 503 - 176 users 1-29
2026-06-20 13:28:14,103 INFO o.a.j.t.JMeterThread: Thread finished: Thread Group - until HTTP 503 - 176 users 1-46
2026-06-20 13:28:14,103 INFO o.a.j.t.JMeterThread: Thread finished: Thread Group - until HTTP 503 - 176 users 1-29
2026-06-20 13:28:14,103 INFO o.a.j.t.JMeterThread: Stopping because end time detected by thread: Thread Group - until HTTP 503 - 176 users 1-176
2026-06-20 13:28:14,103 INFO o.a.j.t.JMeterThread: Thread finished: Thread Group - until HTTP 503 - 176 users 1-176
2026-06-20 13:28:14,898 INFO o.a.j.t.JMeterThread: Stopping because end time detected by thread: Thread Group - until HTTP 503 - 176 users 1-13
2026-06-20 13:28:14,898 INFO o.a.j.t.JMeterThread: Thread finished: Thread Group - until HTTP 503 - 176 users 1-13
2026-06-20 13:28:14,898 INFO o.a.j.t.JMeterThread: Stopping because end time detected by thread: Thread Group - until HTTP 503 - 176 users 1-33
2026-06-20 13:28:14,898 INFO o.a.j.t.JMeterThread: Stopping because end time detected by thread: Thread Group - until HTTP 503 - 176 users 1-17
2026-06-20 13:28:14,898 INFO o.a.j.t.JMeterThread: Stopping because end time detected by thread: Thread Group - until HTTP 503 - 176 users 1-99
2026-06-20 13:28:14,898 INFO o.a.j.t.JMeterThread: Stopping because end time detected by thread: Thread Group - until HTTP 503 - 176 users 1-56
2026-06-20 13:28:14,898 INFO o.a.j.t.JMeterThread: Thread finished: Thread Group - until HTTP 503 - 176 users 1-33
2026-06-20 13:28:14,898 INFO o.a.j.t.JMeterThread: Stopping because end time detected by thread: Thread Group - until HTTP 503 - 176 users 1-105
2026-06-20 13:28:14,898 INFO o.a.j.t.JMeterThread: Thread finished: Thread Group - until HTTP 503 - 176 users 1-56
2026-06-20 13:28:14,898 INFO o.a.j.t.JMeterThread: Thread finished: Thread Group - until HTTP 503 - 176 users 1-17
2026-06-20 13:28:14,898 INFO o.a.j.t.JMeterThread: Thread finished: Thread Group - until HTTP 503 - 176 users 1-99
2026-06-20 13:28:14,898 INFO o.a.j.t.JMeterThread: Thread finished: Thread Group - until HTTP 503 - 176 users 1-105
2026-06-20 13:28:14,899 INFO o.a.j.t.JMeterThread: Stopping because end time detected by thread: Thread Group - until HTTP 503 - 176 users 1-57
2026-06-20 13:28:14,899 INFO o.a.j.t.JMeterThread: Stopping because end time detected by thread: Thread Group - until HTTP 503 - 176 users 1-129
2026-06-20 13:28:14,899 INFO o.a.j.t.JMeterThread: Stopping because end time detected by thread: Thread Group - until HTTP 503 - 176 users 1-5
2026-06-20 13:28:14,899 INFO o.a.j.t.JMeterThread: Stopping because end time detected by thread: Thread Group - until HTTP 503 - 176 users 1-139
2026-06-20 13:28:14,899 INFO o.a.j.t.JMeterThread: Stopping because end time detected by thread: Thread Group - until HTTP 503 - 176 users 1-150
2026-06-20 13:28:14,899 INFO o.a.j.t.JMeterThread: Thread finished: Thread Group - until HTTP 503 - 176 users 1-57
2026-06-20 13:28:14,899 INFO o.a.j.t.JMeterThread: Thread finished: Thread Group - until HTTP 503 - 176 users 1-5
2026-06-20 13:28:14,899 INFO o.a.j.t.JMeterThread: Thread finished: Thread Group - until HTTP 503 - 176 users 1-139
2026-06-20 13:28:14,899 INFO o.a.j.t.JMeterThread: Thread finished: Thread Group - until HTTP 503 - 176 users 1-150
2026-06-20 13:28:14,899 INFO o.a.j.t.JMeterThread: Thread finished: Thread Group - until HTTP 503 - 176 users 1-129
2026-06-20 13:28:14,899 INFO o.a.j.t.JMeterThread: Stopping because end time detected by thread: Thread Group - until HTTP 503 - 176 users 1-21
2026-06-20 13:28:14,899 INFO o.a.j.t.JMeterThread: Stopping because end time detected by thread: Thread Group - until HTTP 503 - 176 users 1-107
2026-06-20 13:28:14,899 INFO o.a.j.t.JMeterThread: Stopping because end time detected by thread: Thread Group - until HTTP 503 - 176 users 1-170
2026-06-20 13:28:14,899 INFO o.a.j.t.JMeterThread: Stopping because end time detected by thread: Thread Group - until HTTP 503 - 176 users 1-92
2026-06-20 13:28:14,899 INFO o.a.j.t.JMeterThread: Thread finished: Thread Group - until HTTP 503 - 176 users 1-21
2026-06-20 13:28:14,899 INFO o.a.j.t.JMeterThread: Thread finished: Thread Group - until HTTP 503 - 176 users 1-107
2026-06-20 13:28:14,899 INFO o.a.j.t.JMeterThread: Thread finished: Thread Group - until HTTP 503 - 176 users 1-92
2026-06-20 13:28:14,899 INFO o.a.j.t.JMeterThread: Stopping because end time detected by thread: Thread Group - until HTTP 503 - 176 users 1-32
2026-06-20 13:28:14,899 INFO o.a.j.t.JMeterThread: Stopping because end time detected by thread: Thread Group - until HTTP 503 - 176 users 1-26
2026-06-20 13:28:14,899 INFO o.a.j.t.JMeterThread: Stopping because end time detected by thread: Thread Group - until HTTP 503 - 176 users 1-84
2026-06-20 13:28:14,899 INFO o.a.j.t.JMeterThread: Thread finished: Thread Group - until HTTP 503 - 176 users 1-32
2026-06-20 13:28:14,899 INFO o.a.j.t.JMeterThread: Thread finished: Thread Group - until HTTP 503 - 176 users 1-84
2026-06-20 13:28:14,899 INFO o.a.j.t.JMeterThread: Stopping because end time detected by thread: Thread Group - until HTTP 503 - 176 users 1-100
2026-06-20 13:28:14,899 INFO o.a.j.t.JMeterThread: Stopping because end time detected by thread: Thread Group - until HTTP 503 - 176 users 1-48
2026-06-20 13:28:14,899 INFO o.a.j.t.JMeterThread: Stopping because end time detected by thread: Thread Group - until HTTP 503 - 176 users 1-90
2026-06-20 13:28:14,899 INFO o.a.j.t.JMeterThread: Stopping because end time detected by thread: Thread Group - until HTTP 503 - 176 users 1-172
2026-06-20 13:28:14,899 INFO o.a.j.t.JMeterThread: Thread finished: Thread Group - until HTTP 503 - 176 users 1-26
2026-06-20 13:28:14,899 INFO o.a.j.t.JMeterThread: Thread finished: Thread Group - until HTTP 503 - 176 users 1-170
2026-06-20 13:28:14,900 INFO o.a.j.t.JMeterThread: Thread finished: Thread Group - until HTTP 503 - 176 users 1-172
2026-06-20 13:28:14,900 INFO o.a.j.t.JMeterThread: Thread finished: Thread Group - until HTTP 503 - 176 users 1-48
2026-06-20 13:28:14,900 INFO o.a.j.t.JMeterThread: Thread finished: Thread Group - until HTTP 503 - 176 users 1-90
2026-06-20 13:28:14,900 INFO o.a.j.t.JMeterThread: Thread finished: Thread Group - until HTTP 503 - 176 users 1-100
2026-06-20 13:28:14,900 INFO o.a.j.t.JMeterThread: Stopping because end time detected by thread: Thread Group - until HTTP 503 - 176 users 1-49
2026-06-20 13:28:14,900 INFO o.a.j.t.JMeterThread: Stopping because end time detected by thread: Thread Group - until HTTP 503 - 176 users 1-2
2026-06-20 13:28:14,900 INFO o.a.j.t.JMeterThread: Stopping because end time detected by thread: Thread Group - until HTTP 503 - 176 users 1-124
2026-06-20 13:28:14,900 INFO o.a.j.t.JMeterThread: Stopping because end time detected by thread: Thread Group - until HTTP 503 - 176 users 1-83
2026-06-20 13:28:14,900 INFO o.a.j.t.JMeterThread: Stopping because end time detected by thread: Thread Group - until HTTP 503 - 176 users 1-112
2026-06-20 13:28:14,900 INFO o.a.j.t.JMeterThread: Thread finished: Thread Group - until HTTP 503 - 176 users 1-83
2026-06-20 13:28:14,900 INFO o.a.j.t.JMeterThread: Thread finished: Thread Group - until HTTP 503 - 176 users 1-112
2026-06-20 13:28:14,900 INFO o.a.j.t.JMeterThread: Stopping because end time detected by thread: Thread Group - until HTTP 503 - 176 users 1-45
2026-06-20 13:28:14,901 INFO o.a.j.t.JMeterThread: Stopping because end time detected by thread: Thread Group - until HTTP 503 - 176 users 1-121
2026-06-20 13:28:14,901 INFO o.a.j.t.JMeterThread: Stopping because end time detected by thread: Thread Group - until HTTP 503 - 176 users 1-78
2026-06-20 13:28:14,901 INFO o.a.j.t.JMeterThread: Stopping because end time detected by thread: Thread Group - until HTTP 503 - 176 users 1-130
2026-06-20 13:28:14,901 INFO o.a.j.t.JMeterThread: Stopping because end time detected by thread: Thread Group - until HTTP 503 - 176 users 1-144
2026-06-20 13:28:14,901 INFO o.a.j.t.JMeterThread: Thread finished: Thread Group - until HTTP 503 - 176 users 1-130
2026-06-20 13:28:14,901 INFO o.a.j.t.JMeterThread: Thread finished: Thread Group - until HTTP 503 - 176 users 1-144
2026-06-20 13:28:14,901 INFO o.a.j.t.JMeterThread: Thread finished: Thread Group - until HTTP 503 - 176 users 1-2
2026-06-20 13:28:14,900 INFO o.a.j.t.JMeterThread: Stopping because end time detected by thread: Thread Group - until HTTP 503 - 176 users 1-89
2026-06-20 13:28:14,900 INFO o.a.j.t.JMeterThread: Stopping because end time detected by thread: Thread Group - until HTTP 503 - 176 users 1-68
2026-06-20 13:28:14,900 INFO o.a.j.t.JMeterThread: Stopping because end time detected by thread: Thread Group - until HTTP 503 - 176 users 1-27
2026-06-20 13:28:14,901 INFO o.a.j.t.JMeterThread: Thread finished: Thread Group - until HTTP 503 - 176 users 1-89
2026-06-20 13:28:14,900 INFO o.a.j.t.JMeterThread: Stopping because end time detected by thread: Thread Group - until HTTP 503 - 176 users 1-86
2026-06-20 13:28:14,901 INFO o.a.j.t.JMeterThread: Thread finished: Thread Group - until HTTP 503 - 176 users 1-27
2026-06-20 13:28:14,900 INFO o.a.j.t.JMeterThread: Stopping because end time detected by thread: Thread Group - until HTTP 503 - 176 users 1-122
2026-06-20 13:28:14,900 INFO o.a.j.t.JMeterThread: Thread finished: Thread Group - until HTTP 503 - 176 users 1-49
2026-06-20 13:28:14,901 INFO o.a.j.t.JMeterThread: Thread finished: Thread Group - until HTTP 503 - 176 users 1-86
2026-06-20 13:28:14,900 INFO o.a.j.t.JMeterThread: Thread finished: Thread Group - until HTTP 503 - 176 users 1-124
2026-06-20 13:28:14,900 INFO o.a.j.t.JMeterThread: Stopping because end time detected by thread: Thread Group - until HTTP 503 - 176 users 1-71
2026-06-20 13:28:14,900 INFO o.a.j.t.JMeterThread: Stopping because end time detected by thread: Thread Group - until HTTP 503 - 176 users 1-85
2026-06-20 13:28:14,900 INFO o.a.j.t.JMeterThread: Stopping because end time detected by thread: Thread Group - until HTTP 503 - 176 users 1-88
2026-06-20 13:28:14,901 INFO o.a.j.t.JMeterThread: Thread finished: Thread Group - until HTTP 503 - 176 users 1-71
2026-06-20 13:28:14,901 INFO o.a.j.t.JMeterThread: Thread finished: Thread Group - until HTTP 503 - 176 users 1-45
2026-06-20 13:28:14,901 INFO o.a.j.t.JMeterThread: Thread finished: Thread Group - until HTTP 503 - 176 users 1-85
2026-06-20 13:28:14,901 INFO o.a.j.t.JMeterThread: Thread finished: Thread Group - until HTTP 503 - 176 users 1-121
2026-06-20 13:28:14,901 INFO o.a.j.t.JMeterThread: Stopping because end time detected by thread: Thread Group - until HTTP 503 - 176 users 1-59
2026-06-20 13:28:14,901 INFO o.a.j.t.JMeterThread: Stopping because end time detected by thread: Thread Group - until HTTP 503 - 176 users 1-123
2026-06-20 13:28:14,901 INFO o.a.j.t.JMeterThread: Thread finished: Thread Group - until HTTP 503 - 176 users 1-59
2026-06-20 13:28:14,901 INFO o.a.j.t.JMeterThread: Thread finished: Thread Group - until HTTP 503 - 176 users 1-123
2026-06-20 13:28:14,901 INFO o.a.j.t.JMeterThread: Thread finished: Thread Group - until HTTP 503 - 176 users 1-78
2026-06-20 13:28:14,901 INFO o.a.j.t.JMeterThread: Stopping because end time detected by thread: Thread Group - until HTTP 503 - 176 users 1-69
2026-06-20 13:28:14,901 INFO o.a.j.t.JMeterThread: Stopping because end time detected by thread: Thread Group - until HTTP 503 - 176 users 1-94
2026-06-20 13:28:14,901 INFO o.a.j.t.JMeterThread: Thread finished: Thread Group - until HTTP 503 - 176 users 1-69
2026-06-20 13:28:14,901 INFO o.a.j.t.JMeterThread: Thread finished: Thread Group - until HTTP 503 - 176 users 1-68
2026-06-20 13:28:14,901 INFO o.a.j.t.JMeterThread: Thread finished: Thread Group - until HTTP 503 - 176 users 1-94
2026-06-20 13:28:14,901 INFO o.a.j.t.JMeterThread: Thread finished: Thread Group - until HTTP 503 - 176 users 1-122
2026-06-20 13:28:14,901 INFO o.a.j.t.JMeterThread: Thread finished: Thread Group - until HTTP 503 - 176 users 1-88
2026-06-20 13:28:14,901 INFO o.a.j.t.JMeterThread: Stopping because end time detected by thread: Thread Group - until HTTP 503 - 176 users 1-75
2026-06-20 13:28:14,901 INFO o.a.j.t.JMeterThread: Thread finished: Thread Group - until HTTP 503 - 176 users 1-75
2026-06-20 13:28:14,901 INFO o.a.j.t.JMeterThread: Stopping because end time detected by thread: Thread Group - until HTTP 503 - 176 users 1-72
2026-06-20 13:28:14,901 INFO o.a.j.t.JMeterThread: Stopping because end time detected by thread: Thread Group - until HTTP 503 - 176 users 1-73
2026-06-20 13:28:14,902 INFO o.a.j.t.JMeterThread: Thread finished: Thread Group - until HTTP 503 - 176 users 1-72
2026-06-20 13:28:14,902 INFO o.a.j.t.JMeterThread: Thread finished: Thread Group - until HTTP 503 - 176 users 1-73
2026-06-20 13:28:14,902 INFO o.a.j.t.JMeterThread: Stopping because end time detected by thread: Thread Group - until HTTP 503 - 176 users 1-50
2026-06-20 13:28:14,902 INFO o.a.j.t.JMeterThread: Stopping because end time detected by thread: Thread Group - until HTTP 503 - 176 users 1-148
2026-06-20 13:28:14,902 INFO o.a.j.t.JMeterThread: Thread finished: Thread Group - until HTTP 503 - 176 users 1-50
2026-06-20 13:28:14,902 INFO o.a.j.t.JMeterThread: Thread finished: Thread Group - until HTTP 503 - 176 users 1-148
2026-06-20 13:28:14,954 INFO o.a.j.t.JMeterThread: Stopping because end time detected by thread: Thread Group - until HTTP 503 - 176 users 1-116
2026-06-20 13:28:14,954 INFO o.a.j.t.JMeterThread: Thread finished: Thread Group - until HTTP 503 - 176 users 1-116
2026-06-20 13:28:15,045 INFO o.a.j.t.JMeterThread: Stopping because end time detected by thread: Thread Group - until HTTP 503 - 176 users 1-54
2026-06-20 13:28:15,045 INFO o.a.j.t.JMeterThread: Thread finished: Thread Group - until HTTP 503 - 176 users 1-54
2026-06-20 13:28:15,142 INFO o.a.j.t.JMeterThread: Stopping because end time detected by thread: Thread Group - until HTTP 503 - 176 users 1-168
2026-06-20 13:28:15,142 INFO o.a.j.t.JMeterThread: Thread finished: Thread Group - until HTTP 503 - 176 users 1-168
2026-06-20 13:28:15,233 INFO o.a.j.t.JMeterThread: Stopping because end time detected by thread: Thread Group - until HTTP 503 - 176 users 1-25
2026-06-20 13:28:15,234 INFO o.a.j.t.JMeterThread: Thread finished: Thread Group - until HTTP 503 - 176 users 1-25
2026-06-20 13:28:15,300 INFO o.a.j.t.JMeterThread: Stopping because end time detected by thread: Thread Group - until HTTP 503 - 176 users 1-60
2026-06-20 13:28:15,300 INFO o.a.j.t.JMeterThread: Thread finished: Thread Group - until HTTP 503 - 176 users 1-60
2026-06-20 13:28:15,420 INFO o.a.j.t.JMeterThread: Stopping because end time detected by thread: Thread Group - until HTTP 503 - 176 users 1-14
2026-06-20 13:28:15,420 INFO o.a.j.t.JMeterThread: Thread finished: Thread Group - until HTTP 503 - 176 users 1-14
2026-06-20 13:28:15,496 INFO o.a.j.t.JMeterThread: Stopping because end time detected by thread: Thread Group - until HTTP 503 - 176 users 1-91
2026-06-20 13:28:15,496 INFO o.a.j.t.JMeterThread: Thread finished: Thread Group - until HTTP 503 - 176 users 1-91
2026-06-20 13:28:15,615 INFO o.a.j.t.JMeterThread: Stopping because end time detected by thread: Thread Group - until HTTP 503 - 176 users 1-120
2026-06-20 13:28:15,615 INFO o.a.j.t.JMeterThread: Thread finished: Thread Group - until HTTP 503 - 176 users 1-120
2026-06-20 13:28:15,666 INFO o.a.j.t.JMeterThread: Stopping because end time detected by thread: Thread Group - until HTTP 503 - 176 users 1-15
2026-06-20 13:28:15,666 INFO o.a.j.t.JMeterThread: Thread finished: Thread Group - until HTTP 503 - 176 users 1-15
2026-06-20 13:28:15,691 INFO o.a.j.t.JMeterThread: Stopping because end time detected by thread: Thread Group - until HTTP 503 - 176 users 1-156
2026-06-20 13:28:15,691 INFO o.a.j.t.JMeterThread: Thread finished: Thread Group - until HTTP 503 - 176 users 1-156
2026-06-20 13:28:15,748 INFO o.a.j.t.JMeterThread: Stopping because end time detected by thread: Thread Group - until HTTP 503 - 176 users 1-136
2026-06-20 13:28:15,748 INFO o.a.j.t.JMeterThread: Thread finished: Thread Group - until HTTP 503 - 176 users 1-136
2026-06-20 13:28:15,757 INFO o.a.j.t.JMeterThread: Stopping because end time detected by thread: Thread Group - until HTTP 503 - 176 users 1-66
2026-06-20 13:28:15,757 INFO o.a.j.t.JMeterThread: Thread finished: Thread Group - until HTTP 503 - 176 users 1-66
2026-06-20 13:28:15,784 INFO o.a.j.t.JMeterThread: Stopping because end time detected by thread: Thread Group - until HTTP 503 - 176 users 1-149
2026-06-20 13:28:15,784 INFO o.a.j.t.JMeterThread: Thread finished: Thread Group - until HTTP 503 - 176 users 1-149
2026-06-20 13:28:15,784 INFO o.a.j.e.StandardJMeterEngine: Notifying test listeners of end of test
2026-06-20 13:28:15,785 INFO o.a.j.r.Summariser: summary +    466 in 00:00:15 =   31.1/s Avg:  6106 Min:  4119 Max:  9457 Err:   466 (100.00%) Active: 0 Started: 176 Finished: 176
2026-06-20 13:28:15,785 INFO o.a.j.r.Summariser: summary =   2826 in 00:01:35 =   29.7/s Avg:  3981 Min:   343 Max:  9457 Err:  2617 (92.60%)
2026-06-20 13:28:15,785 INFO o.a.j.JMeter: Generating Dashboard
2026-06-20 13:28:15,785 INFO o.a.j.r.d.ReportGenerator: Flushing result collector before report Generation
2026-06-20 13:28:15,794 INFO o.a.j.r.p.NormalizerSampleConsumer: Using format, 'ms', to parse timeStamp field
2026-06-20 13:28:15,958 INFO o.a.j.r.p.AbstractSampleConsumer: class org.apache.jmeter.report.processor.AggregateConsumer#stopProducing(): beginDate produced 0 samples
2026-06-20 13:28:15,958 INFO o.a.j.r.p.AbstractSampleConsumer: class org.apache.jmeter.report.processor.AggregateConsumer#stopProducing(): endDate produced 0 samples
2026-06-20 13:28:15,959 INFO o.a.j.r.p.AbstractSampleConsumer: class org.apache.jmeter.report.processor.ApdexSummaryConsumer#stopProducing(): apdexSummary produced 0 samples
2026-06-20 13:28:15,959 INFO o.a.j.r.p.AbstractSampleConsumer: class org.apache.jmeter.report.processor.RequestsSummaryConsumer#stopProducing(): requestsSummary produced 0 samples
2026-06-20 13:28:15,965 INFO o.a.j.r.p.AbstractSampleConsumer: class org.apache.jmeter.report.processor.StatisticsSummaryConsumer#stopProducing(): statisticsSummary produced 0 samples
2026-06-20 13:28:15,968 INFO o.a.j.r.p.AbstractSampleConsumer: class org.apache.jmeter.report.processor.Top5ErrorsBySamplerConsumer#stopProducing(): top5ErrorsBySampler produced 0 samples
2026-06-20 13:28:15,969 INFO o.a.j.r.p.AbstractSampleConsumer: class org.apache.jmeter.report.processor.ErrorsSummaryConsumer#stopProducing(): errorsSummary produced 0 samples
2026-06-20 13:28:15,969 INFO o.a.j.r.p.AbstractSampleConsumer: class org.apache.jmeter.report.processor.graph.impl.HitsPerSecondGraphConsumer#stopProducing(): hitsPerSecond produced 0 samples
2026-06-20 13:28:16,005 INFO o.a.j.r.p.AbstractSampleConsumer: class org.apache.jmeter.report.processor.graph.impl.LatencyVSRequestGraphConsumer#stopProducing(): latencyVsRequest produced 0 samples
2026-06-20 13:28:16,006 INFO o.a.j.r.p.AbstractSampleConsumer: class org.apache.jmeter.report.processor.graph.impl.SyntheticResponseTimeDistributionGraphConsumer#stopProducing(): syntheticResponseTimeDistribution produced 0 samples
2026-06-20 13:28:16,006 INFO o.a.j.r.p.AbstractSampleConsumer: class org.apache.jmeter.report.processor.graph.impl.BytesThroughputGraphConsumer#stopProducing(): bytesThroughputOverTime produced 0 samples
2026-06-20 13:28:16,006 INFO o.a.j.r.p.AbstractSampleConsumer: class org.apache.jmeter.report.processor.graph.impl.CodesPerSecondGraphConsumer#stopProducing(): codesPerSecond produced 0 samples
2026-06-20 13:28:16,023 INFO o.a.j.r.p.AbstractSampleConsumer: class org.apache.jmeter.report.processor.graph.impl.ResponseTimeVSRequestGraphConsumer#stopProducing(): responseTimeVsRequest produced 0 samples
2026-06-20 13:28:16,024 INFO o.a.j.r.p.AbstractSampleConsumer: class org.apache.jmeter.report.processor.FilterConsumer#stopProducing(): startIntervalControlerFilter produced 19782 samples
2026-06-20 13:28:16,024 INFO o.a.j.r.p.AbstractSampleConsumer: class org.apache.jmeter.report.processor.graph.impl.TotalTPSGraphConsumer#stopProducing(): totalTPS produced 0 samples
2026-06-20 13:28:16,024 INFO o.a.j.r.p.AbstractSampleConsumer: class org.apache.jmeter.report.processor.graph.impl.ActiveThreadsGraphConsumer#stopProducing(): activeThreadsOverTime produced 0 samples
2026-06-20 13:28:16,024 INFO o.a.j.r.p.AbstractSampleConsumer: class org.apache.jmeter.report.processor.graph.impl.TimeVSThreadGraphConsumer#stopProducing(): timeVsThreads produced 0 samples
2026-06-20 13:28:16,024 INFO o.a.j.r.p.AbstractSampleConsumer: class org.apache.jmeter.report.processor.graph.impl.ResponseTimeDistributionGraphConsumer#stopProducing(): responseTimeDistribution produced 0 samples
2026-06-20 13:28:16,024 INFO o.a.j.r.p.AbstractSampleConsumer: class org.apache.jmeter.report.processor.graph.impl.TransactionsPerSecondGraphConsumer#stopProducing(): transactionsPerSecond produced 0 samples
2026-06-20 13:28:16,024 INFO o.a.j.r.p.AbstractSampleConsumer: class org.apache.jmeter.report.processor.graph.impl.ResponseTimePercentilesGraphConsumer#stopProducing(): responseTimePercentiles produced 0 samples
2026-06-20 13:28:16,027 INFO o.a.j.r.p.AbstractSampleConsumer: class org.apache.jmeter.report.processor.graph.impl.ResponseTimePercentilesOverTimeGraphConsumer#stopProducing(): responseTimePercentilesOverTime produced 0 samples
2026-06-20 13:28:16,027 INFO o.a.j.r.p.AbstractSampleConsumer: class org.apache.jmeter.report.processor.graph.impl.ResponseTimeOverTimeGraphConsumer#stopProducing(): responseTimesOverTime produced 0 samples
2026-06-20 13:28:16,027 INFO o.a.j.r.p.AbstractSampleConsumer: class org.apache.jmeter.report.processor.graph.impl.ConnectTimeOverTimeGraphConsumer#stopProducing(): connectTimeOverTime produced 0 samples
2026-06-20 13:28:16,027 INFO o.a.j.r.p.AbstractSampleConsumer: class org.apache.jmeter.report.processor.graph.impl.LatencyOverTimeGraphConsumer#stopProducing(): latenciesOverTime produced 0 samples
2026-06-20 13:28:16,027 INFO o.a.j.r.p.AbstractSampleConsumer: class org.apache.jmeter.report.processor.FilterConsumer#stopProducing(): nameFilter produced 42390 samples
2026-06-20 13:28:16,027 INFO o.a.j.r.p.AbstractSampleConsumer: class org.apache.jmeter.report.processor.FilterConsumer#stopProducing(): dateRangeFilter produced 8478 samples
2026-06-20 13:28:16,027 INFO o.a.j.r.p.AbstractSampleConsumer: class org.apache.jmeter.report.processor.NormalizerSampleConsumer#stopProducing(): normalizer produced 2826 samples
2026-06-20 13:28:16,027 INFO o.a.j.r.p.CsvFileSampleSource: produce(): 2826 samples produced in 218ms on channel 0
2026-06-20 13:28:16,027 INFO o.a.j.r.d.ReportGenerator: Exporting data using exporter:'json' of className:'org.apache.jmeter.report.dashboard.JsonExporter'
2026-06-20 13:28:16,073 INFO o.a.j.r.d.JsonExporter: Found data for consumer statisticsSummary in context
2026-06-20 13:28:16,073 INFO o.a.j.r.d.JsonExporter: Creating statistics for overall
2026-06-20 13:28:16,073 INFO o.a.j.r.d.JsonExporter: Creating statistics for other transactions
2026-06-20 13:28:16,073 INFO o.a.j.r.d.JsonExporter: Checking output folder
2026-06-20 13:28:16,074 INFO o.a.j.r.d.JsonExporter: Writing statistics JSON to /home/seventwo/github/tpo-sub-four/html_reports/stress_until_503/176users_3520rpm/statistics.json
2026-06-20 13:28:16,100 INFO o.a.j.r.d.ReportGenerator: Exporting data using exporter:'html' of className:'org.apache.jmeter.report.dashboard.HtmlTemplateExporter'
2026-06-20 13:28:16,102 INFO o.a.j.r.d.HtmlTemplateExporter: Will generate dashboard in folder: /home/seventwo/github/tpo-sub-four/html_reports/stress_until_503/176users_3520rpm
2026-06-20 13:28:16,169 INFO o.a.j.r.d.HtmlTemplateExporter: Report will be generated in: /home/seventwo/github/tpo-sub-four/html_reports/stress_until_503/176users_3520rpm, creating folder structure
2026-06-20 13:28:16,171 INFO o.a.j.r.d.TemplateVisitor: Copying folder from '/opt/jmeter/bin/report-template' to '/home/seventwo/github/tpo-sub-four/html_reports/stress_until_503/176users_3520rpm', got message: /home/seventwo/github/tpo-sub-four/html_reports/stress_until_503/176users_3520rpm, found non empty folder with following content [/home/seventwo/github/tpo-sub-four/html_reports/stress_until_503/176users_3520rpm/statistics.json], will be ignored
2026-06-20 13:28:16,292 INFO o.a.j.JMeter: Dashboard generated
