2026-06-20 13:10:47,333 INFO o.a.j.u.JMeterUtils: Setting Locale to en_EN
2026-06-20 13:10:47,345 INFO o.a.j.JMeter: Loading user properties from: /opt/jmeter/bin/user.properties
2026-06-20 13:10:47,345 INFO o.a.j.JMeter: Loading system properties from: /opt/jmeter/bin/system.properties
2026-06-20 13:10:47,346 INFO o.a.j.JMeter: Setting JMeter property: jmeter.save.saveservice.output_format=csv
2026-06-20 13:10:47,346 INFO o.a.j.JMeter: Setting JMeter property: jmeter.save.saveservice.print_field_names=true
2026-06-20 13:10:47,346 INFO o.a.j.JMeter: Setting JMeter property: jmeter.save.saveservice.timestamp_format=ms
2026-06-20 13:10:47,346 INFO o.a.j.JMeter: Setting JMeter property: jmeter.save.saveservice.time=true
2026-06-20 13:10:47,346 INFO o.a.j.JMeter: Setting JMeter property: jmeter.save.saveservice.latency=true
2026-06-20 13:10:47,346 INFO o.a.j.JMeter: Setting JMeter property: jmeter.save.saveservice.label=true
2026-06-20 13:10:47,346 INFO o.a.j.JMeter: Setting JMeter property: jmeter.save.saveservice.response_code=true
2026-06-20 13:10:47,346 INFO o.a.j.JMeter: Setting JMeter property: jmeter.save.saveservice.response_message=true
2026-06-20 13:10:47,346 INFO o.a.j.JMeter: Setting JMeter property: jmeter.save.saveservice.successful=true
2026-06-20 13:10:47,346 INFO o.a.j.JMeter: Setting JMeter property: jmeter.save.saveservice.assertion_results_failure_message=true
2026-06-20 13:10:47,346 INFO o.a.j.JMeter: Setting JMeter property: jmeter.save.saveservice.thread_name=true
2026-06-20 13:10:47,346 INFO o.a.j.JMeter: Setting JMeter property: jmeter.save.saveservice.thread_counts=true
2026-06-20 13:10:47,346 INFO o.a.j.JMeter: Setting JMeter property: jmeter.save.saveservice.connect_time=true
2026-06-20 13:10:47,351 INFO o.a.j.JMeter: Copyright (c) 1998-2024 The Apache Software Foundation
2026-06-20 13:10:47,351 INFO o.a.j.JMeter: Version 5.6.3
2026-06-20 13:10:47,351 INFO o.a.j.JMeter: java.version=26.0.1
2026-06-20 13:10:47,351 INFO o.a.j.JMeter: java.vm.name=OpenJDK 64-Bit Server VM
2026-06-20 13:10:47,351 INFO o.a.j.JMeter: os.name=Linux
2026-06-20 13:10:47,351 INFO o.a.j.JMeter: os.arch=amd64
2026-06-20 13:10:47,351 INFO o.a.j.JMeter: os.version=6.18.33-1-MANJARO
2026-06-20 13:10:47,351 INFO o.a.j.JMeter: file.encoding=UTF-8
2026-06-20 13:10:47,351 INFO o.a.j.JMeter: java.awt.headless=true
2026-06-20 13:10:47,352 INFO o.a.j.JMeter: Max memory     =1073741824
2026-06-20 13:10:47,352 INFO o.a.j.JMeter: Available Processors =16
2026-06-20 13:10:47,362 INFO o.a.j.JMeter: Default Locale=English (EN)
2026-06-20 13:10:47,362 INFO o.a.j.JMeter: JMeter  Locale=English (EN)
2026-06-20 13:10:47,363 INFO o.a.j.JMeter: JMeterHome=/opt/jmeter
2026-06-20 13:10:47,363 INFO o.a.j.JMeter: user.dir  =/home/seventwo/github/tpo-sub-four
2026-06-20 13:10:47,363 INFO o.a.j.JMeter: PWD       =/home/seventwo/github/tpo-sub-four
2026-06-20 13:10:47,363 INFO o.a.j.JMeter: IP: 192.168.0.102 Name: seventwocore FullName: seventwocore
2026-06-20 13:10:47,372 INFO o.a.j.JMeter: Setting property 'jmeter.reportgenerator.outputdir' to:'/home/seventwo/github/tpo-sub-four/html_reports/stress_until_503/48users_960rpm'
2026-06-20 13:10:47,374 INFO o.a.j.s.FileServer: Default base='/home/seventwo/github/tpo-sub-four'
2026-06-20 13:10:47,376 INFO o.a.j.s.FileServer: Set new base='/home/seventwo/github/tpo-sub-four/quality_jmeter_plans/stress_until_503'
2026-06-20 13:10:47,556 INFO o.a.j.s.SaveService: Testplan (JMX) version: 2.2. Testlog (JTL) version: 2.2
2026-06-20 13:10:47,570 INFO o.a.j.s.SaveService: Using SaveService properties version 5.0
2026-06-20 13:10:47,573 INFO o.a.j.s.SaveService: Using SaveService properties file encoding UTF-8
2026-06-20 13:10:47,575 INFO o.a.j.s.SaveService: Loading file: quality_jmeter_plans/stress_until_503/stress_until_503_48users_960rpm_ctt.jmx
2026-06-20 13:10:47,617 INFO o.a.j.p.h.s.HTTPSamplerBase: Parser for text/html is org.apache.jmeter.protocol.http.parser.LagartoBasedHtmlParser
2026-06-20 13:10:47,618 INFO o.a.j.p.h.s.HTTPSamplerBase: Parser for application/xhtml+xml is org.apache.jmeter.protocol.http.parser.LagartoBasedHtmlParser
2026-06-20 13:10:47,618 INFO o.a.j.p.h.s.HTTPSamplerBase: Parser for application/xml is org.apache.jmeter.protocol.http.parser.LagartoBasedHtmlParser
2026-06-20 13:10:47,618 INFO o.a.j.p.h.s.HTTPSamplerBase: Parser for text/xml is org.apache.jmeter.protocol.http.parser.LagartoBasedHtmlParser
2026-06-20 13:10:47,618 INFO o.a.j.p.h.s.HTTPSamplerBase: Parser for text/vnd.wap.wml is org.apache.jmeter.protocol.http.parser.RegexpHTMLParser
2026-06-20 13:10:47,618 INFO o.a.j.p.h.s.HTTPSamplerBase: Parser for text/css is org.apache.jmeter.protocol.http.parser.CssParser
2026-06-20 13:10:47,628 INFO o.a.j.JMeter: Creating summariser <summary>
2026-06-20 13:10:47,635 INFO o.a.j.r.d.ReportGenerator: ReportGenerator will use for Parsing the separator: ','
2026-06-20 13:10:47,635 INFO o.a.j.r.d.ReportGenerator: Will generate report at end of test from  results file: results/stress_until_503/stress_until_503_48users_960rpm.jtl
2026-06-20 13:10:47,635 INFO o.a.j.r.d.ReportGenerator: Reading report generator properties from: /opt/jmeter/bin/reportgenerator.properties
2026-06-20 13:10:47,635 INFO o.a.j.r.d.ReportGenerator: Merging with JMeter properties
2026-06-20 13:10:47,638 INFO o.a.j.r.c.ReportGeneratorConfiguration: Property 'jmeter.reportgenerator.temp_dir' not found, using default value 'temp' instead.
2026-06-20 13:10:47,640 INFO o.a.j.r.c.ReportGeneratorConfiguration: Property 'jmeter.reportgenerator.apdex_per_transaction' not found, using default value 'null' instead.
2026-06-20 13:10:47,640 INFO o.a.j.r.c.ReportGeneratorConfiguration: apdex_per_transaction is empty, not APDEX per transaction customization
2026-06-20 13:10:47,640 INFO o.a.j.r.c.ReportGeneratorConfiguration: Property 'jmeter.reportgenerator.sample_filter' not found, using default value 'null' instead.
2026-06-20 13:10:47,640 INFO o.a.j.r.c.ReportGeneratorConfiguration: Property 'jmeter.reportgenerator.report_title' not found, using default value 'null' instead.
2026-06-20 13:10:47,641 INFO o.a.j.r.c.ReportGeneratorConfiguration: Property 'jmeter.reportgenerator.start_date' not found, using default value 'null' instead.
2026-06-20 13:10:47,641 INFO o.a.j.r.c.ReportGeneratorConfiguration: Property 'jmeter.reportgenerator.end_date' not found, using default value 'null' instead.
2026-06-20 13:10:47,641 INFO o.a.j.r.c.ReportGeneratorConfiguration: Property 'jmeter.reportgenerator.date_format' not found, using default value 'null' instead.
2026-06-20 13:10:47,641 INFO o.a.j.r.c.ReportGeneratorConfiguration: Will use date range start date: null, end date: null
2026-06-20 13:10:47,644 INFO o.a.j.r.c.ReportGeneratorConfiguration: Property 'jmeter.reportgenerator.graph.totalTPS.exclude_controllers' not found, using default value 'false' instead.
2026-06-20 13:10:47,644 INFO o.a.j.r.c.ReportGeneratorConfiguration: Property 'jmeter.reportgenerator.graph.activeThreadsOverTime.exclude_controllers' not found, using default value 'false' instead.
2026-06-20 13:10:47,644 INFO o.a.j.r.c.ReportGeneratorConfiguration: Property 'jmeter.reportgenerator.graph.timeVsThreads.exclude_controllers' not found, using default value 'false' instead.
2026-06-20 13:10:47,644 INFO o.a.j.r.c.ReportGeneratorConfiguration: Property 'jmeter.reportgenerator.graph.responseTimeDistribution.exclude_controllers' not found, using default value 'false' instead.
2026-06-20 13:10:47,644 INFO o.a.j.r.c.ReportGeneratorConfiguration: Property 'jmeter.reportgenerator.graph.transactionsPerSecond.exclude_controllers' not found, using default value 'false' instead.
2026-06-20 13:10:47,644 INFO o.a.j.r.c.ReportGeneratorConfiguration: Property 'jmeter.reportgenerator.graph.responseTimePercentiles.exclude_controllers' not found, using default value 'false' instead.
2026-06-20 13:10:47,644 INFO o.a.j.r.c.ReportGeneratorConfiguration: Property 'jmeter.reportgenerator.graph.responseTimePercentilesOverTime.exclude_controllers' not found, using default value 'false' instead.
2026-06-20 13:10:47,644 INFO o.a.j.r.c.ReportGeneratorConfiguration: Property 'jmeter.reportgenerator.graph.responseTimesOverTime.exclude_controllers' not found, using default value 'false' instead.
2026-06-20 13:10:47,645 INFO o.a.j.r.c.ReportGeneratorConfiguration: Property 'jmeter.reportgenerator.graph.connectTimeOverTime.exclude_controllers' not found, using default value 'false' instead.
2026-06-20 13:10:47,645 INFO o.a.j.r.c.ReportGeneratorConfiguration: Property 'jmeter.reportgenerator.graph.latenciesOverTime.exclude_controllers' not found, using default value 'false' instead.
2026-06-20 13:10:47,645 INFO o.a.j.r.c.ReportGeneratorConfiguration: Property 'jmeter.reportgenerator.exporter.json.filters_only_sample_series' not found, using default value 'true' instead.
2026-06-20 13:10:47,645 INFO o.a.j.r.c.ReportGeneratorConfiguration: Property 'jmeter.reportgenerator.exporter.json.series_filter' not found, using default value '' instead.
2026-06-20 13:10:47,645 INFO o.a.j.r.c.ReportGeneratorConfiguration: Property 'jmeter.reportgenerator.exporter.json.show_controllers_only' not found, using default value 'false' instead.
2026-06-20 13:10:47,646 INFO o.a.j.r.c.ReportGeneratorConfiguration: Property 'jmeter.reportgenerator.exporter.html.filters_only_sample_series' not found, using default value 'true' instead.
2026-06-20 13:10:47,646 INFO o.a.j.r.c.ReportGeneratorConfiguration: Property 'jmeter.reportgenerator.exporter.html.series_filter' not found, using default value '' instead.
2026-06-20 13:10:47,646 INFO o.a.j.r.c.ReportGeneratorConfiguration: Property 'jmeter.reportgenerator.exporter.html.show_controllers_only' not found, using default value 'false' instead.
2026-06-20 13:10:47,653 INFO o.a.j.e.StandardJMeterEngine: Running the test!
2026-06-20 13:10:47,654 INFO o.a.j.s.SampleEvent: List of sample_variables: []
2026-06-20 13:10:47,654 INFO o.a.j.s.SampleEvent: List of sample_variables: []
2026-06-20 13:10:47,659 INFO o.a.j.e.u.CompoundVariable: Note: Function class names must contain the string: '.functions.'
2026-06-20 13:10:47,659 INFO o.a.j.e.u.CompoundVariable: Note: Function class names must not contain the string: '.gui.'
2026-06-20 13:10:47,710 INFO o.a.j.JMeter: Running test (1781950247710)
2026-06-20 13:10:47,731 INFO o.a.j.e.StandardJMeterEngine: Starting ThreadGroup: 1 : Thread Group - until HTTP 503 - 48 users
2026-06-20 13:10:47,731 INFO o.a.j.e.StandardJMeterEngine: Starting 48 threads for group Thread Group - until HTTP 503 - 48 users.
2026-06-20 13:10:47,732 INFO o.a.j.e.StandardJMeterEngine: Thread will continue on error
2026-06-20 13:10:47,732 INFO o.a.j.t.ThreadGroup: Starting thread group... number=1 threads=48 ramp-up=48 delayedStart=false
2026-06-20 13:10:47,736 INFO o.a.j.t.JMeterThread: Thread started: Thread Group - until HTTP 503 - 48 users 1-1
2026-06-20 13:10:47,750 INFO o.a.j.t.ThreadGroup: Started thread group number 1
2026-06-20 13:10:47,750 INFO o.a.j.e.StandardJMeterEngine: All thread groups have been started
2026-06-20 13:10:47,772 INFO o.a.j.p.h.s.HTTPHCAbstractImpl: Local host = seventwocore
2026-06-20 13:10:47,776 INFO o.a.j.p.h.s.HTTPHC4Impl: HTTP request retry count = 0
2026-06-20 13:10:47,777 INFO o.a.j.s.SampleResult: Note: Sample TimeStamps are START times
2026-06-20 13:10:47,777 INFO o.a.j.s.SampleResult: sampleresult.default.encoding is set to UTF-8
2026-06-20 13:10:47,777 INFO o.a.j.s.SampleResult: sampleresult.useNanoTime=true
2026-06-20 13:10:47,777 INFO o.a.j.s.SampleResult: sampleresult.nanoThreadSleep=5000
2026-06-20 13:10:48,734 INFO o.a.j.t.JMeterThread: Thread started: Thread Group - until HTTP 503 - 48 users 1-2
2026-06-20 13:10:49,733 INFO o.a.j.t.JMeterThread: Thread started: Thread Group - until HTTP 503 - 48 users 1-3
2026-06-20 13:10:50,732 INFO o.a.j.t.JMeterThread: Thread started: Thread Group - until HTTP 503 - 48 users 1-4
2026-06-20 13:10:51,733 INFO o.a.j.t.JMeterThread: Thread started: Thread Group - until HTTP 503 - 48 users 1-5
2026-06-20 13:10:52,732 INFO o.a.j.t.JMeterThread: Thread started: Thread Group - until HTTP 503 - 48 users 1-6
2026-06-20 13:10:53,733 INFO o.a.j.t.JMeterThread: Thread started: Thread Group - until HTTP 503 - 48 users 1-7
2026-06-20 13:10:54,732 INFO o.a.j.t.JMeterThread: Thread started: Thread Group - until HTTP 503 - 48 users 1-8
2026-06-20 13:10:55,733 INFO o.a.j.t.JMeterThread: Thread started: Thread Group - until HTTP 503 - 48 users 1-9
2026-06-20 13:10:56,734 INFO o.a.j.t.JMeterThread: Thread started: Thread Group - until HTTP 503 - 48 users 1-10
2026-06-20 13:10:57,732 INFO o.a.j.t.JMeterThread: Thread started: Thread Group - until HTTP 503 - 48 users 1-11
2026-06-20 13:10:58,734 INFO o.a.j.t.JMeterThread: Thread started: Thread Group - until HTTP 503 - 48 users 1-12
2026-06-20 13:10:59,732 INFO o.a.j.t.JMeterThread: Thread started: Thread Group - until HTTP 503 - 48 users 1-13
2026-06-20 13:11:00,002 INFO o.a.j.r.Summariser: summary +    153 in 00:00:12 =   12.4/s Avg:   398 Min:   356 Max:   518 Err:     0 (0.00%) Active: 13 Started: 13 Finished: 0
2026-06-20 13:11:00,733 INFO o.a.j.t.JMeterThread: Thread started: Thread Group - until HTTP 503 - 48 users 1-14
2026-06-20 13:11:01,733 INFO o.a.j.t.JMeterThread: Thread started: Thread Group - until HTTP 503 - 48 users 1-15
2026-06-20 13:11:02,732 INFO o.a.j.t.JMeterThread: Thread started: Thread Group - until HTTP 503 - 48 users 1-16
2026-06-20 13:11:03,733 INFO o.a.j.t.JMeterThread: Thread started: Thread Group - until HTTP 503 - 48 users 1-17
2026-06-20 13:11:04,733 INFO o.a.j.t.JMeterThread: Thread started: Thread Group - until HTTP 503 - 48 users 1-18
2026-06-20 13:11:05,732 INFO o.a.j.t.JMeterThread: Thread started: Thread Group - until HTTP 503 - 48 users 1-19
2026-06-20 13:11:06,733 INFO o.a.j.t.JMeterThread: Thread started: Thread Group - until HTTP 503 - 48 users 1-20
2026-06-20 13:11:07,733 INFO o.a.j.t.JMeterThread: Thread started: Thread Group - until HTTP 503 - 48 users 1-21
2026-06-20 13:11:08,733 INFO o.a.j.t.JMeterThread: Thread started: Thread Group - until HTTP 503 - 48 users 1-22
2026-06-20 13:11:09,732 INFO o.a.j.t.JMeterThread: Thread started: Thread Group - until HTTP 503 - 48 users 1-23
2026-06-20 13:11:10,733 INFO o.a.j.t.JMeterThread: Thread started: Thread Group - until HTTP 503 - 48 users 1-24
2026-06-20 13:11:11,732 INFO o.a.j.t.JMeterThread: Thread started: Thread Group - until HTTP 503 - 48 users 1-25
2026-06-20 13:11:12,732 INFO o.a.j.t.JMeterThread: Thread started: Thread Group - until HTTP 503 - 48 users 1-26
2026-06-20 13:11:13,733 INFO o.a.j.t.JMeterThread: Thread started: Thread Group - until HTTP 503 - 48 users 1-27
2026-06-20 13:11:14,732 INFO o.a.j.t.JMeterThread: Thread started: Thread Group - until HTTP 503 - 48 users 1-28
2026-06-20 13:11:15,732 INFO o.a.j.t.JMeterThread: Thread started: Thread Group - until HTTP 503 - 48 users 1-29
2026-06-20 13:11:16,733 INFO o.a.j.t.JMeterThread: Thread started: Thread Group - until HTTP 503 - 48 users 1-30
2026-06-20 13:11:17,733 INFO o.a.j.t.JMeterThread: Thread started: Thread Group - until HTTP 503 - 48 users 1-31
2026-06-20 13:11:18,732 INFO o.a.j.t.JMeterThread: Thread started: Thread Group - until HTTP 503 - 48 users 1-32
2026-06-20 13:11:19,732 INFO o.a.j.t.JMeterThread: Thread started: Thread Group - until HTTP 503 - 48 users 1-33
2026-06-20 13:11:20,734 INFO o.a.j.t.JMeterThread: Thread started: Thread Group - until HTTP 503 - 48 users 1-34
2026-06-20 13:11:21,733 INFO o.a.j.t.JMeterThread: Thread started: Thread Group - until HTTP 503 - 48 users 1-35
2026-06-20 13:11:22,732 INFO o.a.j.t.JMeterThread: Thread started: Thread Group - until HTTP 503 - 48 users 1-36
2026-06-20 13:11:23,733 INFO o.a.j.t.JMeterThread: Thread started: Thread Group - until HTTP 503 - 48 users 1-37
2026-06-20 13:11:24,732 INFO o.a.j.t.JMeterThread: Thread started: Thread Group - until HTTP 503 - 48 users 1-38
2026-06-20 13:11:25,733 INFO o.a.j.t.JMeterThread: Thread started: Thread Group - until HTTP 503 - 48 users 1-39
2026-06-20 13:11:26,732 INFO o.a.j.t.JMeterThread: Thread started: Thread Group - until HTTP 503 - 48 users 1-40
2026-06-20 13:11:27,732 INFO o.a.j.t.JMeterThread: Thread started: Thread Group - until HTTP 503 - 48 users 1-41
2026-06-20 13:11:28,733 INFO o.a.j.t.JMeterThread: Thread started: Thread Group - until HTTP 503 - 48 users 1-42
2026-06-20 13:11:29,733 INFO o.a.j.t.JMeterThread: Thread started: Thread Group - until HTTP 503 - 48 users 1-43
2026-06-20 13:11:30,019 INFO o.a.j.r.Summariser: summary +    498 in 00:00:30 =   16.6/s Avg:   519 Min:   475 Max:   572 Err:     0 (0.00%) Active: 43 Started: 43 Finished: 0
2026-06-20 13:11:30,019 INFO o.a.j.r.Summariser: summary =    651 in 00:00:42 =   15.4/s Avg:   491 Min:   356 Max:   572 Err:     0 (0.00%)
2026-06-20 13:11:30,732 INFO o.a.j.t.JMeterThread: Thread started: Thread Group - until HTTP 503 - 48 users 1-44
2026-06-20 13:11:31,732 INFO o.a.j.t.JMeterThread: Thread started: Thread Group - until HTTP 503 - 48 users 1-45
2026-06-20 13:11:32,734 INFO o.a.j.t.JMeterThread: Thread started: Thread Group - until HTTP 503 - 48 users 1-46
2026-06-20 13:11:33,732 INFO o.a.j.t.JMeterThread: Thread started: Thread Group - until HTTP 503 - 48 users 1-47
2026-06-20 13:11:34,732 INFO o.a.j.t.JMeterThread: Thread started: Thread Group - until HTTP 503 - 48 users 1-48
2026-06-20 13:12:00,033 INFO o.a.j.r.Summariser: summary +    488 in 00:00:30 =   16.3/s Avg:   515 Min:   484 Max:   603 Err:     0 (0.00%) Active: 48 Started: 48 Finished: 0
2026-06-20 13:12:00,033 INFO o.a.j.r.Summariser: summary =   1139 in 00:01:12 =   15.7/s Avg:   501 Min:   356 Max:   603 Err:     0 (0.00%)
2026-06-20 13:12:15,425 INFO o.a.j.t.JMeterThread: Thread finished: Thread Group - until HTTP 503 - 48 users 1-41
2026-06-20 13:12:15,494 INFO o.a.j.t.JMeterThread: Thread finished: Thread Group - until HTTP 503 - 48 users 1-8
2026-06-20 13:12:15,811 INFO o.a.j.t.JMeterThread: Thread finished: Thread Group - until HTTP 503 - 48 users 1-9
2026-06-20 13:12:15,811 INFO o.a.j.t.JMeterThread: Thread finished: Thread Group - until HTTP 503 - 48 users 1-27
2026-06-20 13:12:15,914 INFO o.a.j.t.JMeterThread: Thread finished: Thread Group - until HTTP 503 - 48 users 1-44
2026-06-20 13:12:15,919 INFO o.a.j.t.JMeterThread: Thread finished: Thread Group - until HTTP 503 - 48 users 1-39
2026-06-20 13:12:16,098 INFO o.a.j.t.JMeterThread: Thread finished: Thread Group - until HTTP 503 - 48 users 1-24
2026-06-20 13:12:16,101 INFO o.a.j.t.JMeterThread: Thread finished: Thread Group - until HTTP 503 - 48 users 1-20
2026-06-20 13:12:16,104 INFO o.a.j.t.JMeterThread: Thread finished: Thread Group - until HTTP 503 - 48 users 1-13
2026-06-20 13:12:16,161 INFO o.a.j.t.JMeterThread: Thread finished: Thread Group - until HTTP 503 - 48 users 1-47
2026-06-20 13:12:16,171 INFO o.a.j.t.JMeterThread: Thread finished: Thread Group - until HTTP 503 - 48 users 1-6
2026-06-20 13:12:16,288 INFO o.a.j.t.JMeterThread: Thread finished: Thread Group - until HTTP 503 - 48 users 1-37
2026-06-20 13:12:16,302 INFO o.a.j.t.JMeterThread: Thread finished: Thread Group - until HTTP 503 - 48 users 1-14
2026-06-20 13:12:16,305 INFO o.a.j.t.JMeterThread: Thread finished: Thread Group - until HTTP 503 - 48 users 1-19
2026-06-20 13:12:16,307 INFO o.a.j.t.JMeterThread: Thread finished: Thread Group - until HTTP 503 - 48 users 1-11
2026-06-20 13:12:16,312 INFO o.a.j.t.JMeterThread: Thread finished: Thread Group - until HTTP 503 - 48 users 1-29
2026-06-20 13:12:16,509 INFO o.a.j.t.JMeterThread: Thread finished: Thread Group - until HTTP 503 - 48 users 1-1
2026-06-20 13:12:16,609 INFO o.a.j.t.JMeterThread: Thread finished: Thread Group - until HTTP 503 - 48 users 1-42
2026-06-20 13:12:16,612 INFO o.a.j.t.JMeterThread: Thread finished: Thread Group - until HTTP 503 - 48 users 1-35
2026-06-20 13:12:16,616 INFO o.a.j.t.JMeterThread: Thread finished: Thread Group - until HTTP 503 - 48 users 1-31
2026-06-20 13:12:16,742 INFO o.a.j.t.JMeterThread: Thread finished: Thread Group - until HTTP 503 - 48 users 1-33
2026-06-20 13:12:16,746 INFO o.a.j.t.JMeterThread: Thread finished: Thread Group - until HTTP 503 - 48 users 1-18
2026-06-20 13:12:16,748 INFO o.a.j.t.JMeterThread: Thread finished: Thread Group - until HTTP 503 - 48 users 1-15
2026-06-20 13:12:16,809 INFO o.a.j.t.JMeterThread: Thread finished: Thread Group - until HTTP 503 - 48 users 1-5
2026-06-20 13:12:16,814 INFO o.a.j.t.JMeterThread: Thread finished: Thread Group - until HTTP 503 - 48 users 1-23
2026-06-20 13:12:16,859 INFO o.a.j.t.JMeterThread: Thread finished: Thread Group - until HTTP 503 - 48 users 1-2
2026-06-20 13:12:17,065 INFO o.a.j.t.JMeterThread: Thread finished: Thread Group - until HTTP 503 - 48 users 1-45
2026-06-20 13:12:17,242 INFO o.a.j.t.JMeterThread: Thread finished: Thread Group - until HTTP 503 - 48 users 1-48
2026-06-20 13:12:17,246 INFO o.a.j.t.JMeterThread: Thread finished: Thread Group - until HTTP 503 - 48 users 1-40
2026-06-20 13:12:17,512 INFO o.a.j.t.JMeterThread: Thread finished: Thread Group - until HTTP 503 - 48 users 1-4
2026-06-20 13:12:17,609 INFO o.a.j.t.JMeterThread: Thread finished: Thread Group - until HTTP 503 - 48 users 1-12
2026-06-20 13:12:17,611 INFO o.a.j.t.JMeterThread: Thread finished: Thread Group - until HTTP 503 - 48 users 1-10
2026-06-20 13:12:17,616 INFO o.a.j.t.JMeterThread: Thread finished: Thread Group - until HTTP 503 - 48 users 1-7
2026-06-20 13:12:17,673 INFO o.a.j.t.JMeterThread: Thread finished: Thread Group - until HTTP 503 - 48 users 1-38
2026-06-20 13:12:17,689 INFO o.a.j.t.JMeterThread: Thread finished: Thread Group - until HTTP 503 - 48 users 1-22
2026-06-20 13:12:17,692 INFO o.a.j.t.JMeterThread: Thread finished: Thread Group - until HTTP 503 - 48 users 1-28
2026-06-20 13:12:17,796 INFO o.a.j.t.JMeterThread: Stopping because end time detected by thread: Thread Group - until HTTP 503 - 48 users 1-43
2026-06-20 13:12:17,796 INFO o.a.j.t.JMeterThread: Thread finished: Thread Group - until HTTP 503 - 48 users 1-43
2026-06-20 13:12:17,992 INFO o.a.j.t.JMeterThread: Stopping because end time detected by thread: Thread Group - until HTTP 503 - 48 users 1-36
2026-06-20 13:12:17,992 INFO o.a.j.t.JMeterThread: Thread finished: Thread Group - until HTTP 503 - 48 users 1-36
2026-06-20 13:12:17,994 INFO o.a.j.t.JMeterThread: Stopping because end time detected by thread: Thread Group - until HTTP 503 - 48 users 1-25
2026-06-20 13:12:17,994 INFO o.a.j.t.JMeterThread: Thread finished: Thread Group - until HTTP 503 - 48 users 1-25
2026-06-20 13:12:18,008 INFO o.a.j.t.JMeterThread: Stopping because end time detected by thread: Thread Group - until HTTP 503 - 48 users 1-30
2026-06-20 13:12:18,008 INFO o.a.j.t.JMeterThread: Thread finished: Thread Group - until HTTP 503 - 48 users 1-30
2026-06-20 13:12:18,031 INFO o.a.j.t.JMeterThread: Stopping because end time detected by thread: Thread Group - until HTTP 503 - 48 users 1-3
2026-06-20 13:12:18,031 INFO o.a.j.t.JMeterThread: Thread finished: Thread Group - until HTTP 503 - 48 users 1-3
2026-06-20 13:12:18,107 INFO o.a.j.t.JMeterThread: Stopping because end time detected by thread: Thread Group - until HTTP 503 - 48 users 1-32
2026-06-20 13:12:18,107 INFO o.a.j.t.JMeterThread: Thread finished: Thread Group - until HTTP 503 - 48 users 1-32
2026-06-20 13:12:18,109 INFO o.a.j.t.JMeterThread: Stopping because end time detected by thread: Thread Group - until HTTP 503 - 48 users 1-46
2026-06-20 13:12:18,109 INFO o.a.j.t.JMeterThread: Thread finished: Thread Group - until HTTP 503 - 48 users 1-46
2026-06-20 13:12:18,111 INFO o.a.j.t.JMeterThread: Stopping because end time detected by thread: Thread Group - until HTTP 503 - 48 users 1-34
2026-06-20 13:12:18,111 INFO o.a.j.t.JMeterThread: Thread finished: Thread Group - until HTTP 503 - 48 users 1-34
2026-06-20 13:12:18,177 INFO o.a.j.t.JMeterThread: Stopping because end time detected by thread: Thread Group - until HTTP 503 - 48 users 1-21
2026-06-20 13:12:18,177 INFO o.a.j.t.JMeterThread: Thread finished: Thread Group - until HTTP 503 - 48 users 1-21
2026-06-20 13:12:18,237 INFO o.a.j.t.JMeterThread: Stopping because end time detected by thread: Thread Group - until HTTP 503 - 48 users 1-26
2026-06-20 13:12:18,237 INFO o.a.j.t.JMeterThread: Thread finished: Thread Group - until HTTP 503 - 48 users 1-26
2026-06-20 13:12:18,243 INFO o.a.j.t.JMeterThread: Stopping because end time detected by thread: Thread Group - until HTTP 503 - 48 users 1-16
2026-06-20 13:12:18,243 INFO o.a.j.t.JMeterThread: Thread finished: Thread Group - until HTTP 503 - 48 users 1-16
2026-06-20 13:12:18,244 INFO o.a.j.t.JMeterThread: Stopping because end time detected by thread: Thread Group - until HTTP 503 - 48 users 1-17
2026-06-20 13:12:18,245 INFO o.a.j.t.JMeterThread: Thread finished: Thread Group - until HTTP 503 - 48 users 1-17
2026-06-20 13:12:18,245 INFO o.a.j.e.StandardJMeterEngine: Notifying test listeners of end of test
2026-06-20 13:12:18,245 INFO o.a.j.r.Summariser: summary +    295 in 00:00:18 =   16.2/s Avg:   507 Min:   485 Max:   559 Err:     0 (0.00%) Active: 0 Started: 48 Finished: 48
2026-06-20 13:12:18,245 INFO o.a.j.r.Summariser: summary =   1434 in 00:01:31 =   15.8/s Avg:   502 Min:   356 Max:   603 Err:     0 (0.00%)
2026-06-20 13:12:18,246 INFO o.a.j.JMeter: Generating Dashboard
2026-06-20 13:12:18,246 INFO o.a.j.r.d.ReportGenerator: Flushing result collector before report Generation
2026-06-20 13:12:18,254 INFO o.a.j.r.p.NormalizerSampleConsumer: Using format, 'ms', to parse timeStamp field
2026-06-20 13:12:18,331 INFO o.a.j.r.p.AbstractSampleConsumer: class org.apache.jmeter.report.processor.AggregateConsumer#stopProducing(): beginDate produced 0 samples
2026-06-20 13:12:18,331 INFO o.a.j.r.p.AbstractSampleConsumer: class org.apache.jmeter.report.processor.AggregateConsumer#stopProducing(): endDate produced 0 samples
2026-06-20 13:12:18,332 INFO o.a.j.r.p.AbstractSampleConsumer: class org.apache.jmeter.report.processor.ApdexSummaryConsumer#stopProducing(): apdexSummary produced 0 samples
2026-06-20 13:12:18,332 INFO o.a.j.r.p.AbstractSampleConsumer: class org.apache.jmeter.report.processor.RequestsSummaryConsumer#stopProducing(): requestsSummary produced 0 samples
2026-06-20 13:12:18,336 INFO o.a.j.r.p.AbstractSampleConsumer: class org.apache.jmeter.report.processor.StatisticsSummaryConsumer#stopProducing(): statisticsSummary produced 0 samples
2026-06-20 13:12:18,337 INFO o.a.j.r.p.AbstractSampleConsumer: class org.apache.jmeter.report.processor.Top5ErrorsBySamplerConsumer#stopProducing(): top5ErrorsBySampler produced 0 samples
2026-06-20 13:12:18,337 INFO o.a.j.r.p.AbstractSampleConsumer: class org.apache.jmeter.report.processor.ErrorsSummaryConsumer#stopProducing(): errorsSummary produced 0 samples
2026-06-20 13:12:18,337 INFO o.a.j.r.p.AbstractSampleConsumer: class org.apache.jmeter.report.processor.graph.impl.HitsPerSecondGraphConsumer#stopProducing(): hitsPerSecond produced 0 samples
2026-06-20 13:12:18,356 INFO o.a.j.r.p.AbstractSampleConsumer: class org.apache.jmeter.report.processor.graph.impl.LatencyVSRequestGraphConsumer#stopProducing(): latencyVsRequest produced 0 samples
2026-06-20 13:12:18,356 INFO o.a.j.r.p.AbstractSampleConsumer: class org.apache.jmeter.report.processor.graph.impl.SyntheticResponseTimeDistributionGraphConsumer#stopProducing(): syntheticResponseTimeDistribution produced 0 samples
2026-06-20 13:12:18,357 INFO o.a.j.r.p.AbstractSampleConsumer: class org.apache.jmeter.report.processor.graph.impl.BytesThroughputGraphConsumer#stopProducing(): bytesThroughputOverTime produced 0 samples
2026-06-20 13:12:18,357 INFO o.a.j.r.p.AbstractSampleConsumer: class org.apache.jmeter.report.processor.graph.impl.CodesPerSecondGraphConsumer#stopProducing(): codesPerSecond produced 0 samples
2026-06-20 13:12:18,369 INFO o.a.j.r.p.AbstractSampleConsumer: class org.apache.jmeter.report.processor.graph.impl.ResponseTimeVSRequestGraphConsumer#stopProducing(): responseTimeVsRequest produced 0 samples
2026-06-20 13:12:18,369 INFO o.a.j.r.p.AbstractSampleConsumer: class org.apache.jmeter.report.processor.FilterConsumer#stopProducing(): startIntervalControlerFilter produced 10038 samples
2026-06-20 13:12:18,369 INFO o.a.j.r.p.AbstractSampleConsumer: class org.apache.jmeter.report.processor.graph.impl.TotalTPSGraphConsumer#stopProducing(): totalTPS produced 0 samples
2026-06-20 13:12:18,370 INFO o.a.j.r.p.AbstractSampleConsumer: class org.apache.jmeter.report.processor.graph.impl.ActiveThreadsGraphConsumer#stopProducing(): activeThreadsOverTime produced 0 samples
2026-06-20 13:12:18,370 INFO o.a.j.r.p.AbstractSampleConsumer: class org.apache.jmeter.report.processor.graph.impl.TimeVSThreadGraphConsumer#stopProducing(): timeVsThreads produced 0 samples
2026-06-20 13:12:18,370 INFO o.a.j.r.p.AbstractSampleConsumer: class org.apache.jmeter.report.processor.graph.impl.ResponseTimeDistributionGraphConsumer#stopProducing(): responseTimeDistribution produced 0 samples
2026-06-20 13:12:18,370 INFO o.a.j.r.p.AbstractSampleConsumer: class org.apache.jmeter.report.processor.graph.impl.TransactionsPerSecondGraphConsumer#stopProducing(): transactionsPerSecond produced 0 samples
2026-06-20 13:12:18,370 INFO o.a.j.r.p.AbstractSampleConsumer: class org.apache.jmeter.report.processor.graph.impl.ResponseTimePercentilesGraphConsumer#stopProducing(): responseTimePercentiles produced 0 samples
2026-06-20 13:12:18,371 INFO o.a.j.r.p.AbstractSampleConsumer: class org.apache.jmeter.report.processor.graph.impl.ResponseTimePercentilesOverTimeGraphConsumer#stopProducing(): responseTimePercentilesOverTime produced 0 samples
2026-06-20 13:12:18,372 INFO o.a.j.r.p.AbstractSampleConsumer: class org.apache.jmeter.report.processor.graph.impl.ResponseTimeOverTimeGraphConsumer#stopProducing(): responseTimesOverTime produced 0 samples
2026-06-20 13:12:18,372 INFO o.a.j.r.p.AbstractSampleConsumer: class org.apache.jmeter.report.processor.graph.impl.ConnectTimeOverTimeGraphConsumer#stopProducing(): connectTimeOverTime produced 0 samples
2026-06-20 13:12:18,372 INFO o.a.j.r.p.AbstractSampleConsumer: class org.apache.jmeter.report.processor.graph.impl.LatencyOverTimeGraphConsumer#stopProducing(): latenciesOverTime produced 0 samples
2026-06-20 13:12:18,372 INFO o.a.j.r.p.AbstractSampleConsumer: class org.apache.jmeter.report.processor.FilterConsumer#stopProducing(): nameFilter produced 21510 samples
2026-06-20 13:12:18,372 INFO o.a.j.r.p.AbstractSampleConsumer: class org.apache.jmeter.report.processor.FilterConsumer#stopProducing(): dateRangeFilter produced 4302 samples
2026-06-20 13:12:18,372 INFO o.a.j.r.p.AbstractSampleConsumer: class org.apache.jmeter.report.processor.NormalizerSampleConsumer#stopProducing(): normalizer produced 1434 samples
2026-06-20 13:12:18,372 INFO o.a.j.r.p.CsvFileSampleSource: produce(): 1434 samples produced in 102ms on channel 0
2026-06-20 13:12:18,373 INFO o.a.j.r.d.ReportGenerator: Exporting data using exporter:'json' of className:'org.apache.jmeter.report.dashboard.JsonExporter'
2026-06-20 13:12:18,421 INFO o.a.j.r.d.JsonExporter: Found data for consumer statisticsSummary in context
2026-06-20 13:12:18,421 INFO o.a.j.r.d.JsonExporter: Creating statistics for overall
2026-06-20 13:12:18,421 INFO o.a.j.r.d.JsonExporter: Creating statistics for other transactions
2026-06-20 13:12:18,421 INFO o.a.j.r.d.JsonExporter: Checking output folder
2026-06-20 13:12:18,422 INFO o.a.j.r.d.JsonExporter: Writing statistics JSON to /home/seventwo/github/tpo-sub-four/html_reports/stress_until_503/48users_960rpm/statistics.json
2026-06-20 13:12:18,451 INFO o.a.j.r.d.ReportGenerator: Exporting data using exporter:'html' of className:'org.apache.jmeter.report.dashboard.HtmlTemplateExporter'
2026-06-20 13:12:18,452 INFO o.a.j.r.d.HtmlTemplateExporter: Will generate dashboard in folder: /home/seventwo/github/tpo-sub-four/html_reports/stress_until_503/48users_960rpm
2026-06-20 13:12:18,503 INFO o.a.j.r.d.HtmlTemplateExporter: Report will be generated in: /home/seventwo/github/tpo-sub-four/html_reports/stress_until_503/48users_960rpm, creating folder structure
2026-06-20 13:12:18,505 INFO o.a.j.r.d.TemplateVisitor: Copying folder from '/opt/jmeter/bin/report-template' to '/home/seventwo/github/tpo-sub-four/html_reports/stress_until_503/48users_960rpm', got message: /home/seventwo/github/tpo-sub-four/html_reports/stress_until_503/48users_960rpm, found non empty folder with following content [/home/seventwo/github/tpo-sub-four/html_reports/stress_until_503/48users_960rpm/statistics.json], will be ignored
2026-06-20 13:12:18,644 INFO o.a.j.JMeter: Dashboard generated
