2026-06-20 13:21:50,162 INFO o.a.j.u.JMeterUtils: Setting Locale to en_EN
2026-06-20 13:21:50,173 INFO o.a.j.JMeter: Loading user properties from: /opt/jmeter/bin/user.properties
2026-06-20 13:21:50,174 INFO o.a.j.JMeter: Loading system properties from: /opt/jmeter/bin/system.properties
2026-06-20 13:21:50,174 INFO o.a.j.JMeter: Setting JMeter property: jmeter.save.saveservice.output_format=csv
2026-06-20 13:21:50,174 INFO o.a.j.JMeter: Setting JMeter property: jmeter.save.saveservice.print_field_names=true
2026-06-20 13:21:50,174 INFO o.a.j.JMeter: Setting JMeter property: jmeter.save.saveservice.timestamp_format=ms
2026-06-20 13:21:50,174 INFO o.a.j.JMeter: Setting JMeter property: jmeter.save.saveservice.time=true
2026-06-20 13:21:50,174 INFO o.a.j.JMeter: Setting JMeter property: jmeter.save.saveservice.latency=true
2026-06-20 13:21:50,174 INFO o.a.j.JMeter: Setting JMeter property: jmeter.save.saveservice.label=true
2026-06-20 13:21:50,174 INFO o.a.j.JMeter: Setting JMeter property: jmeter.save.saveservice.response_code=true
2026-06-20 13:21:50,174 INFO o.a.j.JMeter: Setting JMeter property: jmeter.save.saveservice.response_message=true
2026-06-20 13:21:50,174 INFO o.a.j.JMeter: Setting JMeter property: jmeter.save.saveservice.successful=true
2026-06-20 13:21:50,174 INFO o.a.j.JMeter: Setting JMeter property: jmeter.save.saveservice.assertion_results_failure_message=true
2026-06-20 13:21:50,175 INFO o.a.j.JMeter: Setting JMeter property: jmeter.save.saveservice.thread_name=true
2026-06-20 13:21:50,175 INFO o.a.j.JMeter: Setting JMeter property: jmeter.save.saveservice.thread_counts=true
2026-06-20 13:21:50,175 INFO o.a.j.JMeter: Setting JMeter property: jmeter.save.saveservice.connect_time=true
2026-06-20 13:21:50,180 INFO o.a.j.JMeter: Copyright (c) 1998-2024 The Apache Software Foundation
2026-06-20 13:21:50,180 INFO o.a.j.JMeter: Version 5.6.3
2026-06-20 13:21:50,180 INFO o.a.j.JMeter: java.version=26.0.1
2026-06-20 13:21:50,180 INFO o.a.j.JMeter: java.vm.name=OpenJDK 64-Bit Server VM
2026-06-20 13:21:50,180 INFO o.a.j.JMeter: os.name=Linux
2026-06-20 13:21:50,180 INFO o.a.j.JMeter: os.arch=amd64
2026-06-20 13:21:50,180 INFO o.a.j.JMeter: os.version=6.18.33-1-MANJARO
2026-06-20 13:21:50,180 INFO o.a.j.JMeter: file.encoding=UTF-8
2026-06-20 13:21:50,180 INFO o.a.j.JMeter: java.awt.headless=true
2026-06-20 13:21:50,180 INFO o.a.j.JMeter: Max memory     =1073741824
2026-06-20 13:21:50,180 INFO o.a.j.JMeter: Available Processors =16
2026-06-20 13:21:50,190 INFO o.a.j.JMeter: Default Locale=English (EN)
2026-06-20 13:21:50,190 INFO o.a.j.JMeter: JMeter  Locale=English (EN)
2026-06-20 13:21:50,190 INFO o.a.j.JMeter: JMeterHome=/opt/jmeter
2026-06-20 13:21:50,190 INFO o.a.j.JMeter: user.dir  =/home/seventwo/github/tpo-sub-four
2026-06-20 13:21:50,190 INFO o.a.j.JMeter: PWD       =/home/seventwo/github/tpo-sub-four
2026-06-20 13:21:50,191 INFO o.a.j.JMeter: IP: 192.168.0.102 Name: seventwocore FullName: seventwocore
2026-06-20 13:21:50,198 INFO o.a.j.JMeter: Setting property 'jmeter.reportgenerator.outputdir' to:'/home/seventwo/github/tpo-sub-four/html_reports/stress_until_503/128users_2560rpm'
2026-06-20 13:21:50,200 INFO o.a.j.s.FileServer: Default base='/home/seventwo/github/tpo-sub-four'
2026-06-20 13:21:50,201 INFO o.a.j.s.FileServer: Set new base='/home/seventwo/github/tpo-sub-four/quality_jmeter_plans/stress_until_503'
2026-06-20 13:21:50,401 INFO o.a.j.s.SaveService: Testplan (JMX) version: 2.2. Testlog (JTL) version: 2.2
2026-06-20 13:21:50,420 INFO o.a.j.s.SaveService: Using SaveService properties version 5.0
2026-06-20 13:21:50,422 INFO o.a.j.s.SaveService: Using SaveService properties file encoding UTF-8
2026-06-20 13:21:50,425 INFO o.a.j.s.SaveService: Loading file: quality_jmeter_plans/stress_until_503/stress_until_503_128users_2560rpm_ctt.jmx
2026-06-20 13:21:50,466 INFO o.a.j.p.h.s.HTTPSamplerBase: Parser for text/html is org.apache.jmeter.protocol.http.parser.LagartoBasedHtmlParser
2026-06-20 13:21:50,466 INFO o.a.j.p.h.s.HTTPSamplerBase: Parser for application/xhtml+xml is org.apache.jmeter.protocol.http.parser.LagartoBasedHtmlParser
2026-06-20 13:21:50,466 INFO o.a.j.p.h.s.HTTPSamplerBase: Parser for application/xml is org.apache.jmeter.protocol.http.parser.LagartoBasedHtmlParser
2026-06-20 13:21:50,466 INFO o.a.j.p.h.s.HTTPSamplerBase: Parser for text/xml is org.apache.jmeter.protocol.http.parser.LagartoBasedHtmlParser
2026-06-20 13:21:50,466 INFO o.a.j.p.h.s.HTTPSamplerBase: Parser for text/vnd.wap.wml is org.apache.jmeter.protocol.http.parser.RegexpHTMLParser
2026-06-20 13:21:50,466 INFO o.a.j.p.h.s.HTTPSamplerBase: Parser for text/css is org.apache.jmeter.protocol.http.parser.CssParser
2026-06-20 13:21:50,477 INFO o.a.j.JMeter: Creating summariser <summary>
2026-06-20 13:21:50,483 INFO o.a.j.r.d.ReportGenerator: ReportGenerator will use for Parsing the separator: ','
2026-06-20 13:21:50,484 INFO o.a.j.r.d.ReportGenerator: Will generate report at end of test from  results file: results/stress_until_503/stress_until_503_128users_2560rpm.jtl
2026-06-20 13:21:50,484 INFO o.a.j.r.d.ReportGenerator: Reading report generator properties from: /opt/jmeter/bin/reportgenerator.properties
2026-06-20 13:21:50,484 INFO o.a.j.r.d.ReportGenerator: Merging with JMeter properties
2026-06-20 13:21:50,486 INFO o.a.j.r.c.ReportGeneratorConfiguration: Property 'jmeter.reportgenerator.temp_dir' not found, using default value 'temp' instead.
2026-06-20 13:21:50,488 INFO o.a.j.r.c.ReportGeneratorConfiguration: Property 'jmeter.reportgenerator.apdex_per_transaction' not found, using default value 'null' instead.
2026-06-20 13:21:50,488 INFO o.a.j.r.c.ReportGeneratorConfiguration: apdex_per_transaction is empty, not APDEX per transaction customization
2026-06-20 13:21:50,488 INFO o.a.j.r.c.ReportGeneratorConfiguration: Property 'jmeter.reportgenerator.sample_filter' not found, using default value 'null' instead.
2026-06-20 13:21:50,488 INFO o.a.j.r.c.ReportGeneratorConfiguration: Property 'jmeter.reportgenerator.report_title' not found, using default value 'null' instead.
2026-06-20 13:21:50,488 INFO o.a.j.r.c.ReportGeneratorConfiguration: Property 'jmeter.reportgenerator.start_date' not found, using default value 'null' instead.
2026-06-20 13:21:50,488 INFO o.a.j.r.c.ReportGeneratorConfiguration: Property 'jmeter.reportgenerator.end_date' not found, using default value 'null' instead.
2026-06-20 13:21:50,488 INFO o.a.j.r.c.ReportGeneratorConfiguration: Property 'jmeter.reportgenerator.date_format' not found, using default value 'null' instead.
2026-06-20 13:21:50,489 INFO o.a.j.r.c.ReportGeneratorConfiguration: Will use date range start date: null, end date: null
2026-06-20 13:21:50,492 INFO o.a.j.r.c.ReportGeneratorConfiguration: Property 'jmeter.reportgenerator.graph.totalTPS.exclude_controllers' not found, using default value 'false' instead.
2026-06-20 13:21:50,492 INFO o.a.j.r.c.ReportGeneratorConfiguration: Property 'jmeter.reportgenerator.graph.activeThreadsOverTime.exclude_controllers' not found, using default value 'false' instead.
2026-06-20 13:21:50,492 INFO o.a.j.r.c.ReportGeneratorConfiguration: Property 'jmeter.reportgenerator.graph.timeVsThreads.exclude_controllers' not found, using default value 'false' instead.
2026-06-20 13:21:50,492 INFO o.a.j.r.c.ReportGeneratorConfiguration: Property 'jmeter.reportgenerator.graph.responseTimeDistribution.exclude_controllers' not found, using default value 'false' instead.
2026-06-20 13:21:50,492 INFO o.a.j.r.c.ReportGeneratorConfiguration: Property 'jmeter.reportgenerator.graph.transactionsPerSecond.exclude_controllers' not found, using default value 'false' instead.
2026-06-20 13:21:50,492 INFO o.a.j.r.c.ReportGeneratorConfiguration: Property 'jmeter.reportgenerator.graph.responseTimePercentiles.exclude_controllers' not found, using default value 'false' instead.
2026-06-20 13:21:50,493 INFO o.a.j.r.c.ReportGeneratorConfiguration: Property 'jmeter.reportgenerator.graph.responseTimePercentilesOverTime.exclude_controllers' not found, using default value 'false' instead.
2026-06-20 13:21:50,493 INFO o.a.j.r.c.ReportGeneratorConfiguration: Property 'jmeter.reportgenerator.graph.responseTimesOverTime.exclude_controllers' not found, using default value 'false' instead.
2026-06-20 13:21:50,493 INFO o.a.j.r.c.ReportGeneratorConfiguration: Property 'jmeter.reportgenerator.graph.connectTimeOverTime.exclude_controllers' not found, using default value 'false' instead.
2026-06-20 13:21:50,493 INFO o.a.j.r.c.ReportGeneratorConfiguration: Property 'jmeter.reportgenerator.graph.latenciesOverTime.exclude_controllers' not found, using default value 'false' instead.
2026-06-20 13:21:50,493 INFO o.a.j.r.c.ReportGeneratorConfiguration: Property 'jmeter.reportgenerator.exporter.json.filters_only_sample_series' not found, using default value 'true' instead.
2026-06-20 13:21:50,494 INFO o.a.j.r.c.ReportGeneratorConfiguration: Property 'jmeter.reportgenerator.exporter.json.series_filter' not found, using default value '' instead.
2026-06-20 13:21:50,494 INFO o.a.j.r.c.ReportGeneratorConfiguration: Property 'jmeter.reportgenerator.exporter.json.show_controllers_only' not found, using default value 'false' instead.
2026-06-20 13:21:50,494 INFO o.a.j.r.c.ReportGeneratorConfiguration: Property 'jmeter.reportgenerator.exporter.html.filters_only_sample_series' not found, using default value 'true' instead.
2026-06-20 13:21:50,494 INFO o.a.j.r.c.ReportGeneratorConfiguration: Property 'jmeter.reportgenerator.exporter.html.series_filter' not found, using default value '' instead.
2026-06-20 13:21:50,494 INFO o.a.j.r.c.ReportGeneratorConfiguration: Property 'jmeter.reportgenerator.exporter.html.show_controllers_only' not found, using default value 'false' instead.
2026-06-20 13:21:50,502 INFO o.a.j.e.StandardJMeterEngine: Running the test!
2026-06-20 13:21:50,502 INFO o.a.j.s.SampleEvent: List of sample_variables: []
2026-06-20 13:21:50,503 INFO o.a.j.s.SampleEvent: List of sample_variables: []
2026-06-20 13:21:50,505 INFO o.a.j.e.u.CompoundVariable: Note: Function class names must contain the string: '.functions.'
2026-06-20 13:21:50,506 INFO o.a.j.e.u.CompoundVariable: Note: Function class names must not contain the string: '.gui.'
2026-06-20 13:21:50,551 INFO o.a.j.JMeter: Running test (1781950910551)
2026-06-20 13:21:50,571 INFO o.a.j.e.StandardJMeterEngine: Starting ThreadGroup: 1 : Thread Group - until HTTP 503 - 128 users
2026-06-20 13:21:50,572 INFO o.a.j.e.StandardJMeterEngine: Starting 128 threads for group Thread Group - until HTTP 503 - 128 users.
2026-06-20 13:21:50,572 INFO o.a.j.e.StandardJMeterEngine: Thread will continue on error
2026-06-20 13:21:50,572 INFO o.a.j.t.ThreadGroup: Starting thread group... number=1 threads=128 ramp-up=60 delayedStart=false
2026-06-20 13:21:50,577 INFO o.a.j.t.JMeterThread: Thread started: Thread Group - until HTTP 503 - 128 users 1-1
2026-06-20 13:21:50,608 INFO o.a.j.t.ThreadGroup: Started thread group number 1
2026-06-20 13:21:50,608 INFO o.a.j.e.StandardJMeterEngine: All thread groups have been started
2026-06-20 13:21:50,617 INFO o.a.j.p.h.s.HTTPHCAbstractImpl: Local host = seventwocore
2026-06-20 13:21:50,621 INFO o.a.j.p.h.s.HTTPHC4Impl: HTTP request retry count = 0
2026-06-20 13:21:50,622 INFO o.a.j.s.SampleResult: Note: Sample TimeStamps are START times
2026-06-20 13:21:50,622 INFO o.a.j.s.SampleResult: sampleresult.default.encoding is set to UTF-8
2026-06-20 13:21:50,622 INFO o.a.j.s.SampleResult: sampleresult.useNanoTime=true
2026-06-20 13:21:50,622 INFO o.a.j.s.SampleResult: sampleresult.nanoThreadSleep=5000
2026-06-20 13:21:51,043 INFO o.a.j.t.JMeterThread: Thread started: Thread Group - until HTTP 503 - 128 users 1-2
2026-06-20 13:21:51,512 INFO o.a.j.t.JMeterThread: Thread started: Thread Group - until HTTP 503 - 128 users 1-3
2026-06-20 13:21:51,980 INFO o.a.j.t.JMeterThread: Thread started: Thread Group - until HTTP 503 - 128 users 1-4
2026-06-20 13:21:52,449 INFO o.a.j.t.JMeterThread: Thread started: Thread Group - until HTTP 503 - 128 users 1-5
2026-06-20 13:21:52,918 INFO o.a.j.t.JMeterThread: Thread started: Thread Group - until HTTP 503 - 128 users 1-6
2026-06-20 13:21:53,387 INFO o.a.j.t.JMeterThread: Thread started: Thread Group - until HTTP 503 - 128 users 1-7
2026-06-20 13:21:53,856 INFO o.a.j.t.JMeterThread: Thread started: Thread Group - until HTTP 503 - 128 users 1-8
2026-06-20 13:21:54,325 INFO o.a.j.t.JMeterThread: Thread started: Thread Group - until HTTP 503 - 128 users 1-9
2026-06-20 13:21:54,794 INFO o.a.j.t.JMeterThread: Thread started: Thread Group - until HTTP 503 - 128 users 1-10
2026-06-20 13:21:55,263 INFO o.a.j.t.JMeterThread: Thread started: Thread Group - until HTTP 503 - 128 users 1-11
2026-06-20 13:21:55,731 INFO o.a.j.t.JMeterThread: Thread started: Thread Group - until HTTP 503 - 128 users 1-12
2026-06-20 13:21:56,200 INFO o.a.j.t.JMeterThread: Thread started: Thread Group - until HTTP 503 - 128 users 1-13
2026-06-20 13:21:56,670 INFO o.a.j.t.JMeterThread: Thread started: Thread Group - until HTTP 503 - 128 users 1-14
2026-06-20 13:21:57,139 INFO o.a.j.t.JMeterThread: Thread started: Thread Group - until HTTP 503 - 128 users 1-15
2026-06-20 13:21:57,608 INFO o.a.j.t.JMeterThread: Thread started: Thread Group - until HTTP 503 - 128 users 1-16
2026-06-20 13:21:58,076 INFO o.a.j.t.JMeterThread: Thread started: Thread Group - until HTTP 503 - 128 users 1-17
2026-06-20 13:21:58,546 INFO o.a.j.t.JMeterThread: Thread started: Thread Group - until HTTP 503 - 128 users 1-18
2026-06-20 13:21:59,015 INFO o.a.j.t.JMeterThread: Thread started: Thread Group - until HTTP 503 - 128 users 1-19
2026-06-20 13:21:59,483 INFO o.a.j.t.JMeterThread: Thread started: Thread Group - until HTTP 503 - 128 users 1-20
2026-06-20 13:21:59,952 INFO o.a.j.t.JMeterThread: Thread started: Thread Group - until HTTP 503 - 128 users 1-21
2026-06-20 13:22:00,008 INFO o.a.j.r.Summariser: summary +    207 in 00:00:09 =   21.9/s Avg:   449 Min:   360 Max:   612 Err:     0 (0.00%) Active: 21 Started: 21 Finished: 0
2026-06-20 13:22:00,422 INFO o.a.j.t.JMeterThread: Thread started: Thread Group - until HTTP 503 - 128 users 1-22
2026-06-20 13:22:00,891 INFO o.a.j.t.JMeterThread: Thread started: Thread Group - until HTTP 503 - 128 users 1-23
2026-06-20 13:22:01,360 INFO o.a.j.t.JMeterThread: Thread started: Thread Group - until HTTP 503 - 128 users 1-24
2026-06-20 13:22:01,828 INFO o.a.j.t.JMeterThread: Thread started: Thread Group - until HTTP 503 - 128 users 1-25
2026-06-20 13:22:02,297 INFO o.a.j.t.JMeterThread: Thread started: Thread Group - until HTTP 503 - 128 users 1-26
2026-06-20 13:22:02,766 INFO o.a.j.t.JMeterThread: Thread started: Thread Group - until HTTP 503 - 128 users 1-27
2026-06-20 13:22:03,236 INFO o.a.j.t.JMeterThread: Thread started: Thread Group - until HTTP 503 - 128 users 1-28
2026-06-20 13:22:03,704 INFO o.a.j.t.JMeterThread: Thread started: Thread Group - until HTTP 503 - 128 users 1-29
2026-06-20 13:22:04,173 INFO o.a.j.t.JMeterThread: Thread started: Thread Group - until HTTP 503 - 128 users 1-30
2026-06-20 13:22:04,643 INFO o.a.j.t.JMeterThread: Thread started: Thread Group - until HTTP 503 - 128 users 1-31
2026-06-20 13:22:05,111 INFO o.a.j.t.JMeterThread: Thread started: Thread Group - until HTTP 503 - 128 users 1-32
2026-06-20 13:22:05,580 INFO o.a.j.t.JMeterThread: Thread started: Thread Group - until HTTP 503 - 128 users 1-33
2026-06-20 13:22:06,049 INFO o.a.j.t.JMeterThread: Thread started: Thread Group - until HTTP 503 - 128 users 1-34
2026-06-20 13:22:06,520 INFO o.a.j.t.JMeterThread: Thread started: Thread Group - until HTTP 503 - 128 users 1-35
2026-06-20 13:22:06,988 INFO o.a.j.t.JMeterThread: Thread started: Thread Group - until HTTP 503 - 128 users 1-36
2026-06-20 13:22:07,456 INFO o.a.j.t.JMeterThread: Thread started: Thread Group - until HTTP 503 - 128 users 1-37
2026-06-20 13:22:07,925 INFO o.a.j.t.JMeterThread: Thread started: Thread Group - until HTTP 503 - 128 users 1-38
2026-06-20 13:22:08,394 INFO o.a.j.t.JMeterThread: Thread started: Thread Group - until HTTP 503 - 128 users 1-39
2026-06-20 13:22:08,864 INFO o.a.j.t.JMeterThread: Thread started: Thread Group - until HTTP 503 - 128 users 1-40
2026-06-20 13:22:09,333 INFO o.a.j.t.JMeterThread: Thread started: Thread Group - until HTTP 503 - 128 users 1-41
2026-06-20 13:22:09,802 INFO o.a.j.t.JMeterThread: Thread started: Thread Group - until HTTP 503 - 128 users 1-42
2026-06-20 13:22:10,270 INFO o.a.j.t.JMeterThread: Thread started: Thread Group - until HTTP 503 - 128 users 1-43
2026-06-20 13:22:10,740 INFO o.a.j.t.JMeterThread: Thread started: Thread Group - until HTTP 503 - 128 users 1-44
2026-06-20 13:22:11,208 INFO o.a.j.t.JMeterThread: Thread started: Thread Group - until HTTP 503 - 128 users 1-45
2026-06-20 13:22:11,677 INFO o.a.j.t.JMeterThread: Thread started: Thread Group - until HTTP 503 - 128 users 1-46
2026-06-20 13:22:12,146 INFO o.a.j.t.JMeterThread: Thread started: Thread Group - until HTTP 503 - 128 users 1-47
2026-06-20 13:22:12,616 INFO o.a.j.t.JMeterThread: Thread started: Thread Group - until HTTP 503 - 128 users 1-48
2026-06-20 13:22:13,085 INFO o.a.j.t.JMeterThread: Thread started: Thread Group - until HTTP 503 - 128 users 1-49
2026-06-20 13:22:13,554 INFO o.a.j.t.JMeterThread: Thread started: Thread Group - until HTTP 503 - 128 users 1-50
2026-06-20 13:22:14,023 INFO o.a.j.t.JMeterThread: Thread started: Thread Group - until HTTP 503 - 128 users 1-51
2026-06-20 13:22:14,493 INFO o.a.j.t.JMeterThread: Thread started: Thread Group - until HTTP 503 - 128 users 1-52
2026-06-20 13:22:14,960 INFO o.a.j.t.JMeterThread: Thread started: Thread Group - until HTTP 503 - 128 users 1-53
2026-06-20 13:22:15,429 INFO o.a.j.t.JMeterThread: Thread started: Thread Group - until HTTP 503 - 128 users 1-54
2026-06-20 13:22:15,899 INFO o.a.j.t.JMeterThread: Thread started: Thread Group - until HTTP 503 - 128 users 1-55
2026-06-20 13:22:16,368 INFO o.a.j.t.JMeterThread: Thread started: Thread Group - until HTTP 503 - 128 users 1-56
2026-06-20 13:22:16,836 INFO o.a.j.t.JMeterThread: Thread started: Thread Group - until HTTP 503 - 128 users 1-57
2026-06-20 13:22:17,305 INFO o.a.j.t.JMeterThread: Thread started: Thread Group - until HTTP 503 - 128 users 1-58
2026-06-20 13:22:17,775 INFO o.a.j.t.JMeterThread: Thread started: Thread Group - until HTTP 503 - 128 users 1-59
2026-06-20 13:22:18,244 INFO o.a.j.t.JMeterThread: Thread started: Thread Group - until HTTP 503 - 128 users 1-60
2026-06-20 13:22:18,712 INFO o.a.j.t.JMeterThread: Thread started: Thread Group - until HTTP 503 - 128 users 1-61
2026-06-20 13:22:19,181 INFO o.a.j.t.JMeterThread: Thread started: Thread Group - until HTTP 503 - 128 users 1-62
2026-06-20 13:22:19,651 INFO o.a.j.t.JMeterThread: Thread started: Thread Group - until HTTP 503 - 128 users 1-63
2026-06-20 13:22:20,120 INFO o.a.j.t.JMeterThread: Thread started: Thread Group - until HTTP 503 - 128 users 1-64
2026-06-20 13:22:20,588 INFO o.a.j.t.JMeterThread: Thread started: Thread Group - until HTTP 503 - 128 users 1-65
2026-06-20 13:22:21,057 INFO o.a.j.t.JMeterThread: Thread started: Thread Group - until HTTP 503 - 128 users 1-66
2026-06-20 13:22:21,528 INFO o.a.j.t.JMeterThread: Thread started: Thread Group - until HTTP 503 - 128 users 1-67
2026-06-20 13:22:21,995 INFO o.a.j.t.JMeterThread: Thread started: Thread Group - until HTTP 503 - 128 users 1-68
2026-06-20 13:22:22,464 INFO o.a.j.t.JMeterThread: Thread started: Thread Group - until HTTP 503 - 128 users 1-69
2026-06-20 13:22:22,933 INFO o.a.j.t.JMeterThread: Thread started: Thread Group - until HTTP 503 - 128 users 1-70
2026-06-20 13:22:23,403 INFO o.a.j.t.JMeterThread: Thread started: Thread Group - until HTTP 503 - 128 users 1-71
2026-06-20 13:22:23,871 INFO o.a.j.t.JMeterThread: Thread started: Thread Group - until HTTP 503 - 128 users 1-72
2026-06-20 13:22:24,340 INFO o.a.j.t.JMeterThread: Thread started: Thread Group - until HTTP 503 - 128 users 1-73
2026-06-20 13:22:24,809 INFO o.a.j.t.JMeterThread: Thread started: Thread Group - until HTTP 503 - 128 users 1-74
2026-06-20 13:22:25,279 INFO o.a.j.t.JMeterThread: Thread started: Thread Group - until HTTP 503 - 128 users 1-75
2026-06-20 13:22:25,748 INFO o.a.j.t.JMeterThread: Thread started: Thread Group - until HTTP 503 - 128 users 1-76
2026-06-20 13:22:26,216 INFO o.a.j.t.JMeterThread: Thread started: Thread Group - until HTTP 503 - 128 users 1-77
2026-06-20 13:22:26,686 INFO o.a.j.t.JMeterThread: Thread started: Thread Group - until HTTP 503 - 128 users 1-78
2026-06-20 13:22:27,155 INFO o.a.j.t.JMeterThread: Thread started: Thread Group - until HTTP 503 - 128 users 1-79
2026-06-20 13:22:27,624 INFO o.a.j.t.JMeterThread: Thread started: Thread Group - until HTTP 503 - 128 users 1-80
2026-06-20 13:22:28,092 INFO o.a.j.t.JMeterThread: Thread started: Thread Group - until HTTP 503 - 128 users 1-81
2026-06-20 13:22:28,561 INFO o.a.j.t.JMeterThread: Thread started: Thread Group - until HTTP 503 - 128 users 1-82
2026-06-20 13:22:29,031 INFO o.a.j.t.JMeterThread: Thread started: Thread Group - until HTTP 503 - 128 users 1-83
2026-06-20 13:22:29,500 INFO o.a.j.t.JMeterThread: Thread started: Thread Group - until HTTP 503 - 128 users 1-84
2026-06-20 13:22:29,968 INFO o.a.j.t.JMeterThread: Thread started: Thread Group - until HTTP 503 - 128 users 1-85
2026-06-20 13:22:30,437 INFO o.a.j.t.JMeterThread: Thread started: Thread Group - until HTTP 503 - 128 users 1-86
2026-06-20 13:22:30,453 INFO o.a.j.r.Summariser: summary +    895 in 00:00:30 =   29.4/s Avg:  1643 Min:   618 Max:  3217 Err:   893 (99.78%) Active: 86 Started: 86 Finished: 0
2026-06-20 13:22:30,453 INFO o.a.j.r.Summariser: summary =   1102 in 00:00:40 =   27.6/s Avg:  1418 Min:   360 Max:  3217 Err:   893 (81.03%)
2026-06-20 13:22:30,907 INFO o.a.j.t.JMeterThread: Thread started: Thread Group - until HTTP 503 - 128 users 1-87
2026-06-20 13:22:31,376 INFO o.a.j.t.JMeterThread: Thread started: Thread Group - until HTTP 503 - 128 users 1-88
2026-06-20 13:22:31,845 INFO o.a.j.t.JMeterThread: Thread started: Thread Group - until HTTP 503 - 128 users 1-89
2026-06-20 13:22:32,314 INFO o.a.j.t.JMeterThread: Thread started: Thread Group - until HTTP 503 - 128 users 1-90
2026-06-20 13:22:32,782 INFO o.a.j.t.JMeterThread: Thread started: Thread Group - until HTTP 503 - 128 users 1-91
2026-06-20 13:22:33,251 INFO o.a.j.t.JMeterThread: Thread started: Thread Group - until HTTP 503 - 128 users 1-92
2026-06-20 13:22:33,721 INFO o.a.j.t.JMeterThread: Thread started: Thread Group - until HTTP 503 - 128 users 1-93
2026-06-20 13:22:34,190 INFO o.a.j.t.JMeterThread: Thread started: Thread Group - until HTTP 503 - 128 users 1-94
2026-06-20 13:22:34,658 INFO o.a.j.t.JMeterThread: Thread started: Thread Group - until HTTP 503 - 128 users 1-95
2026-06-20 13:22:35,127 INFO o.a.j.t.JMeterThread: Thread started: Thread Group - until HTTP 503 - 128 users 1-96
2026-06-20 13:22:35,596 INFO o.a.j.t.JMeterThread: Thread started: Thread Group - until HTTP 503 - 128 users 1-97
2026-06-20 13:22:36,065 INFO o.a.j.t.JMeterThread: Thread started: Thread Group - until HTTP 503 - 128 users 1-98
2026-06-20 13:22:36,536 INFO o.a.j.t.JMeterThread: Thread started: Thread Group - until HTTP 503 - 128 users 1-99
2026-06-20 13:22:37,005 INFO o.a.j.t.JMeterThread: Thread started: Thread Group - until HTTP 503 - 128 users 1-100
2026-06-20 13:22:37,472 INFO o.a.j.t.JMeterThread: Thread started: Thread Group - until HTTP 503 - 128 users 1-101
2026-06-20 13:22:37,941 INFO o.a.j.t.JMeterThread: Thread started: Thread Group - until HTTP 503 - 128 users 1-102
2026-06-20 13:22:38,410 INFO o.a.j.t.JMeterThread: Thread started: Thread Group - until HTTP 503 - 128 users 1-103
2026-06-20 13:22:38,879 INFO o.a.j.t.JMeterThread: Thread started: Thread Group - until HTTP 503 - 128 users 1-104
2026-06-20 13:22:39,349 INFO o.a.j.t.JMeterThread: Thread started: Thread Group - until HTTP 503 - 128 users 1-105
2026-06-20 13:22:39,818 INFO o.a.j.t.JMeterThread: Thread started: Thread Group - until HTTP 503 - 128 users 1-106
2026-06-20 13:22:40,286 INFO o.a.j.t.JMeterThread: Thread started: Thread Group - until HTTP 503 - 128 users 1-107
2026-06-20 13:22:40,755 INFO o.a.j.t.JMeterThread: Thread started: Thread Group - until HTTP 503 - 128 users 1-108
2026-06-20 13:22:41,225 INFO o.a.j.t.JMeterThread: Thread started: Thread Group - until HTTP 503 - 128 users 1-109
2026-06-20 13:22:41,694 INFO o.a.j.t.JMeterThread: Thread started: Thread Group - until HTTP 503 - 128 users 1-110
2026-06-20 13:22:42,163 INFO o.a.j.t.JMeterThread: Thread started: Thread Group - until HTTP 503 - 128 users 1-111
2026-06-20 13:22:42,631 INFO o.a.j.t.JMeterThread: Thread started: Thread Group - until HTTP 503 - 128 users 1-112
2026-06-20 13:22:43,101 INFO o.a.j.t.JMeterThread: Thread started: Thread Group - until HTTP 503 - 128 users 1-113
2026-06-20 13:22:43,569 INFO o.a.j.t.JMeterThread: Thread started: Thread Group - until HTTP 503 - 128 users 1-114
2026-06-20 13:22:44,039 INFO o.a.j.t.JMeterThread: Thread started: Thread Group - until HTTP 503 - 128 users 1-115
2026-06-20 13:22:44,507 INFO o.a.j.t.JMeterThread: Thread started: Thread Group - until HTTP 503 - 128 users 1-116
2026-06-20 13:22:44,976 INFO o.a.j.t.JMeterThread: Thread started: Thread Group - until HTTP 503 - 128 users 1-117
2026-06-20 13:22:45,446 INFO o.a.j.t.JMeterThread: Thread started: Thread Group - until HTTP 503 - 128 users 1-118
2026-06-20 13:22:45,914 INFO o.a.j.t.JMeterThread: Thread started: Thread Group - until HTTP 503 - 128 users 1-119
2026-06-20 13:22:46,383 INFO o.a.j.t.JMeterThread: Thread started: Thread Group - until HTTP 503 - 128 users 1-120
2026-06-20 13:22:46,853 INFO o.a.j.t.JMeterThread: Thread started: Thread Group - until HTTP 503 - 128 users 1-121
2026-06-20 13:22:47,321 INFO o.a.j.t.JMeterThread: Thread started: Thread Group - until HTTP 503 - 128 users 1-122
2026-06-20 13:22:47,790 INFO o.a.j.t.JMeterThread: Thread started: Thread Group - until HTTP 503 - 128 users 1-123
2026-06-20 13:22:48,260 INFO o.a.j.t.JMeterThread: Thread started: Thread Group - until HTTP 503 - 128 users 1-124
2026-06-20 13:22:48,728 INFO o.a.j.t.JMeterThread: Thread started: Thread Group - until HTTP 503 - 128 users 1-125
2026-06-20 13:22:49,198 INFO o.a.j.t.JMeterThread: Thread started: Thread Group - until HTTP 503 - 128 users 1-126
2026-06-20 13:22:49,667 INFO o.a.j.t.JMeterThread: Thread started: Thread Group - until HTTP 503 - 128 users 1-127
2026-06-20 13:22:50,135 INFO o.a.j.t.JMeterThread: Thread started: Thread Group - until HTTP 503 - 128 users 1-128
2026-06-20 13:23:01,899 INFO o.a.j.r.Summariser: summary +    946 in 00:00:31 =   30.1/s Avg:  3521 Min:  1672 Max:  4827 Err:   946 (100.00%) Active: 128 Started: 128 Finished: 0
2026-06-20 13:23:01,899 INFO o.a.j.r.Summariser: summary =   2048 in 00:01:11 =   28.7/s Avg:  2390 Min:   360 Max:  4827 Err:  1839 (89.79%)
2026-06-20 13:23:21,055 INFO o.a.j.t.JMeterThread: Stopping because end time detected by thread: Thread Group - until HTTP 503 - 128 users 1-106
2026-06-20 13:23:21,055 INFO o.a.j.t.JMeterThread: Stopping because end time detected by thread: Thread Group - until HTTP 503 - 128 users 1-51
2026-06-20 13:23:21,055 INFO o.a.j.t.JMeterThread: Stopping because end time detected by thread: Thread Group - until HTTP 503 - 128 users 1-87
2026-06-20 13:23:21,055 INFO o.a.j.t.JMeterThread: Stopping because end time detected by thread: Thread Group - until HTTP 503 - 128 users 1-25
2026-06-20 13:23:21,055 INFO o.a.j.t.JMeterThread: Stopping because end time detected by thread: Thread Group - until HTTP 503 - 128 users 1-16
2026-06-20 13:23:21,055 INFO o.a.j.t.JMeterThread: Stopping because end time detected by thread: Thread Group - until HTTP 503 - 128 users 1-43
2026-06-20 13:23:21,055 INFO o.a.j.t.JMeterThread: Thread finished: Thread Group - until HTTP 503 - 128 users 1-16
2026-06-20 13:23:21,055 INFO o.a.j.t.JMeterThread: Thread finished: Thread Group - until HTTP 503 - 128 users 1-106
2026-06-20 13:23:21,055 INFO o.a.j.t.JMeterThread: Thread finished: Thread Group - until HTTP 503 - 128 users 1-51
2026-06-20 13:23:21,055 INFO o.a.j.t.JMeterThread: Thread finished: Thread Group - until HTTP 503 - 128 users 1-87
2026-06-20 13:23:21,055 INFO o.a.j.t.JMeterThread: Thread finished: Thread Group - until HTTP 503 - 128 users 1-25
2026-06-20 13:23:21,055 INFO o.a.j.t.JMeterThread: Thread finished: Thread Group - until HTTP 503 - 128 users 1-43
2026-06-20 13:23:21,056 INFO o.a.j.t.JMeterThread: Stopping because end time detected by thread: Thread Group - until HTTP 503 - 128 users 1-67
2026-06-20 13:23:21,056 INFO o.a.j.t.JMeterThread: Stopping because end time detected by thread: Thread Group - until HTTP 503 - 128 users 1-29
2026-06-20 13:23:21,056 INFO o.a.j.t.JMeterThread: Stopping because end time detected by thread: Thread Group - until HTTP 503 - 128 users 1-86
2026-06-20 13:23:21,056 INFO o.a.j.t.JMeterThread: Thread finished: Thread Group - until HTTP 503 - 128 users 1-29
2026-06-20 13:23:21,056 INFO o.a.j.t.JMeterThread: Stopping because end time detected by thread: Thread Group - until HTTP 503 - 128 users 1-81
2026-06-20 13:23:21,056 INFO o.a.j.t.JMeterThread: Thread finished: Thread Group - until HTTP 503 - 128 users 1-86
2026-06-20 13:23:21,056 INFO o.a.j.t.JMeterThread: Stopping because end time detected by thread: Thread Group - until HTTP 503 - 128 users 1-107
2026-06-20 13:23:21,056 INFO o.a.j.t.JMeterThread: Thread finished: Thread Group - until HTTP 503 - 128 users 1-67
2026-06-20 13:23:21,056 INFO o.a.j.t.JMeterThread: Thread finished: Thread Group - until HTTP 503 - 128 users 1-81
2026-06-20 13:23:21,056 INFO o.a.j.t.JMeterThread: Thread finished: Thread Group - until HTTP 503 - 128 users 1-107
2026-06-20 13:23:21,056 INFO o.a.j.t.JMeterThread: Stopping because end time detected by thread: Thread Group - until HTTP 503 - 128 users 1-5
2026-06-20 13:23:21,057 INFO o.a.j.t.JMeterThread: Stopping because end time detected by thread: Thread Group - until HTTP 503 - 128 users 1-60
2026-06-20 13:23:21,057 INFO o.a.j.t.JMeterThread: Stopping because end time detected by thread: Thread Group - until HTTP 503 - 128 users 1-47
2026-06-20 13:23:21,056 INFO o.a.j.t.JMeterThread: Stopping because end time detected by thread: Thread Group - until HTTP 503 - 128 users 1-80
2026-06-20 13:23:21,057 INFO o.a.j.t.JMeterThread: Thread finished: Thread Group - until HTTP 503 - 128 users 1-60
2026-06-20 13:23:21,057 INFO o.a.j.t.JMeterThread: Thread finished: Thread Group - until HTTP 503 - 128 users 1-47
2026-06-20 13:23:21,057 INFO o.a.j.t.JMeterThread: Stopping because end time detected by thread: Thread Group - until HTTP 503 - 128 users 1-91
2026-06-20 13:23:21,057 INFO o.a.j.t.JMeterThread: Thread finished: Thread Group - until HTTP 503 - 128 users 1-80
2026-06-20 13:23:21,057 INFO o.a.j.t.JMeterThread: Stopping because end time detected by thread: Thread Group - until HTTP 503 - 128 users 1-3
2026-06-20 13:23:21,057 INFO o.a.j.t.JMeterThread: Thread finished: Thread Group - until HTTP 503 - 128 users 1-91
2026-06-20 13:23:21,057 INFO o.a.j.t.JMeterThread: Thread finished: Thread Group - until HTTP 503 - 128 users 1-5
2026-06-20 13:23:21,057 INFO o.a.j.t.JMeterThread: Thread finished: Thread Group - until HTTP 503 - 128 users 1-3
2026-06-20 13:23:21,057 INFO o.a.j.t.JMeterThread: Stopping because end time detected by thread: Thread Group - until HTTP 503 - 128 users 1-39
2026-06-20 13:23:21,057 INFO o.a.j.t.JMeterThread: Stopping because end time detected by thread: Thread Group - until HTTP 503 - 128 users 1-35
2026-06-20 13:23:21,057 INFO o.a.j.t.JMeterThread: Stopping because end time detected by thread: Thread Group - until HTTP 503 - 128 users 1-42
2026-06-20 13:23:21,057 INFO o.a.j.t.JMeterThread: Thread finished: Thread Group - until HTTP 503 - 128 users 1-39
2026-06-20 13:23:21,057 INFO o.a.j.t.JMeterThread: Stopping because end time detected by thread: Thread Group - until HTTP 503 - 128 users 1-44
2026-06-20 13:23:21,057 INFO o.a.j.t.JMeterThread: Stopping because end time detected by thread: Thread Group - until HTTP 503 - 128 users 1-40
2026-06-20 13:23:21,057 INFO o.a.j.t.JMeterThread: Thread finished: Thread Group - until HTTP 503 - 128 users 1-35
2026-06-20 13:23:21,057 INFO o.a.j.t.JMeterThread: Thread finished: Thread Group - until HTTP 503 - 128 users 1-44
2026-06-20 13:23:21,057 INFO o.a.j.t.JMeterThread: Thread finished: Thread Group - until HTTP 503 - 128 users 1-42
2026-06-20 13:23:21,058 INFO o.a.j.t.JMeterThread: Thread finished: Thread Group - until HTTP 503 - 128 users 1-40
2026-06-20 13:23:21,058 INFO o.a.j.t.JMeterThread: Stopping because end time detected by thread: Thread Group - until HTTP 503 - 128 users 1-61
2026-06-20 13:23:21,058 INFO o.a.j.t.JMeterThread: Stopping because end time detected by thread: Thread Group - until HTTP 503 - 128 users 1-62
2026-06-20 13:23:21,058 INFO o.a.j.t.JMeterThread: Stopping because end time detected by thread: Thread Group - until HTTP 503 - 128 users 1-30
2026-06-20 13:23:21,058 INFO o.a.j.t.JMeterThread: Stopping because end time detected by thread: Thread Group - until HTTP 503 - 128 users 1-89
2026-06-20 13:23:21,058 INFO o.a.j.t.JMeterThread: Thread finished: Thread Group - until HTTP 503 - 128 users 1-62
2026-06-20 13:23:21,058 INFO o.a.j.t.JMeterThread: Stopping because end time detected by thread: Thread Group - until HTTP 503 - 128 users 1-90
2026-06-20 13:23:21,058 INFO o.a.j.t.JMeterThread: Stopping because end time detected by thread: Thread Group - until HTTP 503 - 128 users 1-41
2026-06-20 13:23:21,058 INFO o.a.j.t.JMeterThread: Thread finished: Thread Group - until HTTP 503 - 128 users 1-61
2026-06-20 13:23:21,058 INFO o.a.j.t.JMeterThread: Thread finished: Thread Group - until HTTP 503 - 128 users 1-30
2026-06-20 13:23:21,058 INFO o.a.j.t.JMeterThread: Thread finished: Thread Group - until HTTP 503 - 128 users 1-41
2026-06-20 13:23:21,058 INFO o.a.j.t.JMeterThread: Thread finished: Thread Group - until HTTP 503 - 128 users 1-90
2026-06-20 13:23:21,058 INFO o.a.j.t.JMeterThread: Thread finished: Thread Group - until HTTP 503 - 128 users 1-89
2026-06-20 13:23:21,060 INFO o.a.j.t.JMeterThread: Stopping because end time detected by thread: Thread Group - until HTTP 503 - 128 users 1-46
2026-06-20 13:23:21,060 INFO o.a.j.t.JMeterThread: Stopping because end time detected by thread: Thread Group - until HTTP 503 - 128 users 1-53
2026-06-20 13:23:21,060 INFO o.a.j.t.JMeterThread: Stopping because end time detected by thread: Thread Group - until HTTP 503 - 128 users 1-18
2026-06-20 13:23:21,060 INFO o.a.j.t.JMeterThread: Thread finished: Thread Group - until HTTP 503 - 128 users 1-46
2026-06-20 13:23:21,060 INFO o.a.j.t.JMeterThread: Stopping because end time detected by thread: Thread Group - until HTTP 503 - 128 users 1-27
2026-06-20 13:23:21,060 INFO o.a.j.t.JMeterThread: Thread finished: Thread Group - until HTTP 503 - 128 users 1-53
2026-06-20 13:23:21,060 INFO o.a.j.t.JMeterThread: Stopping because end time detected by thread: Thread Group - until HTTP 503 - 128 users 1-9
2026-06-20 13:23:21,060 INFO o.a.j.t.JMeterThread: Thread finished: Thread Group - until HTTP 503 - 128 users 1-18
2026-06-20 13:23:21,060 INFO o.a.j.t.JMeterThread: Stopping because end time detected by thread: Thread Group - until HTTP 503 - 128 users 1-50
2026-06-20 13:23:21,060 INFO o.a.j.t.JMeterThread: Thread finished: Thread Group - until HTTP 503 - 128 users 1-27
2026-06-20 13:23:21,060 INFO o.a.j.t.JMeterThread: Stopping because end time detected by thread: Thread Group - until HTTP 503 - 128 users 1-4
2026-06-20 13:23:21,060 INFO o.a.j.t.JMeterThread: Stopping because end time detected by thread: Thread Group - until HTTP 503 - 128 users 1-93
2026-06-20 13:23:21,060 INFO o.a.j.t.JMeterThread: Stopping because end time detected by thread: Thread Group - until HTTP 503 - 128 users 1-108
2026-06-20 13:23:21,060 INFO o.a.j.t.JMeterThread: Thread finished: Thread Group - until HTTP 503 - 128 users 1-9
2026-06-20 13:23:21,060 INFO o.a.j.t.JMeterThread: Stopping because end time detected by thread: Thread Group - until HTTP 503 - 128 users 1-85
2026-06-20 13:23:21,060 INFO o.a.j.t.JMeterThread: Thread finished: Thread Group - until HTTP 503 - 128 users 1-4
2026-06-20 13:23:21,060 INFO o.a.j.t.JMeterThread: Thread finished: Thread Group - until HTTP 503 - 128 users 1-50
2026-06-20 13:23:21,060 INFO o.a.j.t.JMeterThread: Thread finished: Thread Group - until HTTP 503 - 128 users 1-85
2026-06-20 13:23:21,060 INFO o.a.j.t.JMeterThread: Thread finished: Thread Group - until HTTP 503 - 128 users 1-93
2026-06-20 13:23:21,060 INFO o.a.j.t.JMeterThread: Thread finished: Thread Group - until HTTP 503 - 128 users 1-108
2026-06-20 13:23:21,060 INFO o.a.j.t.JMeterThread: Stopping because end time detected by thread: Thread Group - until HTTP 503 - 128 users 1-55
2026-06-20 13:23:21,060 INFO o.a.j.t.JMeterThread: Stopping because end time detected by thread: Thread Group - until HTTP 503 - 128 users 1-38
2026-06-20 13:23:21,061 INFO o.a.j.t.JMeterThread: Stopping because end time detected by thread: Thread Group - until HTTP 503 - 128 users 1-114
2026-06-20 13:23:21,060 INFO o.a.j.t.JMeterThread: Stopping because end time detected by thread: Thread Group - until HTTP 503 - 128 users 1-21
2026-06-20 13:23:21,061 INFO o.a.j.t.JMeterThread: Thread finished: Thread Group - until HTTP 503 - 128 users 1-38
2026-06-20 13:23:21,060 INFO o.a.j.t.JMeterThread: Stopping because end time detected by thread: Thread Group - until HTTP 503 - 128 users 1-8
2026-06-20 13:23:21,060 INFO o.a.j.t.JMeterThread: Stopping because end time detected by thread: Thread Group - until HTTP 503 - 128 users 1-19
2026-06-20 13:23:21,060 INFO o.a.j.t.JMeterThread: Stopping because end time detected by thread: Thread Group - until HTTP 503 - 128 users 1-24
2026-06-20 13:23:21,061 INFO o.a.j.t.JMeterThread: Thread finished: Thread Group - until HTTP 503 - 128 users 1-55
2026-06-20 13:23:21,061 INFO o.a.j.t.JMeterThread: Stopping because end time detected by thread: Thread Group - until HTTP 503 - 128 users 1-103
2026-06-20 13:23:21,061 INFO o.a.j.t.JMeterThread: Stopping because end time detected by thread: Thread Group - until HTTP 503 - 128 users 1-123
2026-06-20 13:23:21,061 INFO o.a.j.t.JMeterThread: Thread finished: Thread Group - until HTTP 503 - 128 users 1-21
2026-06-20 13:23:21,061 INFO o.a.j.t.JMeterThread: Thread finished: Thread Group - until HTTP 503 - 128 users 1-114
2026-06-20 13:23:21,061 INFO o.a.j.t.JMeterThread: Thread finished: Thread Group - until HTTP 503 - 128 users 1-8
2026-06-20 13:23:21,061 INFO o.a.j.t.JMeterThread: Thread finished: Thread Group - until HTTP 503 - 128 users 1-19
2026-06-20 13:23:21,061 INFO o.a.j.t.JMeterThread: Thread finished: Thread Group - until HTTP 503 - 128 users 1-103
2026-06-20 13:23:21,061 INFO o.a.j.t.JMeterThread: Thread finished: Thread Group - until HTTP 503 - 128 users 1-123
2026-06-20 13:23:21,061 INFO o.a.j.t.JMeterThread: Thread finished: Thread Group - until HTTP 503 - 128 users 1-24
2026-06-20 13:23:21,061 INFO o.a.j.t.JMeterThread: Stopping because end time detected by thread: Thread Group - until HTTP 503 - 128 users 1-11
2026-06-20 13:23:21,061 INFO o.a.j.t.JMeterThread: Stopping because end time detected by thread: Thread Group - until HTTP 503 - 128 users 1-126
2026-06-20 13:23:21,061 INFO o.a.j.t.JMeterThread: Stopping because end time detected by thread: Thread Group - until HTTP 503 - 128 users 1-48
2026-06-20 13:23:21,061 INFO o.a.j.t.JMeterThread: Stopping because end time detected by thread: Thread Group - until HTTP 503 - 128 users 1-28
2026-06-20 13:23:21,061 INFO o.a.j.t.JMeterThread: Thread finished: Thread Group - until HTTP 503 - 128 users 1-11
2026-06-20 13:23:21,061 INFO o.a.j.t.JMeterThread: Stopping because end time detected by thread: Thread Group - until HTTP 503 - 128 users 1-70
2026-06-20 13:23:21,061 INFO o.a.j.t.JMeterThread: Thread finished: Thread Group - until HTTP 503 - 128 users 1-48
2026-06-20 13:23:21,061 INFO o.a.j.t.JMeterThread: Stopping because end time detected by thread: Thread Group - until HTTP 503 - 128 users 1-20
2026-06-20 13:23:21,061 INFO o.a.j.t.JMeterThread: Thread finished: Thread Group - until HTTP 503 - 128 users 1-70
2026-06-20 13:23:21,061 INFO o.a.j.t.JMeterThread: Stopping because end time detected by thread: Thread Group - until HTTP 503 - 128 users 1-15
2026-06-20 13:23:21,061 INFO o.a.j.t.JMeterThread: Stopping because end time detected by thread: Thread Group - until HTTP 503 - 128 users 1-77
2026-06-20 13:23:21,061 INFO o.a.j.t.JMeterThread: Stopping because end time detected by thread: Thread Group - until HTTP 503 - 128 users 1-122
2026-06-20 13:23:21,061 INFO o.a.j.t.JMeterThread: Stopping because end time detected by thread: Thread Group - until HTTP 503 - 128 users 1-17
2026-06-20 13:23:21,061 INFO o.a.j.t.JMeterThread: Thread finished: Thread Group - until HTTP 503 - 128 users 1-28
2026-06-20 13:23:21,062 INFO o.a.j.t.JMeterThread: Thread finished: Thread Group - until HTTP 503 - 128 users 1-122
2026-06-20 13:23:21,061 INFO o.a.j.t.JMeterThread: Thread finished: Thread Group - until HTTP 503 - 128 users 1-126
2026-06-20 13:23:21,061 INFO o.a.j.t.JMeterThread: Thread finished: Thread Group - until HTTP 503 - 128 users 1-20
2026-06-20 13:23:21,061 INFO o.a.j.t.JMeterThread: Thread finished: Thread Group - until HTTP 503 - 128 users 1-15
2026-06-20 13:23:21,061 INFO o.a.j.t.JMeterThread: Thread finished: Thread Group - until HTTP 503 - 128 users 1-77
2026-06-20 13:23:21,062 INFO o.a.j.t.JMeterThread: Thread finished: Thread Group - until HTTP 503 - 128 users 1-17
2026-06-20 13:23:22,276 INFO o.a.j.t.JMeterThread: Stopping because end time detected by thread: Thread Group - until HTTP 503 - 128 users 1-98
2026-06-20 13:23:22,276 INFO o.a.j.t.JMeterThread: Stopping because end time detected by thread: Thread Group - until HTTP 503 - 128 users 1-92
2026-06-20 13:23:22,276 INFO o.a.j.t.JMeterThread: Stopping because end time detected by thread: Thread Group - until HTTP 503 - 128 users 1-97
2026-06-20 13:23:22,276 INFO o.a.j.t.JMeterThread: Stopping because end time detected by thread: Thread Group - until HTTP 503 - 128 users 1-112
2026-06-20 13:23:22,276 INFO o.a.j.t.JMeterThread: Stopping because end time detected by thread: Thread Group - until HTTP 503 - 128 users 1-115
2026-06-20 13:23:22,276 INFO o.a.j.t.JMeterThread: Stopping because end time detected by thread: Thread Group - until HTTP 503 - 128 users 1-82
2026-06-20 13:23:22,276 INFO o.a.j.t.JMeterThread: Stopping because end time detected by thread: Thread Group - until HTTP 503 - 128 users 1-117
2026-06-20 13:23:22,276 INFO o.a.j.t.JMeterThread: Thread finished: Thread Group - until HTTP 503 - 128 users 1-98
2026-06-20 13:23:22,276 INFO o.a.j.t.JMeterThread: Thread finished: Thread Group - until HTTP 503 - 128 users 1-82
2026-06-20 13:23:22,276 INFO o.a.j.t.JMeterThread: Thread finished: Thread Group - until HTTP 503 - 128 users 1-117
2026-06-20 13:23:22,276 INFO o.a.j.t.JMeterThread: Stopping because end time detected by thread: Thread Group - until HTTP 503 - 128 users 1-23
2026-06-20 13:23:22,277 INFO o.a.j.t.JMeterThread: Stopping because end time detected by thread: Thread Group - until HTTP 503 - 128 users 1-7
2026-06-20 13:23:22,276 INFO o.a.j.t.JMeterThread: Stopping because end time detected by thread: Thread Group - until HTTP 503 - 128 users 1-79
2026-06-20 13:23:22,277 INFO o.a.j.t.JMeterThread: Thread finished: Thread Group - until HTTP 503 - 128 users 1-7
2026-06-20 13:23:22,277 INFO o.a.j.t.JMeterThread: Thread finished: Thread Group - until HTTP 503 - 128 users 1-23
2026-06-20 13:23:22,276 INFO o.a.j.t.JMeterThread: Stopping because end time detected by thread: Thread Group - until HTTP 503 - 128 users 1-52
2026-06-20 13:23:22,276 INFO o.a.j.t.JMeterThread: Stopping because end time detected by thread: Thread Group - until HTTP 503 - 128 users 1-66
2026-06-20 13:23:22,277 INFO o.a.j.t.JMeterThread: Stopping because end time detected by thread: Thread Group - until HTTP 503 - 128 users 1-116
2026-06-20 13:23:22,276 INFO o.a.j.t.JMeterThread: Stopping because end time detected by thread: Thread Group - until HTTP 503 - 128 users 1-96
2026-06-20 13:23:22,276 INFO o.a.j.t.JMeterThread: Stopping because end time detected by thread: Thread Group - until HTTP 503 - 128 users 1-104
2026-06-20 13:23:22,276 INFO o.a.j.t.JMeterThread: Stopping because end time detected by thread: Thread Group - until HTTP 503 - 128 users 1-75
2026-06-20 13:23:22,277 INFO o.a.j.t.JMeterThread: Thread finished: Thread Group - until HTTP 503 - 128 users 1-104
2026-06-20 13:23:22,276 INFO o.a.j.t.JMeterThread: Stopping because end time detected by thread: Thread Group - until HTTP 503 - 128 users 1-102
2026-06-20 13:23:22,277 INFO o.a.j.t.JMeterThread: Thread finished: Thread Group - until HTTP 503 - 128 users 1-75
2026-06-20 13:23:22,276 INFO o.a.j.t.JMeterThread: Stopping because end time detected by thread: Thread Group - until HTTP 503 - 128 users 1-109
2026-06-20 13:23:22,277 INFO o.a.j.t.JMeterThread: Stopping because end time detected by thread: Thread Group - until HTTP 503 - 128 users 1-54
2026-06-20 13:23:22,277 INFO o.a.j.t.JMeterThread: Stopping because end time detected by thread: Thread Group - until HTTP 503 - 128 users 1-31
2026-06-20 13:23:22,276 INFO o.a.j.t.JMeterThread: Stopping because end time detected by thread: Thread Group - until HTTP 503 - 128 users 1-99
2026-06-20 13:23:22,277 INFO o.a.j.t.JMeterThread: Thread finished: Thread Group - until HTTP 503 - 128 users 1-97
2026-06-20 13:23:22,276 INFO o.a.j.t.JMeterThread: Stopping because end time detected by thread: Thread Group - until HTTP 503 - 128 users 1-111
2026-06-20 13:23:22,276 INFO o.a.j.t.JMeterThread: Stopping because end time detected by thread: Thread Group - until HTTP 503 - 128 users 1-121
2026-06-20 13:23:22,276 INFO o.a.j.t.JMeterThread: Stopping because end time detected by thread: Thread Group - until HTTP 503 - 128 users 1-56
2026-06-20 13:23:22,277 INFO o.a.j.t.JMeterThread: Stopping because end time detected by thread: Thread Group - until HTTP 503 - 128 users 1-49
2026-06-20 13:23:22,276 INFO o.a.j.t.JMeterThread: Thread finished: Thread Group - until HTTP 503 - 128 users 1-115
2026-06-20 13:23:22,277 INFO o.a.j.t.JMeterThread: Stopping because end time detected by thread: Thread Group - until HTTP 503 - 128 users 1-83
2026-06-20 13:23:22,277 INFO o.a.j.t.JMeterThread: Thread finished: Thread Group - until HTTP 503 - 128 users 1-49
2026-06-20 13:23:22,276 INFO o.a.j.t.JMeterThread: Thread finished: Thread Group - until HTTP 503 - 128 users 1-92
2026-06-20 13:23:22,276 INFO o.a.j.t.JMeterThread: Stopping because end time detected by thread: Thread Group - until HTTP 503 - 128 users 1-59
2026-06-20 13:23:22,277 INFO o.a.j.t.JMeterThread: Stopping because end time detected by thread: Thread Group - until HTTP 503 - 128 users 1-71
2026-06-20 13:23:22,277 INFO o.a.j.t.JMeterThread: Stopping because end time detected by thread: Thread Group - until HTTP 503 - 128 users 1-68
2026-06-20 13:23:22,277 INFO o.a.j.t.JMeterThread: Stopping because end time detected by thread: Thread Group - until HTTP 503 - 128 users 1-101
2026-06-20 13:23:22,277 INFO o.a.j.t.JMeterThread: Stopping because end time detected by thread: Thread Group - until HTTP 503 - 128 users 1-113
2026-06-20 13:23:22,277 INFO o.a.j.t.JMeterThread: Stopping because end time detected by thread: Thread Group - until HTTP 503 - 128 users 1-6
2026-06-20 13:23:22,277 INFO o.a.j.t.JMeterThread: Thread finished: Thread Group - until HTTP 503 - 128 users 1-79
2026-06-20 13:23:22,277 INFO o.a.j.t.JMeterThread: Stopping because end time detected by thread: Thread Group - until HTTP 503 - 128 users 1-120
2026-06-20 13:23:22,277 INFO o.a.j.t.JMeterThread: Thread finished: Thread Group - until HTTP 503 - 128 users 1-52
2026-06-20 13:23:22,277 INFO o.a.j.t.JMeterThread: Thread finished: Thread Group - until HTTP 503 - 128 users 1-66
2026-06-20 13:23:22,277 INFO o.a.j.t.JMeterThread: Thread finished: Thread Group - until HTTP 503 - 128 users 1-96
2026-06-20 13:23:22,277 INFO o.a.j.t.JMeterThread: Stopping because end time detected by thread: Thread Group - until HTTP 503 - 128 users 1-36
2026-06-20 13:23:22,277 INFO o.a.j.t.JMeterThread: Stopping because end time detected by thread: Thread Group - until HTTP 503 - 128 users 1-12
2026-06-20 13:23:22,277 INFO o.a.j.t.JMeterThread: Stopping because end time detected by thread: Thread Group - until HTTP 503 - 128 users 1-37
2026-06-20 13:23:22,277 INFO o.a.j.t.JMeterThread: Stopping because end time detected by thread: Thread Group - until HTTP 503 - 128 users 1-22
2026-06-20 13:23:22,277 INFO o.a.j.t.JMeterThread: Thread finished: Thread Group - until HTTP 503 - 128 users 1-102
2026-06-20 13:23:22,277 INFO o.a.j.t.JMeterThread: Stopping because end time detected by thread: Thread Group - until HTTP 503 - 128 users 1-125
2026-06-20 13:23:22,277 INFO o.a.j.t.JMeterThread: Thread finished: Thread Group - until HTTP 503 - 128 users 1-54
2026-06-20 13:23:22,278 INFO o.a.j.t.JMeterThread: Thread finished: Thread Group - until HTTP 503 - 128 users 1-12
2026-06-20 13:23:22,277 INFO o.a.j.t.JMeterThread: Thread finished: Thread Group - until HTTP 503 - 128 users 1-31
2026-06-20 13:23:22,277 INFO o.a.j.t.JMeterThread: Thread finished: Thread Group - until HTTP 503 - 128 users 1-112
2026-06-20 13:23:22,277 INFO o.a.j.t.JMeterThread: Stopping because end time detected by thread: Thread Group - until HTTP 503 - 128 users 1-63
2026-06-20 13:23:22,277 INFO o.a.j.t.JMeterThread: Thread finished: Thread Group - until HTTP 503 - 128 users 1-111
2026-06-20 13:23:22,277 INFO o.a.j.t.JMeterThread: Stopping because end time detected by thread: Thread Group - until HTTP 503 - 128 users 1-78
2026-06-20 13:23:22,277 INFO o.a.j.t.JMeterThread: Thread finished: Thread Group - until HTTP 503 - 128 users 1-121
2026-06-20 13:23:22,278 INFO o.a.j.t.JMeterThread: Thread finished: Thread Group - until HTTP 503 - 128 users 1-78
2026-06-20 13:23:22,277 INFO o.a.j.t.JMeterThread: Thread finished: Thread Group - until HTTP 503 - 128 users 1-83
2026-06-20 13:23:22,277 INFO o.a.j.t.JMeterThread: Stopping because end time detected by thread: Thread Group - until HTTP 503 - 128 users 1-57
2026-06-20 13:23:22,277 INFO o.a.j.t.JMeterThread: Thread finished: Thread Group - until HTTP 503 - 128 users 1-59
2026-06-20 13:23:22,277 INFO o.a.j.t.JMeterThread: Stopping because end time detected by thread: Thread Group - until HTTP 503 - 128 users 1-33
2026-06-20 13:23:22,277 INFO o.a.j.t.JMeterThread: Thread finished: Thread Group - until HTTP 503 - 128 users 1-71
2026-06-20 13:23:22,278 INFO o.a.j.t.JMeterThread: Thread finished: Thread Group - until HTTP 503 - 128 users 1-101
2026-06-20 13:23:22,277 INFO o.a.j.t.JMeterThread: Thread finished: Thread Group - until HTTP 503 - 128 users 1-68
2026-06-20 13:23:22,277 INFO o.a.j.t.JMeterThread: Stopping because end time detected by thread: Thread Group - until HTTP 503 - 128 users 1-118
2026-06-20 13:23:22,277 INFO o.a.j.t.JMeterThread: Stopping because end time detected by thread: Thread Group - until HTTP 503 - 128 users 1-100
2026-06-20 13:23:22,277 INFO o.a.j.t.JMeterThread: Thread finished: Thread Group - until HTTP 503 - 128 users 1-6
2026-06-20 13:23:22,278 INFO o.a.j.t.JMeterThread: Thread finished: Thread Group - until HTTP 503 - 128 users 1-100
2026-06-20 13:23:22,277 INFO o.a.j.t.JMeterThread: Thread finished: Thread Group - until HTTP 503 - 128 users 1-116
2026-06-20 13:23:22,278 INFO o.a.j.t.JMeterThread: Thread finished: Thread Group - until HTTP 503 - 128 users 1-36
2026-06-20 13:23:22,278 INFO o.a.j.t.JMeterThread: Thread finished: Thread Group - until HTTP 503 - 128 users 1-109
2026-06-20 13:23:22,278 INFO o.a.j.t.JMeterThread: Thread finished: Thread Group - until HTTP 503 - 128 users 1-22
2026-06-20 13:23:22,278 INFO o.a.j.t.JMeterThread: Thread finished: Thread Group - until HTTP 503 - 128 users 1-37
2026-06-20 13:23:22,278 INFO o.a.j.t.JMeterThread: Thread finished: Thread Group - until HTTP 503 - 128 users 1-125
2026-06-20 13:23:22,278 INFO o.a.j.t.JMeterThread: Thread finished: Thread Group - until HTTP 503 - 128 users 1-99
2026-06-20 13:23:22,278 INFO o.a.j.t.JMeterThread: Thread finished: Thread Group - until HTTP 503 - 128 users 1-56
2026-06-20 13:23:22,278 INFO o.a.j.t.JMeterThread: Thread finished: Thread Group - until HTTP 503 - 128 users 1-63
2026-06-20 13:23:22,278 INFO o.a.j.t.JMeterThread: Thread finished: Thread Group - until HTTP 503 - 128 users 1-57
2026-06-20 13:23:22,278 INFO o.a.j.t.JMeterThread: Thread finished: Thread Group - until HTTP 503 - 128 users 1-33
2026-06-20 13:23:22,278 INFO o.a.j.t.JMeterThread: Thread finished: Thread Group - until HTTP 503 - 128 users 1-113
2026-06-20 13:23:22,278 INFO o.a.j.t.JMeterThread: Thread finished: Thread Group - until HTTP 503 - 128 users 1-118
2026-06-20 13:23:22,278 INFO o.a.j.t.JMeterThread: Thread finished: Thread Group - until HTTP 503 - 128 users 1-120
2026-06-20 13:23:22,301 INFO o.a.j.t.JMeterThread: Stopping because end time detected by thread: Thread Group - until HTTP 503 - 128 users 1-110
2026-06-20 13:23:22,301 INFO o.a.j.t.JMeterThread: Thread finished: Thread Group - until HTTP 503 - 128 users 1-110
2026-06-20 13:23:22,335 INFO o.a.j.t.JMeterThread: Stopping because end time detected by thread: Thread Group - until HTTP 503 - 128 users 1-124
2026-06-20 13:23:22,335 INFO o.a.j.t.JMeterThread: Thread finished: Thread Group - until HTTP 503 - 128 users 1-124
2026-06-20 13:23:22,359 INFO o.a.j.t.JMeterThread: Stopping because end time detected by thread: Thread Group - until HTTP 503 - 128 users 1-14
2026-06-20 13:23:22,359 INFO o.a.j.t.JMeterThread: Thread finished: Thread Group - until HTTP 503 - 128 users 1-14
2026-06-20 13:23:22,406 INFO o.a.j.t.JMeterThread: Stopping because end time detected by thread: Thread Group - until HTTP 503 - 128 users 1-119
2026-06-20 13:23:22,406 INFO o.a.j.t.JMeterThread: Thread finished: Thread Group - until HTTP 503 - 128 users 1-119
2026-06-20 13:23:22,607 INFO o.a.j.t.JMeterThread: Stopping because end time detected by thread: Thread Group - until HTTP 503 - 128 users 1-74
2026-06-20 13:23:22,607 INFO o.a.j.t.JMeterThread: Thread finished: Thread Group - until HTTP 503 - 128 users 1-74
2026-06-20 13:23:22,786 INFO o.a.j.t.JMeterThread: Stopping because end time detected by thread: Thread Group - until HTTP 503 - 128 users 1-13
2026-06-20 13:23:22,786 INFO o.a.j.t.JMeterThread: Thread finished: Thread Group - until HTTP 503 - 128 users 1-13
2026-06-20 13:23:22,886 INFO o.a.j.t.JMeterThread: Stopping because end time detected by thread: Thread Group - until HTTP 503 - 128 users 1-26
2026-06-20 13:23:22,886 INFO o.a.j.t.JMeterThread: Thread finished: Thread Group - until HTTP 503 - 128 users 1-26
2026-06-20 13:23:22,966 INFO o.a.j.t.JMeterThread: Stopping because end time detected by thread: Thread Group - until HTTP 503 - 128 users 1-72
2026-06-20 13:23:22,966 INFO o.a.j.t.JMeterThread: Thread finished: Thread Group - until HTTP 503 - 128 users 1-72
2026-06-20 13:23:23,019 INFO o.a.j.t.JMeterThread: Stopping because end time detected by thread: Thread Group - until HTTP 503 - 128 users 1-128
2026-06-20 13:23:23,019 INFO o.a.j.t.JMeterThread: Thread finished: Thread Group - until HTTP 503 - 128 users 1-128
2026-06-20 13:23:23,035 INFO o.a.j.t.JMeterThread: Stopping because end time detected by thread: Thread Group - until HTTP 503 - 128 users 1-1
2026-06-20 13:23:23,036 INFO o.a.j.t.JMeterThread: Thread finished: Thread Group - until HTTP 503 - 128 users 1-1
2026-06-20 13:23:23,057 INFO o.a.j.t.JMeterThread: Stopping because end time detected by thread: Thread Group - until HTTP 503 - 128 users 1-73
2026-06-20 13:23:23,057 INFO o.a.j.t.JMeterThread: Thread finished: Thread Group - until HTTP 503 - 128 users 1-73
2026-06-20 13:23:23,067 INFO o.a.j.t.JMeterThread: Stopping because end time detected by thread: Thread Group - until HTTP 503 - 128 users 1-34
2026-06-20 13:23:23,068 INFO o.a.j.t.JMeterThread: Thread finished: Thread Group - until HTTP 503 - 128 users 1-34
2026-06-20 13:23:23,088 INFO o.a.j.t.JMeterThread: Stopping because end time detected by thread: Thread Group - until HTTP 503 - 128 users 1-45
2026-06-20 13:23:23,088 INFO o.a.j.t.JMeterThread: Thread finished: Thread Group - until HTTP 503 - 128 users 1-45
2026-06-20 13:23:23,110 INFO o.a.j.t.JMeterThread: Stopping because end time detected by thread: Thread Group - until HTTP 503 - 128 users 1-94
2026-06-20 13:23:23,110 INFO o.a.j.t.JMeterThread: Thread finished: Thread Group - until HTTP 503 - 128 users 1-94
2026-06-20 13:23:23,127 INFO o.a.j.t.JMeterThread: Stopping because end time detected by thread: Thread Group - until HTTP 503 - 128 users 1-84
2026-06-20 13:23:23,127 INFO o.a.j.t.JMeterThread: Thread finished: Thread Group - until HTTP 503 - 128 users 1-84
2026-06-20 13:23:23,144 INFO o.a.j.t.JMeterThread: Stopping because end time detected by thread: Thread Group - until HTTP 503 - 128 users 1-2
2026-06-20 13:23:23,144 INFO o.a.j.t.JMeterThread: Thread finished: Thread Group - until HTTP 503 - 128 users 1-2
2026-06-20 13:23:23,151 INFO o.a.j.t.JMeterThread: Stopping because end time detected by thread: Thread Group - until HTTP 503 - 128 users 1-69
2026-06-20 13:23:23,151 INFO o.a.j.t.JMeterThread: Thread finished: Thread Group - until HTTP 503 - 128 users 1-69
2026-06-20 13:23:23,186 INFO o.a.j.t.JMeterThread: Stopping because end time detected by thread: Thread Group - until HTTP 503 - 128 users 1-105
2026-06-20 13:23:23,186 INFO o.a.j.t.JMeterThread: Thread finished: Thread Group - until HTTP 503 - 128 users 1-105
2026-06-20 13:23:23,194 INFO o.a.j.t.JMeterThread: Stopping because end time detected by thread: Thread Group - until HTTP 503 - 128 users 1-10
2026-06-20 13:23:23,194 INFO o.a.j.t.JMeterThread: Thread finished: Thread Group - until HTTP 503 - 128 users 1-10
2026-06-20 13:23:23,225 INFO o.a.j.t.JMeterThread: Stopping because end time detected by thread: Thread Group - until HTTP 503 - 128 users 1-88
2026-06-20 13:23:23,225 INFO o.a.j.t.JMeterThread: Thread finished: Thread Group - until HTTP 503 - 128 users 1-88
2026-06-20 13:23:23,245 INFO o.a.j.t.JMeterThread: Stopping because end time detected by thread: Thread Group - until HTTP 503 - 128 users 1-127
2026-06-20 13:23:23,245 INFO o.a.j.t.JMeterThread: Thread finished: Thread Group - until HTTP 503 - 128 users 1-127
2026-06-20 13:23:23,257 INFO o.a.j.t.JMeterThread: Stopping because end time detected by thread: Thread Group - until HTTP 503 - 128 users 1-65
2026-06-20 13:23:23,257 INFO o.a.j.t.JMeterThread: Thread finished: Thread Group - until HTTP 503 - 128 users 1-65
2026-06-20 13:23:23,279 INFO o.a.j.t.JMeterThread: Stopping because end time detected by thread: Thread Group - until HTTP 503 - 128 users 1-32
2026-06-20 13:23:23,279 INFO o.a.j.t.JMeterThread: Thread finished: Thread Group - until HTTP 503 - 128 users 1-32
2026-06-20 13:23:23,297 INFO o.a.j.t.JMeterThread: Stopping because end time detected by thread: Thread Group - until HTTP 503 - 128 users 1-64
2026-06-20 13:23:23,297 INFO o.a.j.t.JMeterThread: Thread finished: Thread Group - until HTTP 503 - 128 users 1-64
2026-06-20 13:23:23,327 INFO o.a.j.t.JMeterThread: Stopping because end time detected by thread: Thread Group - until HTTP 503 - 128 users 1-95
2026-06-20 13:23:23,328 INFO o.a.j.t.JMeterThread: Thread finished: Thread Group - until HTTP 503 - 128 users 1-95
2026-06-20 13:23:23,342 INFO o.a.j.t.JMeterThread: Stopping because end time detected by thread: Thread Group - until HTTP 503 - 128 users 1-76
2026-06-20 13:23:23,342 INFO o.a.j.t.JMeterThread: Thread finished: Thread Group - until HTTP 503 - 128 users 1-76
2026-06-20 13:23:23,360 INFO o.a.j.t.JMeterThread: Stopping because end time detected by thread: Thread Group - until HTTP 503 - 128 users 1-58
2026-06-20 13:23:23,360 INFO o.a.j.t.JMeterThread: Thread finished: Thread Group - until HTTP 503 - 128 users 1-58
2026-06-20 13:23:23,361 INFO o.a.j.e.StandardJMeterEngine: Notifying test listeners of end of test
2026-06-20 13:23:23,361 INFO o.a.j.r.Summariser: summary +    703 in 00:00:21 =   32.8/s Avg:  4217 Min:  3062 Max:  6504 Err:   703 (100.00%) Active: 0 Started: 128 Finished: 128
2026-06-20 13:23:23,361 INFO o.a.j.r.Summariser: summary =   2751 in 00:01:33 =   29.6/s Avg:  2857 Min:   360 Max:  6504 Err:  2542 (92.40%)
2026-06-20 13:23:23,362 INFO o.a.j.JMeter: Generating Dashboard
2026-06-20 13:23:23,362 INFO o.a.j.r.d.ReportGenerator: Flushing result collector before report Generation
2026-06-20 13:23:23,370 INFO o.a.j.r.p.NormalizerSampleConsumer: Using format, 'ms', to parse timeStamp field
2026-06-20 13:23:23,518 INFO o.a.j.r.p.AbstractSampleConsumer: class org.apache.jmeter.report.processor.AggregateConsumer#stopProducing(): beginDate produced 0 samples
2026-06-20 13:23:23,518 INFO o.a.j.r.p.AbstractSampleConsumer: class org.apache.jmeter.report.processor.AggregateConsumer#stopProducing(): endDate produced 0 samples
2026-06-20 13:23:23,519 INFO o.a.j.r.p.AbstractSampleConsumer: class org.apache.jmeter.report.processor.ApdexSummaryConsumer#stopProducing(): apdexSummary produced 0 samples
2026-06-20 13:23:23,520 INFO o.a.j.r.p.AbstractSampleConsumer: class org.apache.jmeter.report.processor.RequestsSummaryConsumer#stopProducing(): requestsSummary produced 0 samples
2026-06-20 13:23:23,524 INFO o.a.j.r.p.AbstractSampleConsumer: class org.apache.jmeter.report.processor.StatisticsSummaryConsumer#stopProducing(): statisticsSummary produced 0 samples
2026-06-20 13:23:23,527 INFO o.a.j.r.p.AbstractSampleConsumer: class org.apache.jmeter.report.processor.Top5ErrorsBySamplerConsumer#stopProducing(): top5ErrorsBySampler produced 0 samples
2026-06-20 13:23:23,528 INFO o.a.j.r.p.AbstractSampleConsumer: class org.apache.jmeter.report.processor.ErrorsSummaryConsumer#stopProducing(): errorsSummary produced 0 samples
2026-06-20 13:23:23,528 INFO o.a.j.r.p.AbstractSampleConsumer: class org.apache.jmeter.report.processor.graph.impl.HitsPerSecondGraphConsumer#stopProducing(): hitsPerSecond produced 0 samples
2026-06-20 13:23:23,559 INFO o.a.j.r.p.AbstractSampleConsumer: class org.apache.jmeter.report.processor.graph.impl.LatencyVSRequestGraphConsumer#stopProducing(): latencyVsRequest produced 0 samples
2026-06-20 13:23:23,560 INFO o.a.j.r.p.AbstractSampleConsumer: class org.apache.jmeter.report.processor.graph.impl.SyntheticResponseTimeDistributionGraphConsumer#stopProducing(): syntheticResponseTimeDistribution produced 0 samples
2026-06-20 13:23:23,561 INFO o.a.j.r.p.AbstractSampleConsumer: class org.apache.jmeter.report.processor.graph.impl.BytesThroughputGraphConsumer#stopProducing(): bytesThroughputOverTime produced 0 samples
2026-06-20 13:23:23,561 INFO o.a.j.r.p.AbstractSampleConsumer: class org.apache.jmeter.report.processor.graph.impl.CodesPerSecondGraphConsumer#stopProducing(): codesPerSecond produced 0 samples
2026-06-20 13:23:23,585 INFO o.a.j.r.p.AbstractSampleConsumer: class org.apache.jmeter.report.processor.graph.impl.ResponseTimeVSRequestGraphConsumer#stopProducing(): responseTimeVsRequest produced 0 samples
2026-06-20 13:23:23,586 INFO o.a.j.r.p.AbstractSampleConsumer: class org.apache.jmeter.report.processor.FilterConsumer#stopProducing(): startIntervalControlerFilter produced 19257 samples
2026-06-20 13:23:23,586 INFO o.a.j.r.p.AbstractSampleConsumer: class org.apache.jmeter.report.processor.graph.impl.TotalTPSGraphConsumer#stopProducing(): totalTPS produced 0 samples
2026-06-20 13:23:23,586 INFO o.a.j.r.p.AbstractSampleConsumer: class org.apache.jmeter.report.processor.graph.impl.ActiveThreadsGraphConsumer#stopProducing(): activeThreadsOverTime produced 0 samples
2026-06-20 13:23:23,586 INFO o.a.j.r.p.AbstractSampleConsumer: class org.apache.jmeter.report.processor.graph.impl.TimeVSThreadGraphConsumer#stopProducing(): timeVsThreads produced 0 samples
2026-06-20 13:23:23,587 INFO o.a.j.r.p.AbstractSampleConsumer: class org.apache.jmeter.report.processor.graph.impl.ResponseTimeDistributionGraphConsumer#stopProducing(): responseTimeDistribution produced 0 samples
2026-06-20 13:23:23,587 INFO o.a.j.r.p.AbstractSampleConsumer: class org.apache.jmeter.report.processor.graph.impl.TransactionsPerSecondGraphConsumer#stopProducing(): transactionsPerSecond produced 0 samples
2026-06-20 13:23:23,587 INFO o.a.j.r.p.AbstractSampleConsumer: class org.apache.jmeter.report.processor.graph.impl.ResponseTimePercentilesGraphConsumer#stopProducing(): responseTimePercentiles produced 0 samples
2026-06-20 13:23:23,589 INFO o.a.j.r.p.AbstractSampleConsumer: class org.apache.jmeter.report.processor.graph.impl.ResponseTimePercentilesOverTimeGraphConsumer#stopProducing(): responseTimePercentilesOverTime produced 0 samples
2026-06-20 13:23:23,589 INFO o.a.j.r.p.AbstractSampleConsumer: class org.apache.jmeter.report.processor.graph.impl.ResponseTimeOverTimeGraphConsumer#stopProducing(): responseTimesOverTime produced 0 samples
2026-06-20 13:23:23,589 INFO o.a.j.r.p.AbstractSampleConsumer: class org.apache.jmeter.report.processor.graph.impl.ConnectTimeOverTimeGraphConsumer#stopProducing(): connectTimeOverTime produced 0 samples
2026-06-20 13:23:23,589 INFO o.a.j.r.p.AbstractSampleConsumer: class org.apache.jmeter.report.processor.graph.impl.LatencyOverTimeGraphConsumer#stopProducing(): latenciesOverTime produced 0 samples
2026-06-20 13:23:23,589 INFO o.a.j.r.p.AbstractSampleConsumer: class org.apache.jmeter.report.processor.FilterConsumer#stopProducing(): nameFilter produced 41265 samples
2026-06-20 13:23:23,589 INFO o.a.j.r.p.AbstractSampleConsumer: class org.apache.jmeter.report.processor.FilterConsumer#stopProducing(): dateRangeFilter produced 8253 samples
2026-06-20 13:23:23,589 INFO o.a.j.r.p.AbstractSampleConsumer: class org.apache.jmeter.report.processor.NormalizerSampleConsumer#stopProducing(): normalizer produced 2751 samples
2026-06-20 13:23:23,590 INFO o.a.j.r.p.CsvFileSampleSource: produce(): 2751 samples produced in 202ms on channel 0
2026-06-20 13:23:23,590 INFO o.a.j.r.d.ReportGenerator: Exporting data using exporter:'json' of className:'org.apache.jmeter.report.dashboard.JsonExporter'
2026-06-20 13:23:23,634 INFO o.a.j.r.d.JsonExporter: Found data for consumer statisticsSummary in context
2026-06-20 13:23:23,634 INFO o.a.j.r.d.JsonExporter: Creating statistics for overall
2026-06-20 13:23:23,635 INFO o.a.j.r.d.JsonExporter: Creating statistics for other transactions
2026-06-20 13:23:23,635 INFO o.a.j.r.d.JsonExporter: Checking output folder
2026-06-20 13:23:23,635 INFO o.a.j.r.d.JsonExporter: Writing statistics JSON to /home/seventwo/github/tpo-sub-four/html_reports/stress_until_503/128users_2560rpm/statistics.json
2026-06-20 13:23:23,663 INFO o.a.j.r.d.ReportGenerator: Exporting data using exporter:'html' of className:'org.apache.jmeter.report.dashboard.HtmlTemplateExporter'
2026-06-20 13:23:23,665 INFO o.a.j.r.d.HtmlTemplateExporter: Will generate dashboard in folder: /home/seventwo/github/tpo-sub-four/html_reports/stress_until_503/128users_2560rpm
2026-06-20 13:23:23,733 INFO o.a.j.r.d.HtmlTemplateExporter: Report will be generated in: /home/seventwo/github/tpo-sub-four/html_reports/stress_until_503/128users_2560rpm, creating folder structure
2026-06-20 13:23:23,735 INFO o.a.j.r.d.TemplateVisitor: Copying folder from '/opt/jmeter/bin/report-template' to '/home/seventwo/github/tpo-sub-four/html_reports/stress_until_503/128users_2560rpm', got message: /home/seventwo/github/tpo-sub-four/html_reports/stress_until_503/128users_2560rpm, found non empty folder with following content [/home/seventwo/github/tpo-sub-four/html_reports/stress_until_503/128users_2560rpm/statistics.json], will be ignored
2026-06-20 13:23:23,867 INFO o.a.j.JMeter: Dashboard generated
