2026-06-20 13:13:55,164 INFO o.a.j.u.JMeterUtils: Setting Locale to en_EN
2026-06-20 13:13:55,175 INFO o.a.j.JMeter: Loading user properties from: /opt/jmeter/bin/user.properties
2026-06-20 13:13:55,175 INFO o.a.j.JMeter: Loading system properties from: /opt/jmeter/bin/system.properties
2026-06-20 13:13:55,175 INFO o.a.j.JMeter: Setting JMeter property: jmeter.save.saveservice.output_format=csv
2026-06-20 13:13:55,176 INFO o.a.j.JMeter: Setting JMeter property: jmeter.save.saveservice.print_field_names=true
2026-06-20 13:13:55,176 INFO o.a.j.JMeter: Setting JMeter property: jmeter.save.saveservice.timestamp_format=ms
2026-06-20 13:13:55,176 INFO o.a.j.JMeter: Setting JMeter property: jmeter.save.saveservice.time=true
2026-06-20 13:13:55,176 INFO o.a.j.JMeter: Setting JMeter property: jmeter.save.saveservice.latency=true
2026-06-20 13:13:55,176 INFO o.a.j.JMeter: Setting JMeter property: jmeter.save.saveservice.label=true
2026-06-20 13:13:55,176 INFO o.a.j.JMeter: Setting JMeter property: jmeter.save.saveservice.response_code=true
2026-06-20 13:13:55,176 INFO o.a.j.JMeter: Setting JMeter property: jmeter.save.saveservice.response_message=true
2026-06-20 13:13:55,176 INFO o.a.j.JMeter: Setting JMeter property: jmeter.save.saveservice.successful=true
2026-06-20 13:13:55,176 INFO o.a.j.JMeter: Setting JMeter property: jmeter.save.saveservice.assertion_results_failure_message=true
2026-06-20 13:13:55,176 INFO o.a.j.JMeter: Setting JMeter property: jmeter.save.saveservice.thread_name=true
2026-06-20 13:13:55,176 INFO o.a.j.JMeter: Setting JMeter property: jmeter.save.saveservice.thread_counts=true
2026-06-20 13:13:55,176 INFO o.a.j.JMeter: Setting JMeter property: jmeter.save.saveservice.connect_time=true
2026-06-20 13:13:55,181 INFO o.a.j.JMeter: Copyright (c) 1998-2024 The Apache Software Foundation
2026-06-20 13:13:55,181 INFO o.a.j.JMeter: Version 5.6.3
2026-06-20 13:13:55,181 INFO o.a.j.JMeter: java.version=26.0.1
2026-06-20 13:13:55,181 INFO o.a.j.JMeter: java.vm.name=OpenJDK 64-Bit Server VM
2026-06-20 13:13:55,181 INFO o.a.j.JMeter: os.name=Linux
2026-06-20 13:13:55,181 INFO o.a.j.JMeter: os.arch=amd64
2026-06-20 13:13:55,181 INFO o.a.j.JMeter: os.version=6.18.33-1-MANJARO
2026-06-20 13:13:55,181 INFO o.a.j.JMeter: file.encoding=UTF-8
2026-06-20 13:13:55,181 INFO o.a.j.JMeter: java.awt.headless=true
2026-06-20 13:13:55,182 INFO o.a.j.JMeter: Max memory     =1073741824
2026-06-20 13:13:55,182 INFO o.a.j.JMeter: Available Processors =16
2026-06-20 13:13:55,193 INFO o.a.j.JMeter: Default Locale=English (EN)
2026-06-20 13:13:55,193 INFO o.a.j.JMeter: JMeter  Locale=English (EN)
2026-06-20 13:13:55,193 INFO o.a.j.JMeter: JMeterHome=/opt/jmeter
2026-06-20 13:13:55,193 INFO o.a.j.JMeter: user.dir  =/home/seventwo/github/tpo-sub-four
2026-06-20 13:13:55,193 INFO o.a.j.JMeter: PWD       =/home/seventwo/github/tpo-sub-four
2026-06-20 13:13:55,194 INFO o.a.j.JMeter: IP: 192.168.0.102 Name: seventwocore FullName: seventwocore
2026-06-20 13:13:55,202 INFO o.a.j.JMeter: Setting property 'jmeter.reportgenerator.outputdir' to:'/home/seventwo/github/tpo-sub-four/html_reports/stress_until_503/64users_1280rpm'
2026-06-20 13:13:55,204 INFO o.a.j.s.FileServer: Default base='/home/seventwo/github/tpo-sub-four'
2026-06-20 13:13:55,205 INFO o.a.j.s.FileServer: Set new base='/home/seventwo/github/tpo-sub-four/quality_jmeter_plans/stress_until_503'
2026-06-20 13:13:55,390 INFO o.a.j.s.SaveService: Testplan (JMX) version: 2.2. Testlog (JTL) version: 2.2
2026-06-20 13:13:55,404 INFO o.a.j.s.SaveService: Using SaveService properties version 5.0
2026-06-20 13:13:55,406 INFO o.a.j.s.SaveService: Using SaveService properties file encoding UTF-8
2026-06-20 13:13:55,408 INFO o.a.j.s.SaveService: Loading file: quality_jmeter_plans/stress_until_503/stress_until_503_64users_1280rpm_ctt.jmx
2026-06-20 13:13:55,450 INFO o.a.j.p.h.s.HTTPSamplerBase: Parser for text/html is org.apache.jmeter.protocol.http.parser.LagartoBasedHtmlParser
2026-06-20 13:13:55,450 INFO o.a.j.p.h.s.HTTPSamplerBase: Parser for application/xhtml+xml is org.apache.jmeter.protocol.http.parser.LagartoBasedHtmlParser
2026-06-20 13:13:55,450 INFO o.a.j.p.h.s.HTTPSamplerBase: Parser for application/xml is org.apache.jmeter.protocol.http.parser.LagartoBasedHtmlParser
2026-06-20 13:13:55,450 INFO o.a.j.p.h.s.HTTPSamplerBase: Parser for text/xml is org.apache.jmeter.protocol.http.parser.LagartoBasedHtmlParser
2026-06-20 13:13:55,450 INFO o.a.j.p.h.s.HTTPSamplerBase: Parser for text/vnd.wap.wml is org.apache.jmeter.protocol.http.parser.RegexpHTMLParser
2026-06-20 13:13:55,451 INFO o.a.j.p.h.s.HTTPSamplerBase: Parser for text/css is org.apache.jmeter.protocol.http.parser.CssParser
2026-06-20 13:13:55,461 INFO o.a.j.JMeter: Creating summariser <summary>
2026-06-20 13:13:55,468 INFO o.a.j.r.d.ReportGenerator: ReportGenerator will use for Parsing the separator: ','
2026-06-20 13:13:55,468 INFO o.a.j.r.d.ReportGenerator: Will generate report at end of test from  results file: results/stress_until_503/stress_until_503_64users_1280rpm.jtl
2026-06-20 13:13:55,468 INFO o.a.j.r.d.ReportGenerator: Reading report generator properties from: /opt/jmeter/bin/reportgenerator.properties
2026-06-20 13:13:55,469 INFO o.a.j.r.d.ReportGenerator: Merging with JMeter properties
2026-06-20 13:13:55,471 INFO o.a.j.r.c.ReportGeneratorConfiguration: Property 'jmeter.reportgenerator.temp_dir' not found, using default value 'temp' instead.
2026-06-20 13:13:55,473 INFO o.a.j.r.c.ReportGeneratorConfiguration: Property 'jmeter.reportgenerator.apdex_per_transaction' not found, using default value 'null' instead.
2026-06-20 13:13:55,473 INFO o.a.j.r.c.ReportGeneratorConfiguration: apdex_per_transaction is empty, not APDEX per transaction customization
2026-06-20 13:13:55,473 INFO o.a.j.r.c.ReportGeneratorConfiguration: Property 'jmeter.reportgenerator.sample_filter' not found, using default value 'null' instead.
2026-06-20 13:13:55,473 INFO o.a.j.r.c.ReportGeneratorConfiguration: Property 'jmeter.reportgenerator.report_title' not found, using default value 'null' instead.
2026-06-20 13:13:55,473 INFO o.a.j.r.c.ReportGeneratorConfiguration: Property 'jmeter.reportgenerator.start_date' not found, using default value 'null' instead.
2026-06-20 13:13:55,473 INFO o.a.j.r.c.ReportGeneratorConfiguration: Property 'jmeter.reportgenerator.end_date' not found, using default value 'null' instead.
2026-06-20 13:13:55,473 INFO o.a.j.r.c.ReportGeneratorConfiguration: Property 'jmeter.reportgenerator.date_format' not found, using default value 'null' instead.
2026-06-20 13:13:55,474 INFO o.a.j.r.c.ReportGeneratorConfiguration: Will use date range start date: null, end date: null
2026-06-20 13:13:55,476 INFO o.a.j.r.c.ReportGeneratorConfiguration: Property 'jmeter.reportgenerator.graph.totalTPS.exclude_controllers' not found, using default value 'false' instead.
2026-06-20 13:13:55,477 INFO o.a.j.r.c.ReportGeneratorConfiguration: Property 'jmeter.reportgenerator.graph.activeThreadsOverTime.exclude_controllers' not found, using default value 'false' instead.
2026-06-20 13:13:55,477 INFO o.a.j.r.c.ReportGeneratorConfiguration: Property 'jmeter.reportgenerator.graph.timeVsThreads.exclude_controllers' not found, using default value 'false' instead.
2026-06-20 13:13:55,477 INFO o.a.j.r.c.ReportGeneratorConfiguration: Property 'jmeter.reportgenerator.graph.responseTimeDistribution.exclude_controllers' not found, using default value 'false' instead.
2026-06-20 13:13:55,477 INFO o.a.j.r.c.ReportGeneratorConfiguration: Property 'jmeter.reportgenerator.graph.transactionsPerSecond.exclude_controllers' not found, using default value 'false' instead.
2026-06-20 13:13:55,477 INFO o.a.j.r.c.ReportGeneratorConfiguration: Property 'jmeter.reportgenerator.graph.responseTimePercentiles.exclude_controllers' not found, using default value 'false' instead.
2026-06-20 13:13:55,477 INFO o.a.j.r.c.ReportGeneratorConfiguration: Property 'jmeter.reportgenerator.graph.responseTimePercentilesOverTime.exclude_controllers' not found, using default value 'false' instead.
2026-06-20 13:13:55,477 INFO o.a.j.r.c.ReportGeneratorConfiguration: Property 'jmeter.reportgenerator.graph.responseTimesOverTime.exclude_controllers' not found, using default value 'false' instead.
2026-06-20 13:13:55,477 INFO o.a.j.r.c.ReportGeneratorConfiguration: Property 'jmeter.reportgenerator.graph.connectTimeOverTime.exclude_controllers' not found, using default value 'false' instead.
2026-06-20 13:13:55,477 INFO o.a.j.r.c.ReportGeneratorConfiguration: Property 'jmeter.reportgenerator.graph.latenciesOverTime.exclude_controllers' not found, using default value 'false' instead.
2026-06-20 13:13:55,478 INFO o.a.j.r.c.ReportGeneratorConfiguration: Property 'jmeter.reportgenerator.exporter.json.filters_only_sample_series' not found, using default value 'true' instead.
2026-06-20 13:13:55,478 INFO o.a.j.r.c.ReportGeneratorConfiguration: Property 'jmeter.reportgenerator.exporter.json.series_filter' not found, using default value '' instead.
2026-06-20 13:13:55,478 INFO o.a.j.r.c.ReportGeneratorConfiguration: Property 'jmeter.reportgenerator.exporter.json.show_controllers_only' not found, using default value 'false' instead.
2026-06-20 13:13:55,478 INFO o.a.j.r.c.ReportGeneratorConfiguration: Property 'jmeter.reportgenerator.exporter.html.filters_only_sample_series' not found, using default value 'true' instead.
2026-06-20 13:13:55,478 INFO o.a.j.r.c.ReportGeneratorConfiguration: Property 'jmeter.reportgenerator.exporter.html.series_filter' not found, using default value '' instead.
2026-06-20 13:13:55,478 INFO o.a.j.r.c.ReportGeneratorConfiguration: Property 'jmeter.reportgenerator.exporter.html.show_controllers_only' not found, using default value 'false' instead.
2026-06-20 13:13:55,485 INFO o.a.j.e.StandardJMeterEngine: Running the test!
2026-06-20 13:13:55,486 INFO o.a.j.s.SampleEvent: List of sample_variables: []
2026-06-20 13:13:55,486 INFO o.a.j.s.SampleEvent: List of sample_variables: []
2026-06-20 13:13:55,490 INFO o.a.j.e.u.CompoundVariable: Note: Function class names must contain the string: '.functions.'
2026-06-20 13:13:55,490 INFO o.a.j.e.u.CompoundVariable: Note: Function class names must not contain the string: '.gui.'
2026-06-20 13:13:55,543 INFO o.a.j.JMeter: Running test (1781950435543)
2026-06-20 13:13:55,565 INFO o.a.j.e.StandardJMeterEngine: Starting ThreadGroup: 1 : Thread Group - until HTTP 503 - 64 users
2026-06-20 13:13:55,565 INFO o.a.j.e.StandardJMeterEngine: Starting 64 threads for group Thread Group - until HTTP 503 - 64 users.
2026-06-20 13:13:55,565 INFO o.a.j.e.StandardJMeterEngine: Thread will continue on error
2026-06-20 13:13:55,565 INFO o.a.j.t.ThreadGroup: Starting thread group... number=1 threads=64 ramp-up=60 delayedStart=false
2026-06-20 13:13:55,570 INFO o.a.j.t.JMeterThread: Thread started: Thread Group - until HTTP 503 - 64 users 1-1
2026-06-20 13:13:55,585 INFO o.a.j.t.ThreadGroup: Started thread group number 1
2026-06-20 13:13:55,585 INFO o.a.j.e.StandardJMeterEngine: All thread groups have been started
2026-06-20 13:13:55,609 INFO o.a.j.p.h.s.HTTPHCAbstractImpl: Local host = seventwocore
2026-06-20 13:13:55,615 INFO o.a.j.p.h.s.HTTPHC4Impl: HTTP request retry count = 0
2026-06-20 13:13:55,617 INFO o.a.j.s.SampleResult: Note: Sample TimeStamps are START times
2026-06-20 13:13:55,617 INFO o.a.j.s.SampleResult: sampleresult.default.encoding is set to UTF-8
2026-06-20 13:13:55,617 INFO o.a.j.s.SampleResult: sampleresult.useNanoTime=true
2026-06-20 13:13:55,617 INFO o.a.j.s.SampleResult: sampleresult.nanoThreadSleep=5000
2026-06-20 13:13:56,505 INFO o.a.j.t.JMeterThread: Thread started: Thread Group - until HTTP 503 - 64 users 1-2
2026-06-20 13:13:57,442 INFO o.a.j.t.JMeterThread: Thread started: Thread Group - until HTTP 503 - 64 users 1-3
2026-06-20 13:13:58,380 INFO o.a.j.t.JMeterThread: Thread started: Thread Group - until HTTP 503 - 64 users 1-4
2026-06-20 13:13:59,318 INFO o.a.j.t.JMeterThread: Thread started: Thread Group - until HTTP 503 - 64 users 1-5
2026-06-20 13:14:00,082 INFO o.a.j.r.Summariser: summary +     31 in 00:00:05 =    6.8/s Avg:   391 Min:   371 Max:   550 Err:     0 (0.00%) Active: 5 Started: 5 Finished: 0
2026-06-20 13:14:00,255 INFO o.a.j.t.JMeterThread: Thread started: Thread Group - until HTTP 503 - 64 users 1-6
2026-06-20 13:14:01,194 INFO o.a.j.t.JMeterThread: Thread started: Thread Group - until HTTP 503 - 64 users 1-7
2026-06-20 13:14:02,132 INFO o.a.j.t.JMeterThread: Thread started: Thread Group - until HTTP 503 - 64 users 1-8
2026-06-20 13:14:03,069 INFO o.a.j.t.JMeterThread: Thread started: Thread Group - until HTTP 503 - 64 users 1-9
2026-06-20 13:14:04,008 INFO o.a.j.t.JMeterThread: Thread started: Thread Group - until HTTP 503 - 64 users 1-10
2026-06-20 13:14:04,946 INFO o.a.j.t.JMeterThread: Thread started: Thread Group - until HTTP 503 - 64 users 1-11
2026-06-20 13:14:05,883 INFO o.a.j.t.JMeterThread: Thread started: Thread Group - until HTTP 503 - 64 users 1-12
2026-06-20 13:14:06,821 INFO o.a.j.t.JMeterThread: Thread started: Thread Group - until HTTP 503 - 64 users 1-13
2026-06-20 13:14:07,760 INFO o.a.j.t.JMeterThread: Thread started: Thread Group - until HTTP 503 - 64 users 1-14
2026-06-20 13:14:08,698 INFO o.a.j.t.JMeterThread: Thread started: Thread Group - until HTTP 503 - 64 users 1-15
2026-06-20 13:14:09,635 INFO o.a.j.t.JMeterThread: Thread started: Thread Group - until HTTP 503 - 64 users 1-16
2026-06-20 13:14:10,573 INFO o.a.j.t.JMeterThread: Thread started: Thread Group - until HTTP 503 - 64 users 1-17
2026-06-20 13:14:11,512 INFO o.a.j.t.JMeterThread: Thread started: Thread Group - until HTTP 503 - 64 users 1-18
2026-06-20 13:14:12,449 INFO o.a.j.t.JMeterThread: Thread started: Thread Group - until HTTP 503 - 64 users 1-19
2026-06-20 13:14:13,387 INFO o.a.j.t.JMeterThread: Thread started: Thread Group - until HTTP 503 - 64 users 1-20
2026-06-20 13:14:14,326 INFO o.a.j.t.JMeterThread: Thread started: Thread Group - until HTTP 503 - 64 users 1-21
2026-06-20 13:14:15,264 INFO o.a.j.t.JMeterThread: Thread started: Thread Group - until HTTP 503 - 64 users 1-22
2026-06-20 13:14:16,202 INFO o.a.j.t.JMeterThread: Thread started: Thread Group - until HTTP 503 - 64 users 1-23
2026-06-20 13:14:17,140 INFO o.a.j.t.JMeterThread: Thread started: Thread Group - until HTTP 503 - 64 users 1-24
2026-06-20 13:14:18,077 INFO o.a.j.t.JMeterThread: Thread started: Thread Group - until HTTP 503 - 64 users 1-25
2026-06-20 13:14:19,015 INFO o.a.j.t.JMeterThread: Thread started: Thread Group - until HTTP 503 - 64 users 1-26
2026-06-20 13:14:19,954 INFO o.a.j.t.JMeterThread: Thread started: Thread Group - until HTTP 503 - 64 users 1-27
2026-06-20 13:14:20,892 INFO o.a.j.t.JMeterThread: Thread started: Thread Group - until HTTP 503 - 64 users 1-28
2026-06-20 13:14:21,829 INFO o.a.j.t.JMeterThread: Thread started: Thread Group - until HTTP 503 - 64 users 1-29
2026-06-20 13:14:22,767 INFO o.a.j.t.JMeterThread: Thread started: Thread Group - until HTTP 503 - 64 users 1-30
2026-06-20 13:14:23,707 INFO o.a.j.t.JMeterThread: Thread started: Thread Group - until HTTP 503 - 64 users 1-31
2026-06-20 13:14:24,643 INFO o.a.j.t.JMeterThread: Thread started: Thread Group - until HTTP 503 - 64 users 1-32
2026-06-20 13:14:25,581 INFO o.a.j.t.JMeterThread: Thread started: Thread Group - until HTTP 503 - 64 users 1-33
2026-06-20 13:14:26,521 INFO o.a.j.t.JMeterThread: Thread started: Thread Group - until HTTP 503 - 64 users 1-34
2026-06-20 13:14:27,458 INFO o.a.j.t.JMeterThread: Thread started: Thread Group - until HTTP 503 - 64 users 1-35
2026-06-20 13:14:28,395 INFO o.a.j.t.JMeterThread: Thread started: Thread Group - until HTTP 503 - 64 users 1-36
2026-06-20 13:14:29,333 INFO o.a.j.t.JMeterThread: Thread started: Thread Group - until HTTP 503 - 64 users 1-37
2026-06-20 13:14:30,017 INFO o.a.j.r.Summariser: summary +    630 in 00:00:30 =   21.0/s Avg:   591 Min:   358 Max:   897 Err:   420 (66.67%) Active: 37 Started: 37 Finished: 0
2026-06-20 13:14:30,017 INFO o.a.j.r.Summariser: summary =    661 in 00:00:34 =   19.2/s Avg:   582 Min:   358 Max:   897 Err:   420 (63.54%)
2026-06-20 13:14:30,272 INFO o.a.j.t.JMeterThread: Thread started: Thread Group - until HTTP 503 - 64 users 1-38
2026-06-20 13:14:31,210 INFO o.a.j.t.JMeterThread: Thread started: Thread Group - until HTTP 503 - 64 users 1-39
2026-06-20 13:14:32,147 INFO o.a.j.t.JMeterThread: Thread started: Thread Group - until HTTP 503 - 64 users 1-40
2026-06-20 13:14:33,086 INFO o.a.j.t.JMeterThread: Thread started: Thread Group - until HTTP 503 - 64 users 1-41
2026-06-20 13:14:34,024 INFO o.a.j.t.JMeterThread: Thread started: Thread Group - until HTTP 503 - 64 users 1-42
2026-06-20 13:14:34,961 INFO o.a.j.t.JMeterThread: Thread started: Thread Group - until HTTP 503 - 64 users 1-43
2026-06-20 13:14:35,899 INFO o.a.j.t.JMeterThread: Thread started: Thread Group - until HTTP 503 - 64 users 1-44
2026-06-20 13:14:36,837 INFO o.a.j.t.JMeterThread: Thread started: Thread Group - until HTTP 503 - 64 users 1-45
2026-06-20 13:14:37,776 INFO o.a.j.t.JMeterThread: Thread started: Thread Group - until HTTP 503 - 64 users 1-46
2026-06-20 13:14:38,714 INFO o.a.j.t.JMeterThread: Thread started: Thread Group - until HTTP 503 - 64 users 1-47
2026-06-20 13:14:39,651 INFO o.a.j.t.JMeterThread: Thread started: Thread Group - until HTTP 503 - 64 users 1-48
2026-06-20 13:14:40,589 INFO o.a.j.t.JMeterThread: Thread started: Thread Group - until HTTP 503 - 64 users 1-49
2026-06-20 13:14:41,527 INFO o.a.j.t.JMeterThread: Thread started: Thread Group - until HTTP 503 - 64 users 1-50
2026-06-20 13:14:42,466 INFO o.a.j.t.JMeterThread: Thread started: Thread Group - until HTTP 503 - 64 users 1-51
2026-06-20 13:14:43,404 INFO o.a.j.t.JMeterThread: Thread started: Thread Group - until HTTP 503 - 64 users 1-52
2026-06-20 13:14:44,341 INFO o.a.j.t.JMeterThread: Thread started: Thread Group - until HTTP 503 - 64 users 1-53
2026-06-20 13:14:45,279 INFO o.a.j.t.JMeterThread: Thread started: Thread Group - until HTTP 503 - 64 users 1-54
2026-06-20 13:14:46,218 INFO o.a.j.t.JMeterThread: Thread started: Thread Group - until HTTP 503 - 64 users 1-55
2026-06-20 13:14:47,156 INFO o.a.j.t.JMeterThread: Thread started: Thread Group - until HTTP 503 - 64 users 1-56
2026-06-20 13:14:48,093 INFO o.a.j.t.JMeterThread: Thread started: Thread Group - until HTTP 503 - 64 users 1-57
2026-06-20 13:14:49,031 INFO o.a.j.t.JMeterThread: Thread started: Thread Group - until HTTP 503 - 64 users 1-58
2026-06-20 13:14:49,970 INFO o.a.j.t.JMeterThread: Thread started: Thread Group - until HTTP 503 - 64 users 1-59
2026-06-20 13:14:50,907 INFO o.a.j.t.JMeterThread: Thread started: Thread Group - until HTTP 503 - 64 users 1-60
2026-06-20 13:14:51,846 INFO o.a.j.t.JMeterThread: Thread started: Thread Group - until HTTP 503 - 64 users 1-61
2026-06-20 13:14:52,783 INFO o.a.j.t.JMeterThread: Thread started: Thread Group - until HTTP 503 - 64 users 1-62
2026-06-20 13:14:53,722 INFO o.a.j.t.JMeterThread: Thread started: Thread Group - until HTTP 503 - 64 users 1-63
2026-06-20 13:14:54,659 INFO o.a.j.t.JMeterThread: Thread started: Thread Group - until HTTP 503 - 64 users 1-64
2026-06-20 13:15:00,116 INFO o.a.j.r.Summariser: summary +    665 in 00:00:30 =   22.1/s Avg:   659 Min:   625 Max:   720 Err:   665 (100.00%) Active: 64 Started: 64 Finished: 0
2026-06-20 13:15:00,116 INFO o.a.j.r.Summariser: summary =   1326 in 00:01:05 =   20.5/s Avg:   620 Min:   358 Max:   897 Err:  1085 (81.83%)
2026-06-20 13:15:23,256 INFO o.a.j.t.JMeterThread: Thread finished: Thread Group - until HTTP 503 - 64 users 1-38
2026-06-20 13:15:23,260 INFO o.a.j.t.JMeterThread: Thread finished: Thread Group - until HTTP 503 - 64 users 1-44
2026-06-20 13:15:23,299 INFO o.a.j.t.JMeterThread: Thread finished: Thread Group - until HTTP 503 - 64 users 1-15
2026-06-20 13:15:23,410 INFO o.a.j.t.JMeterThread: Thread finished: Thread Group - until HTTP 503 - 64 users 1-40
2026-06-20 13:15:23,462 INFO o.a.j.t.JMeterThread: Thread finished: Thread Group - until HTTP 503 - 64 users 1-42
2026-06-20 13:15:23,692 INFO o.a.j.t.JMeterThread: Thread finished: Thread Group - until HTTP 503 - 64 users 1-4
2026-06-20 13:15:23,698 INFO o.a.j.t.JMeterThread: Thread finished: Thread Group - until HTTP 503 - 64 users 1-33
2026-06-20 13:15:23,706 INFO o.a.j.t.JMeterThread: Thread finished: Thread Group - until HTTP 503 - 64 users 1-6
2026-06-20 13:15:23,860 INFO o.a.j.t.JMeterThread: Thread finished: Thread Group - until HTTP 503 - 64 users 1-13
2026-06-20 13:15:23,876 INFO o.a.j.t.JMeterThread: Thread finished: Thread Group - until HTTP 503 - 64 users 1-8
2026-06-20 13:15:23,886 INFO o.a.j.t.JMeterThread: Thread finished: Thread Group - until HTTP 503 - 64 users 1-54
2026-06-20 13:15:23,920 INFO o.a.j.t.JMeterThread: Thread finished: Thread Group - until HTTP 503 - 64 users 1-49
2026-06-20 13:15:23,928 INFO o.a.j.t.JMeterThread: Thread finished: Thread Group - until HTTP 503 - 64 users 1-30
2026-06-20 13:15:24,090 INFO o.a.j.t.JMeterThread: Thread finished: Thread Group - until HTTP 503 - 64 users 1-26
2026-06-20 13:15:24,163 INFO o.a.j.t.JMeterThread: Thread finished: Thread Group - until HTTP 503 - 64 users 1-57
2026-06-20 13:15:24,285 INFO o.a.j.t.JMeterThread: Thread finished: Thread Group - until HTTP 503 - 64 users 1-60
2026-06-20 13:15:24,289 INFO o.a.j.t.JMeterThread: Thread finished: Thread Group - until HTTP 503 - 64 users 1-63
2026-06-20 13:15:24,322 INFO o.a.j.t.JMeterThread: Thread finished: Thread Group - until HTTP 503 - 64 users 1-35
2026-06-20 13:15:24,330 INFO o.a.j.t.JMeterThread: Thread finished: Thread Group - until HTTP 503 - 64 users 1-47
2026-06-20 13:15:24,518 INFO o.a.j.t.JMeterThread: Thread finished: Thread Group - until HTTP 503 - 64 users 1-52
2026-06-20 13:15:24,564 INFO o.a.j.t.JMeterThread: Thread finished: Thread Group - until HTTP 503 - 64 users 1-2
2026-06-20 13:15:24,694 INFO o.a.j.t.JMeterThread: Thread finished: Thread Group - until HTTP 503 - 64 users 1-37
2026-06-20 13:15:24,699 INFO o.a.j.t.JMeterThread: Thread finished: Thread Group - until HTTP 503 - 64 users 1-45
2026-06-20 13:15:24,737 INFO o.a.j.t.JMeterThread: Thread finished: Thread Group - until HTTP 503 - 64 users 1-16
2026-06-20 13:15:24,744 INFO o.a.j.t.JMeterThread: Thread finished: Thread Group - until HTTP 503 - 64 users 1-25
2026-06-20 13:15:24,852 INFO o.a.j.t.JMeterThread: Thread finished: Thread Group - until HTTP 503 - 64 users 1-5
2026-06-20 13:15:24,854 INFO o.a.j.t.JMeterThread: Thread finished: Thread Group - until HTTP 503 - 64 users 1-32
2026-06-20 13:15:24,861 INFO o.a.j.t.JMeterThread: Thread finished: Thread Group - until HTTP 503 - 64 users 1-29
2026-06-20 13:15:24,895 INFO o.a.j.t.JMeterThread: Thread finished: Thread Group - until HTTP 503 - 64 users 1-39
2026-06-20 13:15:24,939 INFO o.a.j.t.JMeterThread: Thread finished: Thread Group - until HTTP 503 - 64 users 1-43
2026-06-20 13:15:24,970 INFO o.a.j.t.JMeterThread: Thread finished: Thread Group - until HTTP 503 - 64 users 1-1
2026-06-20 13:15:24,991 INFO o.a.j.t.JMeterThread: Thread finished: Thread Group - until HTTP 503 - 64 users 1-41
2026-06-20 13:15:25,000 INFO o.a.j.t.JMeterThread: Thread finished: Thread Group - until HTTP 503 - 64 users 1-55
2026-06-20 13:15:25,029 INFO o.a.j.t.JMeterThread: Thread finished: Thread Group - until HTTP 503 - 64 users 1-12
2026-06-20 13:15:25,033 INFO o.a.j.t.JMeterThread: Thread finished: Thread Group - until HTTP 503 - 64 users 1-9
2026-06-20 13:15:25,075 INFO o.a.j.t.JMeterThread: Thread finished: Thread Group - until HTTP 503 - 64 users 1-7
2026-06-20 13:15:25,088 INFO o.a.j.t.JMeterThread: Thread finished: Thread Group - until HTTP 503 - 64 users 1-17
2026-06-20 13:15:25,094 INFO o.a.j.t.JMeterThread: Thread finished: Thread Group - until HTTP 503 - 64 users 1-24
2026-06-20 13:15:25,153 INFO o.a.j.t.JMeterThread: Thread finished: Thread Group - until HTTP 503 - 64 users 1-50
2026-06-20 13:15:25,232 INFO o.a.j.t.JMeterThread: Thread finished: Thread Group - until HTTP 503 - 64 users 1-14
2026-06-20 13:15:25,242 INFO o.a.j.t.JMeterThread: Thread finished: Thread Group - until HTTP 503 - 64 users 1-3
2026-06-20 13:15:25,259 INFO o.a.j.t.JMeterThread: Thread finished: Thread Group - until HTTP 503 - 64 users 1-58
2026-06-20 13:15:25,286 INFO o.a.j.t.JMeterThread: Thread finished: Thread Group - until HTTP 503 - 64 users 1-10
2026-06-20 13:15:25,312 INFO o.a.j.t.JMeterThread: Thread finished: Thread Group - until HTTP 503 - 64 users 1-64
2026-06-20 13:15:25,355 INFO o.a.j.t.JMeterThread: Thread finished: Thread Group - until HTTP 503 - 64 users 1-61
2026-06-20 13:15:25,711 INFO o.a.j.t.JMeterThread: Stopping because end time detected by thread: Thread Group - until HTTP 503 - 64 users 1-34
2026-06-20 13:15:25,711 INFO o.a.j.t.JMeterThread: Thread finished: Thread Group - until HTTP 503 - 64 users 1-34
2026-06-20 13:15:25,718 INFO o.a.j.t.JMeterThread: Stopping because end time detected by thread: Thread Group - until HTTP 503 - 64 users 1-48
2026-06-20 13:15:25,719 INFO o.a.j.t.JMeterThread: Thread finished: Thread Group - until HTTP 503 - 64 users 1-48
2026-06-20 13:15:25,763 INFO o.a.j.t.JMeterThread: Stopping because end time detected by thread: Thread Group - until HTTP 503 - 64 users 1-53
2026-06-20 13:15:25,763 INFO o.a.j.t.JMeterThread: Thread finished: Thread Group - until HTTP 503 - 64 users 1-53
2026-06-20 13:15:25,800 INFO o.a.j.t.JMeterThread: Stopping because end time detected by thread: Thread Group - until HTTP 503 - 64 users 1-23
2026-06-20 13:15:25,800 INFO o.a.j.t.JMeterThread: Thread finished: Thread Group - until HTTP 503 - 64 users 1-23
2026-06-20 13:15:25,803 INFO o.a.j.t.JMeterThread: Stopping because end time detected by thread: Thread Group - until HTTP 503 - 64 users 1-18
2026-06-20 13:15:25,803 INFO o.a.j.t.JMeterThread: Thread finished: Thread Group - until HTTP 503 - 64 users 1-18
2026-06-20 13:15:25,807 INFO o.a.j.t.JMeterThread: Stopping because end time detected by thread: Thread Group - until HTTP 503 - 64 users 1-28
2026-06-20 13:15:25,807 INFO o.a.j.t.JMeterThread: Thread finished: Thread Group - until HTTP 503 - 64 users 1-28
2026-06-20 13:15:25,847 INFO o.a.j.t.JMeterThread: Stopping because end time detected by thread: Thread Group - until HTTP 503 - 64 users 1-11
2026-06-20 13:15:25,847 INFO o.a.j.t.JMeterThread: Thread finished: Thread Group - until HTTP 503 - 64 users 1-11
2026-06-20 13:15:25,889 INFO o.a.j.t.JMeterThread: Stopping because end time detected by thread: Thread Group - until HTTP 503 - 64 users 1-19
2026-06-20 13:15:25,889 INFO o.a.j.t.JMeterThread: Thread finished: Thread Group - until HTTP 503 - 64 users 1-19
2026-06-20 13:15:25,894 INFO o.a.j.t.JMeterThread: Stopping because end time detected by thread: Thread Group - until HTTP 503 - 64 users 1-22
2026-06-20 13:15:25,894 INFO o.a.j.t.JMeterThread: Thread finished: Thread Group - until HTTP 503 - 64 users 1-22
2026-06-20 13:15:25,918 INFO o.a.j.t.JMeterThread: Stopping because end time detected by thread: Thread Group - until HTTP 503 - 64 users 1-31
2026-06-20 13:15:25,918 INFO o.a.j.t.JMeterThread: Thread finished: Thread Group - until HTTP 503 - 64 users 1-31
2026-06-20 13:15:25,943 INFO o.a.j.t.JMeterThread: Stopping because end time detected by thread: Thread Group - until HTTP 503 - 64 users 1-21
2026-06-20 13:15:25,943 INFO o.a.j.t.JMeterThread: Thread finished: Thread Group - until HTTP 503 - 64 users 1-21
2026-06-20 13:15:25,948 INFO o.a.j.t.JMeterThread: Stopping because end time detected by thread: Thread Group - until HTTP 503 - 64 users 1-20
2026-06-20 13:15:25,949 INFO o.a.j.t.JMeterThread: Thread finished: Thread Group - until HTTP 503 - 64 users 1-20
2026-06-20 13:15:25,996 INFO o.a.j.t.JMeterThread: Stopping because end time detected by thread: Thread Group - until HTTP 503 - 64 users 1-36
2026-06-20 13:15:25,996 INFO o.a.j.t.JMeterThread: Thread finished: Thread Group - until HTTP 503 - 64 users 1-36
2026-06-20 13:15:26,083 INFO o.a.j.t.JMeterThread: Stopping because end time detected by thread: Thread Group - until HTTP 503 - 64 users 1-46
2026-06-20 13:15:26,083 INFO o.a.j.t.JMeterThread: Thread finished: Thread Group - until HTTP 503 - 64 users 1-46
2026-06-20 13:15:26,087 INFO o.a.j.t.JMeterThread: Stopping because end time detected by thread: Thread Group - until HTTP 503 - 64 users 1-56
2026-06-20 13:15:26,087 INFO o.a.j.t.JMeterThread: Thread finished: Thread Group - until HTTP 503 - 64 users 1-56
2026-06-20 13:15:26,165 INFO o.a.j.t.JMeterThread: Stopping because end time detected by thread: Thread Group - until HTTP 503 - 64 users 1-27
2026-06-20 13:15:26,165 INFO o.a.j.t.JMeterThread: Thread finished: Thread Group - until HTTP 503 - 64 users 1-27
2026-06-20 13:15:26,181 INFO o.a.j.t.JMeterThread: Stopping because end time detected by thread: Thread Group - until HTTP 503 - 64 users 1-51
2026-06-20 13:15:26,181 INFO o.a.j.t.JMeterThread: Thread finished: Thread Group - until HTTP 503 - 64 users 1-51
2026-06-20 13:15:26,188 INFO o.a.j.t.JMeterThread: Stopping because end time detected by thread: Thread Group - until HTTP 503 - 64 users 1-59
2026-06-20 13:15:26,188 INFO o.a.j.t.JMeterThread: Thread finished: Thread Group - until HTTP 503 - 64 users 1-59
2026-06-20 13:15:26,192 INFO o.a.j.t.JMeterThread: Stopping because end time detected by thread: Thread Group - until HTTP 503 - 64 users 1-62
2026-06-20 13:15:26,192 INFO o.a.j.t.JMeterThread: Thread finished: Thread Group - until HTTP 503 - 64 users 1-62
2026-06-20 13:15:26,192 INFO o.a.j.e.StandardJMeterEngine: Notifying test listeners of end of test
2026-06-20 13:15:26,193 INFO o.a.j.r.Summariser: summary +    562 in 00:00:26 =   21.6/s Avg:   639 Min:   609 Max:   711 Err:   492 (87.54%) Active: 0 Started: 64 Finished: 64
2026-06-20 13:15:26,193 INFO o.a.j.r.Summariser: summary =   1888 in 00:01:31 =   20.8/s Avg:   626 Min:   358 Max:   897 Err:  1577 (83.53%)
2026-06-20 13:15:26,193 INFO o.a.j.JMeter: Generating Dashboard
2026-06-20 13:15:26,193 INFO o.a.j.r.d.ReportGenerator: Flushing result collector before report Generation
2026-06-20 13:15:26,205 INFO o.a.j.r.p.NormalizerSampleConsumer: Using format, 'ms', to parse timeStamp field
2026-06-20 13:15:26,351 INFO o.a.j.r.p.AbstractSampleConsumer: class org.apache.jmeter.report.processor.AggregateConsumer#stopProducing(): beginDate produced 0 samples
2026-06-20 13:15:26,351 INFO o.a.j.r.p.AbstractSampleConsumer: class org.apache.jmeter.report.processor.AggregateConsumer#stopProducing(): endDate produced 0 samples
2026-06-20 13:15:26,353 INFO o.a.j.r.p.AbstractSampleConsumer: class org.apache.jmeter.report.processor.ApdexSummaryConsumer#stopProducing(): apdexSummary produced 0 samples
2026-06-20 13:15:26,353 INFO o.a.j.r.p.AbstractSampleConsumer: class org.apache.jmeter.report.processor.RequestsSummaryConsumer#stopProducing(): requestsSummary produced 0 samples
2026-06-20 13:15:26,357 INFO o.a.j.r.p.AbstractSampleConsumer: class org.apache.jmeter.report.processor.StatisticsSummaryConsumer#stopProducing(): statisticsSummary produced 0 samples
2026-06-20 13:15:26,358 INFO o.a.j.r.p.AbstractSampleConsumer: class org.apache.jmeter.report.processor.Top5ErrorsBySamplerConsumer#stopProducing(): top5ErrorsBySampler produced 0 samples
2026-06-20 13:15:26,359 INFO o.a.j.r.p.AbstractSampleConsumer: class org.apache.jmeter.report.processor.ErrorsSummaryConsumer#stopProducing(): errorsSummary produced 0 samples
2026-06-20 13:15:26,359 INFO o.a.j.r.p.AbstractSampleConsumer: class org.apache.jmeter.report.processor.graph.impl.HitsPerSecondGraphConsumer#stopProducing(): hitsPerSecond produced 0 samples
2026-06-20 13:15:26,386 INFO o.a.j.r.p.AbstractSampleConsumer: class org.apache.jmeter.report.processor.graph.impl.LatencyVSRequestGraphConsumer#stopProducing(): latencyVsRequest produced 0 samples
2026-06-20 13:15:26,387 INFO o.a.j.r.p.AbstractSampleConsumer: class org.apache.jmeter.report.processor.graph.impl.SyntheticResponseTimeDistributionGraphConsumer#stopProducing(): syntheticResponseTimeDistribution produced 0 samples
2026-06-20 13:15:26,387 INFO o.a.j.r.p.AbstractSampleConsumer: class org.apache.jmeter.report.processor.graph.impl.BytesThroughputGraphConsumer#stopProducing(): bytesThroughputOverTime produced 0 samples
2026-06-20 13:15:26,387 INFO o.a.j.r.p.AbstractSampleConsumer: class org.apache.jmeter.report.processor.graph.impl.CodesPerSecondGraphConsumer#stopProducing(): codesPerSecond produced 0 samples
2026-06-20 13:15:26,406 INFO o.a.j.r.p.AbstractSampleConsumer: class org.apache.jmeter.report.processor.graph.impl.ResponseTimeVSRequestGraphConsumer#stopProducing(): responseTimeVsRequest produced 0 samples
2026-06-20 13:15:26,407 INFO o.a.j.r.p.AbstractSampleConsumer: class org.apache.jmeter.report.processor.FilterConsumer#stopProducing(): startIntervalControlerFilter produced 13216 samples
2026-06-20 13:15:26,407 INFO o.a.j.r.p.AbstractSampleConsumer: class org.apache.jmeter.report.processor.graph.impl.TotalTPSGraphConsumer#stopProducing(): totalTPS produced 0 samples
2026-06-20 13:15:26,407 INFO o.a.j.r.p.AbstractSampleConsumer: class org.apache.jmeter.report.processor.graph.impl.ActiveThreadsGraphConsumer#stopProducing(): activeThreadsOverTime produced 0 samples
2026-06-20 13:15:26,407 INFO o.a.j.r.p.AbstractSampleConsumer: class org.apache.jmeter.report.processor.graph.impl.TimeVSThreadGraphConsumer#stopProducing(): timeVsThreads produced 0 samples
2026-06-20 13:15:26,407 INFO o.a.j.r.p.AbstractSampleConsumer: class org.apache.jmeter.report.processor.graph.impl.ResponseTimeDistributionGraphConsumer#stopProducing(): responseTimeDistribution produced 0 samples
2026-06-20 13:15:26,407 INFO o.a.j.r.p.AbstractSampleConsumer: class org.apache.jmeter.report.processor.graph.impl.TransactionsPerSecondGraphConsumer#stopProducing(): transactionsPerSecond produced 0 samples
2026-06-20 13:15:26,407 INFO o.a.j.r.p.AbstractSampleConsumer: class org.apache.jmeter.report.processor.graph.impl.ResponseTimePercentilesGraphConsumer#stopProducing(): responseTimePercentiles produced 0 samples
2026-06-20 13:15:26,408 INFO o.a.j.r.p.AbstractSampleConsumer: class org.apache.jmeter.report.processor.graph.impl.ResponseTimePercentilesOverTimeGraphConsumer#stopProducing(): responseTimePercentilesOverTime produced 0 samples
2026-06-20 13:15:26,408 INFO o.a.j.r.p.AbstractSampleConsumer: class org.apache.jmeter.report.processor.graph.impl.ResponseTimeOverTimeGraphConsumer#stopProducing(): responseTimesOverTime produced 0 samples
2026-06-20 13:15:26,409 INFO o.a.j.r.p.AbstractSampleConsumer: class org.apache.jmeter.report.processor.graph.impl.ConnectTimeOverTimeGraphConsumer#stopProducing(): connectTimeOverTime produced 0 samples
2026-06-20 13:15:26,409 INFO o.a.j.r.p.AbstractSampleConsumer: class org.apache.jmeter.report.processor.graph.impl.LatencyOverTimeGraphConsumer#stopProducing(): latenciesOverTime produced 0 samples
2026-06-20 13:15:26,409 INFO o.a.j.r.p.AbstractSampleConsumer: class org.apache.jmeter.report.processor.FilterConsumer#stopProducing(): nameFilter produced 28320 samples
2026-06-20 13:15:26,409 INFO o.a.j.r.p.AbstractSampleConsumer: class org.apache.jmeter.report.processor.FilterConsumer#stopProducing(): dateRangeFilter produced 5664 samples
2026-06-20 13:15:26,409 INFO o.a.j.r.p.AbstractSampleConsumer: class org.apache.jmeter.report.processor.NormalizerSampleConsumer#stopProducing(): normalizer produced 1888 samples
2026-06-20 13:15:26,409 INFO o.a.j.r.p.CsvFileSampleSource: produce(): 1888 samples produced in 176ms on channel 0
2026-06-20 13:15:26,409 INFO o.a.j.r.d.ReportGenerator: Exporting data using exporter:'json' of className:'org.apache.jmeter.report.dashboard.JsonExporter'
2026-06-20 13:15:26,456 INFO o.a.j.r.d.JsonExporter: Found data for consumer statisticsSummary in context
2026-06-20 13:15:26,456 INFO o.a.j.r.d.JsonExporter: Creating statistics for overall
2026-06-20 13:15:26,457 INFO o.a.j.r.d.JsonExporter: Creating statistics for other transactions
2026-06-20 13:15:26,457 INFO o.a.j.r.d.JsonExporter: Checking output folder
2026-06-20 13:15:26,457 INFO o.a.j.r.d.JsonExporter: Writing statistics JSON to /home/seventwo/github/tpo-sub-four/html_reports/stress_until_503/64users_1280rpm/statistics.json
2026-06-20 13:15:26,487 INFO o.a.j.r.d.ReportGenerator: Exporting data using exporter:'html' of className:'org.apache.jmeter.report.dashboard.HtmlTemplateExporter'
2026-06-20 13:15:26,489 INFO o.a.j.r.d.HtmlTemplateExporter: Will generate dashboard in folder: /home/seventwo/github/tpo-sub-four/html_reports/stress_until_503/64users_1280rpm
2026-06-20 13:15:26,540 INFO o.a.j.r.d.HtmlTemplateExporter: Report will be generated in: /home/seventwo/github/tpo-sub-four/html_reports/stress_until_503/64users_1280rpm, creating folder structure
2026-06-20 13:15:26,541 INFO o.a.j.r.d.TemplateVisitor: Copying folder from '/opt/jmeter/bin/report-template' to '/home/seventwo/github/tpo-sub-four/html_reports/stress_until_503/64users_1280rpm', got message: /home/seventwo/github/tpo-sub-four/html_reports/stress_until_503/64users_1280rpm, found non empty folder with following content [/home/seventwo/github/tpo-sub-four/html_reports/stress_until_503/64users_1280rpm/statistics.json], will be ignored
2026-06-20 13:15:26,671 INFO o.a.j.JMeter: Dashboard generated
