2026-06-20 13:28:18,730 INFO o.a.j.u.JMeterUtils: Setting Locale to en_EN
2026-06-20 13:28:18,741 INFO o.a.j.JMeter: Loading user properties from: /opt/jmeter/bin/user.properties
2026-06-20 13:28:18,741 INFO o.a.j.JMeter: Loading system properties from: /opt/jmeter/bin/system.properties
2026-06-20 13:28:18,742 INFO o.a.j.JMeter: Setting JMeter property: jmeter.save.saveservice.output_format=csv
2026-06-20 13:28:18,742 INFO o.a.j.JMeter: Setting JMeter property: jmeter.save.saveservice.print_field_names=true
2026-06-20 13:28:18,742 INFO o.a.j.JMeter: Setting JMeter property: jmeter.save.saveservice.timestamp_format=ms
2026-06-20 13:28:18,742 INFO o.a.j.JMeter: Setting JMeter property: jmeter.save.saveservice.time=true
2026-06-20 13:28:18,742 INFO o.a.j.JMeter: Setting JMeter property: jmeter.save.saveservice.latency=true
2026-06-20 13:28:18,742 INFO o.a.j.JMeter: Setting JMeter property: jmeter.save.saveservice.label=true
2026-06-20 13:28:18,742 INFO o.a.j.JMeter: Setting JMeter property: jmeter.save.saveservice.response_code=true
2026-06-20 13:28:18,742 INFO o.a.j.JMeter: Setting JMeter property: jmeter.save.saveservice.response_message=true
2026-06-20 13:28:18,742 INFO o.a.j.JMeter: Setting JMeter property: jmeter.save.saveservice.successful=true
2026-06-20 13:28:18,742 INFO o.a.j.JMeter: Setting JMeter property: jmeter.save.saveservice.assertion_results_failure_message=true
2026-06-20 13:28:18,742 INFO o.a.j.JMeter: Setting JMeter property: jmeter.save.saveservice.thread_name=true
2026-06-20 13:28:18,742 INFO o.a.j.JMeter: Setting JMeter property: jmeter.save.saveservice.thread_counts=true
2026-06-20 13:28:18,742 INFO o.a.j.JMeter: Setting JMeter property: jmeter.save.saveservice.connect_time=true
2026-06-20 13:28:18,747 INFO o.a.j.JMeter: Copyright (c) 1998-2024 The Apache Software Foundation
2026-06-20 13:28:18,747 INFO o.a.j.JMeter: Version 5.6.3
2026-06-20 13:28:18,747 INFO o.a.j.JMeter: java.version=26.0.1
2026-06-20 13:28:18,747 INFO o.a.j.JMeter: java.vm.name=OpenJDK 64-Bit Server VM
2026-06-20 13:28:18,747 INFO o.a.j.JMeter: os.name=Linux
2026-06-20 13:28:18,747 INFO o.a.j.JMeter: os.arch=amd64
2026-06-20 13:28:18,747 INFO o.a.j.JMeter: os.version=6.18.33-1-MANJARO
2026-06-20 13:28:18,748 INFO o.a.j.JMeter: file.encoding=UTF-8
2026-06-20 13:28:18,748 INFO o.a.j.JMeter: java.awt.headless=true
2026-06-20 13:28:18,748 INFO o.a.j.JMeter: Max memory     =1073741824
2026-06-20 13:28:18,748 INFO o.a.j.JMeter: Available Processors =16
2026-06-20 13:28:18,757 INFO o.a.j.JMeter: Default Locale=English (EN)
2026-06-20 13:28:18,758 INFO o.a.j.JMeter: JMeter  Locale=English (EN)
2026-06-20 13:28:18,758 INFO o.a.j.JMeter: JMeterHome=/opt/jmeter
2026-06-20 13:28:18,758 INFO o.a.j.JMeter: user.dir  =/home/seventwo/github/tpo-sub-four
2026-06-20 13:28:18,758 INFO o.a.j.JMeter: PWD       =/home/seventwo/github/tpo-sub-four
2026-06-20 13:28:18,758 INFO o.a.j.JMeter: IP: 192.168.0.102 Name: seventwocore FullName: seventwocore
2026-06-20 13:28:18,766 INFO o.a.j.JMeter: Setting property 'jmeter.reportgenerator.outputdir' to:'/home/seventwo/github/tpo-sub-four/html_reports/stress_until_503/192users_3840rpm'
2026-06-20 13:28:18,768 INFO o.a.j.s.FileServer: Default base='/home/seventwo/github/tpo-sub-four'
2026-06-20 13:28:18,769 INFO o.a.j.s.FileServer: Set new base='/home/seventwo/github/tpo-sub-four/quality_jmeter_plans/stress_until_503'
2026-06-20 13:28:18,973 INFO o.a.j.s.SaveService: Testplan (JMX) version: 2.2. Testlog (JTL) version: 2.2
2026-06-20 13:28:18,993 INFO o.a.j.s.SaveService: Using SaveService properties version 5.0
2026-06-20 13:28:18,997 INFO o.a.j.s.SaveService: Using SaveService properties file encoding UTF-8
2026-06-20 13:28:19,001 INFO o.a.j.s.SaveService: Loading file: quality_jmeter_plans/stress_until_503/stress_until_503_192users_3840rpm_ctt.jmx
2026-06-20 13:28:19,053 INFO o.a.j.p.h.s.HTTPSamplerBase: Parser for text/html is org.apache.jmeter.protocol.http.parser.LagartoBasedHtmlParser
2026-06-20 13:28:19,053 INFO o.a.j.p.h.s.HTTPSamplerBase: Parser for application/xhtml+xml is org.apache.jmeter.protocol.http.parser.LagartoBasedHtmlParser
2026-06-20 13:28:19,054 INFO o.a.j.p.h.s.HTTPSamplerBase: Parser for application/xml is org.apache.jmeter.protocol.http.parser.LagartoBasedHtmlParser
2026-06-20 13:28:19,054 INFO o.a.j.p.h.s.HTTPSamplerBase: Parser for text/xml is org.apache.jmeter.protocol.http.parser.LagartoBasedHtmlParser
2026-06-20 13:28:19,054 INFO o.a.j.p.h.s.HTTPSamplerBase: Parser for text/vnd.wap.wml is org.apache.jmeter.protocol.http.parser.RegexpHTMLParser
2026-06-20 13:28:19,054 INFO o.a.j.p.h.s.HTTPSamplerBase: Parser for text/css is org.apache.jmeter.protocol.http.parser.CssParser
2026-06-20 13:28:19,070 INFO o.a.j.JMeter: Creating summariser <summary>
2026-06-20 13:28:19,079 INFO o.a.j.r.d.ReportGenerator: ReportGenerator will use for Parsing the separator: ','
2026-06-20 13:28:19,080 INFO o.a.j.r.d.ReportGenerator: Will generate report at end of test from  results file: results/stress_until_503/stress_until_503_192users_3840rpm.jtl
2026-06-20 13:28:19,080 INFO o.a.j.r.d.ReportGenerator: Reading report generator properties from: /opt/jmeter/bin/reportgenerator.properties
2026-06-20 13:28:19,080 INFO o.a.j.r.d.ReportGenerator: Merging with JMeter properties
2026-06-20 13:28:19,084 INFO o.a.j.r.c.ReportGeneratorConfiguration: Property 'jmeter.reportgenerator.temp_dir' not found, using default value 'temp' instead.
2026-06-20 13:28:19,086 INFO o.a.j.r.c.ReportGeneratorConfiguration: Property 'jmeter.reportgenerator.apdex_per_transaction' not found, using default value 'null' instead.
2026-06-20 13:28:19,086 INFO o.a.j.r.c.ReportGeneratorConfiguration: apdex_per_transaction is empty, not APDEX per transaction customization
2026-06-20 13:28:19,086 INFO o.a.j.r.c.ReportGeneratorConfiguration: Property 'jmeter.reportgenerator.sample_filter' not found, using default value 'null' instead.
2026-06-20 13:28:19,086 INFO o.a.j.r.c.ReportGeneratorConfiguration: Property 'jmeter.reportgenerator.report_title' not found, using default value 'null' instead.
2026-06-20 13:28:19,086 INFO o.a.j.r.c.ReportGeneratorConfiguration: Property 'jmeter.reportgenerator.start_date' not found, using default value 'null' instead.
2026-06-20 13:28:19,086 INFO o.a.j.r.c.ReportGeneratorConfiguration: Property 'jmeter.reportgenerator.end_date' not found, using default value 'null' instead.
2026-06-20 13:28:19,086 INFO o.a.j.r.c.ReportGeneratorConfiguration: Property 'jmeter.reportgenerator.date_format' not found, using default value 'null' instead.
2026-06-20 13:28:19,086 INFO o.a.j.r.c.ReportGeneratorConfiguration: Will use date range start date: null, end date: null
2026-06-20 13:28:19,089 INFO o.a.j.r.c.ReportGeneratorConfiguration: Property 'jmeter.reportgenerator.graph.totalTPS.exclude_controllers' not found, using default value 'false' instead.
2026-06-20 13:28:19,090 INFO o.a.j.r.c.ReportGeneratorConfiguration: Property 'jmeter.reportgenerator.graph.activeThreadsOverTime.exclude_controllers' not found, using default value 'false' instead.
2026-06-20 13:28:19,090 INFO o.a.j.r.c.ReportGeneratorConfiguration: Property 'jmeter.reportgenerator.graph.timeVsThreads.exclude_controllers' not found, using default value 'false' instead.
2026-06-20 13:28:19,090 INFO o.a.j.r.c.ReportGeneratorConfiguration: Property 'jmeter.reportgenerator.graph.responseTimeDistribution.exclude_controllers' not found, using default value 'false' instead.
2026-06-20 13:28:19,090 INFO o.a.j.r.c.ReportGeneratorConfiguration: Property 'jmeter.reportgenerator.graph.transactionsPerSecond.exclude_controllers' not found, using default value 'false' instead.
2026-06-20 13:28:19,090 INFO o.a.j.r.c.ReportGeneratorConfiguration: Property 'jmeter.reportgenerator.graph.responseTimePercentiles.exclude_controllers' not found, using default value 'false' instead.
2026-06-20 13:28:19,090 INFO o.a.j.r.c.ReportGeneratorConfiguration: Property 'jmeter.reportgenerator.graph.responseTimePercentilesOverTime.exclude_controllers' not found, using default value 'false' instead.
2026-06-20 13:28:19,090 INFO o.a.j.r.c.ReportGeneratorConfiguration: Property 'jmeter.reportgenerator.graph.responseTimesOverTime.exclude_controllers' not found, using default value 'false' instead.
2026-06-20 13:28:19,090 INFO o.a.j.r.c.ReportGeneratorConfiguration: Property 'jmeter.reportgenerator.graph.connectTimeOverTime.exclude_controllers' not found, using default value 'false' instead.
2026-06-20 13:28:19,090 INFO o.a.j.r.c.ReportGeneratorConfiguration: Property 'jmeter.reportgenerator.graph.latenciesOverTime.exclude_controllers' not found, using default value 'false' instead.
2026-06-20 13:28:19,091 INFO o.a.j.r.c.ReportGeneratorConfiguration: Property 'jmeter.reportgenerator.exporter.json.filters_only_sample_series' not found, using default value 'true' instead.
2026-06-20 13:28:19,091 INFO o.a.j.r.c.ReportGeneratorConfiguration: Property 'jmeter.reportgenerator.exporter.json.series_filter' not found, using default value '' instead.
2026-06-20 13:28:19,091 INFO o.a.j.r.c.ReportGeneratorConfiguration: Property 'jmeter.reportgenerator.exporter.json.show_controllers_only' not found, using default value 'false' instead.
2026-06-20 13:28:19,091 INFO o.a.j.r.c.ReportGeneratorConfiguration: Property 'jmeter.reportgenerator.exporter.html.filters_only_sample_series' not found, using default value 'true' instead.
2026-06-20 13:28:19,091 INFO o.a.j.r.c.ReportGeneratorConfiguration: Property 'jmeter.reportgenerator.exporter.html.series_filter' not found, using default value '' instead.
2026-06-20 13:28:19,091 INFO o.a.j.r.c.ReportGeneratorConfiguration: Property 'jmeter.reportgenerator.exporter.html.show_controllers_only' not found, using default value 'false' instead.
2026-06-20 13:28:19,102 INFO o.a.j.e.StandardJMeterEngine: Running the test!
2026-06-20 13:28:19,103 INFO o.a.j.s.SampleEvent: List of sample_variables: []
2026-06-20 13:28:19,103 INFO o.a.j.s.SampleEvent: List of sample_variables: []
2026-06-20 13:28:19,109 INFO o.a.j.e.u.CompoundVariable: Note: Function class names must contain the string: '.functions.'
2026-06-20 13:28:19,109 INFO o.a.j.e.u.CompoundVariable: Note: Function class names must not contain the string: '.gui.'
2026-06-20 13:28:19,170 INFO o.a.j.JMeter: Running test (1781951299170)
2026-06-20 13:28:19,193 INFO o.a.j.e.StandardJMeterEngine: Starting ThreadGroup: 1 : Thread Group - until HTTP 503 - 192 users
2026-06-20 13:28:19,194 INFO o.a.j.e.StandardJMeterEngine: Starting 192 threads for group Thread Group - until HTTP 503 - 192 users.
2026-06-20 13:28:19,194 INFO o.a.j.e.StandardJMeterEngine: Thread will continue on error
2026-06-20 13:28:19,194 INFO o.a.j.t.ThreadGroup: Starting thread group... number=1 threads=192 ramp-up=60 delayedStart=false
2026-06-20 13:28:19,200 INFO o.a.j.t.JMeterThread: Thread started: Thread Group - until HTTP 503 - 192 users 1-1
2026-06-20 13:28:19,245 INFO o.a.j.p.h.s.HTTPHCAbstractImpl: Local host = seventwocore
2026-06-20 13:28:19,250 INFO o.a.j.t.ThreadGroup: Started thread group number 1
2026-06-20 13:28:19,251 INFO o.a.j.e.StandardJMeterEngine: All thread groups have been started
2026-06-20 13:28:19,252 INFO o.a.j.p.h.s.HTTPHC4Impl: HTTP request retry count = 0
2026-06-20 13:28:19,253 INFO o.a.j.s.SampleResult: Note: Sample TimeStamps are START times
2026-06-20 13:28:19,253 INFO o.a.j.s.SampleResult: sampleresult.default.encoding is set to UTF-8
2026-06-20 13:28:19,253 INFO o.a.j.s.SampleResult: sampleresult.useNanoTime=true
2026-06-20 13:28:19,253 INFO o.a.j.s.SampleResult: sampleresult.nanoThreadSleep=5000
2026-06-20 13:28:19,509 INFO o.a.j.t.JMeterThread: Thread started: Thread Group - until HTTP 503 - 192 users 1-2
2026-06-20 13:28:19,822 INFO o.a.j.t.JMeterThread: Thread started: Thread Group - until HTTP 503 - 192 users 1-3
2026-06-20 13:28:20,134 INFO o.a.j.t.JMeterThread: Thread started: Thread Group - until HTTP 503 - 192 users 1-4
2026-06-20 13:28:20,447 INFO o.a.j.t.JMeterThread: Thread started: Thread Group - until HTTP 503 - 192 users 1-5
2026-06-20 13:28:20,760 INFO o.a.j.t.JMeterThread: Thread started: Thread Group - until HTTP 503 - 192 users 1-6
2026-06-20 13:28:21,073 INFO o.a.j.t.JMeterThread: Thread started: Thread Group - until HTTP 503 - 192 users 1-7
2026-06-20 13:28:21,386 INFO o.a.j.t.JMeterThread: Thread started: Thread Group - until HTTP 503 - 192 users 1-8
2026-06-20 13:28:21,698 INFO o.a.j.t.JMeterThread: Thread started: Thread Group - until HTTP 503 - 192 users 1-9
2026-06-20 13:28:22,012 INFO o.a.j.t.JMeterThread: Thread started: Thread Group - until HTTP 503 - 192 users 1-10
2026-06-20 13:28:22,325 INFO o.a.j.t.JMeterThread: Thread started: Thread Group - until HTTP 503 - 192 users 1-11
2026-06-20 13:28:22,638 INFO o.a.j.t.JMeterThread: Thread started: Thread Group - until HTTP 503 - 192 users 1-12
2026-06-20 13:28:22,951 INFO o.a.j.t.JMeterThread: Thread started: Thread Group - until HTTP 503 - 192 users 1-13
2026-06-20 13:28:23,263 INFO o.a.j.t.JMeterThread: Thread started: Thread Group - until HTTP 503 - 192 users 1-14
2026-06-20 13:28:23,577 INFO o.a.j.t.JMeterThread: Thread started: Thread Group - until HTTP 503 - 192 users 1-15
2026-06-20 13:28:23,890 INFO o.a.j.t.JMeterThread: Thread started: Thread Group - until HTTP 503 - 192 users 1-16
2026-06-20 13:28:24,203 INFO o.a.j.t.JMeterThread: Thread started: Thread Group - until HTTP 503 - 192 users 1-17
2026-06-20 13:28:24,515 INFO o.a.j.t.JMeterThread: Thread started: Thread Group - until HTTP 503 - 192 users 1-18
2026-06-20 13:28:24,829 INFO o.a.j.t.JMeterThread: Thread started: Thread Group - until HTTP 503 - 192 users 1-19
2026-06-20 13:28:25,141 INFO o.a.j.t.JMeterThread: Thread started: Thread Group - until HTTP 503 - 192 users 1-20
2026-06-20 13:28:25,455 INFO o.a.j.t.JMeterThread: Thread started: Thread Group - until HTTP 503 - 192 users 1-21
2026-06-20 13:28:25,768 INFO o.a.j.t.JMeterThread: Thread started: Thread Group - until HTTP 503 - 192 users 1-22
2026-06-20 13:28:26,081 INFO o.a.j.t.JMeterThread: Thread started: Thread Group - until HTTP 503 - 192 users 1-23
2026-06-20 13:28:26,394 INFO o.a.j.t.JMeterThread: Thread started: Thread Group - until HTTP 503 - 192 users 1-24
2026-06-20 13:28:26,706 INFO o.a.j.t.JMeterThread: Thread started: Thread Group - until HTTP 503 - 192 users 1-25
2026-06-20 13:28:27,019 INFO o.a.j.t.JMeterThread: Thread started: Thread Group - until HTTP 503 - 192 users 1-26
2026-06-20 13:28:27,333 INFO o.a.j.t.JMeterThread: Thread started: Thread Group - until HTTP 503 - 192 users 1-27
2026-06-20 13:28:27,646 INFO o.a.j.t.JMeterThread: Thread started: Thread Group - until HTTP 503 - 192 users 1-28
2026-06-20 13:28:27,958 INFO o.a.j.t.JMeterThread: Thread started: Thread Group - until HTTP 503 - 192 users 1-29
2026-06-20 13:28:28,272 INFO o.a.j.t.JMeterThread: Thread started: Thread Group - until HTTP 503 - 192 users 1-30
2026-06-20 13:28:28,586 INFO o.a.j.t.JMeterThread: Thread started: Thread Group - until HTTP 503 - 192 users 1-31
2026-06-20 13:28:28,897 INFO o.a.j.t.JMeterThread: Thread started: Thread Group - until HTTP 503 - 192 users 1-32
2026-06-20 13:28:29,210 INFO o.a.j.t.JMeterThread: Thread started: Thread Group - until HTTP 503 - 192 users 1-33
2026-06-20 13:28:29,524 INFO o.a.j.t.JMeterThread: Thread started: Thread Group - until HTTP 503 - 192 users 1-34
2026-06-20 13:28:29,836 INFO o.a.j.t.JMeterThread: Thread started: Thread Group - until HTTP 503 - 192 users 1-35
2026-06-20 13:28:30,084 INFO o.a.j.r.Summariser: summary +    313 in 00:00:11 =   28.7/s Avg:   559 Min:   321 Max:  1091 Err:   104 (33.23%) Active: 35 Started: 35 Finished: 0
2026-06-20 13:28:30,149 INFO o.a.j.t.JMeterThread: Thread started: Thread Group - until HTTP 503 - 192 users 1-36
2026-06-20 13:28:30,462 INFO o.a.j.t.JMeterThread: Thread started: Thread Group - until HTTP 503 - 192 users 1-37
2026-06-20 13:28:30,777 INFO o.a.j.t.JMeterThread: Thread started: Thread Group - until HTTP 503 - 192 users 1-38
2026-06-20 13:28:31,090 INFO o.a.j.t.JMeterThread: Thread started: Thread Group - until HTTP 503 - 192 users 1-39
2026-06-20 13:28:31,401 INFO o.a.j.t.JMeterThread: Thread started: Thread Group - until HTTP 503 - 192 users 1-40
2026-06-20 13:28:31,716 INFO o.a.j.t.JMeterThread: Thread started: Thread Group - until HTTP 503 - 192 users 1-41
2026-06-20 13:28:32,027 INFO o.a.j.t.JMeterThread: Thread started: Thread Group - until HTTP 503 - 192 users 1-42
2026-06-20 13:28:32,340 INFO o.a.j.t.JMeterThread: Thread started: Thread Group - until HTTP 503 - 192 users 1-43
2026-06-20 13:28:32,654 INFO o.a.j.t.JMeterThread: Thread started: Thread Group - until HTTP 503 - 192 users 1-44
2026-06-20 13:28:32,966 INFO o.a.j.t.JMeterThread: Thread started: Thread Group - until HTTP 503 - 192 users 1-45
2026-06-20 13:28:33,279 INFO o.a.j.t.JMeterThread: Thread started: Thread Group - until HTTP 503 - 192 users 1-46
2026-06-20 13:28:33,593 INFO o.a.j.t.JMeterThread: Thread started: Thread Group - until HTTP 503 - 192 users 1-47
2026-06-20 13:28:33,905 INFO o.a.j.t.JMeterThread: Thread started: Thread Group - until HTTP 503 - 192 users 1-48
2026-06-20 13:28:34,219 INFO o.a.j.t.JMeterThread: Thread started: Thread Group - until HTTP 503 - 192 users 1-49
2026-06-20 13:28:34,532 INFO o.a.j.t.JMeterThread: Thread started: Thread Group - until HTTP 503 - 192 users 1-50
2026-06-20 13:28:34,846 INFO o.a.j.t.JMeterThread: Thread started: Thread Group - until HTTP 503 - 192 users 1-51
2026-06-20 13:28:35,158 INFO o.a.j.t.JMeterThread: Thread started: Thread Group - until HTTP 503 - 192 users 1-52
2026-06-20 13:28:35,470 INFO o.a.j.t.JMeterThread: Thread started: Thread Group - until HTTP 503 - 192 users 1-53
2026-06-20 13:28:35,784 INFO o.a.j.t.JMeterThread: Thread started: Thread Group - until HTTP 503 - 192 users 1-54
2026-06-20 13:28:36,097 INFO o.a.j.t.JMeterThread: Thread started: Thread Group - until HTTP 503 - 192 users 1-55
2026-06-20 13:28:36,409 INFO o.a.j.t.JMeterThread: Thread started: Thread Group - until HTTP 503 - 192 users 1-56
2026-06-20 13:28:36,722 INFO o.a.j.t.JMeterThread: Thread started: Thread Group - until HTTP 503 - 192 users 1-57
2026-06-20 13:28:37,035 INFO o.a.j.t.JMeterThread: Thread started: Thread Group - until HTTP 503 - 192 users 1-58
2026-06-20 13:28:37,349 INFO o.a.j.t.JMeterThread: Thread started: Thread Group - until HTTP 503 - 192 users 1-59
2026-06-20 13:28:37,661 INFO o.a.j.t.JMeterThread: Thread started: Thread Group - until HTTP 503 - 192 users 1-60
2026-06-20 13:28:37,975 INFO o.a.j.t.JMeterThread: Thread started: Thread Group - until HTTP 503 - 192 users 1-61
2026-06-20 13:28:38,287 INFO o.a.j.t.JMeterThread: Thread started: Thread Group - until HTTP 503 - 192 users 1-62
2026-06-20 13:28:38,601 INFO o.a.j.t.JMeterThread: Thread started: Thread Group - until HTTP 503 - 192 users 1-63
2026-06-20 13:28:38,913 INFO o.a.j.t.JMeterThread: Thread started: Thread Group - until HTTP 503 - 192 users 1-64
2026-06-20 13:28:39,226 INFO o.a.j.t.JMeterThread: Thread started: Thread Group - until HTTP 503 - 192 users 1-65
2026-06-20 13:28:39,539 INFO o.a.j.t.JMeterThread: Thread started: Thread Group - until HTTP 503 - 192 users 1-66
2026-06-20 13:28:39,853 INFO o.a.j.t.JMeterThread: Thread started: Thread Group - until HTTP 503 - 192 users 1-67
2026-06-20 13:28:40,166 INFO o.a.j.t.JMeterThread: Thread started: Thread Group - until HTTP 503 - 192 users 1-68
2026-06-20 13:28:40,478 INFO o.a.j.t.JMeterThread: Thread started: Thread Group - until HTTP 503 - 192 users 1-69
2026-06-20 13:28:40,792 INFO o.a.j.t.JMeterThread: Thread started: Thread Group - until HTTP 503 - 192 users 1-70
2026-06-20 13:28:41,104 INFO o.a.j.t.JMeterThread: Thread started: Thread Group - until HTTP 503 - 192 users 1-71
2026-06-20 13:28:41,417 INFO o.a.j.t.JMeterThread: Thread started: Thread Group - until HTTP 503 - 192 users 1-72
2026-06-20 13:28:41,731 INFO o.a.j.t.JMeterThread: Thread started: Thread Group - until HTTP 503 - 192 users 1-73
2026-06-20 13:28:42,044 INFO o.a.j.t.JMeterThread: Thread started: Thread Group - until HTTP 503 - 192 users 1-74
2026-06-20 13:28:42,356 INFO o.a.j.t.JMeterThread: Thread started: Thread Group - until HTTP 503 - 192 users 1-75
2026-06-20 13:28:42,670 INFO o.a.j.t.JMeterThread: Thread started: Thread Group - until HTTP 503 - 192 users 1-76
2026-06-20 13:28:42,984 INFO o.a.j.t.JMeterThread: Thread started: Thread Group - until HTTP 503 - 192 users 1-77
2026-06-20 13:28:43,295 INFO o.a.j.t.JMeterThread: Thread started: Thread Group - until HTTP 503 - 192 users 1-78
2026-06-20 13:28:43,609 INFO o.a.j.t.JMeterThread: Thread started: Thread Group - until HTTP 503 - 192 users 1-79
2026-06-20 13:28:43,921 INFO o.a.j.t.JMeterThread: Thread started: Thread Group - until HTTP 503 - 192 users 1-80
2026-06-20 13:28:44,235 INFO o.a.j.t.JMeterThread: Thread started: Thread Group - until HTTP 503 - 192 users 1-81
2026-06-20 13:28:44,549 INFO o.a.j.t.JMeterThread: Thread started: Thread Group - until HTTP 503 - 192 users 1-82
2026-06-20 13:28:44,860 INFO o.a.j.t.JMeterThread: Thread started: Thread Group - until HTTP 503 - 192 users 1-83
2026-06-20 13:28:45,174 INFO o.a.j.t.JMeterThread: Thread started: Thread Group - until HTTP 503 - 192 users 1-84
2026-06-20 13:28:45,487 INFO o.a.j.t.JMeterThread: Thread started: Thread Group - until HTTP 503 - 192 users 1-85
2026-06-20 13:28:45,800 INFO o.a.j.t.JMeterThread: Thread started: Thread Group - until HTTP 503 - 192 users 1-86
2026-06-20 13:28:46,113 INFO o.a.j.t.JMeterThread: Thread started: Thread Group - until HTTP 503 - 192 users 1-87
2026-06-20 13:28:46,426 INFO o.a.j.t.JMeterThread: Thread started: Thread Group - until HTTP 503 - 192 users 1-88
2026-06-20 13:28:46,738 INFO o.a.j.t.JMeterThread: Thread started: Thread Group - until HTTP 503 - 192 users 1-89
2026-06-20 13:28:47,052 INFO o.a.j.t.JMeterThread: Thread started: Thread Group - until HTTP 503 - 192 users 1-90
2026-06-20 13:28:47,365 INFO o.a.j.t.JMeterThread: Thread started: Thread Group - until HTTP 503 - 192 users 1-91
2026-06-20 13:28:47,677 INFO o.a.j.t.JMeterThread: Thread started: Thread Group - until HTTP 503 - 192 users 1-92
2026-06-20 13:28:47,990 INFO o.a.j.t.JMeterThread: Thread started: Thread Group - until HTTP 503 - 192 users 1-93
2026-06-20 13:28:48,304 INFO o.a.j.t.JMeterThread: Thread started: Thread Group - until HTTP 503 - 192 users 1-94
2026-06-20 13:28:48,617 INFO o.a.j.t.JMeterThread: Thread started: Thread Group - until HTTP 503 - 192 users 1-95
2026-06-20 13:28:48,929 INFO o.a.j.t.JMeterThread: Thread started: Thread Group - until HTTP 503 - 192 users 1-96
2026-06-20 13:28:49,242 INFO o.a.j.t.JMeterThread: Thread started: Thread Group - until HTTP 503 - 192 users 1-97
2026-06-20 13:28:49,555 INFO o.a.j.t.JMeterThread: Thread started: Thread Group - until HTTP 503 - 192 users 1-98
2026-06-20 13:28:49,868 INFO o.a.j.t.JMeterThread: Thread started: Thread Group - until HTTP 503 - 192 users 1-99
2026-06-20 13:28:50,182 INFO o.a.j.t.JMeterThread: Thread started: Thread Group - until HTTP 503 - 192 users 1-100
2026-06-20 13:28:50,494 INFO o.a.j.t.JMeterThread: Thread started: Thread Group - until HTTP 503 - 192 users 1-101
2026-06-20 13:28:50,807 INFO o.a.j.t.JMeterThread: Thread started: Thread Group - until HTTP 503 - 192 users 1-102
2026-06-20 13:28:51,120 INFO o.a.j.t.JMeterThread: Thread started: Thread Group - until HTTP 503 - 192 users 1-103
2026-06-20 13:28:51,433 INFO o.a.j.t.JMeterThread: Thread started: Thread Group - until HTTP 503 - 192 users 1-104
2026-06-20 13:28:51,748 INFO o.a.j.t.JMeterThread: Thread started: Thread Group - until HTTP 503 - 192 users 1-105
2026-06-20 13:28:52,060 INFO o.a.j.t.JMeterThread: Thread started: Thread Group - until HTTP 503 - 192 users 1-106
2026-06-20 13:28:52,372 INFO o.a.j.t.JMeterThread: Thread started: Thread Group - until HTTP 503 - 192 users 1-107
2026-06-20 13:28:52,685 INFO o.a.j.t.JMeterThread: Thread started: Thread Group - until HTTP 503 - 192 users 1-108
2026-06-20 13:28:52,998 INFO o.a.j.t.JMeterThread: Thread started: Thread Group - until HTTP 503 - 192 users 1-109
2026-06-20 13:28:53,311 INFO o.a.j.t.JMeterThread: Thread started: Thread Group - until HTTP 503 - 192 users 1-110
2026-06-20 13:28:53,625 INFO o.a.j.t.JMeterThread: Thread started: Thread Group - until HTTP 503 - 192 users 1-111
2026-06-20 13:28:53,937 INFO o.a.j.t.JMeterThread: Thread started: Thread Group - until HTTP 503 - 192 users 1-112
2026-06-20 13:28:54,250 INFO o.a.j.t.JMeterThread: Thread started: Thread Group - until HTTP 503 - 192 users 1-113
2026-06-20 13:28:54,563 INFO o.a.j.t.JMeterThread: Thread started: Thread Group - until HTTP 503 - 192 users 1-114
2026-06-20 13:28:54,877 INFO o.a.j.t.JMeterThread: Thread started: Thread Group - until HTTP 503 - 192 users 1-115
2026-06-20 13:28:55,190 INFO o.a.j.t.JMeterThread: Thread started: Thread Group - until HTTP 503 - 192 users 1-116
2026-06-20 13:28:55,502 INFO o.a.j.t.JMeterThread: Thread started: Thread Group - until HTTP 503 - 192 users 1-117
2026-06-20 13:28:55,815 INFO o.a.j.t.JMeterThread: Thread started: Thread Group - until HTTP 503 - 192 users 1-118
2026-06-20 13:28:56,129 INFO o.a.j.t.JMeterThread: Thread started: Thread Group - until HTTP 503 - 192 users 1-119
2026-06-20 13:28:56,441 INFO o.a.j.t.JMeterThread: Thread started: Thread Group - until HTTP 503 - 192 users 1-120
2026-06-20 13:28:56,755 INFO o.a.j.t.JMeterThread: Thread started: Thread Group - until HTTP 503 - 192 users 1-121
2026-06-20 13:28:57,068 INFO o.a.j.t.JMeterThread: Thread started: Thread Group - until HTTP 503 - 192 users 1-122
2026-06-20 13:28:57,380 INFO o.a.j.t.JMeterThread: Thread started: Thread Group - until HTTP 503 - 192 users 1-123
2026-06-20 13:28:57,694 INFO o.a.j.t.JMeterThread: Thread started: Thread Group - until HTTP 503 - 192 users 1-124
2026-06-20 13:28:58,007 INFO o.a.j.t.JMeterThread: Thread started: Thread Group - until HTTP 503 - 192 users 1-125
2026-06-20 13:28:58,320 INFO o.a.j.t.JMeterThread: Thread started: Thread Group - until HTTP 503 - 192 users 1-126
2026-06-20 13:28:58,632 INFO o.a.j.t.JMeterThread: Thread started: Thread Group - until HTTP 503 - 192 users 1-127
2026-06-20 13:28:58,946 INFO o.a.j.t.JMeterThread: Thread started: Thread Group - until HTTP 503 - 192 users 1-128
2026-06-20 13:28:59,259 INFO o.a.j.t.JMeterThread: Thread started: Thread Group - until HTTP 503 - 192 users 1-129
2026-06-20 13:28:59,571 INFO o.a.j.t.JMeterThread: Thread started: Thread Group - until HTTP 503 - 192 users 1-130
2026-06-20 13:28:59,884 INFO o.a.j.t.JMeterThread: Thread started: Thread Group - until HTTP 503 - 192 users 1-131
2026-06-20 13:29:00,198 INFO o.a.j.t.JMeterThread: Thread started: Thread Group - until HTTP 503 - 192 users 1-132
2026-06-20 13:29:00,511 INFO o.a.j.t.JMeterThread: Thread started: Thread Group - until HTTP 503 - 192 users 1-133
2026-06-20 13:29:00,824 INFO o.a.j.t.JMeterThread: Thread started: Thread Group - until HTTP 503 - 192 users 1-134
2026-06-20 13:29:00,880 INFO o.a.j.r.Summariser: summary +    882 in 00:00:31 =   28.6/s Avg:  2564 Min:  1061 Max:  4520 Err:   882 (100.00%) Active: 134 Started: 134 Finished: 0
2026-06-20 13:29:00,880 INFO o.a.j.r.Summariser: summary =   1195 in 00:00:42 =   28.7/s Avg:  2039 Min:   321 Max:  4520 Err:   986 (82.51%)
2026-06-20 13:29:01,136 INFO o.a.j.t.JMeterThread: Thread started: Thread Group - until HTTP 503 - 192 users 1-135
2026-06-20 13:29:01,449 INFO o.a.j.t.JMeterThread: Thread started: Thread Group - until HTTP 503 - 192 users 1-136
2026-06-20 13:29:01,762 INFO o.a.j.t.JMeterThread: Thread started: Thread Group - until HTTP 503 - 192 users 1-137
2026-06-20 13:29:02,076 INFO o.a.j.t.JMeterThread: Thread started: Thread Group - until HTTP 503 - 192 users 1-138
2026-06-20 13:29:02,388 INFO o.a.j.t.JMeterThread: Thread started: Thread Group - until HTTP 503 - 192 users 1-139
2026-06-20 13:29:02,701 INFO o.a.j.t.JMeterThread: Thread started: Thread Group - until HTTP 503 - 192 users 1-140
2026-06-20 13:29:03,014 INFO o.a.j.t.JMeterThread: Thread started: Thread Group - until HTTP 503 - 192 users 1-141
2026-06-20 13:29:03,327 INFO o.a.j.t.JMeterThread: Thread started: Thread Group - until HTTP 503 - 192 users 1-142
2026-06-20 13:29:03,641 INFO o.a.j.t.JMeterThread: Thread started: Thread Group - until HTTP 503 - 192 users 1-143
2026-06-20 13:29:03,954 INFO o.a.j.t.JMeterThread: Thread started: Thread Group - until HTTP 503 - 192 users 1-144
2026-06-20 13:29:04,266 INFO o.a.j.t.JMeterThread: Thread started: Thread Group - until HTTP 503 - 192 users 1-145
2026-06-20 13:29:04,580 INFO o.a.j.t.JMeterThread: Thread started: Thread Group - until HTTP 503 - 192 users 1-146
2026-06-20 13:29:04,893 INFO o.a.j.t.JMeterThread: Thread started: Thread Group - until HTTP 503 - 192 users 1-147
2026-06-20 13:29:05,205 INFO o.a.j.t.JMeterThread: Thread started: Thread Group - until HTTP 503 - 192 users 1-148
2026-06-20 13:29:05,519 INFO o.a.j.t.JMeterThread: Thread started: Thread Group - until HTTP 503 - 192 users 1-149
2026-06-20 13:29:05,832 INFO o.a.j.t.JMeterThread: Thread started: Thread Group - until HTTP 503 - 192 users 1-150
2026-06-20 13:29:06,144 INFO o.a.j.t.JMeterThread: Thread started: Thread Group - until HTTP 503 - 192 users 1-151
2026-06-20 13:29:06,458 INFO o.a.j.t.JMeterThread: Thread started: Thread Group - until HTTP 503 - 192 users 1-152
2026-06-20 13:29:06,771 INFO o.a.j.t.JMeterThread: Thread started: Thread Group - until HTTP 503 - 192 users 1-153
2026-06-20 13:29:07,083 INFO o.a.j.t.JMeterThread: Thread started: Thread Group - until HTTP 503 - 192 users 1-154
2026-06-20 13:29:07,397 INFO o.a.j.t.JMeterThread: Thread started: Thread Group - until HTTP 503 - 192 users 1-155
2026-06-20 13:29:07,710 INFO o.a.j.t.JMeterThread: Thread started: Thread Group - until HTTP 503 - 192 users 1-156
2026-06-20 13:29:08,022 INFO o.a.j.t.JMeterThread: Thread started: Thread Group - until HTTP 503 - 192 users 1-157
2026-06-20 13:29:08,336 INFO o.a.j.t.JMeterThread: Thread started: Thread Group - until HTTP 503 - 192 users 1-158
2026-06-20 13:29:08,649 INFO o.a.j.t.JMeterThread: Thread started: Thread Group - until HTTP 503 - 192 users 1-159
2026-06-20 13:29:08,962 INFO o.a.j.t.JMeterThread: Thread started: Thread Group - until HTTP 503 - 192 users 1-160
2026-06-20 13:29:09,274 INFO o.a.j.t.JMeterThread: Thread started: Thread Group - until HTTP 503 - 192 users 1-161
2026-06-20 13:29:09,587 INFO o.a.j.t.JMeterThread: Thread started: Thread Group - until HTTP 503 - 192 users 1-162
2026-06-20 13:29:09,900 INFO o.a.j.t.JMeterThread: Thread started: Thread Group - until HTTP 503 - 192 users 1-163
2026-06-20 13:29:10,214 INFO o.a.j.t.JMeterThread: Thread started: Thread Group - until HTTP 503 - 192 users 1-164
2026-06-20 13:29:10,527 INFO o.a.j.t.JMeterThread: Thread started: Thread Group - until HTTP 503 - 192 users 1-165
2026-06-20 13:29:10,839 INFO o.a.j.t.JMeterThread: Thread started: Thread Group - until HTTP 503 - 192 users 1-166
2026-06-20 13:29:11,152 INFO o.a.j.t.JMeterThread: Thread started: Thread Group - until HTTP 503 - 192 users 1-167
2026-06-20 13:29:11,465 INFO o.a.j.t.JMeterThread: Thread started: Thread Group - until HTTP 503 - 192 users 1-168
2026-06-20 13:29:11,779 INFO o.a.j.t.JMeterThread: Thread started: Thread Group - until HTTP 503 - 192 users 1-169
2026-06-20 13:29:12,092 INFO o.a.j.t.JMeterThread: Thread started: Thread Group - until HTTP 503 - 192 users 1-170
2026-06-20 13:29:12,404 INFO o.a.j.t.JMeterThread: Thread started: Thread Group - until HTTP 503 - 192 users 1-171
2026-06-20 13:29:12,717 INFO o.a.j.t.JMeterThread: Thread started: Thread Group - until HTTP 503 - 192 users 1-172
2026-06-20 13:29:13,030 INFO o.a.j.t.JMeterThread: Thread started: Thread Group - until HTTP 503 - 192 users 1-173
2026-06-20 13:29:13,343 INFO o.a.j.t.JMeterThread: Thread started: Thread Group - until HTTP 503 - 192 users 1-174
2026-06-20 13:29:13,657 INFO o.a.j.t.JMeterThread: Thread started: Thread Group - until HTTP 503 - 192 users 1-175
2026-06-20 13:29:13,969 INFO o.a.j.t.JMeterThread: Thread started: Thread Group - until HTTP 503 - 192 users 1-176
2026-06-20 13:29:14,282 INFO o.a.j.t.JMeterThread: Thread started: Thread Group - until HTTP 503 - 192 users 1-177
2026-06-20 13:29:14,595 INFO o.a.j.t.JMeterThread: Thread started: Thread Group - until HTTP 503 - 192 users 1-178
2026-06-20 13:29:14,908 INFO o.a.j.t.JMeterThread: Thread started: Thread Group - until HTTP 503 - 192 users 1-179
2026-06-20 13:29:15,221 INFO o.a.j.t.JMeterThread: Thread started: Thread Group - until HTTP 503 - 192 users 1-180
2026-06-20 13:29:15,535 INFO o.a.j.t.JMeterThread: Thread started: Thread Group - until HTTP 503 - 192 users 1-181
2026-06-20 13:29:15,847 INFO o.a.j.t.JMeterThread: Thread started: Thread Group - until HTTP 503 - 192 users 1-182
2026-06-20 13:29:16,160 INFO o.a.j.t.JMeterThread: Thread started: Thread Group - until HTTP 503 - 192 users 1-183
2026-06-20 13:29:16,474 INFO o.a.j.t.JMeterThread: Thread started: Thread Group - until HTTP 503 - 192 users 1-184
2026-06-20 13:29:16,786 INFO o.a.j.t.JMeterThread: Thread started: Thread Group - until HTTP 503 - 192 users 1-185
2026-06-20 13:29:17,099 INFO o.a.j.t.JMeterThread: Thread started: Thread Group - until HTTP 503 - 192 users 1-186
2026-06-20 13:29:17,413 INFO o.a.j.t.JMeterThread: Thread started: Thread Group - until HTTP 503 - 192 users 1-187
2026-06-20 13:29:17,725 INFO o.a.j.t.JMeterThread: Thread started: Thread Group - until HTTP 503 - 192 users 1-188
2026-06-20 13:29:18,039 INFO o.a.j.t.JMeterThread: Thread started: Thread Group - until HTTP 503 - 192 users 1-189
2026-06-20 13:29:18,351 INFO o.a.j.t.JMeterThread: Thread started: Thread Group - until HTTP 503 - 192 users 1-190
2026-06-20 13:29:18,664 INFO o.a.j.t.JMeterThread: Thread started: Thread Group - until HTTP 503 - 192 users 1-191
2026-06-20 13:29:18,978 INFO o.a.j.t.JMeterThread: Thread started: Thread Group - until HTTP 503 - 192 users 1-192
2026-06-20 13:29:30,920 INFO o.a.j.r.Summariser: summary +    872 in 00:00:30 =   29.0/s Avg:  5526 Min:  3409 Max:  8995 Err:   872 (100.00%) Active: 192 Started: 192 Finished: 0
2026-06-20 13:29:30,921 INFO o.a.j.r.Summariser: summary =   2067 in 00:01:12 =   28.8/s Avg:  3510 Min:   321 Max:  8995 Err:  1858 (89.89%)
2026-06-20 13:29:51,707 INFO o.a.j.t.JMeterThread: Stopping because end time detected by thread: Thread Group - until HTTP 503 - 192 users 1-58
2026-06-20 13:29:51,707 INFO o.a.j.t.JMeterThread: Stopping because end time detected by thread: Thread Group - until HTTP 503 - 192 users 1-34
2026-06-20 13:29:51,707 INFO o.a.j.t.JMeterThread: Stopping because end time detected by thread: Thread Group - until HTTP 503 - 192 users 1-19
2026-06-20 13:29:51,707 INFO o.a.j.t.JMeterThread: Stopping because end time detected by thread: Thread Group - until HTTP 503 - 192 users 1-56
2026-06-20 13:29:51,707 INFO o.a.j.t.JMeterThread: Stopping because end time detected by thread: Thread Group - until HTTP 503 - 192 users 1-52
2026-06-20 13:29:51,707 INFO o.a.j.t.JMeterThread: Stopping because end time detected by thread: Thread Group - until HTTP 503 - 192 users 1-75
2026-06-20 13:29:51,707 INFO o.a.j.t.JMeterThread: Stopping because end time detected by thread: Thread Group - until HTTP 503 - 192 users 1-54
2026-06-20 13:29:51,707 INFO o.a.j.t.JMeterThread: Stopping because end time detected by thread: Thread Group - until HTTP 503 - 192 users 1-46
2026-06-20 13:29:51,707 INFO o.a.j.t.JMeterThread: Stopping because end time detected by thread: Thread Group - until HTTP 503 - 192 users 1-30
2026-06-20 13:29:51,709 INFO o.a.j.t.JMeterThread: Thread finished: Thread Group - until HTTP 503 - 192 users 1-54
2026-06-20 13:29:51,707 INFO o.a.j.t.JMeterThread: Stopping because end time detected by thread: Thread Group - until HTTP 503 - 192 users 1-190
2026-06-20 13:29:51,707 INFO o.a.j.t.JMeterThread: Stopping because end time detected by thread: Thread Group - until HTTP 503 - 192 users 1-72
2026-06-20 13:29:51,707 INFO o.a.j.t.JMeterThread: Stopping because end time detected by thread: Thread Group - until HTTP 503 - 192 users 1-48
2026-06-20 13:29:51,709 INFO o.a.j.t.JMeterThread: Thread finished: Thread Group - until HTTP 503 - 192 users 1-190
2026-06-20 13:29:51,707 INFO o.a.j.t.JMeterThread: Stopping because end time detected by thread: Thread Group - until HTTP 503 - 192 users 1-60
2026-06-20 13:29:51,709 INFO o.a.j.t.JMeterThread: Thread finished: Thread Group - until HTTP 503 - 192 users 1-48
2026-06-20 13:29:51,707 INFO o.a.j.t.JMeterThread: Stopping because end time detected by thread: Thread Group - until HTTP 503 - 192 users 1-55
2026-06-20 13:29:51,707 INFO o.a.j.t.JMeterThread: Stopping because end time detected by thread: Thread Group - until HTTP 503 - 192 users 1-116
2026-06-20 13:29:51,709 INFO o.a.j.t.JMeterThread: Thread finished: Thread Group - until HTTP 503 - 192 users 1-60
2026-06-20 13:29:51,707 INFO o.a.j.t.JMeterThread: Stopping because end time detected by thread: Thread Group - until HTTP 503 - 192 users 1-41
2026-06-20 13:29:51,707 INFO o.a.j.t.JMeterThread: Stopping because end time detected by thread: Thread Group - until HTTP 503 - 192 users 1-107
2026-06-20 13:29:51,707 INFO o.a.j.t.JMeterThread: Stopping because end time detected by thread: Thread Group - until HTTP 503 - 192 users 1-112
2026-06-20 13:29:51,707 INFO o.a.j.t.JMeterThread: Stopping because end time detected by thread: Thread Group - until HTTP 503 - 192 users 1-36
2026-06-20 13:29:51,707 INFO o.a.j.t.JMeterThread: Stopping because end time detected by thread: Thread Group - until HTTP 503 - 192 users 1-27
2026-06-20 13:29:51,707 INFO o.a.j.t.JMeterThread: Stopping because end time detected by thread: Thread Group - until HTTP 503 - 192 users 1-39
2026-06-20 13:29:51,707 INFO o.a.j.t.JMeterThread: Stopping because end time detected by thread: Thread Group - until HTTP 503 - 192 users 1-15
2026-06-20 13:29:51,707 INFO o.a.j.t.JMeterThread: Stopping because end time detected by thread: Thread Group - until HTTP 503 - 192 users 1-104
2026-06-20 13:29:51,707 INFO o.a.j.t.JMeterThread: Stopping because end time detected by thread: Thread Group - until HTTP 503 - 192 users 1-67
2026-06-20 13:29:51,709 INFO o.a.j.t.JMeterThread: Thread finished: Thread Group - until HTTP 503 - 192 users 1-15
2026-06-20 13:29:51,709 INFO o.a.j.t.JMeterThread: Thread finished: Thread Group - until HTTP 503 - 192 users 1-104
2026-06-20 13:29:51,709 INFO o.a.j.t.JMeterThread: Thread finished: Thread Group - until HTTP 503 - 192 users 1-67
2026-06-20 13:29:51,707 INFO o.a.j.t.JMeterThread: Stopping because end time detected by thread: Thread Group - until HTTP 503 - 192 users 1-76
2026-06-20 13:29:51,707 INFO o.a.j.t.JMeterThread: Stopping because end time detected by thread: Thread Group - until HTTP 503 - 192 users 1-115
2026-06-20 13:29:51,707 INFO o.a.j.t.JMeterThread: Stopping because end time detected by thread: Thread Group - until HTTP 503 - 192 users 1-70
2026-06-20 13:29:51,707 INFO o.a.j.t.JMeterThread: Stopping because end time detected by thread: Thread Group - until HTTP 503 - 192 users 1-105
2026-06-20 13:29:51,709 INFO o.a.j.t.JMeterThread: Thread finished: Thread Group - until HTTP 503 - 192 users 1-70
2026-06-20 13:29:51,707 INFO o.a.j.t.JMeterThread: Stopping because end time detected by thread: Thread Group - until HTTP 503 - 192 users 1-49
2026-06-20 13:29:51,707 INFO o.a.j.t.JMeterThread: Stopping because end time detected by thread: Thread Group - until HTTP 503 - 192 users 1-73
2026-06-20 13:29:51,707 INFO o.a.j.t.JMeterThread: Stopping because end time detected by thread: Thread Group - until HTTP 503 - 192 users 1-59
2026-06-20 13:29:51,709 INFO o.a.j.t.JMeterThread: Thread finished: Thread Group - until HTTP 503 - 192 users 1-49
2026-06-20 13:29:51,707 INFO o.a.j.t.JMeterThread: Stopping because end time detected by thread: Thread Group - until HTTP 503 - 192 users 1-78
2026-06-20 13:29:51,708 INFO o.a.j.t.JMeterThread: Stopping because end time detected by thread: Thread Group - until HTTP 503 - 192 users 1-103
2026-06-20 13:29:51,709 INFO o.a.j.t.JMeterThread: Thread finished: Thread Group - until HTTP 503 - 192 users 1-73
2026-06-20 13:29:51,708 INFO o.a.j.t.JMeterThread: Stopping because end time detected by thread: Thread Group - until HTTP 503 - 192 users 1-128
2026-06-20 13:29:51,709 INFO o.a.j.t.JMeterThread: Thread finished: Thread Group - until HTTP 503 - 192 users 1-78
2026-06-20 13:29:51,708 INFO o.a.j.t.JMeterThread: Stopping because end time detected by thread: Thread Group - until HTTP 503 - 192 users 1-114
2026-06-20 13:29:51,708 INFO o.a.j.t.JMeterThread: Stopping because end time detected by thread: Thread Group - until HTTP 503 - 192 users 1-61
2026-06-20 13:29:51,708 INFO o.a.j.t.JMeterThread: Stopping because end time detected by thread: Thread Group - until HTTP 503 - 192 users 1-143
2026-06-20 13:29:51,708 INFO o.a.j.t.JMeterThread: Stopping because end time detected by thread: Thread Group - until HTTP 503 - 192 users 1-154
2026-06-20 13:29:51,709 INFO o.a.j.t.JMeterThread: Thread finished: Thread Group - until HTTP 503 - 192 users 1-114
2026-06-20 13:29:51,709 INFO o.a.j.t.JMeterThread: Thread finished: Thread Group - until HTTP 503 - 192 users 1-143
2026-06-20 13:29:51,709 INFO o.a.j.t.JMeterThread: Thread finished: Thread Group - until HTTP 503 - 192 users 1-154
2026-06-20 13:29:51,709 INFO o.a.j.t.JMeterThread: Stopping because end time detected by thread: Thread Group - until HTTP 503 - 192 users 1-7
2026-06-20 13:29:51,709 INFO o.a.j.t.JMeterThread: Stopping because end time detected by thread: Thread Group - until HTTP 503 - 192 users 1-6
2026-06-20 13:29:51,708 INFO o.a.j.t.JMeterThread: Stopping because end time detected by thread: Thread Group - until HTTP 503 - 192 users 1-160
2026-06-20 13:29:51,710 INFO o.a.j.t.JMeterThread: Thread finished: Thread Group - until HTTP 503 - 192 users 1-6
2026-06-20 13:29:51,708 INFO o.a.j.t.JMeterThread: Stopping because end time detected by thread: Thread Group - until HTTP 503 - 192 users 1-192
2026-06-20 13:29:51,710 INFO o.a.j.t.JMeterThread: Thread finished: Thread Group - until HTTP 503 - 192 users 1-160
2026-06-20 13:29:51,708 INFO o.a.j.t.JMeterThread: Stopping because end time detected by thread: Thread Group - until HTTP 503 - 192 users 1-20
2026-06-20 13:29:51,710 INFO o.a.j.t.JMeterThread: Stopping because end time detected by thread: Thread Group - until HTTP 503 - 192 users 1-91
2026-06-20 13:29:51,710 INFO o.a.j.t.JMeterThread: Thread finished: Thread Group - until HTTP 503 - 192 users 1-20
2026-06-20 13:29:51,710 INFO o.a.j.t.JMeterThread: Thread finished: Thread Group - until HTTP 503 - 192 users 1-91
2026-06-20 13:29:51,710 INFO o.a.j.t.JMeterThread: Stopping because end time detected by thread: Thread Group - until HTTP 503 - 192 users 1-124
2026-06-20 13:29:51,710 INFO o.a.j.t.JMeterThread: Stopping because end time detected by thread: Thread Group - until HTTP 503 - 192 users 1-123
2026-06-20 13:29:51,710 INFO o.a.j.t.JMeterThread: Stopping because end time detected by thread: Thread Group - until HTTP 503 - 192 users 1-146
2026-06-20 13:29:51,710 INFO o.a.j.t.JMeterThread: Thread finished: Thread Group - until HTTP 503 - 192 users 1-192
2026-06-20 13:29:51,710 INFO o.a.j.t.JMeterThread: Thread finished: Thread Group - until HTTP 503 - 192 users 1-146
2026-06-20 13:29:51,710 INFO o.a.j.t.JMeterThread: Stopping because end time detected by thread: Thread Group - until HTTP 503 - 192 users 1-165
2026-06-20 13:29:51,708 INFO o.a.j.t.JMeterThread: Stopping because end time detected by thread: Thread Group - until HTTP 503 - 192 users 1-155
2026-06-20 13:29:51,710 INFO o.a.j.t.JMeterThread: Stopping because end time detected by thread: Thread Group - until HTTP 503 - 192 users 1-189
2026-06-20 13:29:51,710 INFO o.a.j.t.JMeterThread: Thread finished: Thread Group - until HTTP 503 - 192 users 1-165
2026-06-20 13:29:51,708 INFO o.a.j.t.JMeterThread: Stopping because end time detected by thread: Thread Group - until HTTP 503 - 192 users 1-65
2026-06-20 13:29:51,708 INFO o.a.j.t.JMeterThread: Stopping because end time detected by thread: Thread Group - until HTTP 503 - 192 users 1-172
2026-06-20 13:29:51,708 INFO o.a.j.t.JMeterThread: Stopping because end time detected by thread: Thread Group - until HTTP 503 - 192 users 1-38
2026-06-20 13:29:51,708 INFO o.a.j.t.JMeterThread: Stopping because end time detected by thread: Thread Group - until HTTP 503 - 192 users 1-69
2026-06-20 13:29:51,708 INFO o.a.j.t.JMeterThread: Stopping because end time detected by thread: Thread Group - until HTTP 503 - 192 users 1-64
2026-06-20 13:29:51,708 INFO o.a.j.t.JMeterThread: Stopping because end time detected by thread: Thread Group - until HTTP 503 - 192 users 1-186
2026-06-20 13:29:51,710 INFO o.a.j.t.JMeterThread: Thread finished: Thread Group - until HTTP 503 - 192 users 1-69
2026-06-20 13:29:51,710 INFO o.a.j.t.JMeterThread: Thread finished: Thread Group - until HTTP 503 - 192 users 1-64
2026-06-20 13:29:51,708 INFO o.a.j.t.JMeterThread: Stopping because end time detected by thread: Thread Group - until HTTP 503 - 192 users 1-62
2026-06-20 13:29:51,709 INFO o.a.j.t.JMeterThread: Thread finished: Thread Group - until HTTP 503 - 192 users 1-34
2026-06-20 13:29:51,710 INFO o.a.j.t.JMeterThread: Stopping because end time detected by thread: Thread Group - until HTTP 503 - 192 users 1-102
2026-06-20 13:29:51,709 INFO o.a.j.t.JMeterThread: Thread finished: Thread Group - until HTTP 503 - 192 users 1-56
2026-06-20 13:29:51,709 INFO o.a.j.t.JMeterThread: Thread finished: Thread Group - until HTTP 503 - 192 users 1-19
2026-06-20 13:29:51,710 INFO o.a.j.t.JMeterThread: Thread finished: Thread Group - until HTTP 503 - 192 users 1-102
2026-06-20 13:29:51,709 INFO o.a.j.t.JMeterThread: Thread finished: Thread Group - until HTTP 503 - 192 users 1-52
2026-06-20 13:29:51,709 INFO o.a.j.t.JMeterThread: Thread finished: Thread Group - until HTTP 503 - 192 users 1-58
2026-06-20 13:29:51,709 INFO o.a.j.t.JMeterThread: Thread finished: Thread Group - until HTTP 503 - 192 users 1-75
2026-06-20 13:29:51,709 INFO o.a.j.t.JMeterThread: Thread finished: Thread Group - until HTTP 503 - 192 users 1-46
2026-06-20 13:29:51,709 INFO o.a.j.t.JMeterThread: Thread finished: Thread Group - until HTTP 503 - 192 users 1-30
2026-06-20 13:29:51,711 INFO o.a.j.t.JMeterThread: Stopping because end time detected by thread: Thread Group - until HTTP 503 - 192 users 1-28
2026-06-20 13:29:51,709 INFO o.a.j.t.JMeterThread: Thread finished: Thread Group - until HTTP 503 - 192 users 1-72
2026-06-20 13:29:51,711 INFO o.a.j.t.JMeterThread: Thread finished: Thread Group - until HTTP 503 - 192 users 1-28
2026-06-20 13:29:51,709 INFO o.a.j.t.JMeterThread: Thread finished: Thread Group - until HTTP 503 - 192 users 1-55
2026-06-20 13:29:51,709 INFO o.a.j.t.JMeterThread: Thread finished: Thread Group - until HTTP 503 - 192 users 1-116
2026-06-20 13:29:51,709 INFO o.a.j.t.JMeterThread: Thread finished: Thread Group - until HTTP 503 - 192 users 1-41
2026-06-20 13:29:51,709 INFO o.a.j.t.JMeterThread: Thread finished: Thread Group - until HTTP 503 - 192 users 1-107
2026-06-20 13:29:51,709 INFO o.a.j.t.JMeterThread: Thread finished: Thread Group - until HTTP 503 - 192 users 1-112
2026-06-20 13:29:51,709 INFO o.a.j.t.JMeterThread: Thread finished: Thread Group - until HTTP 503 - 192 users 1-36
2026-06-20 13:29:51,709 INFO o.a.j.t.JMeterThread: Thread finished: Thread Group - until HTTP 503 - 192 users 1-27
2026-06-20 13:29:51,709 INFO o.a.j.t.JMeterThread: Thread finished: Thread Group - until HTTP 503 - 192 users 1-39
2026-06-20 13:29:51,709 INFO o.a.j.t.JMeterThread: Thread finished: Thread Group - until HTTP 503 - 192 users 1-76
2026-06-20 13:29:51,711 INFO o.a.j.t.JMeterThread: Stopping because end time detected by thread: Thread Group - until HTTP 503 - 192 users 1-40
2026-06-20 13:29:51,709 INFO o.a.j.t.JMeterThread: Thread finished: Thread Group - until HTTP 503 - 192 users 1-115
2026-06-20 13:29:51,709 INFO o.a.j.t.JMeterThread: Thread finished: Thread Group - until HTTP 503 - 192 users 1-105
2026-06-20 13:29:51,709 INFO o.a.j.t.JMeterThread: Thread finished: Thread Group - until HTTP 503 - 192 users 1-103
2026-06-20 13:29:51,709 INFO o.a.j.t.JMeterThread: Thread finished: Thread Group - until HTTP 503 - 192 users 1-128
2026-06-20 13:29:51,711 INFO o.a.j.t.JMeterThread: Stopping because end time detected by thread: Thread Group - until HTTP 503 - 192 users 1-47
2026-06-20 13:29:51,711 INFO o.a.j.t.JMeterThread: Thread finished: Thread Group - until HTTP 503 - 192 users 1-47
2026-06-20 13:29:51,709 INFO o.a.j.t.JMeterThread: Thread finished: Thread Group - until HTTP 503 - 192 users 1-61
2026-06-20 13:29:51,709 INFO o.a.j.t.JMeterThread: Stopping because end time detected by thread: Thread Group - until HTTP 503 - 192 users 1-9
2026-06-20 13:29:51,709 INFO o.a.j.t.JMeterThread: Stopping because end time detected by thread: Thread Group - until HTTP 503 - 192 users 1-33
2026-06-20 13:29:51,711 INFO o.a.j.t.JMeterThread: Thread finished: Thread Group - until HTTP 503 - 192 users 1-9
2026-06-20 13:29:51,709 INFO o.a.j.t.JMeterThread: Stopping because end time detected by thread: Thread Group - until HTTP 503 - 192 users 1-12
2026-06-20 13:29:51,710 INFO o.a.j.t.JMeterThread: Stopping because end time detected by thread: Thread Group - until HTTP 503 - 192 users 1-17
2026-06-20 13:29:51,711 INFO o.a.j.t.JMeterThread: Stopping because end time detected by thread: Thread Group - until HTTP 503 - 192 users 1-57
2026-06-20 13:29:51,712 INFO o.a.j.t.JMeterThread: Thread finished: Thread Group - until HTTP 503 - 192 users 1-17
2026-06-20 13:29:51,712 INFO o.a.j.t.JMeterThread: Stopping because end time detected by thread: Thread Group - until HTTP 503 - 192 users 1-152
2026-06-20 13:29:51,712 INFO o.a.j.t.JMeterThread: Stopping because end time detected by thread: Thread Group - until HTTP 503 - 192 users 1-161
2026-06-20 13:29:51,710 INFO o.a.j.t.JMeterThread: Stopping because end time detected by thread: Thread Group - until HTTP 503 - 192 users 1-122
2026-06-20 13:29:51,712 INFO o.a.j.t.JMeterThread: Thread finished: Thread Group - until HTTP 503 - 192 users 1-161
2026-06-20 13:29:51,710 INFO o.a.j.t.JMeterThread: Stopping because end time detected by thread: Thread Group - until HTTP 503 - 192 users 1-92
2026-06-20 13:29:51,710 INFO o.a.j.t.JMeterThread: Stopping because end time detected by thread: Thread Group - until HTTP 503 - 192 users 1-3
2026-06-20 13:29:51,712 INFO o.a.j.t.JMeterThread: Stopping because end time detected by thread: Thread Group - until HTTP 503 - 192 users 1-163
2026-06-20 13:29:51,712 INFO o.a.j.t.JMeterThread: Stopping because end time detected by thread: Thread Group - until HTTP 503 - 192 users 1-109
2026-06-20 13:29:51,710 INFO o.a.j.t.JMeterThread: Stopping because end time detected by thread: Thread Group - until HTTP 503 - 192 users 1-183
2026-06-20 13:29:51,712 INFO o.a.j.t.JMeterThread: Stopping because end time detected by thread: Thread Group - until HTTP 503 - 192 users 1-136
2026-06-20 13:29:51,710 INFO o.a.j.t.JMeterThread: Stopping because end time detected by thread: Thread Group - until HTTP 503 - 192 users 1-53
2026-06-20 13:29:51,712 INFO o.a.j.t.JMeterThread: Thread finished: Thread Group - until HTTP 503 - 192 users 1-183
2026-06-20 13:29:51,710 INFO o.a.j.t.JMeterThread: Stopping because end time detected by thread: Thread Group - until HTTP 503 - 192 users 1-131
2026-06-20 13:29:51,712 INFO o.a.j.t.JMeterThread: Thread finished: Thread Group - until HTTP 503 - 192 users 1-53
2026-06-20 13:29:51,710 INFO o.a.j.t.JMeterThread: Stopping because end time detected by thread: Thread Group - until HTTP 503 - 192 users 1-96
2026-06-20 13:29:51,710 INFO o.a.j.t.JMeterThread: Stopping because end time detected by thread: Thread Group - until HTTP 503 - 192 users 1-99
2026-06-20 13:29:51,712 INFO o.a.j.t.JMeterThread: Stopping because end time detected by thread: Thread Group - until HTTP 503 - 192 users 1-140
2026-06-20 13:29:51,710 INFO o.a.j.t.JMeterThread: Stopping because end time detected by thread: Thread Group - until HTTP 503 - 192 users 1-148
2026-06-20 13:29:51,712 INFO o.a.j.t.JMeterThread: Stopping because end time detected by thread: Thread Group - until HTTP 503 - 192 users 1-4
2026-06-20 13:29:51,710 INFO o.a.j.t.JMeterThread: Stopping because end time detected by thread: Thread Group - until HTTP 503 - 192 users 1-93
2026-06-20 13:29:51,712 INFO o.a.j.t.JMeterThread: Thread finished: Thread Group - until HTTP 503 - 192 users 1-148
2026-06-20 13:29:51,710 INFO o.a.j.t.JMeterThread: Stopping because end time detected by thread: Thread Group - until HTTP 503 - 192 users 1-150
2026-06-20 13:29:51,712 INFO o.a.j.t.JMeterThread: Stopping because end time detected by thread: Thread Group - until HTTP 503 - 192 users 1-157
2026-06-20 13:29:51,710 INFO o.a.j.t.JMeterThread: Thread finished: Thread Group - until HTTP 503 - 192 users 1-123
2026-06-20 13:29:51,710 INFO o.a.j.t.JMeterThread: Stopping because end time detected by thread: Thread Group - until HTTP 503 - 192 users 1-178
2026-06-20 13:29:51,712 INFO o.a.j.t.JMeterThread: Thread finished: Thread Group - until HTTP 503 - 192 users 1-157
2026-06-20 13:29:51,710 INFO o.a.j.t.JMeterThread: Stopping because end time detected by thread: Thread Group - until HTTP 503 - 192 users 1-170
2026-06-20 13:29:51,712 INFO o.a.j.t.JMeterThread: Stopping because end time detected by thread: Thread Group - until HTTP 503 - 192 users 1-117
2026-06-20 13:29:51,710 INFO o.a.j.t.JMeterThread: Stopping because end time detected by thread: Thread Group - until HTTP 503 - 192 users 1-188
2026-06-20 13:29:51,710 INFO o.a.j.t.JMeterThread: Stopping because end time detected by thread: Thread Group - until HTTP 503 - 192 users 1-175
2026-06-20 13:29:51,710 INFO o.a.j.t.JMeterThread: Stopping because end time detected by thread: Thread Group - until HTTP 503 - 192 users 1-179
2026-06-20 13:29:51,712 INFO o.a.j.t.JMeterThread: Thread finished: Thread Group - until HTTP 503 - 192 users 1-170
2026-06-20 13:29:51,712 INFO o.a.j.t.JMeterThread: Thread finished: Thread Group - until HTTP 503 - 192 users 1-175
2026-06-20 13:29:51,712 INFO o.a.j.t.JMeterThread: Thread finished: Thread Group - until HTTP 503 - 192 users 1-179
2026-06-20 13:29:51,712 INFO o.a.j.t.JMeterThread: Thread finished: Thread Group - until HTTP 503 - 192 users 1-155
2026-06-20 13:29:51,712 INFO o.a.j.t.JMeterThread: Stopping because end time detected by thread: Thread Group - until HTTP 503 - 192 users 1-142
2026-06-20 13:29:51,710 INFO o.a.j.t.JMeterThread: Stopping because end time detected by thread: Thread Group - until HTTP 503 - 192 users 1-13
2026-06-20 13:29:51,710 INFO o.a.j.t.JMeterThread: Stopping because end time detected by thread: Thread Group - until HTTP 503 - 192 users 1-191
2026-06-20 13:29:51,712 INFO o.a.j.t.JMeterThread: Thread finished: Thread Group - until HTTP 503 - 192 users 1-142
2026-06-20 13:29:51,710 INFO o.a.j.t.JMeterThread: Thread finished: Thread Group - until HTTP 503 - 192 users 1-189
2026-06-20 13:29:51,710 INFO o.a.j.t.JMeterThread: Thread finished: Thread Group - until HTTP 503 - 192 users 1-65
2026-06-20 13:29:51,710 INFO o.a.j.t.JMeterThread: Thread finished: Thread Group - until HTTP 503 - 192 users 1-172
2026-06-20 13:29:51,710 INFO o.a.j.t.JMeterThread: Thread finished: Thread Group - until HTTP 503 - 192 users 1-38
2026-06-20 13:29:51,710 INFO o.a.j.t.JMeterThread: Thread finished: Thread Group - until HTTP 503 - 192 users 1-124
2026-06-20 13:29:51,710 INFO o.a.j.t.JMeterThread: Stopping because end time detected by thread: Thread Group - until HTTP 503 - 192 users 1-182
2026-06-20 13:29:51,710 INFO o.a.j.t.JMeterThread: Stopping because end time detected by thread: Thread Group - until HTTP 503 - 192 users 1-42
2026-06-20 13:29:51,710 INFO o.a.j.t.JMeterThread: Thread finished: Thread Group - until HTTP 503 - 192 users 1-186
2026-06-20 13:29:51,710 INFO o.a.j.t.JMeterThread: Stopping because end time detected by thread: Thread Group - until HTTP 503 - 192 users 1-98
2026-06-20 13:29:51,710 INFO o.a.j.t.JMeterThread: Thread finished: Thread Group - until HTTP 503 - 192 users 1-62
2026-06-20 13:29:51,713 INFO o.a.j.t.JMeterThread: Stopping because end time detected by thread: Thread Group - until HTTP 503 - 192 users 1-166
2026-06-20 13:29:51,710 INFO o.a.j.t.JMeterThread: Stopping because end time detected by thread: Thread Group - until HTTP 503 - 192 users 1-50
2026-06-20 13:29:51,710 INFO o.a.j.t.JMeterThread: Stopping because end time detected by thread: Thread Group - until HTTP 503 - 192 users 1-120
2026-06-20 13:29:51,710 INFO o.a.j.t.JMeterThread: Stopping because end time detected by thread: Thread Group - until HTTP 503 - 192 users 1-118
2026-06-20 13:29:51,710 INFO o.a.j.t.JMeterThread: Stopping because end time detected by thread: Thread Group - until HTTP 503 - 192 users 1-100
2026-06-20 13:29:51,713 INFO o.a.j.t.JMeterThread: Thread finished: Thread Group - until HTTP 503 - 192 users 1-118
2026-06-20 13:29:51,711 INFO o.a.j.t.JMeterThread: Thread finished: Thread Group - until HTTP 503 - 192 users 1-40
2026-06-20 13:29:51,711 INFO o.a.j.t.JMeterThread: Thread finished: Thread Group - until HTTP 503 - 192 users 1-59
2026-06-20 13:29:51,711 INFO o.a.j.t.JMeterThread: Thread finished: Thread Group - until HTTP 503 - 192 users 1-7
2026-06-20 13:29:51,711 INFO o.a.j.t.JMeterThread: Thread finished: Thread Group - until HTTP 503 - 192 users 1-33
2026-06-20 13:29:51,711 INFO o.a.j.t.JMeterThread: Thread finished: Thread Group - until HTTP 503 - 192 users 1-12
2026-06-20 13:29:51,711 INFO o.a.j.t.JMeterThread: Stopping because end time detected by thread: Thread Group - until HTTP 503 - 192 users 1-133
2026-06-20 13:29:51,712 INFO o.a.j.t.JMeterThread: Stopping because end time detected by thread: Thread Group - until HTTP 503 - 192 users 1-138
2026-06-20 13:29:51,712 INFO o.a.j.t.JMeterThread: Thread finished: Thread Group - until HTTP 503 - 192 users 1-57
2026-06-20 13:29:51,713 INFO o.a.j.t.JMeterThread: Thread finished: Thread Group - until HTTP 503 - 192 users 1-138
2026-06-20 13:29:51,712 INFO o.a.j.t.JMeterThread: Thread finished: Thread Group - until HTTP 503 - 192 users 1-152
2026-06-20 13:29:51,712 INFO o.a.j.t.JMeterThread: Stopping because end time detected by thread: Thread Group - until HTTP 503 - 192 users 1-164
2026-06-20 13:29:51,712 INFO o.a.j.t.JMeterThread: Stopping because end time detected by thread: Thread Group - until HTTP 503 - 192 users 1-2
2026-06-20 13:29:51,712 INFO o.a.j.t.JMeterThread: Thread finished: Thread Group - until HTTP 503 - 192 users 1-122
2026-06-20 13:29:51,712 INFO o.a.j.t.JMeterThread: Stopping because end time detected by thread: Thread Group - until HTTP 503 - 192 users 1-68
2026-06-20 13:29:51,712 INFO o.a.j.t.JMeterThread: Thread finished: Thread Group - until HTTP 503 - 192 users 1-92
2026-06-20 13:29:51,712 INFO o.a.j.t.JMeterThread: Thread finished: Thread Group - until HTTP 503 - 192 users 1-3
2026-06-20 13:29:51,712 INFO o.a.j.t.JMeterThread: Stopping because end time detected by thread: Thread Group - until HTTP 503 - 192 users 1-171
2026-06-20 13:29:51,712 INFO o.a.j.t.JMeterThread: Thread finished: Thread Group - until HTTP 503 - 192 users 1-163
2026-06-20 13:29:51,713 INFO o.a.j.t.JMeterThread: Thread finished: Thread Group - until HTTP 503 - 192 users 1-171
2026-06-20 13:29:51,713 INFO o.a.j.t.JMeterThread: Thread finished: Thread Group - until HTTP 503 - 192 users 1-136
2026-06-20 13:29:51,713 INFO o.a.j.t.JMeterThread: Stopping because end time detected by thread: Thread Group - until HTTP 503 - 192 users 1-77
2026-06-20 13:29:51,714 INFO o.a.j.t.JMeterThread: Stopping because end time detected by thread: Thread Group - until HTTP 503 - 192 users 1-81
2026-06-20 13:29:51,712 INFO o.a.j.t.JMeterThread: Thread finished: Thread Group - until HTTP 503 - 192 users 1-109
2026-06-20 13:29:51,714 INFO o.a.j.t.JMeterThread: Thread finished: Thread Group - until HTTP 503 - 192 users 1-77
2026-06-20 13:29:51,712 INFO o.a.j.t.JMeterThread: Thread finished: Thread Group - until HTTP 503 - 192 users 1-131
2026-06-20 13:29:51,712 INFO o.a.j.t.JMeterThread: Stopping because end time detected by thread: Thread Group - until HTTP 503 - 192 users 1-134
2026-06-20 13:29:51,712 INFO o.a.j.t.JMeterThread: Thread finished: Thread Group - until HTTP 503 - 192 users 1-96
2026-06-20 13:29:51,712 INFO o.a.j.t.JMeterThread: Thread finished: Thread Group - until HTTP 503 - 192 users 1-140
2026-06-20 13:29:51,711 INFO o.a.j.t.JMeterThread: Stopping because end time detected by thread: Thread Group - until HTTP 503 - 192 users 1-129
2026-06-20 13:29:51,712 INFO o.a.j.t.JMeterThread: Stopping because end time detected by thread: Thread Group - until HTTP 503 - 192 users 1-94
2026-06-20 13:29:51,712 INFO o.a.j.t.JMeterThread: Thread finished: Thread Group - until HTTP 503 - 192 users 1-4
2026-06-20 13:29:51,712 INFO o.a.j.t.JMeterThread: Thread finished: Thread Group - until HTTP 503 - 192 users 1-93
2026-06-20 13:29:51,714 INFO o.a.j.t.JMeterThread: Thread finished: Thread Group - until HTTP 503 - 192 users 1-150
2026-06-20 13:29:51,714 INFO o.a.j.t.JMeterThread: Thread finished: Thread Group - until HTTP 503 - 192 users 1-178
2026-06-20 13:29:51,714 INFO o.a.j.t.JMeterThread: Thread finished: Thread Group - until HTTP 503 - 192 users 1-94
2026-06-20 13:29:51,712 INFO o.a.j.t.JMeterThread: Thread finished: Thread Group - until HTTP 503 - 192 users 1-188
2026-06-20 13:29:51,712 INFO o.a.j.t.JMeterThread: Thread finished: Thread Group - until HTTP 503 - 192 users 1-13
2026-06-20 13:29:51,713 INFO o.a.j.t.JMeterThread: Stopping because end time detected by thread: Thread Group - until HTTP 503 - 192 users 1-158
2026-06-20 13:29:51,713 INFO o.a.j.t.JMeterThread: Thread finished: Thread Group - until HTTP 503 - 192 users 1-182
2026-06-20 13:29:51,713 INFO o.a.j.t.JMeterThread: Thread finished: Thread Group - until HTTP 503 - 192 users 1-42
2026-06-20 13:29:51,714 INFO o.a.j.t.JMeterThread: Thread finished: Thread Group - until HTTP 503 - 192 users 1-158
2026-06-20 13:29:51,714 INFO o.a.j.t.JMeterThread: Stopping because end time detected by thread: Thread Group - until HTTP 503 - 192 users 1-187
2026-06-20 13:29:51,714 INFO o.a.j.t.JMeterThread: Thread finished: Thread Group - until HTTP 503 - 192 users 1-117
2026-06-20 13:29:51,714 INFO o.a.j.t.JMeterThread: Stopping because end time detected by thread: Thread Group - until HTTP 503 - 192 users 1-16
2026-06-20 13:29:51,713 INFO o.a.j.t.JMeterThread: Thread finished: Thread Group - until HTTP 503 - 192 users 1-98
2026-06-20 13:29:51,714 INFO o.a.j.t.JMeterThread: Thread finished: Thread Group - until HTTP 503 - 192 users 1-16
2026-06-20 13:29:51,713 INFO o.a.j.t.JMeterThread: Thread finished: Thread Group - until HTTP 503 - 192 users 1-166
2026-06-20 13:29:51,713 INFO o.a.j.t.JMeterThread: Thread finished: Thread Group - until HTTP 503 - 192 users 1-50
2026-06-20 13:29:51,713 INFO o.a.j.t.JMeterThread: Thread finished: Thread Group - until HTTP 503 - 192 users 1-120
2026-06-20 13:29:51,713 INFO o.a.j.t.JMeterThread: Thread finished: Thread Group - until HTTP 503 - 192 users 1-100
2026-06-20 13:29:51,713 INFO o.a.j.t.JMeterThread: Stopping because end time detected by thread: Thread Group - until HTTP 503 - 192 users 1-177
2026-06-20 13:29:51,713 INFO o.a.j.t.JMeterThread: Thread finished: Thread Group - until HTTP 503 - 192 users 1-133
2026-06-20 13:29:51,713 INFO o.a.j.t.JMeterThread: Thread finished: Thread Group - until HTTP 503 - 192 users 1-164
2026-06-20 13:29:51,713 INFO o.a.j.t.JMeterThread: Thread finished: Thread Group - until HTTP 503 - 192 users 1-2
2026-06-20 13:29:51,713 INFO o.a.j.t.JMeterThread: Thread finished: Thread Group - until HTTP 503 - 192 users 1-68
2026-06-20 13:29:51,714 INFO o.a.j.t.JMeterThread: Stopping because end time detected by thread: Thread Group - until HTTP 503 - 192 users 1-88
2026-06-20 13:29:51,714 INFO o.a.j.t.JMeterThread: Stopping because end time detected by thread: Thread Group - until HTTP 503 - 192 users 1-90
2026-06-20 13:29:51,714 INFO o.a.j.t.JMeterThread: Stopping because end time detected by thread: Thread Group - until HTTP 503 - 192 users 1-86
2026-06-20 13:29:51,714 INFO o.a.j.t.JMeterThread: Stopping because end time detected by thread: Thread Group - until HTTP 503 - 192 users 1-18
2026-06-20 13:29:51,715 INFO o.a.j.t.JMeterThread: Thread finished: Thread Group - until HTTP 503 - 192 users 1-88
2026-06-20 13:29:51,714 INFO o.a.j.t.JMeterThread: Thread finished: Thread Group - until HTTP 503 - 192 users 1-81
2026-06-20 13:29:51,714 INFO o.a.j.t.JMeterThread: Stopping because end time detected by thread: Thread Group - until HTTP 503 - 192 users 1-174
2026-06-20 13:29:51,714 INFO o.a.j.t.JMeterThread: Thread finished: Thread Group - until HTTP 503 - 192 users 1-134
2026-06-20 13:29:51,714 INFO o.a.j.t.JMeterThread: Thread finished: Thread Group - until HTTP 503 - 192 users 1-99
2026-06-20 13:29:51,715 INFO o.a.j.t.JMeterThread: Thread finished: Thread Group - until HTTP 503 - 192 users 1-174
2026-06-20 13:29:51,714 INFO o.a.j.t.JMeterThread: Thread finished: Thread Group - until HTTP 503 - 192 users 1-129
2026-06-20 13:29:51,714 INFO o.a.j.t.JMeterThread: Stopping because end time detected by thread: Thread Group - until HTTP 503 - 192 users 1-185
2026-06-20 13:29:51,715 INFO o.a.j.t.JMeterThread: Thread finished: Thread Group - until HTTP 503 - 192 users 1-185
2026-06-20 13:29:51,714 INFO o.a.j.t.JMeterThread: Stopping because end time detected by thread: Thread Group - until HTTP 503 - 192 users 1-5
2026-06-20 13:29:51,714 INFO o.a.j.t.JMeterThread: Stopping because end time detected by thread: Thread Group - until HTTP 503 - 192 users 1-25
2026-06-20 13:29:51,714 INFO o.a.j.t.JMeterThread: Thread finished: Thread Group - until HTTP 503 - 192 users 1-191
2026-06-20 13:29:51,715 INFO o.a.j.t.JMeterThread: Thread finished: Thread Group - until HTTP 503 - 192 users 1-5
2026-06-20 13:29:51,714 INFO o.a.j.t.JMeterThread: Stopping because end time detected by thread: Thread Group - until HTTP 503 - 192 users 1-108
2026-06-20 13:29:51,715 INFO o.a.j.t.JMeterThread: Thread finished: Thread Group - until HTTP 503 - 192 users 1-25
2026-06-20 13:29:51,714 INFO o.a.j.t.JMeterThread: Stopping because end time detected by thread: Thread Group - until HTTP 503 - 192 users 1-151
2026-06-20 13:29:51,715 INFO o.a.j.t.JMeterThread: Stopping because end time detected by thread: Thread Group - until HTTP 503 - 192 users 1-127
2026-06-20 13:29:51,714 INFO o.a.j.t.JMeterThread: Thread finished: Thread Group - until HTTP 503 - 192 users 1-187
2026-06-20 13:29:51,715 INFO o.a.j.t.JMeterThread: Thread finished: Thread Group - until HTTP 503 - 192 users 1-151
2026-06-20 13:29:51,715 INFO o.a.j.t.JMeterThread: Stopping because end time detected by thread: Thread Group - until HTTP 503 - 192 users 1-119
2026-06-20 13:29:51,715 INFO o.a.j.t.JMeterThread: Thread finished: Thread Group - until HTTP 503 - 192 users 1-177
2026-06-20 13:29:51,715 INFO o.a.j.t.JMeterThread: Stopping because end time detected by thread: Thread Group - until HTTP 503 - 192 users 1-162
2026-06-20 13:29:51,715 INFO o.a.j.t.JMeterThread: Thread finished: Thread Group - until HTTP 503 - 192 users 1-90
2026-06-20 13:29:51,715 INFO o.a.j.t.JMeterThread: Thread finished: Thread Group - until HTTP 503 - 192 users 1-162
2026-06-20 13:29:51,715 INFO o.a.j.t.JMeterThread: Thread finished: Thread Group - until HTTP 503 - 192 users 1-86
2026-06-20 13:29:51,715 INFO o.a.j.t.JMeterThread: Stopping because end time detected by thread: Thread Group - until HTTP 503 - 192 users 1-132
2026-06-20 13:29:51,715 INFO o.a.j.t.JMeterThread: Thread finished: Thread Group - until HTTP 503 - 192 users 1-119
2026-06-20 13:29:51,715 INFO o.a.j.t.JMeterThread: Thread finished: Thread Group - until HTTP 503 - 192 users 1-18
2026-06-20 13:29:51,716 INFO o.a.j.t.JMeterThread: Thread finished: Thread Group - until HTTP 503 - 192 users 1-127
2026-06-20 13:29:51,716 INFO o.a.j.t.JMeterThread: Thread finished: Thread Group - until HTTP 503 - 192 users 1-108
2026-06-20 13:29:51,716 INFO o.a.j.t.JMeterThread: Thread finished: Thread Group - until HTTP 503 - 192 users 1-132
2026-06-20 13:29:51,716 INFO o.a.j.t.JMeterThread: Stopping because end time detected by thread: Thread Group - until HTTP 503 - 192 users 1-149
2026-06-20 13:29:51,716 INFO o.a.j.t.JMeterThread: Thread finished: Thread Group - until HTTP 503 - 192 users 1-149
2026-06-20 13:29:51,717 INFO o.a.j.t.JMeterThread: Stopping because end time detected by thread: Thread Group - until HTTP 503 - 192 users 1-80
2026-06-20 13:29:51,717 INFO o.a.j.t.JMeterThread: Thread finished: Thread Group - until HTTP 503 - 192 users 1-80
2026-06-20 13:29:53,007 INFO o.a.j.t.JMeterThread: Stopping because end time detected by thread: Thread Group - until HTTP 503 - 192 users 1-23
2026-06-20 13:29:53,007 INFO o.a.j.t.JMeterThread: Stopping because end time detected by thread: Thread Group - until HTTP 503 - 192 users 1-184
2026-06-20 13:29:53,007 INFO o.a.j.t.JMeterThread: Stopping because end time detected by thread: Thread Group - until HTTP 503 - 192 users 1-26
2026-06-20 13:29:53,008 INFO o.a.j.t.JMeterThread: Thread finished: Thread Group - until HTTP 503 - 192 users 1-184
2026-06-20 13:29:53,008 INFO o.a.j.t.JMeterThread: Thread finished: Thread Group - until HTTP 503 - 192 users 1-23
2026-06-20 13:29:53,008 INFO o.a.j.t.JMeterThread: Thread finished: Thread Group - until HTTP 503 - 192 users 1-26
2026-06-20 13:29:53,008 INFO o.a.j.t.JMeterThread: Stopping because end time detected by thread: Thread Group - until HTTP 503 - 192 users 1-35
2026-06-20 13:29:53,008 INFO o.a.j.t.JMeterThread: Stopping because end time detected by thread: Thread Group - until HTTP 503 - 192 users 1-66
2026-06-20 13:29:53,008 INFO o.a.j.t.JMeterThread: Thread finished: Thread Group - until HTTP 503 - 192 users 1-35
2026-06-20 13:29:53,008 INFO o.a.j.t.JMeterThread: Stopping because end time detected by thread: Thread Group - until HTTP 503 - 192 users 1-137
2026-06-20 13:29:53,008 INFO o.a.j.t.JMeterThread: Stopping because end time detected by thread: Thread Group - until HTTP 503 - 192 users 1-176
2026-06-20 13:29:53,008 INFO o.a.j.t.JMeterThread: Stopping because end time detected by thread: Thread Group - until HTTP 503 - 192 users 1-101
2026-06-20 13:29:53,008 INFO o.a.j.t.JMeterThread: Thread finished: Thread Group - until HTTP 503 - 192 users 1-66
2026-06-20 13:29:53,008 INFO o.a.j.t.JMeterThread: Thread finished: Thread Group - until HTTP 503 - 192 users 1-101
2026-06-20 13:29:53,008 INFO o.a.j.t.JMeterThread: Stopping because end time detected by thread: Thread Group - until HTTP 503 - 192 users 1-89
2026-06-20 13:29:53,008 INFO o.a.j.t.JMeterThread: Thread finished: Thread Group - until HTTP 503 - 192 users 1-137
2026-06-20 13:29:53,008 INFO o.a.j.t.JMeterThread: Thread finished: Thread Group - until HTTP 503 - 192 users 1-89
2026-06-20 13:29:53,008 INFO o.a.j.t.JMeterThread: Stopping because end time detected by thread: Thread Group - until HTTP 503 - 192 users 1-63
2026-06-20 13:29:53,008 INFO o.a.j.t.JMeterThread: Thread finished: Thread Group - until HTTP 503 - 192 users 1-176
2026-06-20 13:29:53,008 INFO o.a.j.t.JMeterThread: Stopping because end time detected by thread: Thread Group - until HTTP 503 - 192 users 1-31
2026-06-20 13:29:53,008 INFO o.a.j.t.JMeterThread: Stopping because end time detected by thread: Thread Group - until HTTP 503 - 192 users 1-71
2026-06-20 13:29:53,008 INFO o.a.j.t.JMeterThread: Thread finished: Thread Group - until HTTP 503 - 192 users 1-31
2026-06-20 13:29:53,008 INFO o.a.j.t.JMeterThread: Stopping because end time detected by thread: Thread Group - until HTTP 503 - 192 users 1-173
2026-06-20 13:29:53,008 INFO o.a.j.t.JMeterThread: Thread finished: Thread Group - until HTTP 503 - 192 users 1-71
2026-06-20 13:29:53,008 INFO o.a.j.t.JMeterThread: Thread finished: Thread Group - until HTTP 503 - 192 users 1-63
2026-06-20 13:29:53,008 INFO o.a.j.t.JMeterThread: Thread finished: Thread Group - until HTTP 503 - 192 users 1-173
2026-06-20 13:29:53,009 INFO o.a.j.t.JMeterThread: Stopping because end time detected by thread: Thread Group - until HTTP 503 - 192 users 1-79
2026-06-20 13:29:53,009 INFO o.a.j.t.JMeterThread: Stopping because end time detected by thread: Thread Group - until HTTP 503 - 192 users 1-44
2026-06-20 13:29:53,009 INFO o.a.j.t.JMeterThread: Stopping because end time detected by thread: Thread Group - until HTTP 503 - 192 users 1-37
2026-06-20 13:29:53,009 INFO o.a.j.t.JMeterThread: Stopping because end time detected by thread: Thread Group - until HTTP 503 - 192 users 1-51
2026-06-20 13:29:53,009 INFO o.a.j.t.JMeterThread: Stopping because end time detected by thread: Thread Group - until HTTP 503 - 192 users 1-156
2026-06-20 13:29:53,009 INFO o.a.j.t.JMeterThread: Stopping because end time detected by thread: Thread Group - until HTTP 503 - 192 users 1-24
2026-06-20 13:29:53,009 INFO o.a.j.t.JMeterThread: Stopping because end time detected by thread: Thread Group - until HTTP 503 - 192 users 1-106
2026-06-20 13:29:53,009 INFO o.a.j.t.JMeterThread: Thread finished: Thread Group - until HTTP 503 - 192 users 1-24
2026-06-20 13:29:53,009 INFO o.a.j.t.JMeterThread: Thread finished: Thread Group - until HTTP 503 - 192 users 1-106
2026-06-20 13:29:53,009 INFO o.a.j.t.JMeterThread: Stopping because end time detected by thread: Thread Group - until HTTP 503 - 192 users 1-74
2026-06-20 13:29:53,009 INFO o.a.j.t.JMeterThread: Stopping because end time detected by thread: Thread Group - until HTTP 503 - 192 users 1-111
2026-06-20 13:29:53,009 INFO o.a.j.t.JMeterThread: Stopping because end time detected by thread: Thread Group - until HTTP 503 - 192 users 1-125
2026-06-20 13:29:53,009 INFO o.a.j.t.JMeterThread: Stopping because end time detected by thread: Thread Group - until HTTP 503 - 192 users 1-130
2026-06-20 13:29:53,009 INFO o.a.j.t.JMeterThread: Thread finished: Thread Group - until HTTP 503 - 192 users 1-79
2026-06-20 13:29:53,009 INFO o.a.j.t.JMeterThread: Thread finished: Thread Group - until HTTP 503 - 192 users 1-130
2026-06-20 13:29:53,009 INFO o.a.j.t.JMeterThread: Stopping because end time detected by thread: Thread Group - until HTTP 503 - 192 users 1-153
2026-06-20 13:29:53,009 INFO o.a.j.t.JMeterThread: Stopping because end time detected by thread: Thread Group - until HTTP 503 - 192 users 1-169
2026-06-20 13:29:53,009 INFO o.a.j.t.JMeterThread: Thread finished: Thread Group - until HTTP 503 - 192 users 1-37
2026-06-20 13:29:53,009 INFO o.a.j.t.JMeterThread: Thread finished: Thread Group - until HTTP 503 - 192 users 1-153
2026-06-20 13:29:53,009 INFO o.a.j.t.JMeterThread: Thread finished: Thread Group - until HTTP 503 - 192 users 1-44
2026-06-20 13:29:53,009 INFO o.a.j.t.JMeterThread: Thread finished: Thread Group - until HTTP 503 - 192 users 1-51
2026-06-20 13:29:53,009 INFO o.a.j.t.JMeterThread: Stopping because end time detected by thread: Thread Group - until HTTP 503 - 192 users 1-8
2026-06-20 13:29:53,009 INFO o.a.j.t.JMeterThread: Stopping because end time detected by thread: Thread Group - until HTTP 503 - 192 users 1-144
2026-06-20 13:29:53,009 INFO o.a.j.t.JMeterThread: Stopping because end time detected by thread: Thread Group - until HTTP 503 - 192 users 1-135
2026-06-20 13:29:53,009 INFO o.a.j.t.JMeterThread: Thread finished: Thread Group - until HTTP 503 - 192 users 1-8
2026-06-20 13:29:53,009 INFO o.a.j.t.JMeterThread: Thread finished: Thread Group - until HTTP 503 - 192 users 1-74
2026-06-20 13:29:53,009 INFO o.a.j.t.JMeterThread: Stopping because end time detected by thread: Thread Group - until HTTP 503 - 192 users 1-147
2026-06-20 13:29:53,009 INFO o.a.j.t.JMeterThread: Thread finished: Thread Group - until HTTP 503 - 192 users 1-111
2026-06-20 13:29:53,009 INFO o.a.j.t.JMeterThread: Thread finished: Thread Group - until HTTP 503 - 192 users 1-125
2026-06-20 13:29:53,009 INFO o.a.j.t.JMeterThread: Thread finished: Thread Group - until HTTP 503 - 192 users 1-156
2026-06-20 13:29:53,009 INFO o.a.j.t.JMeterThread: Thread finished: Thread Group - until HTTP 503 - 192 users 1-169
2026-06-20 13:29:53,009 INFO o.a.j.t.JMeterThread: Thread finished: Thread Group - until HTTP 503 - 192 users 1-144
2026-06-20 13:29:53,009 INFO o.a.j.t.JMeterThread: Thread finished: Thread Group - until HTTP 503 - 192 users 1-135
2026-06-20 13:29:53,009 INFO o.a.j.t.JMeterThread: Thread finished: Thread Group - until HTTP 503 - 192 users 1-147
2026-06-20 13:29:53,011 INFO o.a.j.t.JMeterThread: Stopping because end time detected by thread: Thread Group - until HTTP 503 - 192 users 1-159
2026-06-20 13:29:53,011 INFO o.a.j.t.JMeterThread: Thread finished: Thread Group - until HTTP 503 - 192 users 1-159
2026-06-20 13:29:53,081 INFO o.a.j.t.JMeterThread: Stopping because end time detected by thread: Thread Group - until HTTP 503 - 192 users 1-181
2026-06-20 13:29:53,081 INFO o.a.j.t.JMeterThread: Thread finished: Thread Group - until HTTP 503 - 192 users 1-181
2026-06-20 13:29:53,166 INFO o.a.j.t.JMeterThread: Stopping because end time detected by thread: Thread Group - until HTTP 503 - 192 users 1-167
2026-06-20 13:29:53,166 INFO o.a.j.t.JMeterThread: Thread finished: Thread Group - until HTTP 503 - 192 users 1-167
2026-06-20 13:29:53,315 INFO o.a.j.t.JMeterThread: Stopping because end time detected by thread: Thread Group - until HTTP 503 - 192 users 1-121
2026-06-20 13:29:53,315 INFO o.a.j.t.JMeterThread: Thread finished: Thread Group - until HTTP 503 - 192 users 1-121
2026-06-20 13:29:53,413 INFO o.a.j.t.JMeterThread: Stopping because end time detected by thread: Thread Group - until HTTP 503 - 192 users 1-168
2026-06-20 13:29:53,413 INFO o.a.j.t.JMeterThread: Thread finished: Thread Group - until HTTP 503 - 192 users 1-168
2026-06-20 13:29:53,486 INFO o.a.j.t.JMeterThread: Stopping because end time detected by thread: Thread Group - until HTTP 503 - 192 users 1-97
2026-06-20 13:29:53,487 INFO o.a.j.t.JMeterThread: Thread finished: Thread Group - until HTTP 503 - 192 users 1-97
2026-06-20 13:29:53,589 INFO o.a.j.t.JMeterThread: Stopping because end time detected by thread: Thread Group - until HTTP 503 - 192 users 1-110
2026-06-20 13:29:53,589 INFO o.a.j.t.JMeterThread: Thread finished: Thread Group - until HTTP 503 - 192 users 1-110
2026-06-20 13:29:53,677 INFO o.a.j.t.JMeterThread: Stopping because end time detected by thread: Thread Group - until HTTP 503 - 192 users 1-139
2026-06-20 13:29:53,677 INFO o.a.j.t.JMeterThread: Thread finished: Thread Group - until HTTP 503 - 192 users 1-139
2026-06-20 13:29:53,748 INFO o.a.j.t.JMeterThread: Stopping because end time detected by thread: Thread Group - until HTTP 503 - 192 users 1-141
2026-06-20 13:29:53,748 INFO o.a.j.t.JMeterThread: Thread finished: Thread Group - until HTTP 503 - 192 users 1-141
2026-06-20 13:29:53,794 INFO o.a.j.t.JMeterThread: Stopping because end time detected by thread: Thread Group - until HTTP 503 - 192 users 1-29
2026-06-20 13:29:53,794 INFO o.a.j.t.JMeterThread: Thread finished: Thread Group - until HTTP 503 - 192 users 1-29
2026-06-20 13:29:53,830 INFO o.a.j.t.JMeterThread: Stopping because end time detected by thread: Thread Group - until HTTP 503 - 192 users 1-10
2026-06-20 13:29:53,830 INFO o.a.j.t.JMeterThread: Thread finished: Thread Group - until HTTP 503 - 192 users 1-10
2026-06-20 13:29:53,859 INFO o.a.j.t.JMeterThread: Stopping because end time detected by thread: Thread Group - until HTTP 503 - 192 users 1-1
2026-06-20 13:29:53,859 INFO o.a.j.t.JMeterThread: Thread finished: Thread Group - until HTTP 503 - 192 users 1-1
2026-06-20 13:29:53,901 INFO o.a.j.t.JMeterThread: Stopping because end time detected by thread: Thread Group - until HTTP 503 - 192 users 1-43
2026-06-20 13:29:53,901 INFO o.a.j.t.JMeterThread: Thread finished: Thread Group - until HTTP 503 - 192 users 1-43
2026-06-20 13:29:53,936 INFO o.a.j.t.JMeterThread: Stopping because end time detected by thread: Thread Group - until HTTP 503 - 192 users 1-180
2026-06-20 13:29:53,936 INFO o.a.j.t.JMeterThread: Thread finished: Thread Group - until HTTP 503 - 192 users 1-180
2026-06-20 13:29:53,979 INFO o.a.j.t.JMeterThread: Stopping because end time detected by thread: Thread Group - until HTTP 503 - 192 users 1-22
2026-06-20 13:29:53,979 INFO o.a.j.t.JMeterThread: Thread finished: Thread Group - until HTTP 503 - 192 users 1-22
2026-06-20 13:29:53,986 INFO o.a.j.t.JMeterThread: Stopping because end time detected by thread: Thread Group - until HTTP 503 - 192 users 1-126
2026-06-20 13:29:53,986 INFO o.a.j.t.JMeterThread: Thread finished: Thread Group - until HTTP 503 - 192 users 1-126
2026-06-20 13:29:54,001 INFO o.a.j.t.JMeterThread: Stopping because end time detected by thread: Thread Group - until HTTP 503 - 192 users 1-82
2026-06-20 13:29:54,001 INFO o.a.j.t.JMeterThread: Thread finished: Thread Group - until HTTP 503 - 192 users 1-82
2026-06-20 13:29:54,031 INFO o.a.j.t.JMeterThread: Stopping because end time detected by thread: Thread Group - until HTTP 503 - 192 users 1-85
2026-06-20 13:29:54,031 INFO o.a.j.t.JMeterThread: Thread finished: Thread Group - until HTTP 503 - 192 users 1-85
2026-06-20 13:29:54,060 INFO o.a.j.t.JMeterThread: Stopping because end time detected by thread: Thread Group - until HTTP 503 - 192 users 1-84
2026-06-20 13:29:54,060 INFO o.a.j.t.JMeterThread: Thread finished: Thread Group - until HTTP 503 - 192 users 1-84
2026-06-20 13:29:54,071 INFO o.a.j.t.JMeterThread: Stopping because end time detected by thread: Thread Group - until HTTP 503 - 192 users 1-83
2026-06-20 13:29:54,071 INFO o.a.j.t.JMeterThread: Thread finished: Thread Group - until HTTP 503 - 192 users 1-83
2026-06-20 13:29:54,100 INFO o.a.j.t.JMeterThread: Stopping because end time detected by thread: Thread Group - until HTTP 503 - 192 users 1-87
2026-06-20 13:29:54,100 INFO o.a.j.t.JMeterThread: Thread finished: Thread Group - until HTTP 503 - 192 users 1-87
2026-06-20 13:29:54,118 INFO o.a.j.t.JMeterThread: Stopping because end time detected by thread: Thread Group - until HTTP 503 - 192 users 1-145
2026-06-20 13:29:54,118 INFO o.a.j.t.JMeterThread: Thread finished: Thread Group - until HTTP 503 - 192 users 1-145
2026-06-20 13:29:54,145 INFO o.a.j.t.JMeterThread: Stopping because end time detected by thread: Thread Group - until HTTP 503 - 192 users 1-32
2026-06-20 13:29:54,145 INFO o.a.j.t.JMeterThread: Thread finished: Thread Group - until HTTP 503 - 192 users 1-32
2026-06-20 13:29:54,164 INFO o.a.j.t.JMeterThread: Stopping because end time detected by thread: Thread Group - until HTTP 503 - 192 users 1-11
2026-06-20 13:29:54,164 INFO o.a.j.t.JMeterThread: Thread finished: Thread Group - until HTTP 503 - 192 users 1-11
2026-06-20 13:29:54,193 INFO o.a.j.t.JMeterThread: Stopping because end time detected by thread: Thread Group - until HTTP 503 - 192 users 1-14
2026-06-20 13:29:54,193 INFO o.a.j.t.JMeterThread: Thread finished: Thread Group - until HTTP 503 - 192 users 1-14
2026-06-20 13:29:54,221 INFO o.a.j.t.JMeterThread: Stopping because end time detected by thread: Thread Group - until HTTP 503 - 192 users 1-95
2026-06-20 13:29:54,221 INFO o.a.j.t.JMeterThread: Thread finished: Thread Group - until HTTP 503 - 192 users 1-95
2026-06-20 13:29:54,250 INFO o.a.j.t.JMeterThread: Stopping because end time detected by thread: Thread Group - until HTTP 503 - 192 users 1-21
2026-06-20 13:29:54,250 INFO o.a.j.t.JMeterThread: Thread finished: Thread Group - until HTTP 503 - 192 users 1-21
2026-06-20 13:29:54,266 INFO o.a.j.t.JMeterThread: Stopping because end time detected by thread: Thread Group - until HTTP 503 - 192 users 1-45
2026-06-20 13:29:54,266 INFO o.a.j.t.JMeterThread: Thread finished: Thread Group - until HTTP 503 - 192 users 1-45
2026-06-20 13:29:54,311 INFO o.a.j.t.JMeterThread: Stopping because end time detected by thread: Thread Group - until HTTP 503 - 192 users 1-113
2026-06-20 13:29:54,311 INFO o.a.j.t.JMeterThread: Thread finished: Thread Group - until HTTP 503 - 192 users 1-113
2026-06-20 13:29:54,312 INFO o.a.j.e.StandardJMeterEngine: Notifying test listeners of end of test
2026-06-20 13:29:54,312 INFO o.a.j.r.Summariser: summary +    809 in 00:00:23 =   34.6/s Avg:  6016 Min:  4302 Max:  9942 Err:   809 (100.00%) Active: 0 Started: 192 Finished: 192
2026-06-20 13:29:54,312 INFO o.a.j.r.Summariser: summary =   2876 in 00:01:35 =   30.2/s Avg:  4215 Min:   321 Max:  9942 Err:  2667 (92.73%)
2026-06-20 13:29:54,312 INFO o.a.j.JMeter: Generating Dashboard
2026-06-20 13:29:54,313 INFO o.a.j.r.d.ReportGenerator: Flushing result collector before report Generation
2026-06-20 13:29:54,322 INFO o.a.j.r.p.NormalizerSampleConsumer: Using format, 'ms', to parse timeStamp field
2026-06-20 13:29:54,510 INFO o.a.j.r.p.AbstractSampleConsumer: class org.apache.jmeter.report.processor.AggregateConsumer#stopProducing(): beginDate produced 0 samples
2026-06-20 13:29:54,510 INFO o.a.j.r.p.AbstractSampleConsumer: class org.apache.jmeter.report.processor.AggregateConsumer#stopProducing(): endDate produced 0 samples
2026-06-20 13:29:54,511 INFO o.a.j.r.p.AbstractSampleConsumer: class org.apache.jmeter.report.processor.ApdexSummaryConsumer#stopProducing(): apdexSummary produced 0 samples
2026-06-20 13:29:54,512 INFO o.a.j.r.p.AbstractSampleConsumer: class org.apache.jmeter.report.processor.RequestsSummaryConsumer#stopProducing(): requestsSummary produced 0 samples
2026-06-20 13:29:54,516 INFO o.a.j.r.p.AbstractSampleConsumer: class org.apache.jmeter.report.processor.StatisticsSummaryConsumer#stopProducing(): statisticsSummary produced 0 samples
2026-06-20 13:29:54,520 INFO o.a.j.r.p.AbstractSampleConsumer: class org.apache.jmeter.report.processor.Top5ErrorsBySamplerConsumer#stopProducing(): top5ErrorsBySampler produced 0 samples
2026-06-20 13:29:54,521 INFO o.a.j.r.p.AbstractSampleConsumer: class org.apache.jmeter.report.processor.ErrorsSummaryConsumer#stopProducing(): errorsSummary produced 0 samples
2026-06-20 13:29:54,521 INFO o.a.j.r.p.AbstractSampleConsumer: class org.apache.jmeter.report.processor.graph.impl.HitsPerSecondGraphConsumer#stopProducing(): hitsPerSecond produced 0 samples
2026-06-20 13:29:54,562 INFO o.a.j.r.p.AbstractSampleConsumer: class org.apache.jmeter.report.processor.graph.impl.LatencyVSRequestGraphConsumer#stopProducing(): latencyVsRequest produced 0 samples
2026-06-20 13:29:54,563 INFO o.a.j.r.p.AbstractSampleConsumer: class org.apache.jmeter.report.processor.graph.impl.SyntheticResponseTimeDistributionGraphConsumer#stopProducing(): syntheticResponseTimeDistribution produced 0 samples
2026-06-20 13:29:54,563 INFO o.a.j.r.p.AbstractSampleConsumer: class org.apache.jmeter.report.processor.graph.impl.BytesThroughputGraphConsumer#stopProducing(): bytesThroughputOverTime produced 0 samples
2026-06-20 13:29:54,563 INFO o.a.j.r.p.AbstractSampleConsumer: class org.apache.jmeter.report.processor.graph.impl.CodesPerSecondGraphConsumer#stopProducing(): codesPerSecond produced 0 samples
2026-06-20 13:29:54,578 INFO o.a.j.r.p.AbstractSampleConsumer: class org.apache.jmeter.report.processor.graph.impl.ResponseTimeVSRequestGraphConsumer#stopProducing(): responseTimeVsRequest produced 0 samples
2026-06-20 13:29:54,579 INFO o.a.j.r.p.AbstractSampleConsumer: class org.apache.jmeter.report.processor.FilterConsumer#stopProducing(): startIntervalControlerFilter produced 20132 samples
2026-06-20 13:29:54,579 INFO o.a.j.r.p.AbstractSampleConsumer: class org.apache.jmeter.report.processor.graph.impl.TotalTPSGraphConsumer#stopProducing(): totalTPS produced 0 samples
2026-06-20 13:29:54,579 INFO o.a.j.r.p.AbstractSampleConsumer: class org.apache.jmeter.report.processor.graph.impl.ActiveThreadsGraphConsumer#stopProducing(): activeThreadsOverTime produced 0 samples
2026-06-20 13:29:54,579 INFO o.a.j.r.p.AbstractSampleConsumer: class org.apache.jmeter.report.processor.graph.impl.TimeVSThreadGraphConsumer#stopProducing(): timeVsThreads produced 0 samples
2026-06-20 13:29:54,579 INFO o.a.j.r.p.AbstractSampleConsumer: class org.apache.jmeter.report.processor.graph.impl.ResponseTimeDistributionGraphConsumer#stopProducing(): responseTimeDistribution produced 0 samples
2026-06-20 13:29:54,579 INFO o.a.j.r.p.AbstractSampleConsumer: class org.apache.jmeter.report.processor.graph.impl.TransactionsPerSecondGraphConsumer#stopProducing(): transactionsPerSecond produced 0 samples
2026-06-20 13:29:54,580 INFO o.a.j.r.p.AbstractSampleConsumer: class org.apache.jmeter.report.processor.graph.impl.ResponseTimePercentilesGraphConsumer#stopProducing(): responseTimePercentiles produced 0 samples
2026-06-20 13:29:54,582 INFO o.a.j.r.p.AbstractSampleConsumer: class org.apache.jmeter.report.processor.graph.impl.ResponseTimePercentilesOverTimeGraphConsumer#stopProducing(): responseTimePercentilesOverTime produced 0 samples
2026-06-20 13:29:54,582 INFO o.a.j.r.p.AbstractSampleConsumer: class org.apache.jmeter.report.processor.graph.impl.ResponseTimeOverTimeGraphConsumer#stopProducing(): responseTimesOverTime produced 0 samples
2026-06-20 13:29:54,582 INFO o.a.j.r.p.AbstractSampleConsumer: class org.apache.jmeter.report.processor.graph.impl.ConnectTimeOverTimeGraphConsumer#stopProducing(): connectTimeOverTime produced 0 samples
2026-06-20 13:29:54,582 INFO o.a.j.r.p.AbstractSampleConsumer: class org.apache.jmeter.report.processor.graph.impl.LatencyOverTimeGraphConsumer#stopProducing(): latenciesOverTime produced 0 samples
2026-06-20 13:29:54,582 INFO o.a.j.r.p.AbstractSampleConsumer: class org.apache.jmeter.report.processor.FilterConsumer#stopProducing(): nameFilter produced 43140 samples
2026-06-20 13:29:54,582 INFO o.a.j.r.p.AbstractSampleConsumer: class org.apache.jmeter.report.processor.FilterConsumer#stopProducing(): dateRangeFilter produced 8628 samples
2026-06-20 13:29:54,582 INFO o.a.j.r.p.AbstractSampleConsumer: class org.apache.jmeter.report.processor.NormalizerSampleConsumer#stopProducing(): normalizer produced 2876 samples
2026-06-20 13:29:54,583 INFO o.a.j.r.p.CsvFileSampleSource: produce(): 2876 samples produced in 241ms on channel 0
2026-06-20 13:29:54,583 INFO o.a.j.r.d.ReportGenerator: Exporting data using exporter:'json' of className:'org.apache.jmeter.report.dashboard.JsonExporter'
2026-06-20 13:29:54,642 INFO o.a.j.r.d.JsonExporter: Found data for consumer statisticsSummary in context
2026-06-20 13:29:54,642 INFO o.a.j.r.d.JsonExporter: Creating statistics for overall
2026-06-20 13:29:54,642 INFO o.a.j.r.d.JsonExporter: Creating statistics for other transactions
2026-06-20 13:29:54,643 INFO o.a.j.r.d.JsonExporter: Checking output folder
2026-06-20 13:29:54,643 INFO o.a.j.r.d.JsonExporter: Writing statistics JSON to /home/seventwo/github/tpo-sub-four/html_reports/stress_until_503/192users_3840rpm/statistics.json
2026-06-20 13:29:54,671 INFO o.a.j.r.d.ReportGenerator: Exporting data using exporter:'html' of className:'org.apache.jmeter.report.dashboard.HtmlTemplateExporter'
2026-06-20 13:29:54,673 INFO o.a.j.r.d.HtmlTemplateExporter: Will generate dashboard in folder: /home/seventwo/github/tpo-sub-four/html_reports/stress_until_503/192users_3840rpm
2026-06-20 13:29:54,737 INFO o.a.j.r.d.HtmlTemplateExporter: Report will be generated in: /home/seventwo/github/tpo-sub-four/html_reports/stress_until_503/192users_3840rpm, creating folder structure
2026-06-20 13:29:54,739 INFO o.a.j.r.d.TemplateVisitor: Copying folder from '/opt/jmeter/bin/report-template' to '/home/seventwo/github/tpo-sub-four/html_reports/stress_until_503/192users_3840rpm', got message: /home/seventwo/github/tpo-sub-four/html_reports/stress_until_503/192users_3840rpm, found non empty folder with following content [/home/seventwo/github/tpo-sub-four/html_reports/stress_until_503/192users_3840rpm/statistics.json], will be ignored
2026-06-20 13:29:54,868 INFO o.a.j.JMeter: Dashboard generated
