2026-06-16 20:15:52,602 INFO o.a.j.u.JMeterUtils: Setting Locale to en_EN
2026-06-16 20:15:52,613 INFO o.a.j.JMeter: Loading user properties from: /opt/jmeter/bin/user.properties
2026-06-16 20:15:52,613 INFO o.a.j.JMeter: Loading system properties from: /opt/jmeter/bin/system.properties
2026-06-16 20:15:52,618 INFO o.a.j.JMeter: Copyright (c) 1998-2024 The Apache Software Foundation
2026-06-16 20:15:52,618 INFO o.a.j.JMeter: Version 5.6.3
2026-06-16 20:15:52,619 INFO o.a.j.JMeter: java.version=26.0.1
2026-06-16 20:15:52,619 INFO o.a.j.JMeter: java.vm.name=OpenJDK 64-Bit Server VM
2026-06-16 20:15:52,619 INFO o.a.j.JMeter: os.name=Linux
2026-06-16 20:15:52,619 INFO o.a.j.JMeter: os.arch=amd64
2026-06-16 20:15:52,619 INFO o.a.j.JMeter: os.version=6.18.33-1-MANJARO
2026-06-16 20:15:52,619 INFO o.a.j.JMeter: file.encoding=UTF-8
2026-06-16 20:15:52,619 INFO o.a.j.JMeter: java.awt.headless=true
2026-06-16 20:15:52,619 INFO o.a.j.JMeter: Max memory     =1073741824
2026-06-16 20:15:52,619 INFO o.a.j.JMeter: Available Processors =16
2026-06-16 20:15:52,629 INFO o.a.j.JMeter: Default Locale=English (EN)
2026-06-16 20:15:52,629 INFO o.a.j.JMeter: JMeter  Locale=English (EN)
2026-06-16 20:15:52,630 INFO o.a.j.JMeter: JMeterHome=/opt/jmeter
2026-06-16 20:15:52,630 INFO o.a.j.JMeter: user.dir  =/home/seventwo/github/tpo-sub-four
2026-06-16 20:15:52,630 INFO o.a.j.JMeter: PWD       =/home/seventwo/github/tpo-sub-four
2026-06-16 20:15:52,630 INFO o.a.j.JMeter: IP: 192.168.0.102 Name: seventwocore FullName: seventwocore
2026-06-16 20:15:52,638 INFO o.a.j.s.FileServer: Default base='/home/seventwo/github/tpo-sub-four'
2026-06-16 20:15:52,639 INFO o.a.j.s.FileServer: Set new base='/home/seventwo/github/tpo-sub-four/quality_jmeter_plans/load'
2026-06-16 20:15:52,818 INFO o.a.j.s.SaveService: Testplan (JMX) version: 2.2. Testlog (JTL) version: 2.2
2026-06-16 20:15:52,833 INFO o.a.j.s.SaveService: Using SaveService properties version 5.0
2026-06-16 20:15:52,836 INFO o.a.j.s.SaveService: Using SaveService properties file encoding UTF-8
2026-06-16 20:15:52,838 INFO o.a.j.s.SaveService: Loading file: quality_jmeter_plans/load/load_config3.jmx
2026-06-16 20:15:52,875 INFO o.a.j.p.h.s.HTTPSamplerBase: Parser for text/html is org.apache.jmeter.protocol.http.parser.LagartoBasedHtmlParser
2026-06-16 20:15:52,876 INFO o.a.j.p.h.s.HTTPSamplerBase: Parser for application/xhtml+xml is org.apache.jmeter.protocol.http.parser.LagartoBasedHtmlParser
2026-06-16 20:15:52,876 INFO o.a.j.p.h.s.HTTPSamplerBase: Parser for application/xml is org.apache.jmeter.protocol.http.parser.LagartoBasedHtmlParser
2026-06-16 20:15:52,876 INFO o.a.j.p.h.s.HTTPSamplerBase: Parser for text/xml is org.apache.jmeter.protocol.http.parser.LagartoBasedHtmlParser
2026-06-16 20:15:52,876 INFO o.a.j.p.h.s.HTTPSamplerBase: Parser for text/vnd.wap.wml is org.apache.jmeter.protocol.http.parser.RegexpHTMLParser
2026-06-16 20:15:52,876 INFO o.a.j.p.h.s.HTTPSamplerBase: Parser for text/css is org.apache.jmeter.protocol.http.parser.CssParser
2026-06-16 20:15:52,905 INFO o.a.j.JMeter: Creating summariser <summary>
2026-06-16 20:15:52,914 INFO o.a.j.e.StandardJMeterEngine: Running the test!
2026-06-16 20:15:52,915 INFO o.a.j.s.SampleEvent: List of sample_variables: []
2026-06-16 20:15:52,915 INFO o.a.j.s.SampleEvent: List of sample_variables: []
2026-06-16 20:15:52,918 INFO o.a.j.e.u.CompoundVariable: Note: Function class names must contain the string: '.functions.'
2026-06-16 20:15:52,918 INFO o.a.j.e.u.CompoundVariable: Note: Function class names must not contain the string: '.gui.'
2026-06-16 20:15:52,971 INFO o.a.j.JMeter: Running test (1781630152971)
2026-06-16 20:15:52,993 INFO o.a.j.e.StandardJMeterEngine: Starting ThreadGroup: 1 : Thread Group: 7 users, 140 rpm
2026-06-16 20:15:52,994 INFO o.a.j.e.StandardJMeterEngine: Starting 7 threads for group Thread Group: 7 users, 140 rpm.
2026-06-16 20:15:52,994 INFO o.a.j.e.StandardJMeterEngine: Thread will continue on error
2026-06-16 20:15:52,994 INFO o.a.j.t.ThreadGroup: Starting thread group... number=1 threads=7 ramp-up=7 delayedStart=false
2026-06-16 20:15:52,999 INFO o.a.j.t.JMeterThread: Thread started: Thread Group: 7 users, 140 rpm 1-1
2026-06-16 20:15:53,000 INFO o.a.j.t.ThreadGroup: Started thread group number 1
2026-06-16 20:15:53,001 INFO o.a.j.e.StandardJMeterEngine: All thread groups have been started
2026-06-16 20:15:53,036 INFO o.a.j.p.h.s.HTTPHCAbstractImpl: Local host = seventwocore
2026-06-16 20:15:53,040 INFO o.a.j.p.h.s.HTTPHC4Impl: HTTP request retry count = 0
2026-06-16 20:15:53,041 INFO o.a.j.s.SampleResult: Note: Sample TimeStamps are START times
2026-06-16 20:15:53,041 INFO o.a.j.s.SampleResult: sampleresult.default.encoding is set to UTF-8
2026-06-16 20:15:53,041 INFO o.a.j.s.SampleResult: sampleresult.useNanoTime=true
2026-06-16 20:15:53,041 INFO o.a.j.s.SampleResult: sampleresult.nanoThreadSleep=5000
2026-06-16 20:15:53,995 INFO o.a.j.t.JMeterThread: Thread started: Thread Group: 7 users, 140 rpm 1-2
2026-06-16 20:15:54,996 INFO o.a.j.t.JMeterThread: Thread started: Thread Group: 7 users, 140 rpm 1-3
2026-06-16 20:15:55,996 INFO o.a.j.t.JMeterThread: Thread started: Thread Group: 7 users, 140 rpm 1-4
2026-06-16 20:15:56,994 INFO o.a.j.t.JMeterThread: Thread started: Thread Group: 7 users, 140 rpm 1-5
2026-06-16 20:15:57,995 INFO o.a.j.t.JMeterThread: Thread started: Thread Group: 7 users, 140 rpm 1-6
2026-06-16 20:15:58,995 INFO o.a.j.t.JMeterThread: Thread started: Thread Group: 7 users, 140 rpm 1-7
2026-06-16 20:16:00,614 INFO o.a.j.r.Summariser: summary +     20 in 00:00:08 =    2.6/s Avg:   345 Min:   318 Max:   418 Err:     0 (0.00%) Active: 7 Started: 7 Finished: 0
2026-06-16 20:16:30,616 INFO o.a.j.r.Summariser: summary +     70 in 00:00:30 =    2.3/s Avg:   333 Min:   318 Max:   443 Err:     0 (0.00%) Active: 7 Started: 7 Finished: 0
2026-06-16 20:16:30,617 INFO o.a.j.r.Summariser: summary =     90 in 00:00:38 =    2.4/s Avg:   336 Min:   318 Max:   443 Err:     0 (0.00%)
2026-06-16 20:17:00,613 INFO o.a.j.r.Summariser: summary +     70 in 00:00:30 =    2.3/s Avg:   332 Min:   319 Max:   440 Err:     0 (0.00%) Active: 7 Started: 7 Finished: 0
2026-06-16 20:17:00,613 INFO o.a.j.r.Summariser: summary =    160 in 00:01:08 =    2.4/s Avg:   334 Min:   318 Max:   443 Err:     0 (0.00%)
2026-06-16 20:17:30,614 INFO o.a.j.r.Summariser: summary +     70 in 00:00:30 =    2.3/s Avg:   337 Min:   319 Max:   619 Err:     0 (0.00%) Active: 7 Started: 7 Finished: 0
2026-06-16 20:17:30,614 INFO o.a.j.r.Summariser: summary =    230 in 00:01:38 =    2.4/s Avg:   335 Min:   318 Max:   619 Err:     0 (0.00%)
2026-06-16 20:17:50,462 INFO o.a.j.t.JMeterThread: Thread finished: Thread Group: 7 users, 140 rpm 1-5
2026-06-16 20:17:51,614 INFO o.a.j.t.JMeterThread: Thread finished: Thread Group: 7 users, 140 rpm 1-4
2026-06-16 20:17:51,633 INFO o.a.j.t.JMeterThread: Thread finished: Thread Group: 7 users, 140 rpm 1-1
2026-06-16 20:17:51,747 INFO o.a.j.t.JMeterThread: Thread finished: Thread Group: 7 users, 140 rpm 1-2
2026-06-16 20:17:53,175 INFO o.a.j.t.JMeterThread: Stopping because end time detected by thread: Thread Group: 7 users, 140 rpm 1-6
2026-06-16 20:17:53,175 INFO o.a.j.t.JMeterThread: Thread finished: Thread Group: 7 users, 140 rpm 1-6
2026-06-16 20:17:53,177 INFO o.a.j.t.JMeterThread: Stopping because end time detected by thread: Thread Group: 7 users, 140 rpm 1-3
2026-06-16 20:17:53,178 INFO o.a.j.t.JMeterThread: Thread finished: Thread Group: 7 users, 140 rpm 1-3
2026-06-16 20:17:53,322 INFO o.a.j.t.JMeterThread: Stopping because end time detected by thread: Thread Group: 7 users, 140 rpm 1-7
2026-06-16 20:17:53,322 INFO o.a.j.t.JMeterThread: Thread finished: Thread Group: 7 users, 140 rpm 1-7
2026-06-16 20:17:53,323 INFO o.a.j.e.StandardJMeterEngine: Notifying test listeners of end of test
2026-06-16 20:17:53,323 INFO o.a.j.r.Summariser: summary +     56 in 00:00:23 =    2.5/s Avg:   325 Min:   319 Max:   364 Err:     0 (0.00%) Active: 0 Started: 7 Finished: 7
2026-06-16 20:17:53,324 INFO o.a.j.r.Summariser: summary =    286 in 00:02:00 =    2.4/s Avg:   333 Min:   318 Max:   619 Err:     0 (0.00%)
