2026-06-16 20:11:46,161 INFO o.a.j.u.JMeterUtils: Setting Locale to en_EN
2026-06-16 20:11:46,176 INFO o.a.j.JMeter: Loading user properties from: /opt/jmeter/bin/user.properties
2026-06-16 20:11:46,176 INFO o.a.j.JMeter: Loading system properties from: /opt/jmeter/bin/system.properties
2026-06-16 20:11:46,181 INFO o.a.j.JMeter: Copyright (c) 1998-2024 The Apache Software Foundation
2026-06-16 20:11:46,181 INFO o.a.j.JMeter: Version 5.6.3
2026-06-16 20:11:46,181 INFO o.a.j.JMeter: java.version=26.0.1
2026-06-16 20:11:46,181 INFO o.a.j.JMeter: java.vm.name=OpenJDK 64-Bit Server VM
2026-06-16 20:11:46,181 INFO o.a.j.JMeter: os.name=Linux
2026-06-16 20:11:46,181 INFO o.a.j.JMeter: os.arch=amd64
2026-06-16 20:11:46,181 INFO o.a.j.JMeter: os.version=6.18.33-1-MANJARO
2026-06-16 20:11:46,182 INFO o.a.j.JMeter: file.encoding=UTF-8
2026-06-16 20:11:46,182 INFO o.a.j.JMeter: java.awt.headless=true
2026-06-16 20:11:46,182 INFO o.a.j.JMeter: Max memory     =1073741824
2026-06-16 20:11:46,182 INFO o.a.j.JMeter: Available Processors =16
2026-06-16 20:11:46,192 INFO o.a.j.JMeter: Default Locale=English (EN)
2026-06-16 20:11:46,192 INFO o.a.j.JMeter: JMeter  Locale=English (EN)
2026-06-16 20:11:46,192 INFO o.a.j.JMeter: JMeterHome=/opt/jmeter
2026-06-16 20:11:46,193 INFO o.a.j.JMeter: user.dir  =/home/seventwo/github/tpo-sub-four
2026-06-16 20:11:46,193 INFO o.a.j.JMeter: PWD       =/home/seventwo/github/tpo-sub-four
2026-06-16 20:11:46,193 INFO o.a.j.JMeter: IP: 192.168.0.102 Name: seventwocore FullName: seventwocore
2026-06-16 20:11:46,202 INFO o.a.j.s.FileServer: Default base='/home/seventwo/github/tpo-sub-four'
2026-06-16 20:11:46,203 INFO o.a.j.s.FileServer: Set new base='/home/seventwo/github/tpo-sub-four/quality_jmeter_plans/load'
2026-06-16 20:11:46,454 INFO o.a.j.s.SaveService: Testplan (JMX) version: 2.2. Testlog (JTL) version: 2.2
2026-06-16 20:11:46,477 INFO o.a.j.s.SaveService: Using SaveService properties version 5.0
2026-06-16 20:11:46,480 INFO o.a.j.s.SaveService: Using SaveService properties file encoding UTF-8
2026-06-16 20:11:46,482 INFO o.a.j.s.SaveService: Loading file: quality_jmeter_plans/load/load_config1.jmx
2026-06-16 20:11:46,520 INFO o.a.j.p.h.s.HTTPSamplerBase: Parser for text/html is org.apache.jmeter.protocol.http.parser.LagartoBasedHtmlParser
2026-06-16 20:11:46,520 INFO o.a.j.p.h.s.HTTPSamplerBase: Parser for application/xhtml+xml is org.apache.jmeter.protocol.http.parser.LagartoBasedHtmlParser
2026-06-16 20:11:46,520 INFO o.a.j.p.h.s.HTTPSamplerBase: Parser for application/xml is org.apache.jmeter.protocol.http.parser.LagartoBasedHtmlParser
2026-06-16 20:11:46,520 INFO o.a.j.p.h.s.HTTPSamplerBase: Parser for text/xml is org.apache.jmeter.protocol.http.parser.LagartoBasedHtmlParser
2026-06-16 20:11:46,520 INFO o.a.j.p.h.s.HTTPSamplerBase: Parser for text/vnd.wap.wml is org.apache.jmeter.protocol.http.parser.RegexpHTMLParser
2026-06-16 20:11:46,520 INFO o.a.j.p.h.s.HTTPSamplerBase: Parser for text/css is org.apache.jmeter.protocol.http.parser.CssParser
2026-06-16 20:11:46,553 INFO o.a.j.JMeter: Creating summariser <summary>
2026-06-16 20:11:46,565 INFO o.a.j.e.StandardJMeterEngine: Running the test!
2026-06-16 20:11:46,566 INFO o.a.j.s.SampleEvent: List of sample_variables: []
2026-06-16 20:11:46,566 INFO o.a.j.s.SampleEvent: List of sample_variables: []
2026-06-16 20:11:46,571 INFO o.a.j.e.u.CompoundVariable: Note: Function class names must contain the string: '.functions.'
2026-06-16 20:11:46,571 INFO o.a.j.e.u.CompoundVariable: Note: Function class names must not contain the string: '.gui.'
2026-06-16 20:11:46,633 INFO o.a.j.JMeter: Running test (1781629906633)
2026-06-16 20:11:46,652 INFO o.a.j.e.StandardJMeterEngine: Starting ThreadGroup: 1 : Thread Group: 7 users, 140 rpm
2026-06-16 20:11:46,653 INFO o.a.j.e.StandardJMeterEngine: Starting 7 threads for group Thread Group: 7 users, 140 rpm.
2026-06-16 20:11:46,653 INFO o.a.j.e.StandardJMeterEngine: Thread will continue on error
2026-06-16 20:11:46,653 INFO o.a.j.t.ThreadGroup: Starting thread group... number=1 threads=7 ramp-up=7 delayedStart=false
2026-06-16 20:11:46,660 INFO o.a.j.t.JMeterThread: Thread started: Thread Group: 7 users, 140 rpm 1-1
2026-06-16 20:11:46,661 INFO o.a.j.t.ThreadGroup: Started thread group number 1
2026-06-16 20:11:46,661 INFO o.a.j.e.StandardJMeterEngine: All thread groups have been started
2026-06-16 20:11:46,793 INFO o.a.j.p.h.s.HTTPHCAbstractImpl: Local host = seventwocore
2026-06-16 20:11:46,800 INFO o.a.j.p.h.s.HTTPHC4Impl: HTTP request retry count = 0
2026-06-16 20:11:46,801 INFO o.a.j.s.SampleResult: Note: Sample TimeStamps are START times
2026-06-16 20:11:46,801 INFO o.a.j.s.SampleResult: sampleresult.default.encoding is set to UTF-8
2026-06-16 20:11:46,801 INFO o.a.j.s.SampleResult: sampleresult.useNanoTime=true
2026-06-16 20:11:46,801 INFO o.a.j.s.SampleResult: sampleresult.nanoThreadSleep=5000
2026-06-16 20:11:47,656 INFO o.a.j.t.JMeterThread: Thread started: Thread Group: 7 users, 140 rpm 1-2
2026-06-16 20:11:48,655 INFO o.a.j.t.JMeterThread: Thread started: Thread Group: 7 users, 140 rpm 1-3
2026-06-16 20:11:49,654 INFO o.a.j.t.JMeterThread: Thread started: Thread Group: 7 users, 140 rpm 1-4
2026-06-16 20:11:50,654 INFO o.a.j.t.JMeterThread: Thread started: Thread Group: 7 users, 140 rpm 1-5
2026-06-16 20:11:51,653 INFO o.a.j.t.JMeterThread: Thread started: Thread Group: 7 users, 140 rpm 1-6
2026-06-16 20:11:52,655 INFO o.a.j.t.JMeterThread: Thread started: Thread Group: 7 users, 140 rpm 1-7
2026-06-16 20:12:00,305 INFO o.a.j.r.Summariser: summary +     32 in 00:00:14 =    2.3/s Avg:   930 Min:   905 Max:  1019 Err:    32 (100.00%) Active: 7 Started: 7 Finished: 0
2026-06-16 20:12:30,306 INFO o.a.j.r.Summariser: summary +     70 in 00:00:30 =    2.3/s Avg:   933 Min:   919 Max:  1055 Err:    70 (100.00%) Active: 7 Started: 7 Finished: 0
2026-06-16 20:12:30,306 INFO o.a.j.r.Summariser: summary =    102 in 00:00:44 =    2.3/s Avg:   932 Min:   905 Max:  1055 Err:   102 (100.00%)
2026-06-16 20:13:00,305 INFO o.a.j.r.Summariser: summary +     70 in 00:00:30 =    2.3/s Avg:   938 Min:   919 Max:  1081 Err:    70 (100.00%) Active: 7 Started: 7 Finished: 0
2026-06-16 20:13:00,305 INFO o.a.j.r.Summariser: summary =    172 in 00:01:14 =    2.3/s Avg:   935 Min:   905 Max:  1081 Err:   172 (100.00%)
2026-06-16 20:13:30,305 INFO o.a.j.r.Summariser: summary +     70 in 00:00:30 =    2.3/s Avg:   942 Min:   919 Max:  1054 Err:    70 (100.00%) Active: 7 Started: 7 Finished: 0
2026-06-16 20:13:30,305 INFO o.a.j.r.Summariser: summary =    242 in 00:01:44 =    2.3/s Avg:   937 Min:   905 Max:  1081 Err:   242 (100.00%)
2026-06-16 20:13:44,723 INFO o.a.j.t.JMeterThread: Thread finished: Thread Group: 7 users, 140 rpm 1-5
2026-06-16 20:13:45,303 INFO o.a.j.t.JMeterThread: Thread finished: Thread Group: 7 users, 140 rpm 1-1
2026-06-16 20:13:45,908 INFO o.a.j.t.JMeterThread: Thread finished: Thread Group: 7 users, 140 rpm 1-4
2026-06-16 20:13:46,158 INFO o.a.j.t.JMeterThread: Thread finished: Thread Group: 7 users, 140 rpm 1-6
2026-06-16 20:13:46,933 INFO o.a.j.t.JMeterThread: Stopping because end time detected by thread: Thread Group: 7 users, 140 rpm 1-2
2026-06-16 20:13:46,933 INFO o.a.j.t.JMeterThread: Thread finished: Thread Group: 7 users, 140 rpm 1-2
2026-06-16 20:13:47,006 INFO o.a.j.t.JMeterThread: Stopping because end time detected by thread: Thread Group: 7 users, 140 rpm 1-3
2026-06-16 20:13:47,007 INFO o.a.j.t.JMeterThread: Thread finished: Thread Group: 7 users, 140 rpm 1-3
2026-06-16 20:13:47,583 INFO o.a.j.t.JMeterThread: Stopping because end time detected by thread: Thread Group: 7 users, 140 rpm 1-7
2026-06-16 20:13:47,583 INFO o.a.j.t.JMeterThread: Thread finished: Thread Group: 7 users, 140 rpm 1-7
2026-06-16 20:13:47,584 INFO o.a.j.e.StandardJMeterEngine: Notifying test listeners of end of test
2026-06-16 20:13:47,584 INFO o.a.j.r.Summariser: summary +     40 in 00:00:17 =    2.3/s Avg:   932 Min:   919 Max:   987 Err:    40 (100.00%) Active: 0 Started: 7 Finished: 7
2026-06-16 20:13:47,584 INFO o.a.j.r.Summariser: summary =    282 in 00:02:01 =    2.3/s Avg:   936 Min:   905 Max:  1081 Err:   282 (100.00%)
