2026-06-16 20:13:49,504 INFO o.a.j.u.JMeterUtils: Setting Locale to en_EN
2026-06-16 20:13:49,516 INFO o.a.j.JMeter: Loading user properties from: /opt/jmeter/bin/user.properties
2026-06-16 20:13:49,517 INFO o.a.j.JMeter: Loading system properties from: /opt/jmeter/bin/system.properties
2026-06-16 20:13:49,522 INFO o.a.j.JMeter: Copyright (c) 1998-2024 The Apache Software Foundation
2026-06-16 20:13:49,523 INFO o.a.j.JMeter: Version 5.6.3
2026-06-16 20:13:49,523 INFO o.a.j.JMeter: java.version=26.0.1
2026-06-16 20:13:49,523 INFO o.a.j.JMeter: java.vm.name=OpenJDK 64-Bit Server VM
2026-06-16 20:13:49,523 INFO o.a.j.JMeter: os.name=Linux
2026-06-16 20:13:49,523 INFO o.a.j.JMeter: os.arch=amd64
2026-06-16 20:13:49,523 INFO o.a.j.JMeter: os.version=6.18.33-1-MANJARO
2026-06-16 20:13:49,523 INFO o.a.j.JMeter: file.encoding=UTF-8
2026-06-16 20:13:49,523 INFO o.a.j.JMeter: java.awt.headless=true
2026-06-16 20:13:49,523 INFO o.a.j.JMeter: Max memory     =1073741824
2026-06-16 20:13:49,523 INFO o.a.j.JMeter: Available Processors =16
2026-06-16 20:13:49,534 INFO o.a.j.JMeter: Default Locale=English (EN)
2026-06-16 20:13:49,534 INFO o.a.j.JMeter: JMeter  Locale=English (EN)
2026-06-16 20:13:49,534 INFO o.a.j.JMeter: JMeterHome=/opt/jmeter
2026-06-16 20:13:49,535 INFO o.a.j.JMeter: user.dir  =/home/seventwo/github/tpo-sub-four
2026-06-16 20:13:49,535 INFO o.a.j.JMeter: PWD       =/home/seventwo/github/tpo-sub-four
2026-06-16 20:13:49,535 INFO o.a.j.JMeter: IP: 192.168.0.102 Name: seventwocore FullName: seventwocore
2026-06-16 20:13:49,544 INFO o.a.j.s.FileServer: Default base='/home/seventwo/github/tpo-sub-four'
2026-06-16 20:13:49,544 INFO o.a.j.s.FileServer: Set new base='/home/seventwo/github/tpo-sub-four/quality_jmeter_plans/load'
2026-06-16 20:13:49,740 INFO o.a.j.s.SaveService: Testplan (JMX) version: 2.2. Testlog (JTL) version: 2.2
2026-06-16 20:13:49,758 INFO o.a.j.s.SaveService: Using SaveService properties version 5.0
2026-06-16 20:13:49,761 INFO o.a.j.s.SaveService: Using SaveService properties file encoding UTF-8
2026-06-16 20:13:49,763 INFO o.a.j.s.SaveService: Loading file: quality_jmeter_plans/load/load_config2.jmx
2026-06-16 20:13:49,798 INFO o.a.j.p.h.s.HTTPSamplerBase: Parser for text/html is org.apache.jmeter.protocol.http.parser.LagartoBasedHtmlParser
2026-06-16 20:13:49,798 INFO o.a.j.p.h.s.HTTPSamplerBase: Parser for application/xhtml+xml is org.apache.jmeter.protocol.http.parser.LagartoBasedHtmlParser
2026-06-16 20:13:49,798 INFO o.a.j.p.h.s.HTTPSamplerBase: Parser for application/xml is org.apache.jmeter.protocol.http.parser.LagartoBasedHtmlParser
2026-06-16 20:13:49,798 INFO o.a.j.p.h.s.HTTPSamplerBase: Parser for text/xml is org.apache.jmeter.protocol.http.parser.LagartoBasedHtmlParser
2026-06-16 20:13:49,798 INFO o.a.j.p.h.s.HTTPSamplerBase: Parser for text/vnd.wap.wml is org.apache.jmeter.protocol.http.parser.RegexpHTMLParser
2026-06-16 20:13:49,799 INFO o.a.j.p.h.s.HTTPSamplerBase: Parser for text/css is org.apache.jmeter.protocol.http.parser.CssParser
2026-06-16 20:13:49,831 INFO o.a.j.JMeter: Creating summariser <summary>
2026-06-16 20:13:49,842 INFO o.a.j.e.StandardJMeterEngine: Running the test!
2026-06-16 20:13:49,843 INFO o.a.j.s.SampleEvent: List of sample_variables: []
2026-06-16 20:13:49,843 INFO o.a.j.s.SampleEvent: List of sample_variables: []
2026-06-16 20:13:49,846 INFO o.a.j.e.u.CompoundVariable: Note: Function class names must contain the string: '.functions.'
2026-06-16 20:13:49,847 INFO o.a.j.e.u.CompoundVariable: Note: Function class names must not contain the string: '.gui.'
2026-06-16 20:13:49,912 INFO o.a.j.JMeter: Running test (1781630029912)
2026-06-16 20:13:49,934 INFO o.a.j.e.StandardJMeterEngine: Starting ThreadGroup: 1 : Thread Group: 7 users, 140 rpm
2026-06-16 20:13:49,934 INFO o.a.j.e.StandardJMeterEngine: Starting 7 threads for group Thread Group: 7 users, 140 rpm.
2026-06-16 20:13:49,934 INFO o.a.j.e.StandardJMeterEngine: Thread will continue on error
2026-06-16 20:13:49,934 INFO o.a.j.t.ThreadGroup: Starting thread group... number=1 threads=7 ramp-up=7 delayedStart=false
2026-06-16 20:13:49,941 INFO o.a.j.t.JMeterThread: Thread started: Thread Group: 7 users, 140 rpm 1-1
2026-06-16 20:13:49,943 INFO o.a.j.t.ThreadGroup: Started thread group number 1
2026-06-16 20:13:49,943 INFO o.a.j.e.StandardJMeterEngine: All thread groups have been started
2026-06-16 20:13:50,006 INFO o.a.j.p.h.s.HTTPHCAbstractImpl: Local host = seventwocore
2026-06-16 20:13:50,011 INFO o.a.j.p.h.s.HTTPHC4Impl: HTTP request retry count = 0
2026-06-16 20:13:50,012 INFO o.a.j.s.SampleResult: Note: Sample TimeStamps are START times
2026-06-16 20:13:50,012 INFO o.a.j.s.SampleResult: sampleresult.default.encoding is set to UTF-8
2026-06-16 20:13:50,012 INFO o.a.j.s.SampleResult: sampleresult.useNanoTime=true
2026-06-16 20:13:50,012 INFO o.a.j.s.SampleResult: sampleresult.nanoThreadSleep=5000
2026-06-16 20:13:50,937 INFO o.a.j.t.JMeterThread: Thread started: Thread Group: 7 users, 140 rpm 1-2
2026-06-16 20:13:51,937 INFO o.a.j.t.JMeterThread: Thread started: Thread Group: 7 users, 140 rpm 1-3
2026-06-16 20:13:52,936 INFO o.a.j.t.JMeterThread: Thread started: Thread Group: 7 users, 140 rpm 1-4
2026-06-16 20:13:53,936 INFO o.a.j.t.JMeterThread: Thread started: Thread Group: 7 users, 140 rpm 1-5
2026-06-16 20:13:54,937 INFO o.a.j.t.JMeterThread: Thread started: Thread Group: 7 users, 140 rpm 1-6
2026-06-16 20:13:55,936 INFO o.a.j.t.JMeterThread: Thread started: Thread Group: 7 users, 140 rpm 1-7
2026-06-16 20:14:01,064 INFO o.a.j.r.Summariser: summary +     26 in 00:00:11 =    2.3/s Avg:   763 Min:   716 Max:   865 Err:    26 (100.00%) Active: 7 Started: 7 Finished: 0
2026-06-16 20:14:30,957 INFO o.a.j.r.Summariser: summary +     70 in 00:00:30 =    2.3/s Avg:   737 Min:   720 Max:   838 Err:    70 (100.00%) Active: 7 Started: 7 Finished: 0
2026-06-16 20:14:30,957 INFO o.a.j.r.Summariser: summary =     96 in 00:00:41 =    2.3/s Avg:   744 Min:   716 Max:   865 Err:    96 (100.00%)
2026-06-16 20:15:00,956 INFO o.a.j.r.Summariser: summary +     70 in 00:00:30 =    2.3/s Avg:   736 Min:   720 Max:   837 Err:    70 (100.00%) Active: 7 Started: 7 Finished: 0
2026-06-16 20:15:00,956 INFO o.a.j.r.Summariser: summary =    166 in 00:01:11 =    2.3/s Avg:   741 Min:   716 Max:   865 Err:   166 (100.00%)
2026-06-16 20:15:31,073 INFO o.a.j.r.Summariser: summary +     70 in 00:00:30 =    2.3/s Avg:   744 Min:   720 Max:   851 Err:    70 (100.00%) Active: 7 Started: 7 Finished: 0
2026-06-16 20:15:31,074 INFO o.a.j.r.Summariser: summary =    236 in 00:01:41 =    2.3/s Avg:   742 Min:   716 Max:   865 Err:   236 (100.00%)
2026-06-16 20:15:47,801 INFO o.a.j.t.JMeterThread: Thread finished: Thread Group: 7 users, 140 rpm 1-5
2026-06-16 20:15:48,992 INFO o.a.j.t.JMeterThread: Thread finished: Thread Group: 7 users, 140 rpm 1-4
2026-06-16 20:15:49,083 INFO o.a.j.t.JMeterThread: Thread finished: Thread Group: 7 users, 140 rpm 1-1
2026-06-16 20:15:49,088 INFO o.a.j.t.JMeterThread: Thread finished: Thread Group: 7 users, 140 rpm 1-2
2026-06-16 20:15:50,091 INFO o.a.j.t.JMeterThread: Stopping because end time detected by thread: Thread Group: 7 users, 140 rpm 1-3
2026-06-16 20:15:50,091 INFO o.a.j.t.JMeterThread: Thread finished: Thread Group: 7 users, 140 rpm 1-3
2026-06-16 20:15:50,632 INFO o.a.j.t.JMeterThread: Stopping because end time detected by thread: Thread Group: 7 users, 140 rpm 1-6
2026-06-16 20:15:50,632 INFO o.a.j.t.JMeterThread: Thread finished: Thread Group: 7 users, 140 rpm 1-6
2026-06-16 20:15:50,659 INFO o.a.j.t.JMeterThread: Stopping because end time detected by thread: Thread Group: 7 users, 140 rpm 1-7
2026-06-16 20:15:50,659 INFO o.a.j.t.JMeterThread: Thread finished: Thread Group: 7 users, 140 rpm 1-7
2026-06-16 20:15:50,659 INFO o.a.j.e.StandardJMeterEngine: Notifying test listeners of end of test
2026-06-16 20:15:50,659 INFO o.a.j.r.Summariser: summary +     48 in 00:00:20 =    2.5/s Avg:   741 Min:   719 Max:   839 Err:    48 (100.00%) Active: 0 Started: 7 Finished: 7
2026-06-16 20:15:50,660 INFO o.a.j.r.Summariser: summary =    284 in 00:02:01 =    2.4/s Avg:   742 Min:   716 Max:   865 Err:   284 (100.00%)
